#
# A fatal error has been detected by the Java Runtime Environment:
#
#  SIGSEGV (0xb) at pc=0x00007f61506bfaa1, pid=237247, tid=140055928567552
#
# JRE version: 7.0_09
# Java VM: OpenJDK 64-Bit Server VM (23.2-b09 mixed mode linux-amd64 compressed oops)
# Problematic frame:
# V  [libjvm.so+0x64baa1]  JVM_RaiseSignal+0xab391
#
# Failed to write core dump. Core dumps have been disabled. To enable core dumping, try "ulimit -c unlimited" before starting Java again
#
# If you would like to submit a bug report, please include
# instructions on how to reproduce the bug and visit:
#   http://icedtea.classpath.org/bugzilla
#

---------------  T H R E A D  ---------------

Current thread (0x00007f6148007800):  JavaThread "main" [_thread_in_vm, id=237248, stack(0x00007f614fcef000,0x00007f614fdf0000)]

siginfo:si_signo=SIGSEGV: si_errno=0, si_code=1 (SEGV_MAPERR), si_addr=0x00000003d35dfeb0

Registers:
RAX=0x00000003d35dfc88, RBX=0x00007f614fdee820, RCX=0x0000000000000005, RDX=0x0000000000000005
RSP=0x00007f614fdee440, RBP=0x00007f614fdee500, RSI=0x00007f61480083a0, RDI=0x00007f614fdee820
R8 =0x00007f6148008398, R9 =0x0000000000000001, R10=0x00007f6148149aa0, R11=0x0000000000000001
R12=0x00007f61480083a0, R13=0x00007f61480083a0, R14=0x00007f6148008398, R15=0x00007f6148008388
RIP=0x00007f61506bfaa1, EFLAGS=0x0000000000010206, CSGSFS=0x0000000000000033, ERR=0x0000000000000004
  TRAPNO=0x000000000000000e

Top of Stack: (sp=0x00007f614fdee440)
0x00007f614fdee440:   0000000000000000 0000000000000000
0x00007f614fdee450:   0000000000000000 0000000000000000
0x00007f614fdee460:   0000000000000000 0000000000000000
0x00007f614fdee470:   0000000000000000 0000000000000000
0x00007f614fdee480:   0000000000000000 0000000000000000
0x00007f614fdee490:   0000000000000000 0000000000000000
0x00007f614fdee4a0:   0000000000000000 000000077a6bd290
0x00007f614fdee4b0:   0000000000000000 0000000000000000
0x00007f614fdee4c0:   0000000000000000 0000000000000000
0x00007f614fdee4d0:   0000000000000000 00007f6148007800
0x00007f614fdee4e0:   00000003d35dfc78 00007f6148008370
0x00007f614fdee4f0:   00007f6148008390 00007f614fdee820
0x00007f614fdee500:   00007f614fdee590 00007f61506c4078
0x00007f614fdee510:   00007f6148007800 0000000000000000
0x00007f614fdee520:   0000000000000000 0000000000000000
0x00007f614fdee530:   00007f6148149aa0 00007f6148038400
0x00007f614fdee540:   00007f6148008398 00007f6148008388
0x00007f614fdee550:   00007f61480083a0 00007f6150763e39
0x00007f614fdee560:   00007f614fdee700 00007f6148007800
0x00007f614fdee570:   00000000000000b6 00007f6148008378
0x00007f614fdee580:   00007f6148008370 0000000000000000
0x00007f614fdee590:   00007f614fdee8c0 00007f61505a64f0
0x00007f614fdee5a0:   0000000000000000 00007f614fdee700
0x00007f614fdee5b0:   000000077a6bbf8f 0000000000000000
0x00007f614fdee5c0:   0000000000000000 0000000000000000
0x00007f614fdee5d0:   00007f6148006500 00007f614fdee820
0x00007f614fdee5e0:   0000000000000000 0000000000000000
0x00007f614fdee5f0:   0000000000000000 0000000000000000
0x00007f614fdee600:   0000000000000000 0000000000000000
0x00007f614fdee610:   0000000000000000 0000000000000000
0x00007f614fdee620:   0000000000000000 0000000000000000
0x00007f614fdee630:   0000000000000000 0000000000000000 

Instructions: (pc=0x00007f61506bfaa1)
0x00007f61506bfa81:   00 8b 48 30 4d 89 ec 83 f9 fe 74 59 4d 85 f6 b8
0x00007f61506bfa91:   10 00 00 00 74 07 49 8b 06 48 83 c0 10 48 63 d1
0x00007f61506bfaa1:   4c 8b 84 d0 00 02 00 00 4d 85 c0 0f 84 be 05 00
0x00007f61506bfab1:   00 48 8b 45 10 4c 8b a0 10 01 00 00 49 8b 44 24 

Register to memory mapping:

RAX=0x00000003d35dfc88 is an unknown value
RBX=0x00007f614fdee820 is pointing into the stack for thread: 0x00007f6148007800
RCX=0x0000000000000005 is an unknown value
RDX=0x0000000000000005 is an unknown value
RSP=0x00007f614fdee440 is pointing into the stack for thread: 0x00007f6148007800
RBP=0x00007f614fdee500 is pointing into the stack for thread: 0x00007f6148007800
RSI=0x00007f61480083a0 is an unknown value
RDI=0x00007f614fdee820 is pointing into the stack for thread: 0x00007f6148007800
R8 =0x00007f6148008398 is an unknown value
R9 =0x0000000000000001 is an unknown value
R10=0x00007f6148149aa0 is an unknown value
R11=0x0000000000000001 is an unknown value
R12=0x00007f61480083a0 is an unknown value
R13=0x00007f61480083a0 is an unknown value
R14=0x00007f6148008398 is an unknown value
R15=0x00007f6148008388 is an unknown value


Stack: [0x00007f614fcef000,0x00007f614fdf0000],  sp=0x00007f614fdee440,  free space=1021k
Native frames: (J=compiled Java code, j=interpreted, Vv=VM code, C=native code)
V  [libjvm.so+0x64baa1]  JVM_RaiseSignal+0xab391
V  [libjvm.so+0x650078]  JVM_RaiseSignal+0xaf968
V  [libjvm.so+0x5324f0]  AsyncGetCallTrace+0xcecd0
j  Test.main([Ljava/lang/String;)V+351
v  ~StubRoutines::call_stub
V  [libjvm.so+0x53b0ce]  AsyncGetCallTrace+0xd78ae
V  [libjvm.so+0x539d68]  AsyncGetCallTrace+0xd6548
V  [libjvm.so+0x5483e7]  JNI_CreateJavaVM+0x12e7
V  [libjvm.so+0x55d70b]  JNI_CreateJavaVM+0x1660b
C  [libjli.so+0x3a5c]  printf+0x3a5c

Java frames: (J=compiled Java code, j=interpreted, Vv=VM code)
j  Test.main([Ljava/lang/String;)V+351
v  ~StubRoutines::call_stub

---------------  P R O C E S S  ---------------

Java Threads: ( => current thread )
  0x00007f6148116800 JavaThread "Service Thread" daemon [_thread_blocked, id=237263, stack(0x00007f613fcfd000,0x00007f613fdfe000)]
  0x00007f6148114000 JavaThread "C2 CompilerThread1" daemon [_thread_blocked, id=237262, stack(0x00007f613fdfe000,0x00007f613feff000)]
  0x00007f6148111000 JavaThread "C2 CompilerThread0" daemon [_thread_blocked, id=237261, stack(0x00007f613feff000,0x00007f6140000000)]
  0x00007f614810f000 JavaThread "Signal Dispatcher" daemon [_thread_blocked, id=237260, stack(0x00007f61440b2000,0x00007f61441b3000)]
  0x00007f61480b9000 JavaThread "Finalizer" daemon [_thread_blocked, id=237259, stack(0x00007f61441b3000,0x00007f61442b4000)]
  0x00007f61480b6800 JavaThread "Reference Handler" daemon [_thread_blocked, id=237258, stack(0x00007f61442b4000,0x00007f61443b5000)]
=>0x00007f6148007800 JavaThread "main" [_thread_in_vm, id=237248, stack(0x00007f614fcef000,0x00007f614fdf0000)]

Other Threads:
  0x00007f61480ae000 VMThread [stack: 0x00007f61443b5000,0x00007f61444b6000] [id=237257]
  0x00007f6148121000 WatcherThread [stack: 0x00007f613fbfc000,0x00007f613fcfd000] [id=237264]

VM state:not at safepoint (normal execution)

VM Mutex/Monitor currently owned by a thread: None

Heap
 PSYoungGen      total 36864K, used 632K [0x00000007d6e00000, 0x00000007d9720000, 0x0000000800000000)
  eden space 31616K, 2% used [0x00000007d6e00000,0x00000007d6e9e1b0,0x00000007d8ce0000)
  from space 5248K, 0% used [0x00000007d9200000,0x00000007d9200000,0x00000007d9720000)
  to   space 5248K, 0% used [0x00000007d8ce0000,0x00000007d8ce0000,0x00000007d9200000)
 ParOldGen       total 84224K, used 0K [0x0000000784a00000, 0x0000000789c40000, 0x00000007d6e00000)
  object space 84224K, 0% used [0x0000000784a00000,0x0000000784a00000,0x0000000789c40000)
 PSPermGen       total 21248K, used 2805K [0x000000077a400000, 0x000000077b8c0000, 0x0000000784a00000)
  object space 21248K, 13% used [0x000000077a400000,0x000000077a6bd5b8,0x000000077b8c0000)

Card table byte_map: [0x00007f6147bd1000,0x00007f6148000000] byte_map_base: 0x00007f6143fff000

Polling page: 0x00007f6150d6e000

Code Cache  [0x00007f614c484000, 0x00007f614c6f4000, 0x00007f614f484000)
 total_blobs=165 nmethods=0 adapters=133 free_code_cache=48774Kb largest_free_block=49945408

Compilation events (0 events):
No events

GC Heap History (0 events):
No events

Deoptimization events (0 events):
No events

Internal exceptions (3 events):
Event: 0.030 Thread 0x00007f6148007800 Threw 0x00000007d6e06138 at /builddir/build/BUILD/java-1.7.0-openjdk/openjdk/hotspot/src/share/vm/prims/jni.cpp:3988
Event: 0.056 Thread 0x00007f6148007800 Threw 0x00000007d6e515e8 at /builddir/build/BUILD/java-1.7.0-openjdk/openjdk/hotspot/src/share/vm/prims/jvm.cpp:1166
Event: 0.058 Thread 0x00007f6148007800 Threw 0x00000007d6e57718 at /builddir/build/BUILD/java-1.7.0-openjdk/openjdk/hotspot/src/share/vm/prims/jvm.cpp:1166

Events (10 events):
Event: 0.057 loading class 0x00007f614813bfe0
Event: 0.057 loading class 0x00007f614813bfe0 done
Event: 0.057 loading class 0x00007f614813c010
Event: 0.057 loading class 0x00007f614813c010 done
Event: 0.057 loading class 0x00007f61480b07e0
Event: 0.057 loading class 0x00007f61480b07e0 done
Event: 0.058 loading class 0x00007f6148064760
Event: 0.058 loading class 0x00007f6148064760 done
Event: 0.058 loading class 0x00007f6148149a80
Event: 0.058 loading class 0x00007f6148149a80 done


Dynamic libraries:
00400000-00401000 r-xp 00000000 fd:00 3150151                            /usr/lib/jvm/java-1.7.0-openjdk-1.7.0.9.x86_64/jre/bin/java
00600000-00602000 rw-p 00000000 fd:00 3150151                            /usr/lib/jvm/java-1.7.0-openjdk-1.7.0.9.x86_64/jre/bin/java
02531000-02552000 rw-p 00000000 00:00 0                                  [heap]
77a400000-77b8c0000 rw-p 00000000 00:00 0 
77b8c0000-784a00000 rw-p 00000000 00:00 0 
784a00000-789c40000 rw-p 00000000 00:00 0 
789c40000-7d6e00000 rw-p 00000000 00:00 0 
7d6e00000-7d9720000 rw-p 00000000 00:00 0 
7d9720000-800000000 rw-p 00000000 00:00 0 
38d0800000-38d0820000 r-xp 00000000 fd:00 540203                         /lib64/ld-2.12.so
38d0a1f000-38d0a20000 r--p 0001f000 fd:00 540203                         /lib64/ld-2.12.so
38d0a20000-38d0a21000 rw-p 00020000 fd:00 540203                         /lib64/ld-2.12.so
38d0a21000-38d0a22000 rw-p 00000000 00:00 0 
38d0c00000-38d0c0d000 r-xp 00000000 fd:00 3155877                        /usr/lib/jvm/java-1.7.0-openjdk-1.7.0.9.x86_64/jre/lib/amd64/jli/libjli.so
38d0c0d000-38d0e0c000 ---p 0000d000 fd:00 3155877                        /usr/lib/jvm/java-1.7.0-openjdk-1.7.0.9.x86_64/jre/lib/amd64/jli/libjli.so
38d0e0c000-38d0e0d000 rw-p 0000c000 fd:00 3155877                        /usr/lib/jvm/java-1.7.0-openjdk-1.7.0.9.x86_64/jre/lib/amd64/jli/libjli.so
38d1000000-38d118a000 r-xp 00000000 fd:00 540204                         /lib64/libc-2.12.so
38d118a000-38d1389000 ---p 0018a000 fd:00 540204                         /lib64/libc-2.12.so
38d1389000-38d138d000 r--p 00189000 fd:00 540204                         /lib64/libc-2.12.so
38d138d000-38d138e000 rw-p 0018d000 fd:00 540204                         /lib64/libc-2.12.so
38d138e000-38d1393000 rw-p 00000000 00:00 0 
38d1400000-38d1402000 r-xp 00000000 fd:00 540210                         /lib64/libdl-2.12.so
38d1402000-38d1602000 ---p 00002000 fd:00 540210                         /lib64/libdl-2.12.so
38d1602000-38d1603000 r--p 00002000 fd:00 540210                         /lib64/libdl-2.12.so
38d1603000-38d1604000 rw-p 00003000 fd:00 540210                         /lib64/libdl-2.12.so
38d1800000-38d1817000 r-xp 00000000 fd:00 540205                         /lib64/libpthread-2.12.so
38d1817000-38d1a17000 ---p 00017000 fd:00 540205                         /lib64/libpthread-2.12.so
38d1a17000-38d1a18000 r--p 00017000 fd:00 540205                         /lib64/libpthread-2.12.so
38d1a18000-38d1a19000 rw-p 00018000 fd:00 540205                         /lib64/libpthread-2.12.so
38d1a19000-38d1a1d000 rw-p 00000000 00:00 0 
38d1c00000-38d1c15000 r-xp 00000000 fd:00 540218                         /lib64/libz.so.1.2.3
38d1c15000-38d1e14000 ---p 00015000 fd:00 540218                         /lib64/libz.so.1.2.3
38d1e14000-38d1e15000 r--p 00014000 fd:00 540218                         /lib64/libz.so.1.2.3
38d1e15000-38d1e16000 rw-p 00015000 fd:00 540218                         /lib64/libz.so.1.2.3
38d2000000-38d2007000 r-xp 00000000 fd:00 540206                         /lib64/librt-2.12.so
38d2007000-38d2206000 ---p 00007000 fd:00 540206                         /lib64/librt-2.12.so
38d2206000-38d2207000 r--p 00006000 fd:00 540206                         /lib64/librt-2.12.so
38d2207000-38d2208000 rw-p 00007000 fd:00 540206                         /lib64/librt-2.12.so
38d7400000-38d7416000 r-xp 00000000 fd:00 540219                         /lib64/libgcc_s-4.4.7-20120601.so.1
38d7416000-38d7615000 ---p 00016000 fd:00 540219                         /lib64/libgcc_s-4.4.7-20120601.so.1
38d7615000-38d7616000 rw-p 00015000 fd:00 540219                         /lib64/libgcc_s-4.4.7-20120601.so.1
38d7800000-38d78e8000 r-xp 00000000 fd:00 2625597                        /usr/lib64/libstdc++.so.6.0.13
38d78e8000-38d7ae8000 ---p 000e8000 fd:00 2625597                        /usr/lib64/libstdc++.so.6.0.13
38d7ae8000-38d7aef000 r--p 000e8000 fd:00 2625597                        /usr/lib64/libstdc++.so.6.0.13
38d7aef000-38d7af1000 rw-p 000ef000 fd:00 2625597                        /usr/lib64/libstdc++.so.6.0.13
38d7af1000-38d7b06000 rw-p 00000000 00:00 0 
7f60e0000000-7f60e0021000 rw-p 00000000 00:00 0 
7f60e0021000-7f60e4000000 ---p 00000000 00:00 0 
7f60e4000000-7f60e4021000 rw-p 00000000 00:00 0 
7f60e4021000-7f60e8000000 ---p 00000000 00:00 0 
7f60e8000000-7f60e8021000 rw-p 00000000 00:00 0 
7f60e8021000-7f60ec000000 ---p 00000000 00:00 0 
7f60ec000000-7f60ec021000 rw-p 00000000 00:00 0 
7f60ec021000-7f60f0000000 ---p 00000000 00:00 0 
7f60f0000000-7f60f0021000 rw-p 00000000 00:00 0 
7f60f0021000-7f60f4000000 ---p 00000000 00:00 0 
7f60f616f000-7f60fc000000 r--p 00000000 fd:00 2622709                    /usr/lib/locale/locale-archive
7f60fc000000-7f60fc021000 rw-p 00000000 00:00 0 
7f60fc021000-7f6100000000 ---p 00000000 00:00 0 
7f6100000000-7f6100021000 rw-p 00000000 00:00 0 
7f6100021000-7f6104000000 ---p 00000000 00:00 0 
7f6104000000-7f6104021000 rw-p 00000000 00:00 0 
7f6104021000-7f6108000000 ---p 00000000 00:00 0 
7f610bd20000-7f6110000000 rw-p 00000000 00:00 0 
7f6110000000-7f6110021000 rw-p 00000000 00:00 0 
7f6110021000-7f6114000000 ---p 00000000 00:00 0 
7f6114000000-7f6114021000 rw-p 00000000 00:00 0 
7f6114021000-7f6118000000 ---p 00000000 00:00 0 
7f6118000000-7f6118021000 rw-p 00000000 00:00 0 
7f6118021000-7f611c000000 ---p 00000000 00:00 0 
7f6120000000-7f6120021000 rw-p 00000000 00:00 0 
7f6120021000-7f6124000000 ---p 00000000 00:00 0 
7f6128000000-7f6128021000 rw-p 00000000 00:00 0 
7f6128021000-7f612c000000 ---p 00000000 00:00 0 
7f6130000000-7f6130021000 rw-p 00000000 00:00 0 
7f6130021000-7f6134000000 ---p 00000000 00:00 0 
7f6138000000-7f6138021000 rw-p 00000000 00:00 0 
7f6138021000-7f613c000000 ---p 00000000 00:00 0 
7f613fbfc000-7f613fbfd000 ---p 00000000 00:00 0 
7f613fbfd000-7f613fcfd000 rw-p 00000000 00:00 0 
7f613fcfd000-7f613fd00000 ---p 00000000 00:00 0 
7f613fd00000-7f613fdfe000 rw-p 00000000 00:00 0 
7f613fdfe000-7f613fe01000 ---p 00000000 00:00 0 
7f613fe01000-7f613feff000 rw-p 00000000 00:00 0 
7f613feff000-7f613ff02000 ---p 00000000 00:00 0 
7f613ff02000-7f6140000000 rw-p 00000000 00:00 0 
7f6140000000-7f6140021000 rw-p 00000000 00:00 0 
7f6140021000-7f6144000000 ---p 00000000 00:00 0 
7f61440b2000-7f61440b5000 ---p 00000000 00:00 0 
7f61440b5000-7f61441b3000 rw-p 00000000 00:00 0 
7f61441b3000-7f61441b6000 ---p 00000000 00:00 0 
7f61441b6000-7f61442b4000 rw-p 00000000 00:00 0 
7f61442b4000-7f61442b7000 ---p 00000000 00:00 0 
7f61442b7000-7f61443b5000 rw-p 00000000 00:00 0 
7f61443b5000-7f61443b6000 ---p 00000000 00:00 0 
7f61443b6000-7f6146166000 rw-p 00000000 00:00 0 
7f6146166000-7f6146311000 r--s 03e6b000 fd:00 3150162                    /usr/lib/jvm/java-1.7.0-openjdk-1.7.0.9.x86_64/jre/lib/rt.jar
7f6146311000-7f61473c9000 rw-p 00000000 00:00 0 
7f61473c9000-7f61473ca000 ---p 00000000 00:00 0 
7f61473ca000-7f61474ca000 rw-p 00000000 00:00 0 
7f61474ca000-7f61474cb000 ---p 00000000 00:00 0 
7f61474cb000-7f61475cb000 rw-p 00000000 00:00 0 
7f61475cb000-7f61475cc000 ---p 00000000 00:00 0 
7f61475cc000-7f61476cc000 rw-p 00000000 00:00 0 
7f61476cc000-7f61476cd000 ---p 00000000 00:00 0 
7f61476cd000-7f61477cd000 rw-p 00000000 00:00 0 
7f61477cd000-7f61477ce000 ---p 00000000 00:00 0 
7f61477ce000-7f61478ce000 rw-p 00000000 00:00 0 
7f61478ce000-7f61478cf000 ---p 00000000 00:00 0 
7f61478cf000-7f61479cf000 rw-p 00000000 00:00 0 
7f61479cf000-7f61479d0000 ---p 00000000 00:00 0 
7f61479d0000-7f6147ad0000 rw-p 00000000 00:00 0 
7f6147ad0000-7f6147ad1000 ---p 00000000 00:00 0 
7f6147ad1000-7f6147bdc000 rw-p 00000000 00:00 0 
7f6147bdc000-7f6147c24000 rw-p 00000000 00:00 0 
7f6147c24000-7f6147c4e000 rw-p 00000000 00:00 0 
7f6147c4e000-7f6147eb6000 rw-p 00000000 00:00 0 
7f6147eb6000-7f6147ecb000 rw-p 00000000 00:00 0 
7f6147ecb000-7f6147fff000 rw-p 00000000 00:00 0 
7f6147fff000-7f6148000000 rw-p 00000000 00:00 0 
7f6148000000-7f6148151000 rw-p 00000000 00:00 0 
7f6148151000-7f614c000000 ---p 00000000 00:00 0 
7f614c0b7000-7f614c0ea000 rw-p 00000000 00:00 0 
7f614c0ea000-7f614c132000 rw-p 00000000 00:00 0 
7f614c132000-7f614c15c000 rw-p 00000000 00:00 0 
7f614c15c000-7f614c3c4000 rw-p 00000000 00:00 0 
7f614c3c4000-7f614c3ce000 rw-p 00000000 00:00 0 
7f614c3ce000-7f614c484000 rw-p 00000000 00:00 0 
7f614c484000-7f614c6f4000 rwxp 00000000 00:00 0 
7f614c6f4000-7f614f484000 rw-p 00000000 00:00 0 
7f614f484000-7f614f48c000 r-xp 00000000 fd:00 3150122                    /usr/lib/jvm/java-1.7.0-openjdk-1.7.0.9.x86_64/jre/lib/amd64/libzip.so
7f614f48c000-7f614f68b000 ---p 00008000 fd:00 3150122                    /usr/lib/jvm/java-1.7.0-openjdk-1.7.0.9.x86_64/jre/lib/amd64/libzip.so
7f614f68b000-7f614f68c000 rw-p 00007000 fd:00 3150122                    /usr/lib/jvm/java-1.7.0-openjdk-1.7.0.9.x86_64/jre/lib/amd64/libzip.so
7f614f68c000-7f614f698000 r-xp 00000000 fd:00 524318                     /lib64/libnss_files-2.12.so
7f614f698000-7f614f898000 ---p 0000c000 fd:00 524318                     /lib64/libnss_files-2.12.so
7f614f898000-7f614f899000 r--p 0000c000 fd:00 524318                     /lib64/libnss_files-2.12.so
7f614f899000-7f614f89a000 rw-p 0000d000 fd:00 524318                     /lib64/libnss_files-2.12.so
7f614f8b6000-7f614f8df000 r-xp 00000000 fd:00 3150099                    /usr/lib/jvm/java-1.7.0-openjdk-1.7.0.9.x86_64/jre/lib/amd64/libjava.so
7f614f8df000-7f614fade000 ---p 00029000 fd:00 3150099                    /usr/lib/jvm/java-1.7.0-openjdk-1.7.0.9.x86_64/jre/lib/amd64/libjava.so
7f614fade000-7f614fae0000 rw-p 00028000 fd:00 3150099                    /usr/lib/jvm/java-1.7.0-openjdk-1.7.0.9.x86_64/jre/lib/amd64/libjava.so
7f614fae0000-7f614faed000 r-xp 00000000 fd:00 3150121                    /usr/lib/jvm/java-1.7.0-openjdk-1.7.0.9.x86_64/jre/lib/amd64/libverify.so
7f614faed000-7f614fced000 ---p 0000d000 fd:00 3150121                    /usr/lib/jvm/java-1.7.0-openjdk-1.7.0.9.x86_64/jre/lib/amd64/libverify.so
7f614fced000-7f614fcef000 rw-p 0000d000 fd:00 3150121                    /usr/lib/jvm/java-1.7.0-openjdk-1.7.0.9.x86_64/jre/lib/amd64/libverify.so
7f614fcef000-7f614fcf2000 ---p 00000000 00:00 0 
7f614fcf2000-7f614fdf0000 rw-p 00000000 00:00 0 
7f614fdf0000-7f614fe73000 r-xp 00000000 fd:00 540216                     /lib64/libm-2.12.so
7f614fe73000-7f6150072000 ---p 00083000 fd:00 540216                     /lib64/libm-2.12.so
7f6150072000-7f6150073000 r--p 00082000 fd:00 540216                     /lib64/libm-2.12.so
7f6150073000-7f6150074000 rw-p 00083000 fd:00 540216                     /lib64/libm-2.12.so
7f6150074000-7f6150a84000 r-xp 00000000 fd:00 3150126                    /usr/lib/jvm/java-1.7.0-openjdk-1.7.0.9.x86_64/jre/lib/amd64/server/libjvm.so
7f6150a84000-7f6150c84000 ---p 00a10000 fd:00 3150126                    /usr/lib/jvm/java-1.7.0-openjdk-1.7.0.9.x86_64/jre/lib/amd64/server/libjvm.so
7f6150c84000-7f6150d25000 rw-p 00a10000 fd:00 3150126                    /usr/lib/jvm/java-1.7.0-openjdk-1.7.0.9.x86_64/jre/lib/amd64/server/libjvm.so
7f6150d25000-7f6150d53000 rw-p 00000000 00:00 0 
7f6150d57000-7f6150d59000 rw-p 00000000 00:00 0 
7f6150d59000-7f6150d62000 r--s 00066000 fd:00 6129                       /usr/lib/jvm/java-1.7.0-openjdk-1.7.0.9.x86_64/jre/lib/ext/gnome-java-bridge.jar
7f6150d62000-7f6150d65000 r--s 0000f000 fd:00 6132                       /usr/lib/jvm/java-1.7.0-openjdk-1.7.0.9.x86_64/jre/lib/ext/pulse-java.jar
7f6150d65000-7f6150d6d000 rw-s 00000000 fd:00 399697                     /tmp/hsperfdata_michael/237247
7f6150d6d000-7f6150d6e000 rw-p 00000000 00:00 0 
7f6150d6e000-7f6150d6f000 r--p 00000000 00:00 0 
7f6150d6f000-7f6150d70000 rw-p 00000000 00:00 0 
7fff4161e000-7fff41633000 rw-p 00000000 00:00 0                          [stack]
7fff41683000-7fff41684000 r-xp 00000000 00:00 0                          [vdso]
ffffffffff600000-ffffffffff601000 r-xp 00000000 00:00 0                  [vsyscall]

VM Arguments:
jvm_args: -Xverify:none 
java_command: Test
Launcher Type: SUN_STANDARD

Environment Variables:
JAVA_HOME=/usr/java/jdk1.7.0_45
PATH=/usr/lib64/qt-3.3/bin:/usr/local/bin:/usr/bin:/bin:/usr/games:/usr/local/sbin:/usr/sbin:/sbin:/home/michael/lib/hadoop-2.2.0/bin:/home/michael/lib/hadoop-2.2.0/etc/hadoop:/home/michael/lib/apache-maven-3.0.5/bin:/home/michael/lib/findbugs-2.0.3-rcl/bin:/home/michael/bin:/home/michael/lib/hadoop-2.2.0/bin:/home/michael/lib/hadoop-2.2.0/etc/hadoop:/home/michael/lib/apache-maven-3.0.5/bin:/home/michael/lib/findbugs-2.0.3-rcl/bin
SHELL=/bin/bash
DISPLAY=:0

Signal Handlers:
SIGSEGV: [libjvm.so+0x872c40], sa_mask[0]=0x7ffbfeff, sa_flags=0x10000004
SIGBUS: [libjvm.so+0x872c40], sa_mask[0]=0x7ffbfeff, sa_flags=0x10000004
SIGFPE: [libjvm.so+0x71ac80], sa_mask[0]=0x7ffbfeff, sa_flags=0x10000004
SIGPIPE: [libjvm.so+0x71ac80], sa_mask[0]=0x7ffbfeff, sa_flags=0x10000004
SIGXFSZ: [libjvm.so+0x71ac80], sa_mask[0]=0x7ffbfeff, sa_flags=0x10000004
SIGILL: [libjvm.so+0x71ac80], sa_mask[0]=0x7ffbfeff, sa_flags=0x10000004
SIGUSR1: SIG_DFL, sa_mask[0]=0x00000000, sa_flags=0x00000000
SIGUSR2: [libjvm.so+0x71a7a0], sa_mask[0]=0x00000000, sa_flags=0x10000004
SIGHUP: [libjvm.so+0x71d760], sa_mask[0]=0x7ffbfeff, sa_flags=0x10000004
SIGINT: [libjvm.so+0x71d760], sa_mask[0]=0x7ffbfeff, sa_flags=0x10000004
SIGTERM: [libjvm.so+0x71d760], sa_mask[0]=0x7ffbfeff, sa_flags=0x10000004
SIGQUIT: [libjvm.so+0x71d760], sa_mask[0]=0x7ffbfeff, sa_flags=0x10000004


---------------  S Y S T E M  ---------------

OS:CentOS release 6.4 (Final)

uname:Linux 2.6.32-358.el6.x86_64 #1 SMP Fri Feb 22 00:31:26 UTC 2013 x86_64
libc:glibc 2.12 NPTL 2.12 
rlimit: STACK 10240k, CORE 0k, NPROC 65536, NOFILE 65536, AS infinity
load average:0.77 0.86 0.61

/proc/meminfo:
MemTotal:        8085320 kB
MemFree:         4294664 kB
Buffers:           10948 kB
Cached:          1764160 kB
SwapCached:            0 kB
Active:          2425848 kB
Inactive:         957748 kB
Active(anon):    1666132 kB
Inactive(anon):    92340 kB
Active(file):     759716 kB
Inactive(file):   865408 kB
Unevictable:          16 kB
Mlocked:              16 kB
SwapTotal:      16371696 kB
SwapFree:       16371696 kB
Dirty:               344 kB
Writeback:             0 kB
AnonPages:       1602648 kB
Mapped:           175820 kB
Shmem:            149992 kB
Slab:             255316 kB
SReclaimable:     200336 kB
SUnreclaim:        54980 kB
KernelStack:        4824 kB
PageTables:        41572 kB
NFS_Unstable:          0 kB
Bounce:                0 kB
WritebackTmp:          0 kB
CommitLimit:    20414356 kB
Committed_AS:    4294628 kB
VmallocTotal:   34359738367 kB
VmallocUsed:      450228 kB
VmallocChunk:   34359241652 kB
HardwareCorrupted:     0 kB
AnonHugePages:    878592 kB
HugePages_Total:       0
HugePages_Free:        0
HugePages_Rsvd:        0
HugePages_Surp:        0
Hugepagesize:       2048 kB
DirectMap4k:       10236 kB
DirectMap2M:     8273920 kB


CPU:total 8 (4 cores per cpu, 2 threads per core) family 6 model 42 stepping 7, cmov, cx8, fxsr, mmx, sse, sse2, sse3, ssse3, sse4.1, sse4.2, popcnt, avx, ht, tsc, tscinvbit

/proc/cpuinfo:
processor	: 0
vendor_id	: GenuineIntel
cpu family	: 6
model		: 42
model name	: Intel(R) Core(TM) i7-2720QM CPU @ 2.20GHz
stepping	: 7
cpu MHz		: 2200.000
cache size	: 6144 KB
physical id	: 0
siblings	: 8
core id		: 0
cpu cores	: 4
apicid		: 0
initial apicid	: 0
fpu		: yes
fpu_exception	: yes
cpuid level	: 13
wp		: yes
flags		: fpu vme de pse tsc msr pae mce cx8 apic sep mtrr pge mca cmov pat pse36 clflush dts acpi mmx fxsr sse sse2 ss ht tm pbe syscall nx rdtscp lm constant_tsc arch_perfmon pebs bts xtopology nonstop_tsc aperfmperf pni pclmulqdq dtes64 monitor ds_cpl vmx smx est tm2 ssse3 cx16 xtpr pdcm pcid sse4_1 sse4_2 x2apic popcnt tsc_deadline_timer aes xsave avx lahf_lm ida arat epb xsaveopt pln pts dts tpr_shadow vnmi flexpriority ept vpid
bogomips	: 4389.80
clflush size	: 64
cache_alignment	: 64
address sizes	: 36 bits physical, 48 bits virtual
power management:

processor	: 1
vendor_id	: GenuineIntel
cpu family	: 6
model		: 42
model name	: Intel(R) Core(TM) i7-2720QM CPU @ 2.20GHz
stepping	: 7
cpu MHz		: 800.000
cache size	: 6144 KB
physical id	: 0
siblings	: 8
core id		: 0
cpu cores	: 4
apicid		: 1
initial apicid	: 1
fpu		: yes
fpu_exception	: yes
cpuid level	: 13
wp		: yes
flags		: fpu vme de pse tsc msr pae mce cx8 apic sep mtrr pge mca cmov pat pse36 clflush dts acpi mmx fxsr sse sse2 ss ht tm pbe syscall nx rdtscp lm constant_tsc arch_perfmon pebs bts xtopology nonstop_tsc aperfmperf pni pclmulqdq dtes64 monitor ds_cpl vmx smx est tm2 ssse3 cx16 xtpr pdcm pcid sse4_1 sse4_2 x2apic popcnt tsc_deadline_timer aes xsave avx lahf_lm ida arat epb xsaveopt pln pts dts tpr_shadow vnmi flexpriority ept vpid
bogomips	: 4389.80
clflush size	: 64
cache_alignment	: 64
address sizes	: 36 bits physical, 48 bits virtual
power management:

processor	: 2
vendor_id	: GenuineIntel
cpu family	: 6
model		: 42
model name	: Intel(R) Core(TM) i7-2720QM CPU @ 2.20GHz
stepping	: 7
cpu MHz		: 800.000
cache size	: 6144 KB
physical id	: 0
siblings	: 8
core id		: 1
cpu cores	: 4
apicid		: 2
initial apicid	: 2
fpu		: yes
fpu_exception	: yes
cpuid level	: 13
wp		: yes
flags		: fpu vme de pse tsc msr pae mce cx8 apic sep mtrr pge mca cmov pat pse36 clflush dts acpi mmx fxsr sse sse2 ss ht tm pbe syscall nx rdtscp lm constant_tsc arch_perfmon pebs bts xtopology nonstop_tsc aperfmperf pni pclmulqdq dtes64 monitor ds_cpl vmx smx est tm2 ssse3 cx16 xtpr pdcm pcid sse4_1 sse4_2 x2apic popcnt tsc_deadline_timer aes xsave avx lahf_lm ida arat epb xsaveopt pln pts dts tpr_shadow vnmi flexpriority ept vpid
bogomips	: 4389.80
clflush size	: 64
cache_alignment	: 64
address sizes	: 36 bits physical, 48 bits virtual
power management:

processor	: 3
vendor_id	: GenuineIntel
cpu family	: 6
model		: 42
model name	: Intel(R) Core(TM) i7-2720QM CPU @ 2.20GHz
stepping	: 7
cpu MHz		: 2201.000
cache size	: 6144 KB
physical id	: 0
siblings	: 8
core id		: 1
cpu cores	: 4
apicid		: 3
initial apicid	: 3
fpu		: yes
fpu_exception	: yes
cpuid level	: 13
wp		: yes
flags		: fpu vme de pse tsc msr pae mce cx8 apic sep mtrr pge mca cmov pat pse36 clflush dts acpi mmx fxsr sse sse2 ss ht tm pbe syscall nx rdtscp lm constant_tsc arch_perfmon pebs bts xtopology nonstop_tsc aperfmperf pni pclmulqdq dtes64 monitor ds_cpl vmx smx est tm2 ssse3 cx16 xtpr pdcm pcid sse4_1 sse4_2 x2apic popcnt tsc_deadline_timer aes xsave avx lahf_lm ida arat epb xsaveopt pln pts dts tpr_shadow vnmi flexpriority ept vpid
bogomips	: 4389.80
clflush size	: 64
cache_alignment	: 64
address sizes	: 36 bits physical, 48 bits virtual
power management:

processor	: 4
vendor_id	: GenuineIntel
cpu family	: 6
model		: 42
model name	: Intel(R) Core(TM) i7-2720QM CPU @ 2.20GHz
stepping	: 7
cpu MHz		: 800.000
cache size	: 6144 KB
physical id	: 0
siblings	: 8
core id		: 2
cpu cores	: 4
apicid		: 4
initial apicid	: 4
fpu		: yes
fpu_exception	: yes
cpuid level	: 13
wp		: yes
flags		: fpu vme de pse tsc msr pae mce cx8 apic sep mtrr pge mca cmov pat pse36 clflush dts acpi mmx fxsr sse sse2 ss ht tm pbe syscall nx rdtscp lm constant_tsc arch_perfmon pebs bts xtopology nonstop_tsc aperfmperf pni pclmulqdq dtes64 monitor ds_cpl vmx smx est tm2 ssse3 cx16 xtpr pdcm pcid sse4_1 sse4_2 x2apic popcnt tsc_deadline_timer aes xsave avx lahf_lm ida arat epb xsaveopt pln pts dts tpr_shadow vnmi flexpriority ept vpid
bogomips	: 4389.80
clflush size	: 64
cache_alignment	: 64
address sizes	: 36 bits physical, 48 bits virtual
power management:

processor	: 5
vendor_id	: GenuineIntel
cpu family	: 6
model		: 42
model name	: Intel(R) Core(TM) i7-2720QM CPU @ 2.20GHz
stepping	: 7
cpu MHz		: 800.000
cache size	: 6144 KB
physical id	: 0
siblings	: 8
core id		: 2
cpu cores	: 4
apicid		: 5
initial apicid	: 5
fpu		: yes
fpu_exception	: yes
cpuid level	: 13
wp		: yes
flags		: fpu vme de pse tsc msr pae mce cx8 apic sep mtrr pge mca cmov pat pse36 clflush dts acpi mmx fxsr sse sse2 ss ht tm pbe syscall nx rdtscp lm constant_tsc arch_perfmon pebs bts xtopology nonstop_tsc aperfmperf pni pclmulqdq dtes64 monitor ds_cpl vmx smx est tm2 ssse3 cx16 xtpr pdcm pcid sse4_1 sse4_2 x2apic popcnt tsc_deadline_timer aes xsave avx lahf_lm ida arat epb xsaveopt pln pts dts tpr_shadow vnmi flexpriority ept vpid
bogomips	: 4389.80
clflush size	: 64
cache_alignment	: 64
address sizes	: 36 bits physical, 48 bits virtual
power management:

processor	: 6
vendor_id	: GenuineIntel
cpu family	: 6
model		: 42
model name	: Intel(R) Core(TM) i7-2720QM CPU @ 2.20GHz
stepping	: 7
cpu MHz		: 800.000
cache size	: 6144 KB
physical id	: 0
siblings	: 8
core id		: 3
cpu cores	: 4
apicid		: 6
initial apicid	: 6
fpu		: yes
fpu_exception	: yes
cpuid level	: 13
wp		: yes
flags		: fpu vme de pse tsc msr pae mce cx8 apic sep mtrr pge mca cmov pat pse36 clflush dts acpi mmx fxsr sse sse2 ss ht tm pbe syscall nx rdtscp lm constant_tsc arch_perfmon pebs bts xtopology nonstop_tsc aperfmperf pni pclmulqdq dtes64 monitor ds_cpl vmx smx est tm2 ssse3 cx16 xtpr pdcm pcid sse4_1 sse4_2 x2apic popcnt tsc_deadline_timer aes xsave avx lahf_lm ida arat epb xsaveopt pln pts dts tpr_shadow vnmi flexpriority ept vpid
bogomips	: 4389.80
clflush size	: 64
cache_alignment	: 64
address sizes	: 36 bits physical, 48 bits virtual
power management:

processor	: 7
vendor_id	: GenuineIntel
cpu family	: 6
model		: 42
model name	: Intel(R) Core(TM) i7-2720QM CPU @ 2.20GHz
stepping	: 7
cpu MHz		: 800.000
cache size	: 6144 KB
physical id	: 0
siblings	: 8
core id		: 3
cpu cores	: 4
apicid		: 7
initial apicid	: 7
fpu		: yes
fpu_exception	: yes
cpuid level	: 13
wp		: yes
flags		: fpu vme de pse tsc msr pae mce cx8 apic sep mtrr pge mca cmov pat pse36 clflush dts acpi mmx fxsr sse sse2 ss ht tm pbe syscall nx rdtscp lm constant_tsc arch_perfmon pebs bts xtopology nonstop_tsc aperfmperf pni pclmulqdq dtes64 monitor ds_cpl vmx smx est tm2 ssse3 cx16 xtpr pdcm pcid sse4_1 sse4_2 x2apic popcnt tsc_deadline_timer aes xsave avx lahf_lm ida arat epb xsaveopt pln pts dts tpr_shadow vnmi flexpriority ept vpid
bogomips	: 4389.80
clflush size	: 64
cache_alignment	: 64
address sizes	: 36 bits physical, 48 bits virtual
power management:



Memory: 4k page, physical 8085320k(4294664k free), swap 16371696k(16371696k free)

vm_info: OpenJDK 64-Bit Server VM (23.2-b09) for linux-amd64 JRE (1.7.0_09-icedtea-mockbuild_2013_01_16_18_52-b00), built on Jan 16 2013 19:00:19 by "mockbuild" with gcc 4.4.6 20120305 (Red Hat 4.4.6-4)

time: Sun Nov 24 16:12:28 2013
elapsed time: 0 seconds

