#
# A fatal error has been detected by the Java Runtime Environment:
#
#  SIGSEGV (0xb) at pc=0x00007f4417939498, pid=91595, tid=139930420000512
#
# JRE version: 7.0_09
# Java VM: OpenJDK 64-Bit Server VM (23.2-b09 mixed mode linux-amd64 compressed oops)
# Problematic frame:
# V  [libjvm.so+0x711498]  JVM_RaiseSignal+0x170d88
#
# Failed to write core dump. Core dumps have been disabled. To enable core dumping, try "ulimit -c unlimited" before starting Java again
#
# If you would like to submit a bug report, please include
# instructions on how to reproduce the bug and visit:
#   http://icedtea.classpath.org/bugzilla
#

---------------  T H R E A D  ---------------

Current thread (0x00007f4410007800):  JavaThread "main" [_thread_in_vm, id=91596, stack(0x00007f4416ea3000,0x00007f4416fa4000)]

siginfo:si_signo=SIGSEGV: si_errno=0, si_code=1 (SEGV_MAPERR), si_addr=0x0000000000000010

Registers:
RAX=0x0000000000000000, RBX=0x0000000000000010, RCX=0x000000077a6bbc08, RDX=0x00007f4410007800
RSP=0x00007f4416fa2860, RBP=0x00007f4416fa2880, RSI=0x0000000000000005, RDI=0x0000000000000000
R8 =0x00007f4416fa0390, R9 =0x00000007d6e174c8, R10=0x00007f4417eee740, R11=0x00007f4416fa2480
R12=0x000000077a6bb9f0, R13=0x0000000000001138, R14=0x0000000000000005, R15=0x00007f4410006ab0
RIP=0x00007f4417939498, EFLAGS=0x0000000000010206, CSGSFS=0x0000000000000033, ERR=0x0000000000000004
  TRAPNO=0x000000000000000e

Top of Stack: (sp=0x00007f4416fa2860)
0x00007f4416fa2860:   000000077a6bb9f0 00007f4410007800
0x00007f4416fa2870:   000000077a6bb9f0 0000000000001138
0x00007f4416fa2880:   00007f4416fa28e0 00007f441775e416
0x00007f4416fa2890:   00007f4410007800 00007f4416fa28f0
0x00007f4416fa28a0:   00007f4410007800 0000000000000000
0x00007f4416fa28b0:   000000077a579720 00000000000000bd
0x00007f4416fa28c0:   0000000000000000 000000077a6bbeca
0x00007f4416fa28d0:   00007f4416fa2978 00007f4410007800
0x00007f4416fa28e0:   00007f4416fa2938 00007f440d01dc41
0x00007f4416fa28f0:   00007f440d01dbff 00007f4416fa28f8
0x00007f4416fa2900:   000000077a6bbeca 00007f4416fa2978
0x00007f4416fa2910:   000000077a6bc1a0 0000000000000000
0x00007f4416fa2920:   000000077a6bbed0 0000000000000000
0x00007f4416fa2930:   00007f4416fa2978 00007f4416fa29e0
0x00007f4416fa2940:   00007f440d0004f7 0000000000000000
0x00007f4416fa2950:   0000000000000000 00000007d6e56b28
0x00007f4416fa2960:   00000007d6e56950 0000000000000007
0x00007f4416fa2970:   0000000000000000 00000007d6e55b40
0x00007f4416fa2980:   00007f4400001fa0 00007f4416fa2a60
0x00007f4416fa2990:   00007f4416fa2ce0 00007f4410007800
0x00007f4416fa29a0:   00007f4416fa2b40 00007f4410008360
0x00007f4416fa29b0:   00007f4416fa2a20 00007f4416fa2ce8
0x00007f4416fa29c0:   00007f440000000a 000000077a6bbed0
0x00007f4416fa29d0:   00007f440d0103a0 00007f4416fa2b48
0x00007f4416fa29e0:   00007f4416fa2ac0 00007f44177630ce
0x00007f4416fa29f0:   00007f4400000001 00007f4410007800
0x00007f4416fa2a00:   0000000a00000003 00007f440d0103a0
0x00007f4416fa2a10:   00007f4416fa2a20 00007f440d0103a0
0x00007f4416fa2a20:   00007f4410007800 00007f4410009150
0x00007f4416fa2a30:   000000077a6bbed0 0000000000000000
0x00007f4416fa2a40:   0000000000000000 0000000000000000
0x00007f4416fa2a50:   0000000000000000 00007f4416fa2ce0 

Instructions: (pc=0x00007f4417939498)
0x00007f4417939478:   0f 1f 84 00 00 00 00 00 55 48 89 e5 48 89 5d e8
0x00007f4417939488:   4c 89 65 f0 48 8d 5f 10 4c 89 6d f8 48 83 ec 20
0x00007f4417939498:   48 8b 47 10 41 89 f4 49 89 d5 48 89 df ff 90 00
0x00007f44179394a8:   01 00 00 84 c0 75 21 4c 89 e9 44 89 e2 48 89 df 

Register to memory mapping:

RAX=0x0000000000000000 is an unknown value
RBX=0x0000000000000010 is an unknown value
RCX=0x000000077a6bbc08 is an oop
[B 
 - klass: {type array byte}
 - length: 59
RDX=0x00007f4410007800 is a thread
RSP=0x00007f4416fa2860 is pointing into the stack for thread: 0x00007f4410007800
RBP=0x00007f4416fa2880 is pointing into the stack for thread: 0x00007f4410007800
RSI=0x0000000000000005 is an unknown value
RDI=0x0000000000000000 is an unknown value
R8 =0x00007f4416fa0390 is pointing into the stack for thread: 0x00007f4410007800
R9 =0x00000007d6e174c8 is an oop
java.io.FileDescriptor 
 - klass: 'java/io/FileDescriptor'
R10=0x00007f4417eee740: <offset 0xcc6740> in /usr/lib/jvm/java-1.7.0-openjdk-1.7.0.9.x86_64/jre/lib/amd64/server/libjvm.so at 0x00007f4417228000
R11=0x00007f4416fa2480 is pointing into the stack for thread: 0x00007f4410007800
R12=0x000000077a6bb9f0 is an oop
{constant pool} 
 - klass: {other class}
 - holder: 0x000000077a6bbf58
 - cache: 0x000000077a6bc1a0
 -   1 :  : 'java/lang/Object'
 -   2 :  : 'java/lang/Object'
 -   3 :  : '<init>'
 -   4 :  : '()V'
 -   5 :  : name_index=3 signature_index=4
 -   6 :  : klass_index=2 name_and_type_index=5
 -   7 :  : 'Code'
 -   8 :  : 'java/lang/System'
 -   9 :  : 'out'
 -  10 :  : 'Ljava/io/PrintStream;'
 -  11 :  : name_index=9 signature_index=10
 -  12 :  : 'java/lang/System' {0x77a424f70}
 -  13 :  : klass_index=12 name_and_type_index=11
 -  14 :  : 'java/io/PrintStream'
 -  15 :  : 'println'
 -  16 :  : '(I)V'
 -  17 :  : name_index=15 signature_index=16
 -  18 :  : 'java/io/PrintStream' {0x77a57b738}
 -  19 :  : klass_index=18 name_and_type_index=17
 -  20 :  : '(Z)V'
 -  21 :  : name_index=15 signature_index=20
 -  22 :  : klass_index=18 name_and_type_index=21
 -  23 :  : '(Ljava/lang/String;)V'
 -  24 :  : name_index=15 signature_index=23
 -  25 :  : klass_index=18 name_and_type_index=24
 -  26 :  : 42
 -  27 :  : 'main'
 -  28 :  : '([Ljava/lang/String;)V'
 -  29 :  : '"Testing println stuff:"'
 -  30 :  : ""Testing println stuff:"" {0x7d6e55d90}
 -  31 :  : '"testing"'
 -  32 :  : ""testing"" {0x7d6e560a8}
 -  33 :  : 'null'
 -  34 :  : "null" {0x7d6e034f8}
 -  35 :  : '"Testing Operators:"'
 -  36 :  : ""Testing Operators:"" {0x7d6e56330}
 -  37 :  : 1
 -  38 :  : 2
 -  39 :  : 4
 -  40 :  : 7
 -  41 :  : 49
 -  42 :  : 6
 -  43 :  : 5
 -  44 :  : 3
 -  45 :  : '"Testing Assignment:"'
 -  46 :  : ""Testing Assignment:"" {0x7d6e56860}
 -  47 :  : 88
 -  48 :  : '"fail"'
 -  49 :  : ""fail"" {0x7d6e56918}
 -  50 :  : 152
 -  51 :  : '"testMe"'
 -  52 :  : ""testMe"" {0x7d6e56950}
 -  53 :  : '"Testing arrays:"'
 -  54 :  : ""Testing arrays:"" {0x7d6e56a78}
 -  55 :  : 'java/lang/String'
 -  56 :  : 'java/lang/String'
 -  57 :  : 'Test'
 -  58 :  : 'Test'

R13=0x0000000000001138 is an unknown value
R14=0x0000000000000005 is an unknown value
R15=0x00007f4410006ab0 is an unknown value


Stack: [0x00007f4416ea3000,0x00007f4416fa4000],  sp=0x00007f4416fa2860,  free space=1022k
Native frames: (J=compiled Java code, j=interpreted, Vv=VM code, C=native code)
V  [libjvm.so+0x711498]  JVM_RaiseSignal+0x170d88
V  [libjvm.so+0x536416]  AsyncGetCallTrace+0xd2bf6
j  Test.main([Ljava/lang/String;)V+298
v  ~StubRoutines::call_stub
V  [libjvm.so+0x53b0ce]  AsyncGetCallTrace+0xd78ae
V  [libjvm.so+0x539d68]  AsyncGetCallTrace+0xd6548
V  [libjvm.so+0x5483e7]  JNI_CreateJavaVM+0x12e7
V  [libjvm.so+0x55d70b]  JNI_CreateJavaVM+0x1660b
C  [libjli.so+0x3a5c]  printf+0x3a5c

Java frames: (J=compiled Java code, j=interpreted, Vv=VM code)
j  Test.main([Ljava/lang/String;)V+298
v  ~StubRoutines::call_stub

---------------  P R O C E S S  ---------------

Java Threads: ( => current thread )
  0x00007f4410116800 JavaThread "Service Thread" daemon [_thread_blocked, id=91611, stack(0x00007f4406eef000,0x00007f4406ff0000)]
  0x00007f4410114000 JavaThread "C2 CompilerThread1" daemon [_thread_blocked, id=91610, stack(0x00007f4406ff0000,0x00007f44070f1000)]
  0x00007f4410111000 JavaThread "C2 CompilerThread0" daemon [_thread_blocked, id=91609, stack(0x00007f44070f1000,0x00007f44071f2000)]
  0x00007f441010f000 JavaThread "Signal Dispatcher" daemon [_thread_blocked, id=91608, stack(0x00007f44071f2000,0x00007f44072f3000)]
  0x00007f44100b9000 JavaThread "Finalizer" daemon [_thread_blocked, id=91607, stack(0x00007f44072f3000,0x00007f44073f4000)]
  0x00007f44100b6800 JavaThread "Reference Handler" daemon [_thread_blocked, id=91606, stack(0x00007f44073f4000,0x00007f44074f5000)]
=>0x00007f4410007800 JavaThread "main" [_thread_in_vm, id=91596, stack(0x00007f4416ea3000,0x00007f4416fa4000)]

Other Threads:
  0x00007f44100ae000 VMThread [stack: 0x00007f44074f5000,0x00007f44075f6000] [id=91605]
  0x00007f4410121000 WatcherThread [stack: 0x00007f4406dee000,0x00007f4406eef000] [id=91612]

VM state:not at safepoint (normal execution)

VM Mutex/Monitor currently owned by a thread: None

Heap
 PSYoungGen      total 36864K, used 632K [0x00000007d6e00000, 0x00000007d9720000, 0x0000000800000000)
  eden space 31616K, 2% used [0x00000007d6e00000,0x00000007d6e9e1b0,0x00000007d8ce0000)
  from space 5248K, 0% used [0x00000007d9200000,0x00000007d9200000,0x00000007d9720000)
  to   space 5248K, 0% used [0x00000007d8ce0000,0x00000007d8ce0000,0x00000007d9200000)
 ParOldGen       total 84224K, used 0K [0x0000000784a00000, 0x0000000789c40000, 0x00000007d6e00000)
  object space 84224K, 0% used [0x0000000784a00000,0x0000000784a00000,0x0000000789c40000)
 PSPermGen       total 21248K, used 2802K [0x000000077a400000, 0x000000077b8c0000, 0x0000000784a00000)
  object space 21248K, 13% used [0x000000077a400000,0x000000077a6bcaf0,0x000000077b8c0000)

Card table byte_map: [0x00007f4416149000,0x00007f4416578000] byte_map_base: 0x00007f4412577000

Polling page: 0x00007f4417f22000

Code Cache  [0x00007f440d000000, 0x00007f440d270000, 0x00007f4410000000)
 total_blobs=165 nmethods=0 adapters=133 free_code_cache=48774Kb largest_free_block=49945408

Compilation events (0 events):
No events

GC Heap History (0 events):
No events

Deoptimization events (0 events):
No events

Internal exceptions (2 events):
Event: 0.025 Thread 0x00007f4410007800 Threw 0x00000007d6e06138 at /builddir/build/BUILD/java-1.7.0-openjdk/openjdk/hotspot/src/share/vm/prims/jni.cpp:3988
Event: 0.051 Thread 0x00007f4410007800 Threw 0x00000007d6e515e8 at /builddir/build/BUILD/java-1.7.0-openjdk/openjdk/hotspot/src/share/vm/prims/jvm.cpp:1166

Events (10 events):
Event: 0.053 loading class 0x00007f44101492b0
Event: 0.053 loading class 0x00007f44101492b0 done
Event: 0.053 loading class 0x00007f441013bfe0
Event: 0.053 loading class 0x00007f441013bfe0 done
Event: 0.053 loading class 0x00007f441013c010
Event: 0.053 loading class 0x00007f441013c010 done
Event: 0.053 loading class 0x00007f44100b07e0
Event: 0.053 loading class 0x00007f44100b07e0 done
Event: 0.053 loading class 0x00007f4410064760
Event: 0.053 loading class 0x00007f4410064760 done


Dynamic libraries:
00400000-00401000 r-xp 00000000 fd:00 3150151                            /usr/lib/jvm/java-1.7.0-openjdk-1.7.0.9.x86_64/jre/bin/java
00600000-00602000 rw-p 00000000 fd:00 3150151                            /usr/lib/jvm/java-1.7.0-openjdk-1.7.0.9.x86_64/jre/bin/java
00cc9000-00cea000 rw-p 00000000 00:00 0                                  [heap]
77a400000-77b8c0000 rw-p 00000000 00:00 0 
77b8c0000-784a00000 rw-p 00000000 00:00 0 
784a00000-789c40000 rw-p 00000000 00:00 0 
789c40000-7d6e00000 rw-p 00000000 00:00 0 
7d6e00000-7d9720000 rw-p 00000000 00:00 0 
7d9720000-800000000 rw-p 00000000 00:00 0 
38d0800000-38d0820000 r-xp 00000000 fd:00 540203                         /lib64/ld-2.12.so
38d0a1f000-38d0a20000 r--p 0001f000 fd:00 540203                         /lib64/ld-2.12.so
38d0a20000-38d0a21000 rw-p 00020000 fd:00 540203                         /lib64/ld-2.12.so
38d0a21000-38d0a22000 rw-p 00000000 00:00 0 
38d0c00000-38d0c0d000 r-xp 00000000 fd:00 3155877                        /usr/lib/jvm/java-1.7.0-openjdk-1.7.0.9.x86_64/jre/lib/amd64/jli/libjli.so
38d0c0d000-38d0e0c000 ---p 0000d000 fd:00 3155877                        /usr/lib/jvm/java-1.7.0-openjdk-1.7.0.9.x86_64/jre/lib/amd64/jli/libjli.so
38d0e0c000-38d0e0d000 rw-p 0000c000 fd:00 3155877                        /usr/lib/jvm/java-1.7.0-openjdk-1.7.0.9.x86_64/jre/lib/amd64/jli/libjli.so
38d1000000-38d118a000 r-xp 00000000 fd:00 540204                         /lib64/libc-2.12.so
38d118a000-38d1389000 ---p 0018a000 fd:00 540204                         /lib64/libc-2.12.so
38d1389000-38d138d000 r--p 00189000 fd:00 540204                         /lib64/libc-2.12.so
38d138d000-38d138e000 rw-p 0018d000 fd:00 540204                         /lib64/libc-2.12.so
38d138e000-38d1393000 rw-p 00000000 00:00 0 
38d1400000-38d1402000 r-xp 00000000 fd:00 540210                         /lib64/libdl-2.12.so
38d1402000-38d1602000 ---p 00002000 fd:00 540210                         /lib64/libdl-2.12.so
38d1602000-38d1603000 r--p 00002000 fd:00 540210                         /lib64/libdl-2.12.so
38d1603000-38d1604000 rw-p 00003000 fd:00 540210                         /lib64/libdl-2.12.so
38d1800000-38d1817000 r-xp 00000000 fd:00 540205                         /lib64/libpthread-2.12.so
38d1817000-38d1a17000 ---p 00017000 fd:00 540205                         /lib64/libpthread-2.12.so
38d1a17000-38d1a18000 r--p 00017000 fd:00 540205                         /lib64/libpthread-2.12.so
38d1a18000-38d1a19000 rw-p 00018000 fd:00 540205                         /lib64/libpthread-2.12.so
38d1a19000-38d1a1d000 rw-p 00000000 00:00 0 
38d1c00000-38d1c15000 r-xp 00000000 fd:00 540218                         /lib64/libz.so.1.2.3
38d1c15000-38d1e14000 ---p 00015000 fd:00 540218                         /lib64/libz.so.1.2.3
38d1e14000-38d1e15000 r--p 00014000 fd:00 540218                         /lib64/libz.so.1.2.3
38d1e15000-38d1e16000 rw-p 00015000 fd:00 540218                         /lib64/libz.so.1.2.3
38d2000000-38d2007000 r-xp 00000000 fd:00 540206                         /lib64/librt-2.12.so
38d2007000-38d2206000 ---p 00007000 fd:00 540206                         /lib64/librt-2.12.so
38d2206000-38d2207000 r--p 00006000 fd:00 540206                         /lib64/librt-2.12.so
38d2207000-38d2208000 rw-p 00007000 fd:00 540206                         /lib64/librt-2.12.so
38d7400000-38d7416000 r-xp 00000000 fd:00 540219                         /lib64/libgcc_s-4.4.7-20120601.so.1
38d7416000-38d7615000 ---p 00016000 fd:00 540219                         /lib64/libgcc_s-4.4.7-20120601.so.1
38d7615000-38d7616000 rw-p 00015000 fd:00 540219                         /lib64/libgcc_s-4.4.7-20120601.so.1
38d7800000-38d78e8000 r-xp 00000000 fd:00 2625597                        /usr/lib64/libstdc++.so.6.0.13
38d78e8000-38d7ae8000 ---p 000e8000 fd:00 2625597                        /usr/lib64/libstdc++.so.6.0.13
38d7ae8000-38d7aef000 r--p 000e8000 fd:00 2625597                        /usr/lib64/libstdc++.so.6.0.13
38d7aef000-38d7af1000 rw-p 000ef000 fd:00 2625597                        /usr/lib64/libstdc++.so.6.0.13
38d7af1000-38d7b06000 rw-p 00000000 00:00 0 
7f43a0000000-7f43a0021000 rw-p 00000000 00:00 0 
7f43a0021000-7f43a4000000 ---p 00000000 00:00 0 
7f43a8000000-7f43a8021000 rw-p 00000000 00:00 0 
7f43a8021000-7f43ac000000 ---p 00000000 00:00 0 
7f43ac000000-7f43ac021000 rw-p 00000000 00:00 0 
7f43ac021000-7f43b0000000 ---p 00000000 00:00 0 
7f43b0000000-7f43b0021000 rw-p 00000000 00:00 0 
7f43b0021000-7f43b4000000 ---p 00000000 00:00 0 
7f43b616f000-7f43bc000000 r--p 00000000 fd:00 2622709                    /usr/lib/locale/locale-archive
7f43bc000000-7f43bc021000 rw-p 00000000 00:00 0 
7f43bc021000-7f43c0000000 ---p 00000000 00:00 0 
7f43c0000000-7f43c0021000 rw-p 00000000 00:00 0 
7f43c0021000-7f43c4000000 ---p 00000000 00:00 0 
7f43c4000000-7f43c4021000 rw-p 00000000 00:00 0 
7f43c4021000-7f43c8000000 ---p 00000000 00:00 0 
7f43cbd20000-7f43d0000000 rw-p 00000000 00:00 0 
7f43d0000000-7f43d0021000 rw-p 00000000 00:00 0 
7f43d0021000-7f43d4000000 ---p 00000000 00:00 0 
7f43d4000000-7f43d4021000 rw-p 00000000 00:00 0 
7f43d4021000-7f43d8000000 ---p 00000000 00:00 0 
7f43d8000000-7f43d8021000 rw-p 00000000 00:00 0 
7f43d8021000-7f43dc000000 ---p 00000000 00:00 0 
7f43e0000000-7f43e0021000 rw-p 00000000 00:00 0 
7f43e0021000-7f43e4000000 ---p 00000000 00:00 0 
7f43e8000000-7f43e8021000 rw-p 00000000 00:00 0 
7f43e8021000-7f43ec000000 ---p 00000000 00:00 0 
7f43f0000000-7f43f0021000 rw-p 00000000 00:00 0 
7f43f0021000-7f43f4000000 ---p 00000000 00:00 0 
7f43f8000000-7f43f8021000 rw-p 00000000 00:00 0 
7f43f8021000-7f43fc000000 ---p 00000000 00:00 0 
7f4400000000-7f4400021000 rw-p 00000000 00:00 0 
7f4400021000-7f4404000000 ---p 00000000 00:00 0 
7f4406dee000-7f4406def000 ---p 00000000 00:00 0 
7f4406def000-7f4406eef000 rw-p 00000000 00:00 0 
7f4406eef000-7f4406ef2000 ---p 00000000 00:00 0 
7f4406ef2000-7f4406ff0000 rw-p 00000000 00:00 0 
7f4406ff0000-7f4406ff3000 ---p 00000000 00:00 0 
7f4406ff3000-7f44070f1000 rw-p 00000000 00:00 0 
7f44070f1000-7f44070f4000 ---p 00000000 00:00 0 
7f44070f4000-7f44071f2000 rw-p 00000000 00:00 0 
7f44071f2000-7f44071f5000 ---p 00000000 00:00 0 
7f44071f5000-7f44072f3000 rw-p 00000000 00:00 0 
7f44072f3000-7f44072f6000 ---p 00000000 00:00 0 
7f44072f6000-7f44073f4000 rw-p 00000000 00:00 0 
7f44073f4000-7f44073f7000 ---p 00000000 00:00 0 
7f44073f7000-7f44074f5000 rw-p 00000000 00:00 0 
7f44074f5000-7f44074f6000 ---p 00000000 00:00 0 
7f44074f6000-7f4408000000 rw-p 00000000 00:00 0 
7f4408000000-7f4408021000 rw-p 00000000 00:00 0 
7f4408021000-7f440c000000 ---p 00000000 00:00 0 
7f440c0ea000-7f440d000000 rw-p 00000000 00:00 0 
7f440d000000-7f440d270000 rwxp 00000000 00:00 0 
7f440d270000-7f4410151000 rw-p 00000000 00:00 0 
7f4410151000-7f4414000000 ---p 00000000 00:00 0 
7f4414041000-7f44143d1000 rw-p 00000000 00:00 0 
7f44143d1000-7f441457c000 r--s 03e6b000 fd:00 3150162                    /usr/lib/jvm/java-1.7.0-openjdk-1.7.0.9.x86_64/jre/lib/rt.jar
7f441457c000-7f441565c000 rw-p 00000000 00:00 0 
7f441565c000-7f441565d000 ---p 00000000 00:00 0 
7f441565d000-7f441575d000 rw-p 00000000 00:00 0 
7f441575d000-7f441575e000 ---p 00000000 00:00 0 
7f441575e000-7f441585e000 rw-p 00000000 00:00 0 
7f441585e000-7f441585f000 ---p 00000000 00:00 0 
7f441585f000-7f441595f000 rw-p 00000000 00:00 0 
7f441595f000-7f4415960000 ---p 00000000 00:00 0 
7f4415960000-7f4415a60000 rw-p 00000000 00:00 0 
7f4415a60000-7f4415a61000 ---p 00000000 00:00 0 
7f4415a61000-7f4415b61000 rw-p 00000000 00:00 0 
7f4415b61000-7f4415b62000 ---p 00000000 00:00 0 
7f4415b62000-7f4415c62000 rw-p 00000000 00:00 0 
7f4415c62000-7f4415c63000 ---p 00000000 00:00 0 
7f4415c63000-7f4415d63000 rw-p 00000000 00:00 0 
7f4415d63000-7f4415d64000 ---p 00000000 00:00 0 
7f4415d64000-7f4415e6f000 rw-p 00000000 00:00 0 
7f4415e6f000-7f4415eb7000 rw-p 00000000 00:00 0 
7f4415eb7000-7f4415ee1000 rw-p 00000000 00:00 0 
7f4415ee1000-7f4416149000 rw-p 00000000 00:00 0 
7f4416149000-7f4416154000 rw-p 00000000 00:00 0 
7f4416154000-7f441619c000 rw-p 00000000 00:00 0 
7f441619c000-7f44161c6000 rw-p 00000000 00:00 0 
7f44161c6000-7f441642e000 rw-p 00000000 00:00 0 
7f441642e000-7f4416443000 rw-p 00000000 00:00 0 
7f4416443000-7f4416577000 rw-p 00000000 00:00 0 
7f4416577000-7f4416582000 rw-p 00000000 00:00 0 
7f4416582000-7f4416638000 rw-p 00000000 00:00 0 
7f4416638000-7f4416640000 r-xp 00000000 fd:00 3150122                    /usr/lib/jvm/java-1.7.0-openjdk-1.7.0.9.x86_64/jre/lib/amd64/libzip.so
7f4416640000-7f441683f000 ---p 00008000 fd:00 3150122                    /usr/lib/jvm/java-1.7.0-openjdk-1.7.0.9.x86_64/jre/lib/amd64/libzip.so
7f441683f000-7f4416840000 rw-p 00007000 fd:00 3150122                    /usr/lib/jvm/java-1.7.0-openjdk-1.7.0.9.x86_64/jre/lib/amd64/libzip.so
7f4416840000-7f441684c000 r-xp 00000000 fd:00 524318                     /lib64/libnss_files-2.12.so
7f441684c000-7f4416a4c000 ---p 0000c000 fd:00 524318                     /lib64/libnss_files-2.12.so
7f4416a4c000-7f4416a4d000 r--p 0000c000 fd:00 524318                     /lib64/libnss_files-2.12.so
7f4416a4d000-7f4416a4e000 rw-p 0000d000 fd:00 524318                     /lib64/libnss_files-2.12.so
7f4416a6a000-7f4416a93000 r-xp 00000000 fd:00 3150099                    /usr/lib/jvm/java-1.7.0-openjdk-1.7.0.9.x86_64/jre/lib/amd64/libjava.so
7f4416a93000-7f4416c92000 ---p 00029000 fd:00 3150099                    /usr/lib/jvm/java-1.7.0-openjdk-1.7.0.9.x86_64/jre/lib/amd64/libjava.so
7f4416c92000-7f4416c94000 rw-p 00028000 fd:00 3150099                    /usr/lib/jvm/java-1.7.0-openjdk-1.7.0.9.x86_64/jre/lib/amd64/libjava.so
7f4416c94000-7f4416ca1000 r-xp 00000000 fd:00 3150121                    /usr/lib/jvm/java-1.7.0-openjdk-1.7.0.9.x86_64/jre/lib/amd64/libverify.so
7f4416ca1000-7f4416ea1000 ---p 0000d000 fd:00 3150121                    /usr/lib/jvm/java-1.7.0-openjdk-1.7.0.9.x86_64/jre/lib/amd64/libverify.so
7f4416ea1000-7f4416ea3000 rw-p 0000d000 fd:00 3150121                    /usr/lib/jvm/java-1.7.0-openjdk-1.7.0.9.x86_64/jre/lib/amd64/libverify.so
7f4416ea3000-7f4416ea6000 ---p 00000000 00:00 0 
7f4416ea6000-7f4416fa4000 rw-p 00000000 00:00 0 
7f4416fa4000-7f4417027000 r-xp 00000000 fd:00 540216                     /lib64/libm-2.12.so
7f4417027000-7f4417226000 ---p 00083000 fd:00 540216                     /lib64/libm-2.12.so
7f4417226000-7f4417227000 r--p 00082000 fd:00 540216                     /lib64/libm-2.12.so
7f4417227000-7f4417228000 rw-p 00083000 fd:00 540216                     /lib64/libm-2.12.so
7f4417228000-7f4417c38000 r-xp 00000000 fd:00 3150126                    /usr/lib/jvm/java-1.7.0-openjdk-1.7.0.9.x86_64/jre/lib/amd64/server/libjvm.so
7f4417c38000-7f4417e38000 ---p 00a10000 fd:00 3150126                    /usr/lib/jvm/java-1.7.0-openjdk-1.7.0.9.x86_64/jre/lib/amd64/server/libjvm.so
7f4417e38000-7f4417ed9000 rw-p 00a10000 fd:00 3150126                    /usr/lib/jvm/java-1.7.0-openjdk-1.7.0.9.x86_64/jre/lib/amd64/server/libjvm.so
7f4417ed9000-7f4417f07000 rw-p 00000000 00:00 0 
7f4417f0b000-7f4417f0d000 rw-p 00000000 00:00 0 
7f4417f0d000-7f4417f16000 r--s 00066000 fd:00 6129                       /usr/lib/jvm/java-1.7.0-openjdk-1.7.0.9.x86_64/jre/lib/ext/gnome-java-bridge.jar
7f4417f16000-7f4417f19000 r--s 0000f000 fd:00 6132                       /usr/lib/jvm/java-1.7.0-openjdk-1.7.0.9.x86_64/jre/lib/ext/pulse-java.jar
7f4417f19000-7f4417f21000 rw-s 00000000 fd:00 399717                     /tmp/hsperfdata_michael/91595
7f4417f21000-7f4417f22000 rw-p 00000000 00:00 0 
7f4417f22000-7f4417f23000 r--p 00000000 00:00 0 
7f4417f23000-7f4417f24000 rw-p 00000000 00:00 0 
7fffbf4c8000-7fffbf4dd000 rw-p 00000000 00:00 0                          [stack]
7fffbf50b000-7fffbf50c000 r-xp 00000000 00:00 0                          [vdso]
ffffffffff600000-ffffffffff601000 r-xp 00000000 00:00 0                  [vsyscall]

VM Arguments:
jvm_args: -Xverify:none 
java_command: Test
Launcher Type: SUN_STANDARD

Environment Variables:
JAVA_HOME=/usr/java/jdk1.7.0_45
PATH=/usr/lib64/qt-3.3/bin:/usr/local/bin:/usr/bin:/bin:/usr/games:/usr/local/sbin:/usr/sbin:/sbin:/home/michael/lib/hadoop-2.2.0/bin:/home/michael/lib/hadoop-2.2.0/etc/hadoop:/home/michael/lib/apache-maven-3.0.5/bin:/home/michael/lib/findbugs-2.0.3-rcl/bin:/home/michael/bin:/home/michael/lib/hadoop-2.2.0/bin:/home/michael/lib/hadoop-2.2.0/etc/hadoop:/home/michael/lib/apache-maven-3.0.5/bin:/home/michael/lib/findbugs-2.0.3-rcl/bin
SHELL=/bin/bash
DISPLAY=:0

Signal Handlers:
SIGSEGV: [libjvm.so+0x872c40], sa_mask[0]=0x7ffbfeff, sa_flags=0x10000004
SIGBUS: [libjvm.so+0x872c40], sa_mask[0]=0x7ffbfeff, sa_flags=0x10000004
SIGFPE: [libjvm.so+0x71ac80], sa_mask[0]=0x7ffbfeff, sa_flags=0x10000004
SIGPIPE: [libjvm.so+0x71ac80], sa_mask[0]=0x7ffbfeff, sa_flags=0x10000004
SIGXFSZ: [libjvm.so+0x71ac80], sa_mask[0]=0x7ffbfeff, sa_flags=0x10000004
SIGILL: [libjvm.so+0x71ac80], sa_mask[0]=0x7ffbfeff, sa_flags=0x10000004
SIGUSR1: SIG_DFL, sa_mask[0]=0x00000000, sa_flags=0x00000000
SIGUSR2: [libjvm.so+0x71a7a0], sa_mask[0]=0x00000000, sa_flags=0x10000004
SIGHUP: [libjvm.so+0x71d760], sa_mask[0]=0x7ffbfeff, sa_flags=0x10000004
SIGINT: [libjvm.so+0x71d760], sa_mask[0]=0x7ffbfeff, sa_flags=0x10000004
SIGTERM: [libjvm.so+0x71d760], sa_mask[0]=0x7ffbfeff, sa_flags=0x10000004
SIGQUIT: [libjvm.so+0x71d760], sa_mask[0]=0x7ffbfeff, sa_flags=0x10000004


---------------  S Y S T E M  ---------------

OS:CentOS release 6.4 (Final)

uname:Linux 2.6.32-358.el6.x86_64 #1 SMP Fri Feb 22 00:31:26 UTC 2013 x86_64
libc:glibc 2.12 NPTL 2.12 
rlimit: STACK 10240k, CORE 0k, NPROC 65536, NOFILE 65536, AS infinity
load average:0.80 0.67 0.35

/proc/meminfo:
MemTotal:        8085320 kB
MemFree:         4605348 kB
Buffers:           41376 kB
Cached:          1674548 kB
SwapCached:            0 kB
Active:          2040680 kB
Inactive:        1064980 kB
Active(anon):    1434292 kB
Inactive(anon):    86976 kB
Active(file):     606388 kB
Inactive(file):   978004 kB
Unevictable:          16 kB
Mlocked:              16 kB
SwapTotal:      16371696 kB
SwapFree:       16371696 kB
Dirty:               152 kB
Writeback:             0 kB
AnonPages:       1381872 kB
Mapped:           162468 kB
Shmem:            131540 kB
Slab:             224892 kB
SReclaimable:     173052 kB
SUnreclaim:        51840 kB
KernelStack:        4672 kB
PageTables:        39656 kB
NFS_Unstable:          0 kB
Bounce:                0 kB
WritebackTmp:          0 kB
CommitLimit:    20414356 kB
Committed_AS:    3991648 kB
VmallocTotal:   34359738367 kB
VmallocUsed:      450196 kB
VmallocChunk:   34359273852 kB
HardwareCorrupted:     0 kB
AnonHugePages:    714752 kB
HugePages_Total:       0
HugePages_Free:        0
HugePages_Rsvd:        0
HugePages_Surp:        0
Hugepagesize:       2048 kB
DirectMap4k:       10236 kB
DirectMap2M:     8273920 kB


CPU:total 8 (4 cores per cpu, 2 threads per core) family 6 model 42 stepping 7, cmov, cx8, fxsr, mmx, sse, sse2, sse3, ssse3, sse4.1, sse4.2, popcnt, avx, ht, tsc, tscinvbit

/proc/cpuinfo:
processor	: 0
vendor_id	: GenuineIntel
cpu family	: 6
model		: 42
model name	: Intel(R) Core(TM) i7-2720QM CPU @ 2.20GHz
stepping	: 7
cpu MHz		: 1500.000
cache size	: 6144 KB
physical id	: 0
siblings	: 8
core id		: 0
cpu cores	: 4
apicid		: 0
initial apicid	: 0
fpu		: yes
fpu_exception	: yes
cpuid level	: 13
wp		: yes
flags		: fpu vme de pse tsc msr pae mce cx8 apic sep mtrr pge mca cmov pat pse36 clflush dts acpi mmx fxsr sse sse2 ss ht tm pbe syscall nx rdtscp lm constant_tsc arch_perfmon pebs bts xtopology nonstop_tsc aperfmperf pni pclmulqdq dtes64 monitor ds_cpl vmx smx est tm2 ssse3 cx16 xtpr pdcm pcid sse4_1 sse4_2 x2apic popcnt tsc_deadline_timer aes xsave avx lahf_lm ida arat epb xsaveopt pln pts dts tpr_shadow vnmi flexpriority ept vpid
bogomips	: 4389.80
clflush size	: 64
cache_alignment	: 64
address sizes	: 36 bits physical, 48 bits virtual
power management:

processor	: 1
vendor_id	: GenuineIntel
cpu family	: 6
model		: 42
model name	: Intel(R) Core(TM) i7-2720QM CPU @ 2.20GHz
stepping	: 7
cpu MHz		: 2201.000
cache size	: 6144 KB
physical id	: 0
siblings	: 8
core id		: 0
cpu cores	: 4
apicid		: 1
initial apicid	: 1
fpu		: yes
fpu_exception	: yes
cpuid level	: 13
wp		: yes
flags		: fpu vme de pse tsc msr pae mce cx8 apic sep mtrr pge mca cmov pat pse36 clflush dts acpi mmx fxsr sse sse2 ss ht tm pbe syscall nx rdtscp lm constant_tsc arch_perfmon pebs bts xtopology nonstop_tsc aperfmperf pni pclmulqdq dtes64 monitor ds_cpl vmx smx est tm2 ssse3 cx16 xtpr pdcm pcid sse4_1 sse4_2 x2apic popcnt tsc_deadline_timer aes xsave avx lahf_lm ida arat epb xsaveopt pln pts dts tpr_shadow vnmi flexpriority ept vpid
bogomips	: 4389.80
clflush size	: 64
cache_alignment	: 64
address sizes	: 36 bits physical, 48 bits virtual
power management:

processor	: 2
vendor_id	: GenuineIntel
cpu family	: 6
model		: 42
model name	: Intel(R) Core(TM) i7-2720QM CPU @ 2.20GHz
stepping	: 7
cpu MHz		: 800.000
cache size	: 6144 KB
physical id	: 0
siblings	: 8
core id		: 1
cpu cores	: 4
apicid		: 2
initial apicid	: 2
fpu		: yes
fpu_exception	: yes
cpuid level	: 13
wp		: yes
flags		: fpu vme de pse tsc msr pae mce cx8 apic sep mtrr pge mca cmov pat pse36 clflush dts acpi mmx fxsr sse sse2 ss ht tm pbe syscall nx rdtscp lm constant_tsc arch_perfmon pebs bts xtopology nonstop_tsc aperfmperf pni pclmulqdq dtes64 monitor ds_cpl vmx smx est tm2 ssse3 cx16 xtpr pdcm pcid sse4_1 sse4_2 x2apic popcnt tsc_deadline_timer aes xsave avx lahf_lm ida arat epb xsaveopt pln pts dts tpr_shadow vnmi flexpriority ept vpid
bogomips	: 4389.80
clflush size	: 64
cache_alignment	: 64
address sizes	: 36 bits physical, 48 bits virtual
power management:

processor	: 3
vendor_id	: GenuineIntel
cpu family	: 6
model		: 42
model name	: Intel(R) Core(TM) i7-2720QM CPU @ 2.20GHz
stepping	: 7
cpu MHz		: 800.000
cache size	: 6144 KB
physical id	: 0
siblings	: 8
core id		: 1
cpu cores	: 4
apicid		: 3
initial apicid	: 3
fpu		: yes
fpu_exception	: yes
cpuid level	: 13
wp		: yes
flags		: fpu vme de pse tsc msr pae mce cx8 apic sep mtrr pge mca cmov pat pse36 clflush dts acpi mmx fxsr sse sse2 ss ht tm pbe syscall nx rdtscp lm constant_tsc arch_perfmon pebs bts xtopology nonstop_tsc aperfmperf pni pclmulqdq dtes64 monitor ds_cpl vmx smx est tm2 ssse3 cx16 xtpr pdcm pcid sse4_1 sse4_2 x2apic popcnt tsc_deadline_timer aes xsave avx lahf_lm ida arat epb xsaveopt pln pts dts tpr_shadow vnmi flexpriority ept vpid
bogomips	: 4389.80
clflush size	: 64
cache_alignment	: 64
address sizes	: 36 bits physical, 48 bits virtual
power management:

processor	: 4
vendor_id	: GenuineIntel
cpu family	: 6
model		: 42
model name	: Intel(R) Core(TM) i7-2720QM CPU @ 2.20GHz
stepping	: 7
cpu MHz		: 800.000
cache size	: 6144 KB
physical id	: 0
siblings	: 8
core id		: 2
cpu cores	: 4
apicid		: 4
initial apicid	: 4
fpu		: yes
fpu_exception	: yes
cpuid level	: 13
wp		: yes
flags		: fpu vme de pse tsc msr pae mce cx8 apic sep mtrr pge mca cmov pat pse36 clflush dts acpi mmx fxsr sse sse2 ss ht tm pbe syscall nx rdtscp lm constant_tsc arch_perfmon pebs bts xtopology nonstop_tsc aperfmperf pni pclmulqdq dtes64 monitor ds_cpl vmx smx est tm2 ssse3 cx16 xtpr pdcm pcid sse4_1 sse4_2 x2apic popcnt tsc_deadline_timer aes xsave avx lahf_lm ida arat epb xsaveopt pln pts dts tpr_shadow vnmi flexpriority ept vpid
bogomips	: 4389.80
clflush size	: 64
cache_alignment	: 64
address sizes	: 36 bits physical, 48 bits virtual
power management:

processor	: 5
vendor_id	: GenuineIntel
cpu family	: 6
model		: 42
model name	: Intel(R) Core(TM) i7-2720QM CPU @ 2.20GHz
stepping	: 7
cpu MHz		: 800.000
cache size	: 6144 KB
physical id	: 0
siblings	: 8
core id		: 2
cpu cores	: 4
apicid		: 5
initial apicid	: 5
fpu		: yes
fpu_exception	: yes
cpuid level	: 13
wp		: yes
flags		: fpu vme de pse tsc msr pae mce cx8 apic sep mtrr pge mca cmov pat pse36 clflush dts acpi mmx fxsr sse sse2 ss ht tm pbe syscall nx rdtscp lm constant_tsc arch_perfmon pebs bts xtopology nonstop_tsc aperfmperf pni pclmulqdq dtes64 monitor ds_cpl vmx smx est tm2 ssse3 cx16 xtpr pdcm pcid sse4_1 sse4_2 x2apic popcnt tsc_deadline_timer aes xsave avx lahf_lm ida arat epb xsaveopt pln pts dts tpr_shadow vnmi flexpriority ept vpid
bogomips	: 4389.80
clflush size	: 64
cache_alignment	: 64
address sizes	: 36 bits physical, 48 bits virtual
power management:

processor	: 6
vendor_id	: GenuineIntel
cpu family	: 6
model		: 42
model name	: Intel(R) Core(TM) i7-2720QM CPU @ 2.20GHz
stepping	: 7
cpu MHz		: 800.000
cache size	: 6144 KB
physical id	: 0
siblings	: 8
core id		: 3
cpu cores	: 4
apicid		: 6
initial apicid	: 6
fpu		: yes
fpu_exception	: yes
cpuid level	: 13
wp		: yes
flags		: fpu vme de pse tsc msr pae mce cx8 apic sep mtrr pge mca cmov pat pse36 clflush dts acpi mmx fxsr sse sse2 ss ht tm pbe syscall nx rdtscp lm constant_tsc arch_perfmon pebs bts xtopology nonstop_tsc aperfmperf pni pclmulqdq dtes64 monitor ds_cpl vmx smx est tm2 ssse3 cx16 xtpr pdcm pcid sse4_1 sse4_2 x2apic popcnt tsc_deadline_timer aes xsave avx lahf_lm ida arat epb xsaveopt pln pts dts tpr_shadow vnmi flexpriority ept vpid
bogomips	: 4389.80
clflush size	: 64
cache_alignment	: 64
address sizes	: 36 bits physical, 48 bits virtual
power management:

processor	: 7
vendor_id	: GenuineIntel
cpu family	: 6
model		: 42
model name	: Intel(R) Core(TM) i7-2720QM CPU @ 2.20GHz
stepping	: 7
cpu MHz		: 800.000
cache size	: 6144 KB
physical id	: 0
siblings	: 8
core id		: 3
cpu cores	: 4
apicid		: 7
initial apicid	: 7
fpu		: yes
fpu_exception	: yes
cpuid level	: 13
wp		: yes
flags		: fpu vme de pse tsc msr pae mce cx8 apic sep mtrr pge mca cmov pat pse36 clflush dts acpi mmx fxsr sse sse2 ss ht tm pbe syscall nx rdtscp lm constant_tsc arch_perfmon pebs bts xtopology nonstop_tsc aperfmperf pni pclmulqdq dtes64 monitor ds_cpl vmx smx est tm2 ssse3 cx16 xtpr pdcm pcid sse4_1 sse4_2 x2apic popcnt tsc_deadline_timer aes xsave avx lahf_lm ida arat epb xsaveopt pln pts dts tpr_shadow vnmi flexpriority ept vpid
bogomips	: 4389.80
clflush size	: 64
cache_alignment	: 64
address sizes	: 36 bits physical, 48 bits virtual
power management:



Memory: 4k page, physical 8085320k(4605348k free), swap 16371696k(16371696k free)

vm_info: OpenJDK 64-Bit Server VM (23.2-b09) for linux-amd64 JRE (1.7.0_09-icedtea-mockbuild_2013_01_16_18_52-b00), built on Jan 16 2013 19:00:19 by "mockbuild" with gcc 4.4.6 20120305 (Red Hat 4.4.6-4)

time: Sat Nov 23 20:26:43 2013
elapsed time: 0 seconds

