#
# A fatal error has been detected by the Java Runtime Environment:
#
#  SIGSEGV (0xb) at pc=0x00007faf60bd0738, pid=37354, tid=140391069882112
#
# JRE version: 7.0_09
# Java VM: OpenJDK 64-Bit Server VM (23.2-b09 mixed mode linux-amd64 compressed oops)
# Problematic frame:
# V  [libjvm.so+0x77b738]  JVM_handle_linux_signal+0x58718
#
# Failed to write core dump. Core dumps have been disabled. To enable core dumping, try "ulimit -c unlimited" before starting Java again
#
# If you would like to submit a bug report, please include
# instructions on how to reproduce the bug and visit:
#   http://icedtea.classpath.org/bugzilla
#

---------------  T H R E A D  ---------------

Current thread (0x00007faf5c01b000):  GCTaskThread [stack: 0x00007faf57c99000,0x00007faf57d9a000] [id=37359]

siginfo:si_signo=SIGSEGV: si_errno=0, si_code=128 (), si_addr=0x0000000000000000

Registers:
RAX=0x00007faf610d7930, RBX=0x00007faf587ceafb, RCX=0x00000038d1a182a0, RDX=0x000000077a6bbd90
RSP=0x00007faf57d98820, RBP=0x00007faf57d98830, RSI=0x8b49c86d894c0824, RDI=0x00007faf57d98cb0
R8 =0x0000000000000001, R9 =0x00007faf6110d7e8, R10=0x0000000000000000, R11=0x0000000000000202
R12=0x00007faf57d98960, R13=0x00007faf5c01bb60, R14=0x000000000000010c, R15=0x0000000000000001
RIP=0x00007faf60bd0738, EFLAGS=0x0000000000010286, CSGSFS=0x0000000000000033, ERR=0x0000000000000000
  TRAPNO=0x000000000000000d

Top of Stack: (sp=0x00007faf57d98820)
0x00007faf57d98820:   0000000000000000 00007faf57d98cb0
0x00007faf57d98830:   00007faf57d98910 00007faf608c0db3
0x00007faf57d98840:   000000000000000d 00007faf5c0abdc0
0x00007faf57d98850:   00007faf57d988f0 00007faf57d98990
0x00007faf57d98860:   00007faf5c01b000 00007faf587ceaf3
0x00007faf57d98870:   00007faf6110d7e8 0000000000000000
0x00007faf57d98880:   0000000000000000 00007faf5c008370
0x00007faf57d98890:   00007faf5c008378 00007faf5c008378
0x00007faf57d988a0:   00007faf57d98910 00007faf608c2270
0x00007faf57d988b0:   00007faf57d98960 00007faf57d988d0
0x00007faf57d988c0:   00007faf57d98910 00007faf608c21ac
0x00007faf57d988d0:   00007faf601cf908 00007faf587ceaf3
0x00007faf57d988e0:   00007faf587b6410 00007faf57d98cb0
0x00007faf57d988f0:   00007faf5c007800 00007faf57d98960
0x00007faf57d98900:   00007faf57d98990 00007faf57d98c90
0x00007faf57d98910:   00007faf57d98c80 00007faf60c8763e
0x00007faf57d98920:   00007faf57d98930 00007faf5c01b000
0x00007faf57d98930:   0000000000000000 0000000000000000
0x00007faf57d98940:   0000000000000000 0000000000000000
0x00007faf57d98950:   0000000000000000 0000000000000000
0x00007faf57d98960:   00007faf601cf908 00007faf587ceaf3
0x00007faf57d98970:   00007faf587b6410 00007faf00000000
0x00007faf57d98980:   00007faf601cf940 00007faf601cf908
0x00007faf57d98990:   0000000000000000 0000000000000000
0x00007faf57d989a0:   0000000000000000 0000000000000000
0x00007faf57d989b0:   0000000000000000 0000000000000000
0x00007faf57d989c0:   0000000000000000 0000000000000000
0x00007faf57d989d0:   0000000000000000 0000000000000000
0x00007faf57d989e0:   0000000000000000 0000000000000000
0x00007faf57d989f0:   0000000000000000 0000000000000000
0x00007faf57d98a00:   0000000000000000 0000000000000000
0x00007faf57d98a10:   0000000000000000 0000000000000000 

Instructions: (pc=0x00007faf60bd0738)
0x00007faf60bd0718:   48 83 ec 08 48 8b 36 48 85 f6 74 09 48 3b 35 fd
0x00007faf60bd0728:   50 54 00 73 0b 48 83 c4 08 5b c9 c3 0f 1f 40 00
0x00007faf60bd0738:   48 8b 06 48 8b 7f 18 83 e0 03 48 83 f8 03 74 58
0x00007faf60bd0748:   e8 f3 d0 ff ff 48 89 03 48 8b 15 d1 50 54 00 48 

Register to memory mapping:

RAX=0x00007faf610d7930: <offset 0xc82930> in /usr/lib/jvm/java-1.7.0-openjdk-1.7.0.9.x86_64/jre/lib/amd64/server/libjvm.so at 0x00007faf60455000
RBX=0x00007faf587ceafb is an Interpreter codelet
newarray  188 newarray  [0x00007faf587ceae0, 0x00007faf587cebc0]  224 bytes
RCX=0x00000038d1a182a0: <offset 0x2182a0> in /lib64/libpthread.so.0 at 0x00000038d1800000
RDX=0x000000077a6bbd90 is an oop
{constMethod} 
 - klass: {other class}
 - method:       0x000000077a6bbec0 {method} 'main' '([Ljava/lang/String;)V' in 'Test'
 - exceptions:   0x000000077a401c58
bci_from(0x77a6bbd90) = 0; print_codes():
RSP=0x00007faf57d98820 is an unknown value
RBP=0x00007faf57d98830 is an unknown value
RSI=0x8b49c86d894c0824 is an unknown value
RDI=0x00007faf57d98cb0 is an unknown value
R8 =0x0000000000000001 is an unknown value
R9 =0x00007faf6110d7e8: <offset 0xcb87e8> in /usr/lib/jvm/java-1.7.0-openjdk-1.7.0.9.x86_64/jre/lib/amd64/server/libjvm.so at 0x00007faf60455000
R10=0x0000000000000000 is an unknown value
R11=0x0000000000000202 is an unknown value
R12=0x00007faf57d98960 is an unknown value
R13=0x00007faf5c01bb60 is an unknown value
R14=0x000000000000010c is an unknown value
R15=0x0000000000000001 is an unknown value


Stack: [0x00007faf57c99000,0x00007faf57d9a000],  sp=0x00007faf57d98820,  free space=1022k
Native frames: (J=compiled Java code, j=interpreted, Vv=VM code, C=native code)
V  [libjvm.so+0x77b738]  JVM_handle_linux_signal+0x58718
V  [libjvm.so+0x46bdb3]  AsyncGetCallTrace+0x8593
V  [libjvm.so+0x83263e]  JVM_handle_linux_signal+0x10f61e
V  [libjvm.so+0x77b9b4]  JVM_handle_linux_signal+0x58994
V  [libjvm.so+0x49da59]  AsyncGetCallTrace+0x3a239
V  [libjvm.so+0x7207a2]  fork1+0x5002

JavaThread 0x00007faf5c007800 (nid = 37355) was being processed
Java frames: (J=compiled Java code, j=interpreted, Vv=VM code)
j  Test.main([Ljava/lang/String;)V+268
v  ~StubRoutines::call_stub

---------------  P R O C E S S  ---------------

Java Threads: ( => current thread )
  0x00007faf5c116800 JavaThread "Service Thread" daemon [_thread_blocked, id=37370, stack(0x00007faf54253000,0x00007faf54354000)]
  0x00007faf5c114000 JavaThread "C2 CompilerThread1" daemon [_thread_blocked, id=37369, stack(0x00007faf54354000,0x00007faf54455000)]
  0x00007faf5c111000 JavaThread "C2 CompilerThread0" daemon [_thread_blocked, id=37368, stack(0x00007faf54455000,0x00007faf54556000)]
  0x00007faf5c10f000 JavaThread "Signal Dispatcher" daemon [_thread_blocked, id=37367, stack(0x00007faf54556000,0x00007faf54657000)]
  0x00007faf5c0b9000 JavaThread "Finalizer" daemon [_thread_blocked, id=37366, stack(0x00007faf54657000,0x00007faf54758000)]
  0x00007faf5c0b6800 JavaThread "Reference Handler" daemon [_thread_blocked, id=37365, stack(0x00007faf54758000,0x00007faf54859000)]
  0x00007faf5c007800 JavaThread "main" [_thread_blocked, id=37355, stack(0x00007faf600d0000,0x00007faf601d1000)]

Other Threads:
  0x00007faf5c0ae000 VMThread [stack: 0x00007faf54859000,0x00007faf5495a000] [id=37364]
  0x00007faf5c121000 WatcherThread [stack: 0x00007faf54152000,0x00007faf54253000] [id=37371]

=>0x00007faf5c01b000 (exited) GCTaskThread [stack: 0x00007faf57c99000,0x00007faf57d9a000] [id=37359]

VM state:at safepoint (normal execution)

VM Mutex/Monitor currently owned by a thread:  ([mutex/lock_event])
[0x00007faf5c0054e0] Threads_lock - owner thread: 0x00007faf5c0ae000
[0x00007faf5c0059e0] Heap_lock - owner thread: 0x00007faf5c007800

Heap
 PSYoungGen      total 36864K, used 632K [0x00000007d6e00000, 0x00000007d9720000, 0x0000000800000000)
  eden space 31616K, 2% used [0x00000007d6e00000,0x00000007d6e9e1b0,0x00000007d8ce0000)
  from space 5248K, 0% used [0x00000007d9200000,0x00000007d9200000,0x00000007d9720000)
  to   space 5248K, 7% used [0x00000007d8ce0000,0x00000007d8d40000,0x00000007d9200000)
 ParOldGen       total 1347584K, used 0K [0x0000000784a00000, 0x00000007d6e00000, 0x00000007d6e00000)
  object space 1347584K, 0% used [0x0000000784a00000,0x0000000784a00000,0x00000007d6e00000)
 PSPermGen       total 21248K, used 2802K [0x000000077a400000, 0x000000077b8c0000, 0x0000000784a00000)
  object space 21248K, 13% used [0x000000077a400000,0x000000077a6bcae0,0x000000077b8c0000)

Card table byte_map: [0x00007faf58382000,0x00007faf587b1000] byte_map_base: 0x00007faf547b0000

Polling page: 0x00007faf6114f000

Code Cache  [0x00007faf587b1000, 0x00007faf58a21000, 0x00007faf5b7b1000)
 total_blobs=165 nmethods=0 adapters=133 free_code_cache=48774Kb largest_free_block=49945408

Compilation events (0 events):
No events

GC Heap History (1 events):
Event: 0.060 GC heap before
{Heap before GC invocations=1 (full 0):
 PSYoungGen      total 36864K, used 632K [0x00000007d6e00000, 0x00000007d9720000, 0x0000000800000000)
  eden space 31616K, 2% used [0x00000007d6e00000,0x00000007d6e9e1b0,0x00000007d8ce0000)
  from space 5248K, 0% used [0x00000007d9200000,0x00000007d9200000,0x00000007d9720000)
  to   space 5248K, 0% used [0x00000007d8ce0000,0x00000007d8ce0000,0x00000007d9200000)
 ParOldGen       total 1347584K, used 0K [0x0000000784a00000, 0x00000007d6e00000, 0x00000007d6e00000)
  object space 1347584K, 0% used [0x0000000784a00000,0x0000000784a00000,0x00000007d6e00000)
 PSPermGen       total 21248K, used 2802K [0x000000077a400000, 0x000000077b8c0000, 0x0000000784a00000)
  object space 21248K, 13% used [0x000000077a400000,0x000000077a6bcae0,0x000000077b8c0000)

Deoptimization events (0 events):
No events

Internal exceptions (2 events):
Event: 0.030 Thread 0x00007faf5c007800 Threw 0x00000007d6e06138 at /builddir/build/BUILD/java-1.7.0-openjdk/openjdk/hotspot/src/share/vm/prims/jni.cpp:3988
Event: 0.056 Thread 0x00007faf5c007800 Threw 0x00000007d6e515e8 at /builddir/build/BUILD/java-1.7.0-openjdk/openjdk/hotspot/src/share/vm/prims/jvm.cpp:1166

Events (10 events):
Event: 0.058 loading class 0x00007faf5c1492b0 done
Event: 0.058 loading class 0x00007faf5c13bfe0
Event: 0.058 loading class 0x00007faf5c13bfe0 done
Event: 0.058 loading class 0x00007faf5c13c010
Event: 0.058 loading class 0x00007faf5c13c010 done
Event: 0.058 loading class 0x00007faf5c0b07e0
Event: 0.058 loading class 0x00007faf5c0b07e0 done
Event: 0.058 loading class 0x00007faf5c064760
Event: 0.058 loading class 0x00007faf5c064760 done
Event: 0.060 Executing VM operation: ParallelGCFailedAllocation


Dynamic libraries:
00400000-00401000 r-xp 00000000 fd:00 3150151                            /usr/lib/jvm/java-1.7.0-openjdk-1.7.0.9.x86_64/jre/bin/java
00600000-00602000 rw-p 00000000 fd:00 3150151                            /usr/lib/jvm/java-1.7.0-openjdk-1.7.0.9.x86_64/jre/bin/java
02256000-02277000 rw-p 00000000 00:00 0                                  [heap]
77a400000-77b8c0000 rw-p 00000000 00:00 0 
77b8c0000-784a00000 rw-p 00000000 00:00 0 
784a00000-7d9720000 rw-p 00000000 00:00 0 
7d9720000-800000000 rw-p 00000000 00:00 0 
38d0800000-38d0820000 r-xp 00000000 fd:00 540203                         /lib64/ld-2.12.so
38d0a1f000-38d0a20000 r--p 0001f000 fd:00 540203                         /lib64/ld-2.12.so
38d0a20000-38d0a21000 rw-p 00020000 fd:00 540203                         /lib64/ld-2.12.so
38d0a21000-38d0a22000 rw-p 00000000 00:00 0 
38d0c00000-38d0c0d000 r-xp 00000000 fd:00 3155877                        /usr/lib/jvm/java-1.7.0-openjdk-1.7.0.9.x86_64/jre/lib/amd64/jli/libjli.so
38d0c0d000-38d0e0c000 ---p 0000d000 fd:00 3155877                        /usr/lib/jvm/java-1.7.0-openjdk-1.7.0.9.x86_64/jre/lib/amd64/jli/libjli.so
38d0e0c000-38d0e0d000 rw-p 0000c000 fd:00 3155877                        /usr/lib/jvm/java-1.7.0-openjdk-1.7.0.9.x86_64/jre/lib/amd64/jli/libjli.so
38d1000000-38d118a000 r-xp 00000000 fd:00 540204                         /lib64/libc-2.12.so
38d118a000-38d1389000 ---p 0018a000 fd:00 540204                         /lib64/libc-2.12.so
38d1389000-38d138d000 r--p 00189000 fd:00 540204                         /lib64/libc-2.12.so
38d138d000-38d138e000 rw-p 0018d000 fd:00 540204                         /lib64/libc-2.12.so
38d138e000-38d1393000 rw-p 00000000 00:00 0 
38d1400000-38d1402000 r-xp 00000000 fd:00 540210                         /lib64/libdl-2.12.so
38d1402000-38d1602000 ---p 00002000 fd:00 540210                         /lib64/libdl-2.12.so
38d1602000-38d1603000 r--p 00002000 fd:00 540210                         /lib64/libdl-2.12.so
38d1603000-38d1604000 rw-p 00003000 fd:00 540210                         /lib64/libdl-2.12.so
38d1800000-38d1817000 r-xp 00000000 fd:00 540205                         /lib64/libpthread-2.12.so
38d1817000-38d1a17000 ---p 00017000 fd:00 540205                         /lib64/libpthread-2.12.so
38d1a17000-38d1a18000 r--p 00017000 fd:00 540205                         /lib64/libpthread-2.12.so
38d1a18000-38d1a19000 rw-p 00018000 fd:00 540205                         /lib64/libpthread-2.12.so
38d1a19000-38d1a1d000 rw-p 00000000 00:00 0 
38d1c00000-38d1c15000 r-xp 00000000 fd:00 540218                         /lib64/libz.so.1.2.3
38d1c15000-38d1e14000 ---p 00015000 fd:00 540218                         /lib64/libz.so.1.2.3
38d1e14000-38d1e15000 r--p 00014000 fd:00 540218                         /lib64/libz.so.1.2.3
38d1e15000-38d1e16000 rw-p 00015000 fd:00 540218                         /lib64/libz.so.1.2.3
38d2000000-38d2007000 r-xp 00000000 fd:00 540206                         /lib64/librt-2.12.so
38d2007000-38d2206000 ---p 00007000 fd:00 540206                         /lib64/librt-2.12.so
38d2206000-38d2207000 r--p 00006000 fd:00 540206                         /lib64/librt-2.12.so
38d2207000-38d2208000 rw-p 00007000 fd:00 540206                         /lib64/librt-2.12.so
38d7400000-38d7416000 r-xp 00000000 fd:00 540219                         /lib64/libgcc_s-4.4.7-20120601.so.1
38d7416000-38d7615000 ---p 00016000 fd:00 540219                         /lib64/libgcc_s-4.4.7-20120601.so.1
38d7615000-38d7616000 rw-p 00015000 fd:00 540219                         /lib64/libgcc_s-4.4.7-20120601.so.1
38d7800000-38d78e8000 r-xp 00000000 fd:00 2625597                        /usr/lib64/libstdc++.so.6.0.13
38d78e8000-38d7ae8000 ---p 000e8000 fd:00 2625597                        /usr/lib64/libstdc++.so.6.0.13
38d7ae8000-38d7aef000 r--p 000e8000 fd:00 2625597                        /usr/lib64/libstdc++.so.6.0.13
38d7aef000-38d7af1000 rw-p 000ef000 fd:00 2625597                        /usr/lib64/libstdc++.so.6.0.13
38d7af1000-38d7b06000 rw-p 00000000 00:00 0 
7faef0000000-7faef0021000 rw-p 00000000 00:00 0 
7faef0021000-7faef4000000 ---p 00000000 00:00 0 
7faef8000000-7faef8021000 rw-p 00000000 00:00 0 
7faef8021000-7faefc000000 ---p 00000000 00:00 0 
7faefc000000-7faefc021000 rw-p 00000000 00:00 0 
7faefc021000-7faf00000000 ---p 00000000 00:00 0 
7faf00000000-7faf00021000 rw-p 00000000 00:00 0 
7faf00021000-7faf04000000 ---p 00000000 00:00 0 
7faf0616f000-7faf0c000000 r--p 00000000 fd:00 2622709                    /usr/lib/locale/locale-archive
7faf0c000000-7faf0c021000 rw-p 00000000 00:00 0 
7faf0c021000-7faf10000000 ---p 00000000 00:00 0 
7faf10000000-7faf10021000 rw-p 00000000 00:00 0 
7faf10021000-7faf14000000 ---p 00000000 00:00 0 
7faf14000000-7faf14021000 rw-p 00000000 00:00 0 
7faf14021000-7faf18000000 ---p 00000000 00:00 0 
7faf18000000-7faf18021000 rw-p 00000000 00:00 0 
7faf18021000-7faf1c000000 ---p 00000000 00:00 0 
7faf1c000000-7faf1c021000 rw-p 00000000 00:00 0 
7faf1c021000-7faf20000000 ---p 00000000 00:00 0 
7faf23d20000-7faf28000000 rw-p 00000000 00:00 0 
7faf28000000-7faf28021000 rw-p 00000000 00:00 0 
7faf28021000-7faf2c000000 ---p 00000000 00:00 0 
7faf30000000-7faf30021000 rw-p 00000000 00:00 0 
7faf30021000-7faf34000000 ---p 00000000 00:00 0 
7faf38000000-7faf38021000 rw-p 00000000 00:00 0 
7faf38021000-7faf3c000000 ---p 00000000 00:00 0 
7faf3c000000-7faf3c021000 rw-p 00000000 00:00 0 
7faf3c021000-7faf40000000 ---p 00000000 00:00 0 
7faf40000000-7faf40021000 rw-p 00000000 00:00 0 
7faf40021000-7faf44000000 ---p 00000000 00:00 0 
7faf48000000-7faf48021000 rw-p 00000000 00:00 0 
7faf48021000-7faf4c000000 ---p 00000000 00:00 0 
7faf50000000-7faf50021000 rw-p 00000000 00:00 0 
7faf50021000-7faf54000000 ---p 00000000 00:00 0 
7faf54152000-7faf54153000 ---p 00000000 00:00 0 
7faf54153000-7faf54253000 rw-p 00000000 00:00 0 
7faf54253000-7faf54256000 ---p 00000000 00:00 0 
7faf54256000-7faf54354000 rw-p 00000000 00:00 0 
7faf54354000-7faf54357000 ---p 00000000 00:00 0 
7faf54357000-7faf54455000 rw-p 00000000 00:00 0 
7faf54455000-7faf54458000 ---p 00000000 00:00 0 
7faf54458000-7faf54556000 rw-p 00000000 00:00 0 
7faf54556000-7faf54559000 ---p 00000000 00:00 0 
7faf54559000-7faf54657000 rw-p 00000000 00:00 0 
7faf54657000-7faf5465a000 ---p 00000000 00:00 0 
7faf5465a000-7faf54758000 rw-p 00000000 00:00 0 
7faf54758000-7faf5475b000 ---p 00000000 00:00 0 
7faf5475b000-7faf54859000 rw-p 00000000 00:00 0 
7faf54859000-7faf5485a000 ---p 00000000 00:00 0 
7faf5485a000-7faf5660a000 rw-p 00000000 00:00 0 
7faf5660a000-7faf567b5000 r--s 03e6b000 fd:00 3150162                    /usr/lib/jvm/java-1.7.0-openjdk-1.7.0.9.x86_64/jre/lib/rt.jar
7faf567b5000-7faf57895000 rw-p 00000000 00:00 0 
7faf57895000-7faf57896000 ---p 00000000 00:00 0 
7faf57896000-7faf57996000 rw-p 00000000 00:00 0 
7faf57996000-7faf57997000 ---p 00000000 00:00 0 
7faf57997000-7faf57a97000 rw-p 00000000 00:00 0 
7faf57a97000-7faf57a98000 ---p 00000000 00:00 0 
7faf57a98000-7faf57b98000 rw-p 00000000 00:00 0 
7faf57b98000-7faf57b99000 ---p 00000000 00:00 0 
7faf57b99000-7faf57c99000 rw-p 00000000 00:00 0 
7faf57c99000-7faf57c9a000 ---p 00000000 00:00 0 
7faf57c9a000-7faf57d9a000 rw-p 00000000 00:00 0 
7faf57d9a000-7faf57d9b000 ---p 00000000 00:00 0 
7faf57d9b000-7faf57e9b000 rw-p 00000000 00:00 0 
7faf57e9b000-7faf57e9c000 ---p 00000000 00:00 0 
7faf57e9c000-7faf57f9c000 rw-p 00000000 00:00 0 
7faf57f9c000-7faf57f9d000 ---p 00000000 00:00 0 
7faf57f9d000-7faf580a8000 rw-p 00000000 00:00 0 
7faf580a8000-7faf580f0000 rw-p 00000000 00:00 0 
7faf580f0000-7faf58382000 rw-p 00000000 00:00 0 
7faf58382000-7faf5838d000 rw-p 00000000 00:00 0 
7faf5838d000-7faf583d5000 rw-p 00000000 00:00 0 
7faf583d5000-7faf58667000 rw-p 00000000 00:00 0 
7faf58667000-7faf5867c000 rw-p 00000000 00:00 0 
7faf5867c000-7faf587b0000 rw-p 00000000 00:00 0 
7faf587b0000-7faf587b1000 rw-p 00000000 00:00 0 
7faf587b1000-7faf58a21000 rwxp 00000000 00:00 0 
7faf58a21000-7faf5b7b1000 rw-p 00000000 00:00 0 
7faf5b7b1000-7faf5b7b9000 r-xp 00000000 fd:00 3150122                    /usr/lib/jvm/java-1.7.0-openjdk-1.7.0.9.x86_64/jre/lib/amd64/libzip.so
7faf5b7b9000-7faf5b9b8000 ---p 00008000 fd:00 3150122                    /usr/lib/jvm/java-1.7.0-openjdk-1.7.0.9.x86_64/jre/lib/amd64/libzip.so
7faf5b9b8000-7faf5b9b9000 rw-p 00007000 fd:00 3150122                    /usr/lib/jvm/java-1.7.0-openjdk-1.7.0.9.x86_64/jre/lib/amd64/libzip.so
7faf5b9b9000-7faf5b9c5000 r-xp 00000000 fd:00 524318                     /lib64/libnss_files-2.12.so
7faf5b9c5000-7faf5bbc5000 ---p 0000c000 fd:00 524318                     /lib64/libnss_files-2.12.so
7faf5bbc5000-7faf5bbc6000 r--p 0000c000 fd:00 524318                     /lib64/libnss_files-2.12.so
7faf5bbc6000-7faf5bbc7000 rw-p 0000d000 fd:00 524318                     /lib64/libnss_files-2.12.so
7faf5bbc7000-7faf5bbf0000 r-xp 00000000 fd:00 3150099                    /usr/lib/jvm/java-1.7.0-openjdk-1.7.0.9.x86_64/jre/lib/amd64/libjava.so
7faf5bbf0000-7faf5bdef000 ---p 00029000 fd:00 3150099                    /usr/lib/jvm/java-1.7.0-openjdk-1.7.0.9.x86_64/jre/lib/amd64/libjava.so
7faf5bdef000-7faf5bdf1000 rw-p 00028000 fd:00 3150099                    /usr/lib/jvm/java-1.7.0-openjdk-1.7.0.9.x86_64/jre/lib/amd64/libjava.so
7faf5bdf1000-7faf5bdfe000 r-xp 00000000 fd:00 3150121                    /usr/lib/jvm/java-1.7.0-openjdk-1.7.0.9.x86_64/jre/lib/amd64/libverify.so
7faf5bdfe000-7faf5bffe000 ---p 0000d000 fd:00 3150121                    /usr/lib/jvm/java-1.7.0-openjdk-1.7.0.9.x86_64/jre/lib/amd64/libverify.so
7faf5bffe000-7faf5c000000 rw-p 0000d000 fd:00 3150121                    /usr/lib/jvm/java-1.7.0-openjdk-1.7.0.9.x86_64/jre/lib/amd64/libverify.so
7faf5c000000-7faf5c14b000 rw-p 00000000 00:00 0 
7faf5c14b000-7faf60000000 ---p 00000000 00:00 0 
7faf60010000-7faf6001a000 rw-p 00000000 00:00 0 
7faf6001a000-7faf600d0000 rw-p 00000000 00:00 0 
7faf600d0000-7faf600d3000 ---p 00000000 00:00 0 
7faf600d3000-7faf601d1000 rw-p 00000000 00:00 0 
7faf601d1000-7faf60254000 r-xp 00000000 fd:00 540216                     /lib64/libm-2.12.so
7faf60254000-7faf60453000 ---p 00083000 fd:00 540216                     /lib64/libm-2.12.so
7faf60453000-7faf60454000 r--p 00082000 fd:00 540216                     /lib64/libm-2.12.so
7faf60454000-7faf60455000 rw-p 00083000 fd:00 540216                     /lib64/libm-2.12.so
7faf60455000-7faf60e65000 r-xp 00000000 fd:00 3150126                    /usr/lib/jvm/java-1.7.0-openjdk-1.7.0.9.x86_64/jre/lib/amd64/server/libjvm.so
7faf60e65000-7faf61065000 ---p 00a10000 fd:00 3150126                    /usr/lib/jvm/java-1.7.0-openjdk-1.7.0.9.x86_64/jre/lib/amd64/server/libjvm.so
7faf61065000-7faf61106000 rw-p 00a10000 fd:00 3150126                    /usr/lib/jvm/java-1.7.0-openjdk-1.7.0.9.x86_64/jre/lib/amd64/server/libjvm.so
7faf61106000-7faf61134000 rw-p 00000000 00:00 0 
7faf61139000-7faf6113a000 rw-p 00000000 00:00 0 
7faf6113a000-7faf61143000 r--s 00066000 fd:00 6129                       /usr/lib/jvm/java-1.7.0-openjdk-1.7.0.9.x86_64/jre/lib/ext/gnome-java-bridge.jar
7faf61143000-7faf61146000 r--s 0000f000 fd:00 6132                       /usr/lib/jvm/java-1.7.0-openjdk-1.7.0.9.x86_64/jre/lib/ext/pulse-java.jar
7faf61146000-7faf6114e000 rw-s 00000000 fd:00 399803                     /tmp/hsperfdata_michael/37354
7faf6114e000-7faf6114f000 rw-p 00000000 00:00 0 
7faf6114f000-7faf61150000 ---p 00000000 00:00 0 
7faf61150000-7faf61151000 rw-p 00000000 00:00 0 
7fff9f93d000-7fff9f952000 rw-p 00000000 00:00 0                          [stack]
7fff9f959000-7fff9f95a000 r-xp 00000000 00:00 0                          [vdso]
ffffffffff600000-ffffffffff601000 r-xp 00000000 00:00 0                  [vsyscall]

VM Arguments:
jvm_args: -Xverify:none 
java_command: Test
Launcher Type: SUN_STANDARD

Environment Variables:
JAVA_HOME=/usr/java/jdk1.7.0_45
PATH=/usr/lib64/qt-3.3/bin:/usr/local/bin:/usr/bin:/bin:/usr/games:/usr/local/sbin:/usr/sbin:/sbin:/home/michael/lib/hadoop-2.2.0/bin:/home/michael/lib/hadoop-2.2.0/etc/hadoop:/home/michael/lib/apache-maven-3.0.5/bin:/home/michael/lib/findbugs-2.0.3-rcl/bin:/home/michael/bin:/home/michael/lib/hadoop-2.2.0/bin:/home/michael/lib/hadoop-2.2.0/etc/hadoop:/home/michael/lib/apache-maven-3.0.5/bin:/home/michael/lib/findbugs-2.0.3-rcl/bin
SHELL=/bin/bash
DISPLAY=:0

Signal Handlers:
SIGSEGV: [libjvm.so+0x872c40], sa_mask[0]=0x7ffbfeff, sa_flags=0x10000004
SIGBUS: [libjvm.so+0x872c40], sa_mask[0]=0x7ffbfeff, sa_flags=0x10000004
SIGFPE: [libjvm.so+0x71ac80], sa_mask[0]=0x7ffbfeff, sa_flags=0x10000004
SIGPIPE: [libjvm.so+0x71ac80], sa_mask[0]=0x7ffbfeff, sa_flags=0x10000004
SIGXFSZ: [libjvm.so+0x71ac80], sa_mask[0]=0x7ffbfeff, sa_flags=0x10000004
SIGILL: [libjvm.so+0x71ac80], sa_mask[0]=0x7ffbfeff, sa_flags=0x10000004
SIGUSR1: SIG_DFL, sa_mask[0]=0x00000000, sa_flags=0x00000000
SIGUSR2: [libjvm.so+0x71a7a0], sa_mask[0]=0x00000000, sa_flags=0x10000004
SIGHUP: [libjvm.so+0x71d760], sa_mask[0]=0x7ffbfeff, sa_flags=0x10000004
SIGINT: [libjvm.so+0x71d760], sa_mask[0]=0x7ffbfeff, sa_flags=0x10000004
SIGTERM: [libjvm.so+0x71d760], sa_mask[0]=0x7ffbfeff, sa_flags=0x10000004
SIGQUIT: [libjvm.so+0x71d760], sa_mask[0]=0x7ffbfeff, sa_flags=0x10000004


---------------  S Y S T E M  ---------------

OS:CentOS release 6.4 (Final)

uname:Linux 2.6.32-358.el6.x86_64 #1 SMP Fri Feb 22 00:31:26 UTC 2013 x86_64
libc:glibc 2.12 NPTL 2.12 
rlimit: STACK 10240k, CORE 0k, NPROC 65536, NOFILE 65536, AS infinity
load average:0.15 0.12 0.17

/proc/meminfo:
MemTotal:        8085320 kB
MemFree:         5008884 kB
Buffers:           61996 kB
Cached:          1047224 kB
SwapCached:            0 kB
Active:          2089152 kB
Inactive:         720420 kB
Active(anon):    1736356 kB
Inactive(anon):   118456 kB
Active(file):     352796 kB
Inactive(file):   601964 kB
Unevictable:          16 kB
Mlocked:              16 kB
SwapTotal:      16371696 kB
SwapFree:       16371696 kB
Dirty:              2112 kB
Writeback:             0 kB
AnonPages:       1688000 kB
Mapped:           205276 kB
Shmem:            154468 kB
Slab:             113456 kB
SReclaimable:      62244 kB
SUnreclaim:        51212 kB
KernelStack:        4952 kB
PageTables:        44780 kB
NFS_Unstable:          0 kB
Bounce:                0 kB
WritebackTmp:          0 kB
CommitLimit:    20414356 kB
Committed_AS:    6032448 kB
VmallocTotal:   34359738367 kB
VmallocUsed:      450224 kB
VmallocChunk:   34359256520 kB
HardwareCorrupted:     0 kB
AnonHugePages:    890880 kB
HugePages_Total:       0
HugePages_Free:        0
HugePages_Rsvd:        0
HugePages_Surp:        0
Hugepagesize:       2048 kB
DirectMap4k:       10236 kB
DirectMap2M:     8273920 kB


CPU:total 8 (4 cores per cpu, 2 threads per core) family 6 model 42 stepping 7, cmov, cx8, fxsr, mmx, sse, sse2, sse3, ssse3, sse4.1, sse4.2, popcnt, avx, ht, tsc, tscinvbit

/proc/cpuinfo:
processor	: 0
vendor_id	: GenuineIntel
cpu family	: 6
model		: 42
model name	: Intel(R) Core(TM) i7-2720QM CPU @ 2.20GHz
stepping	: 7
cpu MHz		: 1900.000
cache size	: 6144 KB
physical id	: 0
siblings	: 8
core id		: 0
cpu cores	: 4
apicid		: 0
initial apicid	: 0
fpu		: yes
fpu_exception	: yes
cpuid level	: 13
wp		: yes
flags		: fpu vme de pse tsc msr pae mce cx8 apic sep mtrr pge mca cmov pat pse36 clflush dts acpi mmx fxsr sse sse2 ss ht tm pbe syscall nx rdtscp lm constant_tsc arch_perfmon pebs bts xtopology nonstop_tsc aperfmperf pni pclmulqdq dtes64 monitor ds_cpl vmx smx est tm2 ssse3 cx16 xtpr pdcm pcid sse4_1 sse4_2 x2apic popcnt tsc_deadline_timer aes xsave avx lahf_lm ida arat epb xsaveopt pln pts dts tpr_shadow vnmi flexpriority ept vpid
bogomips	: 4389.80
clflush size	: 64
cache_alignment	: 64
address sizes	: 36 bits physical, 48 bits virtual
power management:

processor	: 1
vendor_id	: GenuineIntel
cpu family	: 6
model		: 42
model name	: Intel(R) Core(TM) i7-2720QM CPU @ 2.20GHz
stepping	: 7
cpu MHz		: 2201.000
cache size	: 6144 KB
physical id	: 0
siblings	: 8
core id		: 0
cpu cores	: 4
apicid		: 1
initial apicid	: 1
fpu		: yes
fpu_exception	: yes
cpuid level	: 13
wp		: yes
flags		: fpu vme de pse tsc msr pae mce cx8 apic sep mtrr pge mca cmov pat pse36 clflush dts acpi mmx fxsr sse sse2 ss ht tm pbe syscall nx rdtscp lm constant_tsc arch_perfmon pebs bts xtopology nonstop_tsc aperfmperf pni pclmulqdq dtes64 monitor ds_cpl vmx smx est tm2 ssse3 cx16 xtpr pdcm pcid sse4_1 sse4_2 x2apic popcnt tsc_deadline_timer aes xsave avx lahf_lm ida arat epb xsaveopt pln pts dts tpr_shadow vnmi flexpriority ept vpid
bogomips	: 4389.80
clflush size	: 64
cache_alignment	: 64
address sizes	: 36 bits physical, 48 bits virtual
power management:

processor	: 2
vendor_id	: GenuineIntel
cpu family	: 6
model		: 42
model name	: Intel(R) Core(TM) i7-2720QM CPU @ 2.20GHz
stepping	: 7
cpu MHz		: 2201.000
cache size	: 6144 KB
physical id	: 0
siblings	: 8
core id		: 1
cpu cores	: 4
apicid		: 2
initial apicid	: 2
fpu		: yes
fpu_exception	: yes
cpuid level	: 13
wp		: yes
flags		: fpu vme de pse tsc msr pae mce cx8 apic sep mtrr pge mca cmov pat pse36 clflush dts acpi mmx fxsr sse sse2 ss ht tm pbe syscall nx rdtscp lm constant_tsc arch_perfmon pebs bts xtopology nonstop_tsc aperfmperf pni pclmulqdq dtes64 monitor ds_cpl vmx smx est tm2 ssse3 cx16 xtpr pdcm pcid sse4_1 sse4_2 x2apic popcnt tsc_deadline_timer aes xsave avx lahf_lm ida arat epb xsaveopt pln pts dts tpr_shadow vnmi flexpriority ept vpid
bogomips	: 4389.80
clflush size	: 64
cache_alignment	: 64
address sizes	: 36 bits physical, 48 bits virtual
power management:

processor	: 3
vendor_id	: GenuineIntel
cpu family	: 6
model		: 42
model name	: Intel(R) Core(TM) i7-2720QM CPU @ 2.20GHz
stepping	: 7
cpu MHz		: 2201.000
cache size	: 6144 KB
physical id	: 0
siblings	: 8
core id		: 1
cpu cores	: 4
apicid		: 3
initial apicid	: 3
fpu		: yes
fpu_exception	: yes
cpuid level	: 13
wp		: yes
flags		: fpu vme de pse tsc msr pae mce cx8 apic sep mtrr pge mca cmov pat pse36 clflush dts acpi mmx fxsr sse sse2 ss ht tm pbe syscall nx rdtscp lm constant_tsc arch_perfmon pebs bts xtopology nonstop_tsc aperfmperf pni pclmulqdq dtes64 monitor ds_cpl vmx smx est tm2 ssse3 cx16 xtpr pdcm pcid sse4_1 sse4_2 x2apic popcnt tsc_deadline_timer aes xsave avx lahf_lm ida arat epb xsaveopt pln pts dts tpr_shadow vnmi flexpriority ept vpid
bogomips	: 4389.80
clflush size	: 64
cache_alignment	: 64
address sizes	: 36 bits physical, 48 bits virtual
power management:

processor	: 4
vendor_id	: GenuineIntel
cpu family	: 6
model		: 42
model name	: Intel(R) Core(TM) i7-2720QM CPU @ 2.20GHz
stepping	: 7
cpu MHz		: 2201.000
cache size	: 6144 KB
physical id	: 0
siblings	: 8
core id		: 2
cpu cores	: 4
apicid		: 4
initial apicid	: 4
fpu		: yes
fpu_exception	: yes
cpuid level	: 13
wp		: yes
flags		: fpu vme de pse tsc msr pae mce cx8 apic sep mtrr pge mca cmov pat pse36 clflush dts acpi mmx fxsr sse sse2 ss ht tm pbe syscall nx rdtscp lm constant_tsc arch_perfmon pebs bts xtopology nonstop_tsc aperfmperf pni pclmulqdq dtes64 monitor ds_cpl vmx smx est tm2 ssse3 cx16 xtpr pdcm pcid sse4_1 sse4_2 x2apic popcnt tsc_deadline_timer aes xsave avx lahf_lm ida arat epb xsaveopt pln pts dts tpr_shadow vnmi flexpriority ept vpid
bogomips	: 4389.80
clflush size	: 64
cache_alignment	: 64
address sizes	: 36 bits physical, 48 bits virtual
power management:

processor	: 5
vendor_id	: GenuineIntel
cpu family	: 6
model		: 42
model name	: Intel(R) Core(TM) i7-2720QM CPU @ 2.20GHz
stepping	: 7
cpu MHz		: 2201.000
cache size	: 6144 KB
physical id	: 0
siblings	: 8
core id		: 2
cpu cores	: 4
apicid		: 5
initial apicid	: 5
fpu		: yes
fpu_exception	: yes
cpuid level	: 13
wp		: yes
flags		: fpu vme de pse tsc msr pae mce cx8 apic sep mtrr pge mca cmov pat pse36 clflush dts acpi mmx fxsr sse sse2 ss ht tm pbe syscall nx rdtscp lm constant_tsc arch_perfmon pebs bts xtopology nonstop_tsc aperfmperf pni pclmulqdq dtes64 monitor ds_cpl vmx smx est tm2 ssse3 cx16 xtpr pdcm pcid sse4_1 sse4_2 x2apic popcnt tsc_deadline_timer aes xsave avx lahf_lm ida arat epb xsaveopt pln pts dts tpr_shadow vnmi flexpriority ept vpid
bogomips	: 4389.80
clflush size	: 64
cache_alignment	: 64
address sizes	: 36 bits physical, 48 bits virtual
power management:

processor	: 6
vendor_id	: GenuineIntel
cpu family	: 6
model		: 42
model name	: Intel(R) Core(TM) i7-2720QM CPU @ 2.20GHz
stepping	: 7
cpu MHz		: 2201.000
cache size	: 6144 KB
physical id	: 0
siblings	: 8
core id		: 3
cpu cores	: 4
apicid		: 6
initial apicid	: 6
fpu		: yes
fpu_exception	: yes
cpuid level	: 13
wp		: yes
flags		: fpu vme de pse tsc msr pae mce cx8 apic sep mtrr pge mca cmov pat pse36 clflush dts acpi mmx fxsr sse sse2 ss ht tm pbe syscall nx rdtscp lm constant_tsc arch_perfmon pebs bts xtopology nonstop_tsc aperfmperf pni pclmulqdq dtes64 monitor ds_cpl vmx smx est tm2 ssse3 cx16 xtpr pdcm pcid sse4_1 sse4_2 x2apic popcnt tsc_deadline_timer aes xsave avx lahf_lm ida arat epb xsaveopt pln pts dts tpr_shadow vnmi flexpriority ept vpid
bogomips	: 4389.80
clflush size	: 64
cache_alignment	: 64
address sizes	: 36 bits physical, 48 bits virtual
power management:

processor	: 7
vendor_id	: GenuineIntel
cpu family	: 6
model		: 42
model name	: Intel(R) Core(TM) i7-2720QM CPU @ 2.20GHz
stepping	: 7
cpu MHz		: 2201.000
cache size	: 6144 KB
physical id	: 0
siblings	: 8
core id		: 3
cpu cores	: 4
apicid		: 7
initial apicid	: 7
fpu		: yes
fpu_exception	: yes
cpuid level	: 13
wp		: yes
flags		: fpu vme de pse tsc msr pae mce cx8 apic sep mtrr pge mca cmov pat pse36 clflush dts acpi mmx fxsr sse sse2 ss ht tm pbe syscall nx rdtscp lm constant_tsc arch_perfmon pebs bts xtopology nonstop_tsc aperfmperf pni pclmulqdq dtes64 monitor ds_cpl vmx smx est tm2 ssse3 cx16 xtpr pdcm pcid sse4_1 sse4_2 x2apic popcnt tsc_deadline_timer aes xsave avx lahf_lm ida arat epb xsaveopt pln pts dts tpr_shadow vnmi flexpriority ept vpid
bogomips	: 4389.80
clflush size	: 64
cache_alignment	: 64
address sizes	: 36 bits physical, 48 bits virtual
power management:



Memory: 4k page, physical 8085320k(5008884k free), swap 16371696k(16371696k free)

vm_info: OpenJDK 64-Bit Server VM (23.2-b09) for linux-amd64 JRE (1.7.0_09-icedtea-mockbuild_2013_01_16_18_52-b00), built on Jan 16 2013 19:00:19 by "mockbuild" with gcc 4.4.6 20120305 (Red Hat 4.4.6-4)

time: Thu Nov 21 22:14:25 2013
elapsed time: 0 seconds

