#
# A fatal error has been detected by the Java Runtime Environment:
#
#  SIGSEGV (0xb) at pc=0x00007f600d01cd52, pid=102361, tid=140050639349504
#
# JRE version: 7.0_09
# Java VM: OpenJDK 64-Bit Server VM (23.2-b09 mixed mode linux-amd64 compressed oops)
# Problematic frame:
# j  java.io.Writer.write(Ljava/lang/String;)V+4
#
# Failed to write core dump. Core dumps have been disabled. To enable core dumping, try "ulimit -c unlimited" before starting Java again
#
# If you would like to submit a bug report, please include
# instructions on how to reproduce the bug and visit:
#   http://icedtea.classpath.org/bugzilla
#

---------------  T H R E A D  ---------------

Current thread (0x00007f6010007800):  JavaThread "main" [_thread_in_Java, id=102362, stack(0x00007f60148be000,0x00007f60149bf000)]

siginfo:si_signo=SIGSEGV: si_errno=0, si_code=1 (SEGV_MAPERR), si_addr=0x000000007a6bb9f0

Registers:
RAX=0x0000000004000000, RBX=0x000000077a406f98, RCX=0x000000007a6bb9f0, RDX=0x000000003c800001
RSP=0x00007f60149bd6e8, RBP=0x00007f60149bd750, RSI=0x00007f60149bd718, RDI=0x00007f6010007800
R8 =0x0000000000000005, R9 =0x000000000684400d, R10=0x00007f6015905680, R11=0x00007f60149bd460
R12=0x0000000000000000, R13=0x000000077a57edd4, R14=0x00007f60149bd768, R15=0x00007f6010007800
RIP=0x00007f600d01cd52, EFLAGS=0x0000000000010206, CSGSFS=0x0000000000000033, ERR=0x0000000000000004
  TRAPNO=0x000000000000000e

Top of Stack: (sp=0x00007f60149bd6e8)
0x00007f60149bd6e8:   00007f600d0062d4 000000007a6bb9f0
0x00007f60149bd6f8:   0000000000000000 000000007a6bb9f0
0x00007f60149bd708:   00000007d6e1cbf0 00007f60149bd710
0x00007f60149bd718:   000000077a57edd4 00007f60149bd768
0x00007f60149bd728:   000000077a57fec0 0000000000000000
0x00007f60149bd738:   000000077a57ee00 0000000000000000
0x00007f60149bd748:   00007f60149bd760 00007f60149bd7c0
0x00007f60149bd758:   00007f600d006158 000000007a6bb9f0
0x00007f60149bd768:   00000007d6e1cbf0 0000000000000000
0x00007f60149bd778:   00000007d6e1a1c0 00007f60149bd770
0x00007f60149bd788:   000000077a57873d 00007f60149bd7e8
0x00007f60149bd798:   000000077a57bc88 0000000000000000
0x00007f60149bd7a8:   000000077a5787d0 00007f60149bd760
0x00007f60149bd7b8:   00007f60149bd7e0 00007f60149bd830
0x00007f60149bd7c8:   00007f600d006158 0000000000000000
0x00007f60149bd7d8:   00000007d6e1a1c0 000000007a6bb9f0
0x00007f60149bd7e8:   00000007d6e1a1c0 00007f60149bd7f0
0x00007f60149bd7f8:   000000077a579149 00007f60149bd848
0x00007f60149bd808:   000000077a57bc88 0000000000000000
0x00007f60149bd818:   000000077a579170 00007f60149bd7e0
0x00007f60149bd828:   00007f60149bd840 00007f60149bd8a0
0x00007f60149bd838:   00007f600d006158 000000007a6bb9f0
0x00007f60149bd848:   00000007d6e1a1c0 0000000000000001
0x00007f60149bd858:   00000007d6e1a1c0 00007f60149bd850
0x00007f60149bd868:   000000077a579d26 00007f60149bd8c8
0x00007f60149bd878:   000000077a57bc88 0000000000000000
0x00007f60149bd888:   000000077a579d60 00007f60149bd840
0x00007f60149bd898:   00007f60149bd8c0 00007f60149bd918
0x00007f60149bd8a8:   00007f600d006158 0000000000000000
0x00007f60149bd8b8:   00000007d6e1a1c0 000000007a6bb9f0
0x00007f60149bd8c8:   00000007d6e1a1c0 00000007d6e57268
0x00007f60149bd8d8:   00007f60149bd8d8 000000077a6bbff3 

Instructions: (pc=0x00007f600d01cd52)
0x00007f600d01cd32:   90 15 60 7f 00 00 49 8b 14 d2 52 41 8b d5 4c 8b
0x00007f600d01cd42:   6d c8 8b c2 81 e0 00 00 00 04 0f 84 31 00 00 00
0x00007f600d01cd52:   48 3b 01 48 8b 45 e0 48 85 c0 0f 84 12 00 00 00
0x00007f600d01cd62:   48 83 40 08 01 48 83 58 08 00 48 83 c0 30 48 89 

Register to memory mapping:

RAX=0x0000000004000000 is an unknown value
RBX=0x000000077a406f98 is an oop
{method} 
 - klass: {other class}
RCX=0x000000007a6bb9f0 is an unknown value
RDX=0x000000003c800001 is an unknown value
RSP=0x00007f60149bd6e8 is pointing into the stack for thread: 0x00007f6010007800
RBP=0x00007f60149bd750 is pointing into the stack for thread: 0x00007f6010007800
RSI=0x00007f60149bd718 is pointing into the stack for thread: 0x00007f6010007800
RDI=0x00007f6010007800 is a thread
R8 =0x0000000000000005 is an unknown value
R9 =0x000000000684400d is an unknown value
R10=0x00007f6015905680: <offset 0xcc2680> in /usr/lib/jvm/java-1.7.0-openjdk-1.7.0.9.x86_64/jre/lib/amd64/server/libjvm.so at 0x00007f6014c43000
R11=0x00007f60149bd460 is pointing into the stack for thread: 0x00007f6010007800
R12=0x0000000000000000 is an unknown value
R13=0x000000077a57edd4 is an oop
{constMethod} 
 - klass: {other class}
 - method:       0x000000077a57ee00 {method} 'write' '(Ljava/lang/String;)V' in 'java/io/Writer'
 - exceptions:   0x000000077a401c58
bci_from(0x77a57edd4) = 4; print_codes():
R14=0x00007f60149bd768 is pointing into the stack for thread: 0x00007f6010007800
R15=0x00007f6010007800 is a thread


Stack: [0x00007f60148be000,0x00007f60149bf000],  sp=0x00007f60149bd6e8,  free space=1021k
Native frames: (J=compiled Java code, j=interpreted, Vv=VM code, C=native code)
j  java.io.Writer.write(Ljava/lang/String;)V+4
j  java.io.PrintStream.write(Ljava/lang/String;)V+13
j  java.io.PrintStream.print(Ljava/lang/String;)V+9
j  java.io.PrintStream.println(Ljava/lang/String;)V+6
j  Test.main([Ljava/lang/String;)V+339
v  ~StubRoutines::call_stub
V  [libjvm.so+0x53b0ce]  AsyncGetCallTrace+0xd78ae
V  [libjvm.so+0x539d68]  AsyncGetCallTrace+0xd6548
V  [libjvm.so+0x5483e7]  JNI_CreateJavaVM+0x12e7
V  [libjvm.so+0x55d70b]  JNI_CreateJavaVM+0x1660b
C  [libjli.so+0x3a5c]  printf+0x3a5c


---------------  P R O C E S S  ---------------

Java Threads: ( => current thread )
  0x00007f6010116800 JavaThread "Service Thread" daemon [_thread_blocked, id=102377, stack(0x00007f5fec9e6000,0x00007f5fecae7000)]
  0x00007f6010114000 JavaThread "C2 CompilerThread1" daemon [_thread_blocked, id=102376, stack(0x00007f5fecae7000,0x00007f5fecbe8000)]
  0x00007f6010111000 JavaThread "C2 CompilerThread0" daemon [_thread_blocked, id=102375, stack(0x00007f5fecbe8000,0x00007f5fecce9000)]
  0x00007f601010f000 JavaThread "Signal Dispatcher" daemon [_thread_blocked, id=102374, stack(0x00007f5fecce9000,0x00007f5fecdea000)]
  0x00007f60100b9000 JavaThread "Finalizer" daemon [_thread_blocked, id=102373, stack(0x00007f5fecdea000,0x00007f5feceeb000)]
  0x00007f60100b6800 JavaThread "Reference Handler" daemon [_thread_blocked, id=102372, stack(0x00007f5feceeb000,0x00007f5fecfec000)]
=>0x00007f6010007800 JavaThread "main" [_thread_in_Java, id=102362, stack(0x00007f60148be000,0x00007f60149bf000)]

Other Threads:
  0x00007f60100ae000 VMThread [stack: 0x00007f5fecfec000,0x00007f5fed0ed000] [id=102371]
  0x00007f6010121000 WatcherThread [stack: 0x00007f5fec8e5000,0x00007f5fec9e6000] [id=102378]

VM state:not at safepoint (normal execution)

VM Mutex/Monitor currently owned by a thread: None

Heap
 PSYoungGen      total 36864K, used 632K [0x00000007d6e00000, 0x00000007d9720000, 0x0000000800000000)
  eden space 31616K, 2% used [0x00000007d6e00000,0x00000007d6e9e1b0,0x00000007d8ce0000)
  from space 5248K, 0% used [0x00000007d9200000,0x00000007d9200000,0x00000007d9720000)
  to   space 5248K, 0% used [0x00000007d8ce0000,0x00000007d8ce0000,0x00000007d9200000)
 ParOldGen       total 84224K, used 0K [0x0000000784a00000, 0x0000000789c40000, 0x00000007d6e00000)
  object space 84224K, 0% used [0x0000000784a00000,0x0000000784a00000,0x0000000789c40000)
 PSPermGen       total 21248K, used 2803K [0x000000077a400000, 0x000000077b8c0000, 0x0000000784a00000)
  object space 21248K, 13% used [0x000000077a400000,0x000000077a6bccf8,0x000000077b8c0000)

Card table byte_map: [0x00007f600cb11000,0x00007f600cf40000] byte_map_base: 0x00007f6008f3f000

Polling page: 0x00007f601593d000

Code Cache  [0x00007f600d000000, 0x00007f600d270000, 0x00007f6010000000)
 total_blobs=165 nmethods=0 adapters=133 free_code_cache=48774Kb largest_free_block=49945408

Compilation events (0 events):
No events

GC Heap History (0 events):
No events

Deoptimization events (0 events):
No events

Internal exceptions (2 events):
Event: 0.038 Thread 0x00007f6010007800 Threw 0x00000007d6e06138 at /builddir/build/BUILD/java-1.7.0-openjdk/openjdk/hotspot/src/share/vm/prims/jni.cpp:3988
Event: 0.064 Thread 0x00007f6010007800 Threw 0x00000007d6e515e8 at /builddir/build/BUILD/java-1.7.0-openjdk/openjdk/hotspot/src/share/vm/prims/jvm.cpp:1166

Events (10 events):
Event: 0.066 loading class 0x00007f60101492b0
Event: 0.066 loading class 0x00007f60101492b0 done
Event: 0.066 loading class 0x00007f601013bfe0
Event: 0.066 loading class 0x00007f601013bfe0 done
Event: 0.066 loading class 0x00007f601013c010
Event: 0.066 loading class 0x00007f601013c010 done
Event: 0.066 loading class 0x00007f60100b07e0
Event: 0.066 loading class 0x00007f60100b07e0 done
Event: 0.067 loading class 0x00007f6010064760
Event: 0.067 loading class 0x00007f6010064760 done


Dynamic libraries:
00400000-00401000 r-xp 00000000 fd:00 3150151                            /usr/lib/jvm/java-1.7.0-openjdk-1.7.0.9.x86_64/jre/bin/java
00600000-00602000 rw-p 00000000 fd:00 3150151                            /usr/lib/jvm/java-1.7.0-openjdk-1.7.0.9.x86_64/jre/bin/java
01136000-01157000 rw-p 00000000 00:00 0                                  [heap]
77a400000-77b8c0000 rw-p 00000000 00:00 0 
77b8c0000-784a00000 rw-p 00000000 00:00 0 
784a00000-789c40000 rw-p 00000000 00:00 0 
789c40000-7d6e00000 rw-p 00000000 00:00 0 
7d6e00000-7d9720000 rw-p 00000000 00:00 0 
7d9720000-800000000 rw-p 00000000 00:00 0 
38d0800000-38d0820000 r-xp 00000000 fd:00 540203                         /lib64/ld-2.12.so
38d0a1f000-38d0a20000 r--p 0001f000 fd:00 540203                         /lib64/ld-2.12.so
38d0a20000-38d0a21000 rw-p 00020000 fd:00 540203                         /lib64/ld-2.12.so
38d0a21000-38d0a22000 rw-p 00000000 00:00 0 
38d0c00000-38d0c0d000 r-xp 00000000 fd:00 3155877                        /usr/lib/jvm/java-1.7.0-openjdk-1.7.0.9.x86_64/jre/lib/amd64/jli/libjli.so
38d0c0d000-38d0e0c000 ---p 0000d000 fd:00 3155877                        /usr/lib/jvm/java-1.7.0-openjdk-1.7.0.9.x86_64/jre/lib/amd64/jli/libjli.so
38d0e0c000-38d0e0d000 rw-p 0000c000 fd:00 3155877                        /usr/lib/jvm/java-1.7.0-openjdk-1.7.0.9.x86_64/jre/lib/amd64/jli/libjli.so
38d1000000-38d118a000 r-xp 00000000 fd:00 540204                         /lib64/libc-2.12.so
38d118a000-38d1389000 ---p 0018a000 fd:00 540204                         /lib64/libc-2.12.so
38d1389000-38d138d000 r--p 00189000 fd:00 540204                         /lib64/libc-2.12.so
38d138d000-38d138e000 rw-p 0018d000 fd:00 540204                         /lib64/libc-2.12.so
38d138e000-38d1393000 rw-p 00000000 00:00 0 
38d1400000-38d1402000 r-xp 00000000 fd:00 540210                         /lib64/libdl-2.12.so
38d1402000-38d1602000 ---p 00002000 fd:00 540210                         /lib64/libdl-2.12.so
38d1602000-38d1603000 r--p 00002000 fd:00 540210                         /lib64/libdl-2.12.so
38d1603000-38d1604000 rw-p 00003000 fd:00 540210                         /lib64/libdl-2.12.so
38d1800000-38d1817000 r-xp 00000000 fd:00 540205                         /lib64/libpthread-2.12.so
38d1817000-38d1a17000 ---p 00017000 fd:00 540205                         /lib64/libpthread-2.12.so
38d1a17000-38d1a18000 r--p 00017000 fd:00 540205                         /lib64/libpthread-2.12.so
38d1a18000-38d1a19000 rw-p 00018000 fd:00 540205                         /lib64/libpthread-2.12.so
38d1a19000-38d1a1d000 rw-p 00000000 00:00 0 
38d1c00000-38d1c15000 r-xp 00000000 fd:00 540218                         /lib64/libz.so.1.2.3
38d1c15000-38d1e14000 ---p 00015000 fd:00 540218                         /lib64/libz.so.1.2.3
38d1e14000-38d1e15000 r--p 00014000 fd:00 540218                         /lib64/libz.so.1.2.3
38d1e15000-38d1e16000 rw-p 00015000 fd:00 540218                         /lib64/libz.so.1.2.3
38d2000000-38d2007000 r-xp 00000000 fd:00 540206                         /lib64/librt-2.12.so
38d2007000-38d2206000 ---p 00007000 fd:00 540206                         /lib64/librt-2.12.so
38d2206000-38d2207000 r--p 00006000 fd:00 540206                         /lib64/librt-2.12.so
38d2207000-38d2208000 rw-p 00007000 fd:00 540206                         /lib64/librt-2.12.so
38d7400000-38d7416000 r-xp 00000000 fd:00 540219                         /lib64/libgcc_s-4.4.7-20120601.so.1
38d7416000-38d7615000 ---p 00016000 fd:00 540219                         /lib64/libgcc_s-4.4.7-20120601.so.1
38d7615000-38d7616000 rw-p 00015000 fd:00 540219                         /lib64/libgcc_s-4.4.7-20120601.so.1
38d7800000-38d78e8000 r-xp 00000000 fd:00 2625597                        /usr/lib64/libstdc++.so.6.0.13
38d78e8000-38d7ae8000 ---p 000e8000 fd:00 2625597                        /usr/lib64/libstdc++.so.6.0.13
38d7ae8000-38d7aef000 r--p 000e8000 fd:00 2625597                        /usr/lib64/libstdc++.so.6.0.13
38d7aef000-38d7af1000 rw-p 000ef000 fd:00 2625597                        /usr/lib64/libstdc++.so.6.0.13
38d7af1000-38d7b06000 rw-p 00000000 00:00 0 
7f5fb8000000-7f5fb8021000 rw-p 00000000 00:00 0 
7f5fb8021000-7f5fbc000000 ---p 00000000 00:00 0 
7f5fbc000000-7f5fbc021000 rw-p 00000000 00:00 0 
7f5fbc021000-7f5fc0000000 ---p 00000000 00:00 0 
7f5fc0000000-7f5fc0021000 rw-p 00000000 00:00 0 
7f5fc0021000-7f5fc4000000 ---p 00000000 00:00 0 
7f5fc4000000-7f5fc4021000 rw-p 00000000 00:00 0 
7f5fc4021000-7f5fc8000000 ---p 00000000 00:00 0 
7f5fc8000000-7f5fc8021000 rw-p 00000000 00:00 0 
7f5fc8021000-7f5fcc000000 ---p 00000000 00:00 0 
7f5fce16f000-7f5fd4000000 r--p 00000000 fd:00 2622709                    /usr/lib/locale/locale-archive
7f5fd4000000-7f5fd4021000 rw-p 00000000 00:00 0 
7f5fd4021000-7f5fd8000000 ---p 00000000 00:00 0 
7f5fd8000000-7f5fd8021000 rw-p 00000000 00:00 0 
7f5fd8021000-7f5fdc000000 ---p 00000000 00:00 0 
7f5fdc000000-7f5fdc021000 rw-p 00000000 00:00 0 
7f5fdc021000-7f5fe0000000 ---p 00000000 00:00 0 
7f5fe3d20000-7f5fe8000000 rw-p 00000000 00:00 0 
7f5fe8000000-7f5fe8021000 rw-p 00000000 00:00 0 
7f5fe8021000-7f5fec000000 ---p 00000000 00:00 0 
7f5fec8d7000-7f5fec8d9000 rw-p 00000000 00:00 0 
7f5fec8d9000-7f5fec8e2000 r--s 00066000 fd:00 6129                       /usr/lib/jvm/java-1.7.0-openjdk-1.7.0.9.x86_64/jre/lib/ext/gnome-java-bridge.jar
7f5fec8e2000-7f5fec8e5000 r--s 0000f000 fd:00 6132                       /usr/lib/jvm/java-1.7.0-openjdk-1.7.0.9.x86_64/jre/lib/ext/pulse-java.jar
7f5fec8e5000-7f5fec8e6000 ---p 00000000 00:00 0 
7f5fec8e6000-7f5fec9e6000 rw-p 00000000 00:00 0 
7f5fec9e6000-7f5fec9e9000 ---p 00000000 00:00 0 
7f5fec9e9000-7f5fecae7000 rw-p 00000000 00:00 0 
7f5fecae7000-7f5fecaea000 ---p 00000000 00:00 0 
7f5fecaea000-7f5fecbe8000 rw-p 00000000 00:00 0 
7f5fecbe8000-7f5fecbeb000 ---p 00000000 00:00 0 
7f5fecbeb000-7f5fecce9000 rw-p 00000000 00:00 0 
7f5fecce9000-7f5feccec000 ---p 00000000 00:00 0 
7f5feccec000-7f5fecdea000 rw-p 00000000 00:00 0 
7f5fecdea000-7f5fecded000 ---p 00000000 00:00 0 
7f5fecded000-7f5feceeb000 rw-p 00000000 00:00 0 
7f5feceeb000-7f5feceee000 ---p 00000000 00:00 0 
7f5feceee000-7f5fecfec000 rw-p 00000000 00:00 0 
7f5fecfec000-7f5fecfed000 ---p 00000000 00:00 0 
7f5fecfed000-7f5feed9d000 rw-p 00000000 00:00 0 
7f5feed9d000-7f5feef48000 r--s 03e6b000 fd:00 3150162                    /usr/lib/jvm/java-1.7.0-openjdk-1.7.0.9.x86_64/jre/lib/rt.jar
7f5feef48000-7f5ff0000000 rw-p 00000000 00:00 0 
7f5ff0000000-7f5ff0021000 rw-p 00000000 00:00 0 
7f5ff0021000-7f5ff4000000 ---p 00000000 00:00 0 
7f5ff4000000-7f5ff4021000 rw-p 00000000 00:00 0 
7f5ff4021000-7f5ff8000000 ---p 00000000 00:00 0 
7f5ff8000000-7f5ff8021000 rw-p 00000000 00:00 0 
7f5ff8021000-7f5ffc000000 ---p 00000000 00:00 0 
7f5ffc000000-7f5ffc021000 rw-p 00000000 00:00 0 
7f5ffc021000-7f6000000000 ---p 00000000 00:00 0 
7f6000000000-7f6000021000 rw-p 00000000 00:00 0 
7f6000021000-7f6004000000 ---p 00000000 00:00 0 
7f6004000000-7f6004021000 rw-p 00000000 00:00 0 
7f6004021000-7f6008000000 ---p 00000000 00:00 0 
7f6008000000-7f6008021000 rw-p 00000000 00:00 0 
7f6008021000-7f600c000000 ---p 00000000 00:00 0 
7f600c04f000-7f600c077000 rw-p 00000000 00:00 0 
7f600c077000-7f600c078000 ---p 00000000 00:00 0 
7f600c078000-7f600c178000 rw-p 00000000 00:00 0 
7f600c178000-7f600c179000 ---p 00000000 00:00 0 
7f600c179000-7f600c279000 rw-p 00000000 00:00 0 
7f600c279000-7f600c27a000 ---p 00000000 00:00 0 
7f600c27a000-7f600c37a000 rw-p 00000000 00:00 0 
7f600c37a000-7f600c37b000 ---p 00000000 00:00 0 
7f600c37b000-7f600c47b000 rw-p 00000000 00:00 0 
7f600c47b000-7f600c47c000 ---p 00000000 00:00 0 
7f600c47c000-7f600c57c000 rw-p 00000000 00:00 0 
7f600c57c000-7f600c57d000 ---p 00000000 00:00 0 
7f600c57d000-7f600c67d000 rw-p 00000000 00:00 0 
7f600c67d000-7f600c67e000 ---p 00000000 00:00 0 
7f600c67e000-7f600c77e000 rw-p 00000000 00:00 0 
7f600c77e000-7f600c77f000 ---p 00000000 00:00 0 
7f600c77f000-7f600c8a9000 rw-p 00000000 00:00 0 
7f600c8a9000-7f600cb11000 rw-p 00000000 00:00 0 
7f600cb11000-7f600cb1c000 rw-p 00000000 00:00 0 
7f600cb1c000-7f600cb64000 rw-p 00000000 00:00 0 
7f600cb64000-7f600cb8e000 rw-p 00000000 00:00 0 
7f600cb8e000-7f600cdf6000 rw-p 00000000 00:00 0 
7f600cdf6000-7f600ce0b000 rw-p 00000000 00:00 0 
7f600ce0b000-7f600cf3f000 rw-p 00000000 00:00 0 
7f600cf3f000-7f600cf4a000 rw-p 00000000 00:00 0 
7f600cf4a000-7f600d000000 rw-p 00000000 00:00 0 
7f600d000000-7f600d270000 rwxp 00000000 00:00 0 
7f600d270000-7f6010151000 rw-p 00000000 00:00 0 
7f6010151000-7f6014000000 ---p 00000000 00:00 0 
7f6014000000-7f601400b000 rw-p 00000000 00:00 0 
7f601400b000-7f6014053000 rw-p 00000000 00:00 0 
7f6014053000-7f601405b000 r-xp 00000000 fd:00 3150122                    /usr/lib/jvm/java-1.7.0-openjdk-1.7.0.9.x86_64/jre/lib/amd64/libzip.so
7f601405b000-7f601425a000 ---p 00008000 fd:00 3150122                    /usr/lib/jvm/java-1.7.0-openjdk-1.7.0.9.x86_64/jre/lib/amd64/libzip.so
7f601425a000-7f601425b000 rw-p 00007000 fd:00 3150122                    /usr/lib/jvm/java-1.7.0-openjdk-1.7.0.9.x86_64/jre/lib/amd64/libzip.so
7f601425b000-7f6014267000 r-xp 00000000 fd:00 524318                     /lib64/libnss_files-2.12.so
7f6014267000-7f6014467000 ---p 0000c000 fd:00 524318                     /lib64/libnss_files-2.12.so
7f6014467000-7f6014468000 r--p 0000c000 fd:00 524318                     /lib64/libnss_files-2.12.so
7f6014468000-7f6014469000 rw-p 0000d000 fd:00 524318                     /lib64/libnss_files-2.12.so
7f6014485000-7f60144ae000 r-xp 00000000 fd:00 3150099                    /usr/lib/jvm/java-1.7.0-openjdk-1.7.0.9.x86_64/jre/lib/amd64/libjava.so
7f60144ae000-7f60146ad000 ---p 00029000 fd:00 3150099                    /usr/lib/jvm/java-1.7.0-openjdk-1.7.0.9.x86_64/jre/lib/amd64/libjava.so
7f60146ad000-7f60146af000 rw-p 00028000 fd:00 3150099                    /usr/lib/jvm/java-1.7.0-openjdk-1.7.0.9.x86_64/jre/lib/amd64/libjava.so
7f60146af000-7f60146bc000 r-xp 00000000 fd:00 3150121                    /usr/lib/jvm/java-1.7.0-openjdk-1.7.0.9.x86_64/jre/lib/amd64/libverify.so
7f60146bc000-7f60148bc000 ---p 0000d000 fd:00 3150121                    /usr/lib/jvm/java-1.7.0-openjdk-1.7.0.9.x86_64/jre/lib/amd64/libverify.so
7f60148bc000-7f60148be000 rw-p 0000d000 fd:00 3150121                    /usr/lib/jvm/java-1.7.0-openjdk-1.7.0.9.x86_64/jre/lib/amd64/libverify.so
7f60148be000-7f60148c1000 ---p 00000000 00:00 0 
7f60148c1000-7f60149bf000 rw-p 00000000 00:00 0 
7f60149bf000-7f6014a42000 r-xp 00000000 fd:00 540216                     /lib64/libm-2.12.so
7f6014a42000-7f6014c41000 ---p 00083000 fd:00 540216                     /lib64/libm-2.12.so
7f6014c41000-7f6014c42000 r--p 00082000 fd:00 540216                     /lib64/libm-2.12.so
7f6014c42000-7f6014c43000 rw-p 00083000 fd:00 540216                     /lib64/libm-2.12.so
7f6014c43000-7f6015653000 r-xp 00000000 fd:00 3150126                    /usr/lib/jvm/java-1.7.0-openjdk-1.7.0.9.x86_64/jre/lib/amd64/server/libjvm.so
7f6015653000-7f6015853000 ---p 00a10000 fd:00 3150126                    /usr/lib/jvm/java-1.7.0-openjdk-1.7.0.9.x86_64/jre/lib/amd64/server/libjvm.so
7f6015853000-7f60158f4000 rw-p 00a10000 fd:00 3150126                    /usr/lib/jvm/java-1.7.0-openjdk-1.7.0.9.x86_64/jre/lib/amd64/server/libjvm.so
7f60158f4000-7f6015922000 rw-p 00000000 00:00 0 
7f6015934000-7f601593c000 rw-s 00000000 fd:00 399715                     /tmp/hsperfdata_michael/102361
7f601593c000-7f601593d000 rw-p 00000000 00:00 0 
7f601593d000-7f601593e000 r--p 00000000 00:00 0 
7f601593e000-7f601593f000 rw-p 00000000 00:00 0 
7fffc709f000-7fffc70b4000 rw-p 00000000 00:00 0                          [stack]
7fffc711a000-7fffc711b000 r-xp 00000000 00:00 0                          [vdso]
ffffffffff600000-ffffffffff601000 r-xp 00000000 00:00 0                  [vsyscall]

VM Arguments:
jvm_args: -Xverify:none 
java_command: Test
Launcher Type: SUN_STANDARD

Environment Variables:
JAVA_HOME=/usr/java/jdk1.7.0_45
PATH=/usr/lib64/qt-3.3/bin:/usr/local/bin:/usr/bin:/bin:/usr/games:/usr/local/sbin:/usr/sbin:/sbin:/home/michael/lib/hadoop-2.2.0/bin:/home/michael/lib/hadoop-2.2.0/etc/hadoop:/home/michael/lib/apache-maven-3.0.5/bin:/home/michael/lib/findbugs-2.0.3-rcl/bin:/home/michael/bin:/home/michael/lib/hadoop-2.2.0/bin:/home/michael/lib/hadoop-2.2.0/etc/hadoop:/home/michael/lib/apache-maven-3.0.5/bin:/home/michael/lib/findbugs-2.0.3-rcl/bin
SHELL=/bin/bash
DISPLAY=:0

Signal Handlers:
SIGSEGV: [libjvm.so+0x872c40], sa_mask[0]=0x7ffbfeff, sa_flags=0x10000004
SIGBUS: [libjvm.so+0x872c40], sa_mask[0]=0x7ffbfeff, sa_flags=0x10000004
SIGFPE: [libjvm.so+0x71ac80], sa_mask[0]=0x7ffbfeff, sa_flags=0x10000004
SIGPIPE: [libjvm.so+0x71ac80], sa_mask[0]=0x7ffbfeff, sa_flags=0x10000004
SIGXFSZ: [libjvm.so+0x71ac80], sa_mask[0]=0x7ffbfeff, sa_flags=0x10000004
SIGILL: [libjvm.so+0x71ac80], sa_mask[0]=0x7ffbfeff, sa_flags=0x10000004
SIGUSR1: SIG_DFL, sa_mask[0]=0x00000000, sa_flags=0x00000000
SIGUSR2: [libjvm.so+0x71a7a0], sa_mask[0]=0x00000000, sa_flags=0x10000004
SIGHUP: [libjvm.so+0x71d760], sa_mask[0]=0x7ffbfeff, sa_flags=0x10000004
SIGINT: [libjvm.so+0x71d760], sa_mask[0]=0x7ffbfeff, sa_flags=0x10000004
SIGTERM: [libjvm.so+0x71d760], sa_mask[0]=0x7ffbfeff, sa_flags=0x10000004
SIGQUIT: [libjvm.so+0x71d760], sa_mask[0]=0x7ffbfeff, sa_flags=0x10000004


---------------  S Y S T E M  ---------------

OS:CentOS release 6.4 (Final)

uname:Linux 2.6.32-358.el6.x86_64 #1 SMP Fri Feb 22 00:31:26 UTC 2013 x86_64
libc:glibc 2.12 NPTL 2.12 
rlimit: STACK 10240k, CORE 0k, NPROC 65536, NOFILE 65536, AS infinity
load average:0.04 0.20 0.27

/proc/meminfo:
MemTotal:        8085320 kB
MemFree:         5023284 kB
Buffers:           49872 kB
Cached:          1338108 kB
SwapCached:            0 kB
Active:          2038036 kB
Inactive:         675512 kB
Active(anon):    1375380 kB
Inactive(anon):    83844 kB
Active(file):     662656 kB
Inactive(file):   591668 kB
Unevictable:          16 kB
Mlocked:              16 kB
SwapTotal:      16371696 kB
SwapFree:       16371696 kB
Dirty:               188 kB
Writeback:             0 kB
AnonPages:       1318168 kB
Mapped:           163572 kB
Shmem:            133664 kB
Slab:             200396 kB
SReclaimable:     148820 kB
SUnreclaim:        51576 kB
KernelStack:        4616 kB
PageTables:        39072 kB
NFS_Unstable:          0 kB
Bounce:                0 kB
WritebackTmp:          0 kB
CommitLimit:    20414356 kB
Committed_AS:    3778396 kB
VmallocTotal:   34359738367 kB
VmallocUsed:      450180 kB
VmallocChunk:   34359265476 kB
HardwareCorrupted:     0 kB
AnonHugePages:    620544 kB
HugePages_Total:       0
HugePages_Free:        0
HugePages_Rsvd:        0
HugePages_Surp:        0
Hugepagesize:       2048 kB
DirectMap4k:       10236 kB
DirectMap2M:     8273920 kB


CPU:total 8 (4 cores per cpu, 2 threads per core) family 6 model 42 stepping 7, cmov, cx8, fxsr, mmx, sse, sse2, sse3, ssse3, sse4.1, sse4.2, popcnt, avx, ht, tsc, tscinvbit

/proc/cpuinfo:
processor	: 0
vendor_id	: GenuineIntel
cpu family	: 6
model		: 42
model name	: Intel(R) Core(TM) i7-2720QM CPU @ 2.20GHz
stepping	: 7
cpu MHz		: 2201.000
cache size	: 6144 KB
physical id	: 0
siblings	: 8
core id		: 0
cpu cores	: 4
apicid		: 0
initial apicid	: 0
fpu		: yes
fpu_exception	: yes
cpuid level	: 13
wp		: yes
flags		: fpu vme de pse tsc msr pae mce cx8 apic sep mtrr pge mca cmov pat pse36 clflush dts acpi mmx fxsr sse sse2 ss ht tm pbe syscall nx rdtscp lm constant_tsc arch_perfmon pebs bts xtopology nonstop_tsc aperfmperf pni pclmulqdq dtes64 monitor ds_cpl vmx smx est tm2 ssse3 cx16 xtpr pdcm pcid sse4_1 sse4_2 x2apic popcnt tsc_deadline_timer aes xsave avx lahf_lm ida arat epb xsaveopt pln pts dts tpr_shadow vnmi flexpriority ept vpid
bogomips	: 4390.33
clflush size	: 64
cache_alignment	: 64
address sizes	: 36 bits physical, 48 bits virtual
power management:

processor	: 1
vendor_id	: GenuineIntel
cpu family	: 6
model		: 42
model name	: Intel(R) Core(TM) i7-2720QM CPU @ 2.20GHz
stepping	: 7
cpu MHz		: 800.000
cache size	: 6144 KB
physical id	: 0
siblings	: 8
core id		: 0
cpu cores	: 4
apicid		: 1
initial apicid	: 1
fpu		: yes
fpu_exception	: yes
cpuid level	: 13
wp		: yes
flags		: fpu vme de pse tsc msr pae mce cx8 apic sep mtrr pge mca cmov pat pse36 clflush dts acpi mmx fxsr sse sse2 ss ht tm pbe syscall nx rdtscp lm constant_tsc arch_perfmon pebs bts xtopology nonstop_tsc aperfmperf pni pclmulqdq dtes64 monitor ds_cpl vmx smx est tm2 ssse3 cx16 xtpr pdcm pcid sse4_1 sse4_2 x2apic popcnt tsc_deadline_timer aes xsave avx lahf_lm ida arat epb xsaveopt pln pts dts tpr_shadow vnmi flexpriority ept vpid
bogomips	: 4390.33
clflush size	: 64
cache_alignment	: 64
address sizes	: 36 bits physical, 48 bits virtual
power management:

processor	: 2
vendor_id	: GenuineIntel
cpu family	: 6
model		: 42
model name	: Intel(R) Core(TM) i7-2720QM CPU @ 2.20GHz
stepping	: 7
cpu MHz		: 2201.000
cache size	: 6144 KB
physical id	: 0
siblings	: 8
core id		: 1
cpu cores	: 4
apicid		: 2
initial apicid	: 2
fpu		: yes
fpu_exception	: yes
cpuid level	: 13
wp		: yes
flags		: fpu vme de pse tsc msr pae mce cx8 apic sep mtrr pge mca cmov pat pse36 clflush dts acpi mmx fxsr sse sse2 ss ht tm pbe syscall nx rdtscp lm constant_tsc arch_perfmon pebs bts xtopology nonstop_tsc aperfmperf pni pclmulqdq dtes64 monitor ds_cpl vmx smx est tm2 ssse3 cx16 xtpr pdcm pcid sse4_1 sse4_2 x2apic popcnt tsc_deadline_timer aes xsave avx lahf_lm ida arat epb xsaveopt pln pts dts tpr_shadow vnmi flexpriority ept vpid
bogomips	: 4390.33
clflush size	: 64
cache_alignment	: 64
address sizes	: 36 bits physical, 48 bits virtual
power management:

processor	: 3
vendor_id	: GenuineIntel
cpu family	: 6
model		: 42
model name	: Intel(R) Core(TM) i7-2720QM CPU @ 2.20GHz
stepping	: 7
cpu MHz		: 800.000
cache size	: 6144 KB
physical id	: 0
siblings	: 8
core id		: 1
cpu cores	: 4
apicid		: 3
initial apicid	: 3
fpu		: yes
fpu_exception	: yes
cpuid level	: 13
wp		: yes
flags		: fpu vme de pse tsc msr pae mce cx8 apic sep mtrr pge mca cmov pat pse36 clflush dts acpi mmx fxsr sse sse2 ss ht tm pbe syscall nx rdtscp lm constant_tsc arch_perfmon pebs bts xtopology nonstop_tsc aperfmperf pni pclmulqdq dtes64 monitor ds_cpl vmx smx est tm2 ssse3 cx16 xtpr pdcm pcid sse4_1 sse4_2 x2apic popcnt tsc_deadline_timer aes xsave avx lahf_lm ida arat epb xsaveopt pln pts dts tpr_shadow vnmi flexpriority ept vpid
bogomips	: 4390.33
clflush size	: 64
cache_alignment	: 64
address sizes	: 36 bits physical, 48 bits virtual
power management:

processor	: 4
vendor_id	: GenuineIntel
cpu family	: 6
model		: 42
model name	: Intel(R) Core(TM) i7-2720QM CPU @ 2.20GHz
stepping	: 7
cpu MHz		: 800.000
cache size	: 6144 KB
physical id	: 0
siblings	: 8
core id		: 2
cpu cores	: 4
apicid		: 4
initial apicid	: 4
fpu		: yes
fpu_exception	: yes
cpuid level	: 13
wp		: yes
flags		: fpu vme de pse tsc msr pae mce cx8 apic sep mtrr pge mca cmov pat pse36 clflush dts acpi mmx fxsr sse sse2 ss ht tm pbe syscall nx rdtscp lm constant_tsc arch_perfmon pebs bts xtopology nonstop_tsc aperfmperf pni pclmulqdq dtes64 monitor ds_cpl vmx smx est tm2 ssse3 cx16 xtpr pdcm pcid sse4_1 sse4_2 x2apic popcnt tsc_deadline_timer aes xsave avx lahf_lm ida arat epb xsaveopt pln pts dts tpr_shadow vnmi flexpriority ept vpid
bogomips	: 4390.33
clflush size	: 64
cache_alignment	: 64
address sizes	: 36 bits physical, 48 bits virtual
power management:

processor	: 5
vendor_id	: GenuineIntel
cpu family	: 6
model		: 42
model name	: Intel(R) Core(TM) i7-2720QM CPU @ 2.20GHz
stepping	: 7
cpu MHz		: 800.000
cache size	: 6144 KB
physical id	: 0
siblings	: 8
core id		: 2
cpu cores	: 4
apicid		: 5
initial apicid	: 5
fpu		: yes
fpu_exception	: yes
cpuid level	: 13
wp		: yes
flags		: fpu vme de pse tsc msr pae mce cx8 apic sep mtrr pge mca cmov pat pse36 clflush dts acpi mmx fxsr sse sse2 ss ht tm pbe syscall nx rdtscp lm constant_tsc arch_perfmon pebs bts xtopology nonstop_tsc aperfmperf pni pclmulqdq dtes64 monitor ds_cpl vmx smx est tm2 ssse3 cx16 xtpr pdcm pcid sse4_1 sse4_2 x2apic popcnt tsc_deadline_timer aes xsave avx lahf_lm ida arat epb xsaveopt pln pts dts tpr_shadow vnmi flexpriority ept vpid
bogomips	: 4390.33
clflush size	: 64
cache_alignment	: 64
address sizes	: 36 bits physical, 48 bits virtual
power management:

processor	: 6
vendor_id	: GenuineIntel
cpu family	: 6
model		: 42
model name	: Intel(R) Core(TM) i7-2720QM CPU @ 2.20GHz
stepping	: 7
cpu MHz		: 800.000
cache size	: 6144 KB
physical id	: 0
siblings	: 8
core id		: 3
cpu cores	: 4
apicid		: 6
initial apicid	: 6
fpu		: yes
fpu_exception	: yes
cpuid level	: 13
wp		: yes
flags		: fpu vme de pse tsc msr pae mce cx8 apic sep mtrr pge mca cmov pat pse36 clflush dts acpi mmx fxsr sse sse2 ss ht tm pbe syscall nx rdtscp lm constant_tsc arch_perfmon pebs bts xtopology nonstop_tsc aperfmperf pni pclmulqdq dtes64 monitor ds_cpl vmx smx est tm2 ssse3 cx16 xtpr pdcm pcid sse4_1 sse4_2 x2apic popcnt tsc_deadline_timer aes xsave avx lahf_lm ida arat epb xsaveopt pln pts dts tpr_shadow vnmi flexpriority ept vpid
bogomips	: 4390.33
clflush size	: 64
cache_alignment	: 64
address sizes	: 36 bits physical, 48 bits virtual
power management:

processor	: 7
vendor_id	: GenuineIntel
cpu family	: 6
model		: 42
model name	: Intel(R) Core(TM) i7-2720QM CPU @ 2.20GHz
stepping	: 7
cpu MHz		: 800.000
cache size	: 6144 KB
physical id	: 0
siblings	: 8
core id		: 3
cpu cores	: 4
apicid		: 7
initial apicid	: 7
fpu		: yes
fpu_exception	: yes
cpuid level	: 13
wp		: yes
flags		: fpu vme de pse tsc msr pae mce cx8 apic sep mtrr pge mca cmov pat pse36 clflush dts acpi mmx fxsr sse sse2 ss ht tm pbe syscall nx rdtscp lm constant_tsc arch_perfmon pebs bts xtopology nonstop_tsc aperfmperf pni pclmulqdq dtes64 monitor ds_cpl vmx smx est tm2 ssse3 cx16 xtpr pdcm pcid sse4_1 sse4_2 x2apic popcnt tsc_deadline_timer aes xsave avx lahf_lm ida arat epb xsaveopt pln pts dts tpr_shadow vnmi flexpriority ept vpid
bogomips	: 4390.33
clflush size	: 64
cache_alignment	: 64
address sizes	: 36 bits physical, 48 bits virtual
power management:



Memory: 4k page, physical 8085320k(5023284k free), swap 16371696k(16371696k free)

vm_info: OpenJDK 64-Bit Server VM (23.2-b09) for linux-amd64 JRE (1.7.0_09-icedtea-mockbuild_2013_01_16_18_52-b00), built on Jan 16 2013 19:00:19 by "mockbuild" with gcc 4.4.6 20120305 (Red Hat 4.4.6-4)

time: Tue Nov 26 21:32:02 2013
elapsed time: 0 seconds

