#
# A fatal error has been detected by the Java Runtime Environment:
#
#  SIGSEGV (0xb) at pc=0x00007f6af501cd52, pid=122281, tid=140097516820224
#
# JRE version: 7.0_09
# Java VM: OpenJDK 64-Bit Server VM (23.2-b09 mixed mode linux-amd64 compressed oops)
# Problematic frame:
# j  java.io.Writer.write(Ljava/lang/String;)V+4
#
# Failed to write core dump. Core dumps have been disabled. To enable core dumping, try "ulimit -c unlimited" before starting Java again
#
# If you would like to submit a bug report, please include
# instructions on how to reproduce the bug and visit:
#   http://icedtea.classpath.org/bugzilla
#

---------------  T H R E A D  ---------------

Current thread (0x00007f6af8007800):  JavaThread "main" [_thread_in_Java, id=122282, stack(0x00007f6afea95000,0x00007f6afeb96000)]

siginfo:si_signo=SIGSEGV: si_errno=0, si_code=1 (SEGV_MAPERR), si_addr=0x00000000fadcad86

Registers:
RAX=0x0000000004000000, RBX=0x000000077a406f98, RCX=0x00000000fadcad86, RDX=0x000000003c800001
RSP=0x00007f6afeb94708, RBP=0x00007f6afeb94770, RSI=0x00007f6afeb94738, RDI=0x00007f6af8007800
R8 =0x0000000000000007, R9 =0x00000000d097a057, R10=0x00007f6affadc680, R11=0x00007f6afeb94478
R12=0x0000000000000000, R13=0x000000077a57edd4, R14=0x00007f6afeb94788, R15=0x00007f6af8007800
RIP=0x00007f6af501cd52, EFLAGS=0x0000000000010206, CSGSFS=0x0000000000000033, ERR=0x0000000000000004
  TRAPNO=0x000000000000000e

Top of Stack: (sp=0x00007f6afeb94708)
0x00007f6afeb94708:   00007f6af50062d4 00000000fadcad86
0x00007f6afeb94718:   0000000000000000 00000000fadcad86
0x00007f6afeb94728:   00000007d6e1cbf0 00007f6afeb94730
0x00007f6afeb94738:   000000077a57edd4 00007f6afeb94788
0x00007f6afeb94748:   000000077a57fec0 0000000000000000
0x00007f6afeb94758:   000000077a57ee00 0000000000000000
0x00007f6afeb94768:   00007f6afeb94780 00007f6afeb947e0
0x00007f6afeb94778:   00007f6af5006158 00000000fadcad86
0x00007f6afeb94788:   00000007d6e1cbf0 0000000000000000
0x00007f6afeb94798:   00000007d6e1a1c0 00007f6afeb94790
0x00007f6afeb947a8:   000000077a57873d 00007f6afeb94808
0x00007f6afeb947b8:   000000077a57bc88 0000000000000000
0x00007f6afeb947c8:   000000077a5787d0 00007f6afeb94780
0x00007f6afeb947d8:   00007f6afeb94800 00007f6afeb94850
0x00007f6afeb947e8:   00007f6af5006158 0000000000000000
0x00007f6afeb947f8:   00000007d6e1a1c0 00000000fadcad86
0x00007f6afeb94808:   00000007d6e1a1c0 00007f6afeb94810
0x00007f6afeb94818:   000000077a579149 00007f6afeb94868
0x00007f6afeb94828:   000000077a57bc88 0000000000000000
0x00007f6afeb94838:   000000077a579170 00007f6afeb94800
0x00007f6afeb94848:   00007f6afeb94860 00007f6afeb948c0
0x00007f6afeb94858:   00007f6af5006158 00000000fadcad86
0x00007f6afeb94868:   00000007d6e1a1c0 0000000000000001
0x00007f6afeb94878:   00000007d6e1a1c0 00007f6afeb94870
0x00007f6afeb94888:   000000077a579d26 00007f6afeb948e8
0x00007f6afeb94898:   000000077a57bc88 0000000000000000
0x00007f6afeb948a8:   000000077a579d60 00007f6afeb94860
0x00007f6afeb948b8:   00007f6afeb948e0 00007f6afeb94930
0x00007f6afeb948c8:   00007f6af5006158 0000000000000000
0x00007f6afeb948d8:   00000007d6e1a1c0 00000000fadcad86
0x00007f6afeb948e8:   00000007d6e1a1c0 00007f6afeb948f0
0x00007f6afeb948f8:   000000077a6bbef2 00007f6afeb94978 

Instructions: (pc=0x00007f6af501cd52)
0x00007f6af501cd32:   ad ff 6a 7f 00 00 49 8b 14 d2 52 41 8b d5 4c 8b
0x00007f6af501cd42:   6d c8 8b c2 81 e0 00 00 00 04 0f 84 31 00 00 00
0x00007f6af501cd52:   48 3b 01 48 8b 45 e0 48 85 c0 0f 84 12 00 00 00
0x00007f6af501cd62:   48 83 40 08 01 48 83 58 08 00 48 83 c0 30 48 89 

Register to memory mapping:

RAX=0x0000000004000000 is an unknown value
RBX=0x000000077a406f98 is an oop
{method} 
 - klass: {other class}
RCX=0x00000000fadcad86 is an unknown value
RDX=0x000000003c800001 is an unknown value
RSP=0x00007f6afeb94708 is pointing into the stack for thread: 0x00007f6af8007800
RBP=0x00007f6afeb94770 is pointing into the stack for thread: 0x00007f6af8007800
RSI=0x00007f6afeb94738 is pointing into the stack for thread: 0x00007f6af8007800
RDI=0x00007f6af8007800 is a thread
R8 =0x0000000000000007 is an unknown value
R9 =0x00000000d097a057 is an unknown value
R10=0x00007f6affadc680: <offset 0xcc2680> in /usr/lib/jvm/java-1.7.0-openjdk-1.7.0.9.x86_64/jre/lib/amd64/server/libjvm.so at 0x00007f6afee1a000
R11=0x00007f6afeb94478 is pointing into the stack for thread: 0x00007f6af8007800
R12=0x0000000000000000 is an unknown value
R13=0x000000077a57edd4 is an oop
{constMethod} 
 - klass: {other class}
 - method:       0x000000077a57ee00 {method} 'write' '(Ljava/lang/String;)V' in 'java/io/Writer'
 - exceptions:   0x000000077a401c58
bci_from(0x77a57edd4) = 4; print_codes():
R14=0x00007f6afeb94788 is pointing into the stack for thread: 0x00007f6af8007800
R15=0x00007f6af8007800 is a thread


Stack: [0x00007f6afea95000,0x00007f6afeb96000],  sp=0x00007f6afeb94708,  free space=1021k
Native frames: (J=compiled Java code, j=interpreted, Vv=VM code, C=native code)
j  java.io.Writer.write(Ljava/lang/String;)V+4
j  java.io.PrintStream.write(Ljava/lang/String;)V+13
j  java.io.PrintStream.print(Ljava/lang/String;)V+9
j  java.io.PrintStream.println(Ljava/lang/String;)V+6
j  Test.main([Ljava/lang/String;)V+322
v  ~StubRoutines::call_stub
V  [libjvm.so+0x53b0ce]  AsyncGetCallTrace+0xd78ae
V  [libjvm.so+0x539d68]  AsyncGetCallTrace+0xd6548
V  [libjvm.so+0x5483e7]  JNI_CreateJavaVM+0x12e7
V  [libjvm.so+0x55d70b]  JNI_CreateJavaVM+0x1660b
C  [libjli.so+0x3a5c]  printf+0x3a5c


---------------  P R O C E S S  ---------------

Java Threads: ( => current thread )
  0x00007f6af8116800 JavaThread "Service Thread" daemon [_thread_blocked, id=122297, stack(0x00007f6aeeb89000,0x00007f6aeec8a000)]
  0x00007f6af8114000 JavaThread "C2 CompilerThread1" daemon [_thread_blocked, id=122296, stack(0x00007f6aeec8a000,0x00007f6aeed8b000)]
  0x00007f6af8111000 JavaThread "C2 CompilerThread0" daemon [_thread_blocked, id=122295, stack(0x00007f6aeed8b000,0x00007f6aeee8c000)]
  0x00007f6af810f000 JavaThread "Signal Dispatcher" daemon [_thread_blocked, id=122294, stack(0x00007f6aeee8c000,0x00007f6aeef8d000)]
  0x00007f6af80b9000 JavaThread "Finalizer" daemon [_thread_blocked, id=122293, stack(0x00007f6aeef8d000,0x00007f6aef08e000)]
  0x00007f6af80b6800 JavaThread "Reference Handler" daemon [_thread_blocked, id=122292, stack(0x00007f6aef08e000,0x00007f6aef18f000)]
=>0x00007f6af8007800 JavaThread "main" [_thread_in_Java, id=122282, stack(0x00007f6afea95000,0x00007f6afeb96000)]

Other Threads:
  0x00007f6af80ae000 VMThread [stack: 0x00007f6aef18f000,0x00007f6aef290000] [id=122291]
  0x00007f6af8121000 WatcherThread [stack: 0x00007f6aeea88000,0x00007f6aeeb89000] [id=122298]

VM state:not at safepoint (normal execution)

VM Mutex/Monitor currently owned by a thread: None

Heap
 PSYoungGen      total 36864K, used 632K [0x00000007d6e00000, 0x00000007d9720000, 0x0000000800000000)
  eden space 31616K, 2% used [0x00000007d6e00000,0x00000007d6e9e1b0,0x00000007d8ce0000)
  from space 5248K, 0% used [0x00000007d9200000,0x00000007d9200000,0x00000007d9720000)
  to   space 5248K, 0% used [0x00000007d8ce0000,0x00000007d8ce0000,0x00000007d9200000)
 ParOldGen       total 84224K, used 0K [0x0000000784a00000, 0x0000000789c40000, 0x00000007d6e00000)
  object space 84224K, 0% used [0x0000000784a00000,0x0000000784a00000,0x0000000789c40000)
 PSPermGen       total 21248K, used 2802K [0x000000077a400000, 0x000000077b8c0000, 0x0000000784a00000)
  object space 21248K, 13% used [0x000000077a400000,0x000000077a6bcb18,0x000000077b8c0000)

Card table byte_map: [0x00007f6afdd3b000,0x00007f6afe16a000] byte_map_base: 0x00007f6afa169000

Polling page: 0x00007f6affb14000

Code Cache  [0x00007f6af5000000, 0x00007f6af5270000, 0x00007f6af8000000)
 total_blobs=165 nmethods=0 adapters=133 free_code_cache=48774Kb largest_free_block=49945408

Compilation events (0 events):
No events

GC Heap History (0 events):
No events

Deoptimization events (0 events):
No events

Internal exceptions (2 events):
Event: 0.022 Thread 0x00007f6af8007800 Threw 0x00000007d6e06138 at /builddir/build/BUILD/java-1.7.0-openjdk/openjdk/hotspot/src/share/vm/prims/jni.cpp:3988
Event: 0.047 Thread 0x00007f6af8007800 Threw 0x00000007d6e515e8 at /builddir/build/BUILD/java-1.7.0-openjdk/openjdk/hotspot/src/share/vm/prims/jvm.cpp:1166

Events (10 events):
Event: 0.049 loading class 0x00007f6af81492b0
Event: 0.049 loading class 0x00007f6af81492b0 done
Event: 0.049 loading class 0x00007f6af813bfe0
Event: 0.049 loading class 0x00007f6af813bfe0 done
Event: 0.049 loading class 0x00007f6af813c010
Event: 0.049 loading class 0x00007f6af813c010 done
Event: 0.049 loading class 0x00007f6af80b07e0
Event: 0.049 loading class 0x00007f6af80b07e0 done
Event: 0.049 loading class 0x00007f6af8064760
Event: 0.049 loading class 0x00007f6af8064760 done


Dynamic libraries:
00400000-00401000 r-xp 00000000 fd:00 3150151                            /usr/lib/jvm/java-1.7.0-openjdk-1.7.0.9.x86_64/jre/bin/java
00600000-00602000 rw-p 00000000 fd:00 3150151                            /usr/lib/jvm/java-1.7.0-openjdk-1.7.0.9.x86_64/jre/bin/java
00987000-009a8000 rw-p 00000000 00:00 0                                  [heap]
77a400000-77b8c0000 rw-p 00000000 00:00 0 
77b8c0000-784a00000 rw-p 00000000 00:00 0 
784a00000-789c40000 rw-p 00000000 00:00 0 
789c40000-7d6e00000 rw-p 00000000 00:00 0 
7d6e00000-7d9720000 rw-p 00000000 00:00 0 
7d9720000-800000000 rw-p 00000000 00:00 0 
38d0800000-38d0820000 r-xp 00000000 fd:00 540203                         /lib64/ld-2.12.so
38d0a1f000-38d0a20000 r--p 0001f000 fd:00 540203                         /lib64/ld-2.12.so
38d0a20000-38d0a21000 rw-p 00020000 fd:00 540203                         /lib64/ld-2.12.so
38d0a21000-38d0a22000 rw-p 00000000 00:00 0 
38d0c00000-38d0c0d000 r-xp 00000000 fd:00 3155877                        /usr/lib/jvm/java-1.7.0-openjdk-1.7.0.9.x86_64/jre/lib/amd64/jli/libjli.so
38d0c0d000-38d0e0c000 ---p 0000d000 fd:00 3155877                        /usr/lib/jvm/java-1.7.0-openjdk-1.7.0.9.x86_64/jre/lib/amd64/jli/libjli.so
38d0e0c000-38d0e0d000 rw-p 0000c000 fd:00 3155877                        /usr/lib/jvm/java-1.7.0-openjdk-1.7.0.9.x86_64/jre/lib/amd64/jli/libjli.so
38d1000000-38d118a000 r-xp 00000000 fd:00 540204                         /lib64/libc-2.12.so
38d118a000-38d1389000 ---p 0018a000 fd:00 540204                         /lib64/libc-2.12.so
38d1389000-38d138d000 r--p 00189000 fd:00 540204                         /lib64/libc-2.12.so
38d138d000-38d138e000 rw-p 0018d000 fd:00 540204                         /lib64/libc-2.12.so
38d138e000-38d1393000 rw-p 00000000 00:00 0 
38d1400000-38d1402000 r-xp 00000000 fd:00 540210                         /lib64/libdl-2.12.so
38d1402000-38d1602000 ---p 00002000 fd:00 540210                         /lib64/libdl-2.12.so
38d1602000-38d1603000 r--p 00002000 fd:00 540210                         /lib64/libdl-2.12.so
38d1603000-38d1604000 rw-p 00003000 fd:00 540210                         /lib64/libdl-2.12.so
38d1800000-38d1817000 r-xp 00000000 fd:00 540205                         /lib64/libpthread-2.12.so
38d1817000-38d1a17000 ---p 00017000 fd:00 540205                         /lib64/libpthread-2.12.so
38d1a17000-38d1a18000 r--p 00017000 fd:00 540205                         /lib64/libpthread-2.12.so
38d1a18000-38d1a19000 rw-p 00018000 fd:00 540205                         /lib64/libpthread-2.12.so
38d1a19000-38d1a1d000 rw-p 00000000 00:00 0 
38d1c00000-38d1c15000 r-xp 00000000 fd:00 540218                         /lib64/libz.so.1.2.3
38d1c15000-38d1e14000 ---p 00015000 fd:00 540218                         /lib64/libz.so.1.2.3
38d1e14000-38d1e15000 r--p 00014000 fd:00 540218                         /lib64/libz.so.1.2.3
38d1e15000-38d1e16000 rw-p 00015000 fd:00 540218                         /lib64/libz.so.1.2.3
38d2000000-38d2007000 r-xp 00000000 fd:00 540206                         /lib64/librt-2.12.so
38d2007000-38d2206000 ---p 00007000 fd:00 540206                         /lib64/librt-2.12.so
38d2206000-38d2207000 r--p 00006000 fd:00 540206                         /lib64/librt-2.12.so
38d2207000-38d2208000 rw-p 00007000 fd:00 540206                         /lib64/librt-2.12.so
38d7400000-38d7416000 r-xp 00000000 fd:00 540219                         /lib64/libgcc_s-4.4.7-20120601.so.1
38d7416000-38d7615000 ---p 00016000 fd:00 540219                         /lib64/libgcc_s-4.4.7-20120601.so.1
38d7615000-38d7616000 rw-p 00015000 fd:00 540219                         /lib64/libgcc_s-4.4.7-20120601.so.1
38d7800000-38d78e8000 r-xp 00000000 fd:00 2625597                        /usr/lib64/libstdc++.so.6.0.13
38d78e8000-38d7ae8000 ---p 000e8000 fd:00 2625597                        /usr/lib64/libstdc++.so.6.0.13
38d7ae8000-38d7aef000 r--p 000e8000 fd:00 2625597                        /usr/lib64/libstdc++.so.6.0.13
38d7aef000-38d7af1000 rw-p 000ef000 fd:00 2625597                        /usr/lib64/libstdc++.so.6.0.13
38d7af1000-38d7b06000 rw-p 00000000 00:00 0 
7f6a88000000-7f6a88021000 rw-p 00000000 00:00 0 
7f6a88021000-7f6a8c000000 ---p 00000000 00:00 0 
7f6a90000000-7f6a90021000 rw-p 00000000 00:00 0 
7f6a90021000-7f6a94000000 ---p 00000000 00:00 0 
7f6a94000000-7f6a94021000 rw-p 00000000 00:00 0 
7f6a94021000-7f6a98000000 ---p 00000000 00:00 0 
7f6a98000000-7f6a98021000 rw-p 00000000 00:00 0 
7f6a98021000-7f6a9c000000 ---p 00000000 00:00 0 
7f6a9e16f000-7f6aa4000000 r--p 00000000 fd:00 2622709                    /usr/lib/locale/locale-archive
7f6aa4000000-7f6aa4021000 rw-p 00000000 00:00 0 
7f6aa4021000-7f6aa8000000 ---p 00000000 00:00 0 
7f6aa8000000-7f6aa8021000 rw-p 00000000 00:00 0 
7f6aa8021000-7f6aac000000 ---p 00000000 00:00 0 
7f6aac000000-7f6aac021000 rw-p 00000000 00:00 0 
7f6aac021000-7f6ab0000000 ---p 00000000 00:00 0 
7f6ab3d20000-7f6ab8000000 rw-p 00000000 00:00 0 
7f6ab8000000-7f6ab8021000 rw-p 00000000 00:00 0 
7f6ab8021000-7f6abc000000 ---p 00000000 00:00 0 
7f6abc000000-7f6abc021000 rw-p 00000000 00:00 0 
7f6abc021000-7f6ac0000000 ---p 00000000 00:00 0 
7f6ac0000000-7f6ac0021000 rw-p 00000000 00:00 0 
7f6ac0021000-7f6ac4000000 ---p 00000000 00:00 0 
7f6ac8000000-7f6ac8021000 rw-p 00000000 00:00 0 
7f6ac8021000-7f6acc000000 ---p 00000000 00:00 0 
7f6ad0000000-7f6ad0021000 rw-p 00000000 00:00 0 
7f6ad0021000-7f6ad4000000 ---p 00000000 00:00 0 
7f6ad8000000-7f6ad8021000 rw-p 00000000 00:00 0 
7f6ad8021000-7f6adc000000 ---p 00000000 00:00 0 
7f6ae0000000-7f6ae0021000 rw-p 00000000 00:00 0 
7f6ae0021000-7f6ae4000000 ---p 00000000 00:00 0 
7f6ae8000000-7f6ae8021000 rw-p 00000000 00:00 0 
7f6ae8021000-7f6aec000000 ---p 00000000 00:00 0 
7f6aeea88000-7f6aeea89000 ---p 00000000 00:00 0 
7f6aeea89000-7f6aeeb89000 rw-p 00000000 00:00 0 
7f6aeeb89000-7f6aeeb8c000 ---p 00000000 00:00 0 
7f6aeeb8c000-7f6aeec8a000 rw-p 00000000 00:00 0 
7f6aeec8a000-7f6aeec8d000 ---p 00000000 00:00 0 
7f6aeec8d000-7f6aeed8b000 rw-p 00000000 00:00 0 
7f6aeed8b000-7f6aeed8e000 ---p 00000000 00:00 0 
7f6aeed8e000-7f6aeee8c000 rw-p 00000000 00:00 0 
7f6aeee8c000-7f6aeee8f000 ---p 00000000 00:00 0 
7f6aeee8f000-7f6aeef8d000 rw-p 00000000 00:00 0 
7f6aeef8d000-7f6aeef90000 ---p 00000000 00:00 0 
7f6aeef90000-7f6aef08e000 rw-p 00000000 00:00 0 
7f6aef08e000-7f6aef091000 ---p 00000000 00:00 0 
7f6aef091000-7f6aef18f000 rw-p 00000000 00:00 0 
7f6aef18f000-7f6aef190000 ---p 00000000 00:00 0 
7f6aef190000-7f6af0000000 rw-p 00000000 00:00 0 
7f6af0000000-7f6af0021000 rw-p 00000000 00:00 0 
7f6af0021000-7f6af4000000 ---p 00000000 00:00 0 
7f6af4058000-7f6af4e55000 rw-p 00000000 00:00 0 
7f6af4e55000-7f6af5000000 r--s 03e6b000 fd:00 3150162                    /usr/lib/jvm/java-1.7.0-openjdk-1.7.0.9.x86_64/jre/lib/rt.jar
7f6af5000000-7f6af5270000 rwxp 00000000 00:00 0 
7f6af5270000-7f6af8151000 rw-p 00000000 00:00 0 
7f6af8151000-7f6afc000000 ---p 00000000 00:00 0 
7f6afc02b000-7f6afd24e000 rw-p 00000000 00:00 0 
7f6afd24e000-7f6afd24f000 ---p 00000000 00:00 0 
7f6afd24f000-7f6afd34f000 rw-p 00000000 00:00 0 
7f6afd34f000-7f6afd350000 ---p 00000000 00:00 0 
7f6afd350000-7f6afd450000 rw-p 00000000 00:00 0 
7f6afd450000-7f6afd451000 ---p 00000000 00:00 0 
7f6afd451000-7f6afd551000 rw-p 00000000 00:00 0 
7f6afd551000-7f6afd552000 ---p 00000000 00:00 0 
7f6afd552000-7f6afd652000 rw-p 00000000 00:00 0 
7f6afd652000-7f6afd653000 ---p 00000000 00:00 0 
7f6afd653000-7f6afd753000 rw-p 00000000 00:00 0 
7f6afd753000-7f6afd754000 ---p 00000000 00:00 0 
7f6afd754000-7f6afd854000 rw-p 00000000 00:00 0 
7f6afd854000-7f6afd855000 ---p 00000000 00:00 0 
7f6afd855000-7f6afd955000 rw-p 00000000 00:00 0 
7f6afd955000-7f6afd956000 ---p 00000000 00:00 0 
7f6afd956000-7f6afda61000 rw-p 00000000 00:00 0 
7f6afda61000-7f6afdaa9000 rw-p 00000000 00:00 0 
7f6afdaa9000-7f6afdad3000 rw-p 00000000 00:00 0 
7f6afdad3000-7f6afdd3b000 rw-p 00000000 00:00 0 
7f6afdd3b000-7f6afdd46000 rw-p 00000000 00:00 0 
7f6afdd46000-7f6afdd8e000 rw-p 00000000 00:00 0 
7f6afdd8e000-7f6afddb8000 rw-p 00000000 00:00 0 
7f6afddb8000-7f6afe020000 rw-p 00000000 00:00 0 
7f6afe020000-7f6afe035000 rw-p 00000000 00:00 0 
7f6afe035000-7f6afe169000 rw-p 00000000 00:00 0 
7f6afe169000-7f6afe174000 rw-p 00000000 00:00 0 
7f6afe174000-7f6afe22a000 rw-p 00000000 00:00 0 
7f6afe22a000-7f6afe232000 r-xp 00000000 fd:00 3150122                    /usr/lib/jvm/java-1.7.0-openjdk-1.7.0.9.x86_64/jre/lib/amd64/libzip.so
7f6afe232000-7f6afe431000 ---p 00008000 fd:00 3150122                    /usr/lib/jvm/java-1.7.0-openjdk-1.7.0.9.x86_64/jre/lib/amd64/libzip.so
7f6afe431000-7f6afe432000 rw-p 00007000 fd:00 3150122                    /usr/lib/jvm/java-1.7.0-openjdk-1.7.0.9.x86_64/jre/lib/amd64/libzip.so
7f6afe432000-7f6afe43e000 r-xp 00000000 fd:00 524318                     /lib64/libnss_files-2.12.so
7f6afe43e000-7f6afe63e000 ---p 0000c000 fd:00 524318                     /lib64/libnss_files-2.12.so
7f6afe63e000-7f6afe63f000 r--p 0000c000 fd:00 524318                     /lib64/libnss_files-2.12.so
7f6afe63f000-7f6afe640000 rw-p 0000d000 fd:00 524318                     /lib64/libnss_files-2.12.so
7f6afe65c000-7f6afe685000 r-xp 00000000 fd:00 3150099                    /usr/lib/jvm/java-1.7.0-openjdk-1.7.0.9.x86_64/jre/lib/amd64/libjava.so
7f6afe685000-7f6afe884000 ---p 00029000 fd:00 3150099                    /usr/lib/jvm/java-1.7.0-openjdk-1.7.0.9.x86_64/jre/lib/amd64/libjava.so
7f6afe884000-7f6afe886000 rw-p 00028000 fd:00 3150099                    /usr/lib/jvm/java-1.7.0-openjdk-1.7.0.9.x86_64/jre/lib/amd64/libjava.so
7f6afe886000-7f6afe893000 r-xp 00000000 fd:00 3150121                    /usr/lib/jvm/java-1.7.0-openjdk-1.7.0.9.x86_64/jre/lib/amd64/libverify.so
7f6afe893000-7f6afea93000 ---p 0000d000 fd:00 3150121                    /usr/lib/jvm/java-1.7.0-openjdk-1.7.0.9.x86_64/jre/lib/amd64/libverify.so
7f6afea93000-7f6afea95000 rw-p 0000d000 fd:00 3150121                    /usr/lib/jvm/java-1.7.0-openjdk-1.7.0.9.x86_64/jre/lib/amd64/libverify.so
7f6afea95000-7f6afea98000 ---p 00000000 00:00 0 
7f6afea98000-7f6afeb96000 rw-p 00000000 00:00 0 
7f6afeb96000-7f6afec19000 r-xp 00000000 fd:00 540216                     /lib64/libm-2.12.so
7f6afec19000-7f6afee18000 ---p 00083000 fd:00 540216                     /lib64/libm-2.12.so
7f6afee18000-7f6afee19000 r--p 00082000 fd:00 540216                     /lib64/libm-2.12.so
7f6afee19000-7f6afee1a000 rw-p 00083000 fd:00 540216                     /lib64/libm-2.12.so
7f6afee1a000-7f6aff82a000 r-xp 00000000 fd:00 3150126                    /usr/lib/jvm/java-1.7.0-openjdk-1.7.0.9.x86_64/jre/lib/amd64/server/libjvm.so
7f6aff82a000-7f6affa2a000 ---p 00a10000 fd:00 3150126                    /usr/lib/jvm/java-1.7.0-openjdk-1.7.0.9.x86_64/jre/lib/amd64/server/libjvm.so
7f6affa2a000-7f6affacb000 rw-p 00a10000 fd:00 3150126                    /usr/lib/jvm/java-1.7.0-openjdk-1.7.0.9.x86_64/jre/lib/amd64/server/libjvm.so
7f6affacb000-7f6affaf9000 rw-p 00000000 00:00 0 
7f6affafd000-7f6affaff000 rw-p 00000000 00:00 0 
7f6affaff000-7f6affb08000 r--s 00066000 fd:00 6129                       /usr/lib/jvm/java-1.7.0-openjdk-1.7.0.9.x86_64/jre/lib/ext/gnome-java-bridge.jar
7f6affb08000-7f6affb0b000 r--s 0000f000 fd:00 6132                       /usr/lib/jvm/java-1.7.0-openjdk-1.7.0.9.x86_64/jre/lib/ext/pulse-java.jar
7f6affb0b000-7f6affb13000 rw-s 00000000 fd:00 399717                     /tmp/hsperfdata_michael/122281
7f6affb13000-7f6affb14000 rw-p 00000000 00:00 0 
7f6affb14000-7f6affb15000 r--p 00000000 00:00 0 
7f6affb15000-7f6affb16000 rw-p 00000000 00:00 0 
7fff4d2e2000-7fff4d2f7000 rw-p 00000000 00:00 0                          [stack]
7fff4d3fd000-7fff4d3fe000 r-xp 00000000 00:00 0                          [vdso]
ffffffffff600000-ffffffffff601000 r-xp 00000000 00:00 0                  [vsyscall]

VM Arguments:
jvm_args: -Xverify:none 
java_command: Test
Launcher Type: SUN_STANDARD

Environment Variables:
JAVA_HOME=/usr/java/jdk1.7.0_45
PATH=/usr/lib64/qt-3.3/bin:/usr/local/bin:/usr/bin:/bin:/usr/games:/usr/local/sbin:/usr/sbin:/sbin:/home/michael/lib/hadoop-2.2.0/bin:/home/michael/lib/hadoop-2.2.0/etc/hadoop:/home/michael/lib/apache-maven-3.0.5/bin:/home/michael/lib/findbugs-2.0.3-rcl/bin:/home/michael/bin:/home/michael/lib/hadoop-2.2.0/bin:/home/michael/lib/hadoop-2.2.0/etc/hadoop:/home/michael/lib/apache-maven-3.0.5/bin:/home/michael/lib/findbugs-2.0.3-rcl/bin
SHELL=/bin/bash
DISPLAY=:0

Signal Handlers:
SIGSEGV: [libjvm.so+0x872c40], sa_mask[0]=0x7ffbfeff, sa_flags=0x10000004
SIGBUS: [libjvm.so+0x872c40], sa_mask[0]=0x7ffbfeff, sa_flags=0x10000004
SIGFPE: [libjvm.so+0x71ac80], sa_mask[0]=0x7ffbfeff, sa_flags=0x10000004
SIGPIPE: [libjvm.so+0x71ac80], sa_mask[0]=0x7ffbfeff, sa_flags=0x10000004
SIGXFSZ: [libjvm.so+0x71ac80], sa_mask[0]=0x7ffbfeff, sa_flags=0x10000004
SIGILL: [libjvm.so+0x71ac80], sa_mask[0]=0x7ffbfeff, sa_flags=0x10000004
SIGUSR1: SIG_DFL, sa_mask[0]=0x00000000, sa_flags=0x00000000
SIGUSR2: [libjvm.so+0x71a7a0], sa_mask[0]=0x00000000, sa_flags=0x10000004
SIGHUP: [libjvm.so+0x71d760], sa_mask[0]=0x7ffbfeff, sa_flags=0x10000004
SIGINT: [libjvm.so+0x71d760], sa_mask[0]=0x7ffbfeff, sa_flags=0x10000004
SIGTERM: [libjvm.so+0x71d760], sa_mask[0]=0x7ffbfeff, sa_flags=0x10000004
SIGQUIT: [libjvm.so+0x71d760], sa_mask[0]=0x7ffbfeff, sa_flags=0x10000004


---------------  S Y S T E M  ---------------

OS:CentOS release 6.4 (Final)

uname:Linux 2.6.32-358.el6.x86_64 #1 SMP Fri Feb 22 00:31:26 UTC 2013 x86_64
libc:glibc 2.12 NPTL 2.12 
rlimit: STACK 10240k, CORE 0k, NPROC 65536, NOFILE 65536, AS infinity
load average:0.48 0.49 0.44

/proc/meminfo:
MemTotal:        8085320 kB
MemFree:         4551656 kB
Buffers:           28656 kB
Cached:          1676612 kB
SwapCached:            0 kB
Active:          2099008 kB
Inactive:        1054688 kB
Active(anon):    1491232 kB
Inactive(anon):    83008 kB
Active(file):     607776 kB
Inactive(file):   971680 kB
Unevictable:          16 kB
Mlocked:              16 kB
SwapTotal:      16371696 kB
SwapFree:       16371696 kB
Dirty:              2532 kB
Writeback:             0 kB
AnonPages:       1440336 kB
Mapped:           163684 kB
Shmem:            125820 kB
Slab:             228016 kB
SReclaimable:     175524 kB
SUnreclaim:        52492 kB
KernelStack:        4752 kB
PageTables:        41552 kB
NFS_Unstable:          0 kB
Bounce:                0 kB
WritebackTmp:          0 kB
CommitLimit:    20414356 kB
Committed_AS:    4164480 kB
VmallocTotal:   34359738367 kB
VmallocUsed:      450180 kB
VmallocChunk:   34359255484 kB
HardwareCorrupted:     0 kB
AnonHugePages:    763904 kB
HugePages_Total:       0
HugePages_Free:        0
HugePages_Rsvd:        0
HugePages_Surp:        0
Hugepagesize:       2048 kB
DirectMap4k:       10236 kB
DirectMap2M:     8273920 kB


CPU:total 8 (4 cores per cpu, 2 threads per core) family 6 model 42 stepping 7, cmov, cx8, fxsr, mmx, sse, sse2, sse3, ssse3, sse4.1, sse4.2, popcnt, avx, ht, tsc, tscinvbit

/proc/cpuinfo:
processor	: 0
vendor_id	: GenuineIntel
cpu family	: 6
model		: 42
model name	: Intel(R) Core(TM) i7-2720QM CPU @ 2.20GHz
stepping	: 7
cpu MHz		: 800.000
cache size	: 6144 KB
physical id	: 0
siblings	: 8
core id		: 0
cpu cores	: 4
apicid		: 0
initial apicid	: 0
fpu		: yes
fpu_exception	: yes
cpuid level	: 13
wp		: yes
flags		: fpu vme de pse tsc msr pae mce cx8 apic sep mtrr pge mca cmov pat pse36 clflush dts acpi mmx fxsr sse sse2 ss ht tm pbe syscall nx rdtscp lm constant_tsc arch_perfmon pebs bts xtopology nonstop_tsc aperfmperf pni pclmulqdq dtes64 monitor ds_cpl vmx smx est tm2 ssse3 cx16 xtpr pdcm pcid sse4_1 sse4_2 x2apic popcnt tsc_deadline_timer aes xsave avx lahf_lm ida arat epb xsaveopt pln pts dts tpr_shadow vnmi flexpriority ept vpid
bogomips	: 4389.80
clflush size	: 64
cache_alignment	: 64
address sizes	: 36 bits physical, 48 bits virtual
power management:

processor	: 1
vendor_id	: GenuineIntel
cpu family	: 6
model		: 42
model name	: Intel(R) Core(TM) i7-2720QM CPU @ 2.20GHz
stepping	: 7
cpu MHz		: 2201.000
cache size	: 6144 KB
physical id	: 0
siblings	: 8
core id		: 0
cpu cores	: 4
apicid		: 1
initial apicid	: 1
fpu		: yes
fpu_exception	: yes
cpuid level	: 13
wp		: yes
flags		: fpu vme de pse tsc msr pae mce cx8 apic sep mtrr pge mca cmov pat pse36 clflush dts acpi mmx fxsr sse sse2 ss ht tm pbe syscall nx rdtscp lm constant_tsc arch_perfmon pebs bts xtopology nonstop_tsc aperfmperf pni pclmulqdq dtes64 monitor ds_cpl vmx smx est tm2 ssse3 cx16 xtpr pdcm pcid sse4_1 sse4_2 x2apic popcnt tsc_deadline_timer aes xsave avx lahf_lm ida arat epb xsaveopt pln pts dts tpr_shadow vnmi flexpriority ept vpid
bogomips	: 4389.80
clflush size	: 64
cache_alignment	: 64
address sizes	: 36 bits physical, 48 bits virtual
power management:

processor	: 2
vendor_id	: GenuineIntel
cpu family	: 6
model		: 42
model name	: Intel(R) Core(TM) i7-2720QM CPU @ 2.20GHz
stepping	: 7
cpu MHz		: 800.000
cache size	: 6144 KB
physical id	: 0
siblings	: 8
core id		: 1
cpu cores	: 4
apicid		: 2
initial apicid	: 2
fpu		: yes
fpu_exception	: yes
cpuid level	: 13
wp		: yes
flags		: fpu vme de pse tsc msr pae mce cx8 apic sep mtrr pge mca cmov pat pse36 clflush dts acpi mmx fxsr sse sse2 ss ht tm pbe syscall nx rdtscp lm constant_tsc arch_perfmon pebs bts xtopology nonstop_tsc aperfmperf pni pclmulqdq dtes64 monitor ds_cpl vmx smx est tm2 ssse3 cx16 xtpr pdcm pcid sse4_1 sse4_2 x2apic popcnt tsc_deadline_timer aes xsave avx lahf_lm ida arat epb xsaveopt pln pts dts tpr_shadow vnmi flexpriority ept vpid
bogomips	: 4389.80
clflush size	: 64
cache_alignment	: 64
address sizes	: 36 bits physical, 48 bits virtual
power management:

processor	: 3
vendor_id	: GenuineIntel
cpu family	: 6
model		: 42
model name	: Intel(R) Core(TM) i7-2720QM CPU @ 2.20GHz
stepping	: 7
cpu MHz		: 800.000
cache size	: 6144 KB
physical id	: 0
siblings	: 8
core id		: 1
cpu cores	: 4
apicid		: 3
initial apicid	: 3
fpu		: yes
fpu_exception	: yes
cpuid level	: 13
wp		: yes
flags		: fpu vme de pse tsc msr pae mce cx8 apic sep mtrr pge mca cmov pat pse36 clflush dts acpi mmx fxsr sse sse2 ss ht tm pbe syscall nx rdtscp lm constant_tsc arch_perfmon pebs bts xtopology nonstop_tsc aperfmperf pni pclmulqdq dtes64 monitor ds_cpl vmx smx est tm2 ssse3 cx16 xtpr pdcm pcid sse4_1 sse4_2 x2apic popcnt tsc_deadline_timer aes xsave avx lahf_lm ida arat epb xsaveopt pln pts dts tpr_shadow vnmi flexpriority ept vpid
bogomips	: 4389.80
clflush size	: 64
cache_alignment	: 64
address sizes	: 36 bits physical, 48 bits virtual
power management:

processor	: 4
vendor_id	: GenuineIntel
cpu family	: 6
model		: 42
model name	: Intel(R) Core(TM) i7-2720QM CPU @ 2.20GHz
stepping	: 7
cpu MHz		: 800.000
cache size	: 6144 KB
physical id	: 0
siblings	: 8
core id		: 2
cpu cores	: 4
apicid		: 4
initial apicid	: 4
fpu		: yes
fpu_exception	: yes
cpuid level	: 13
wp		: yes
flags		: fpu vme de pse tsc msr pae mce cx8 apic sep mtrr pge mca cmov pat pse36 clflush dts acpi mmx fxsr sse sse2 ss ht tm pbe syscall nx rdtscp lm constant_tsc arch_perfmon pebs bts xtopology nonstop_tsc aperfmperf pni pclmulqdq dtes64 monitor ds_cpl vmx smx est tm2 ssse3 cx16 xtpr pdcm pcid sse4_1 sse4_2 x2apic popcnt tsc_deadline_timer aes xsave avx lahf_lm ida arat epb xsaveopt pln pts dts tpr_shadow vnmi flexpriority ept vpid
bogomips	: 4389.80
clflush size	: 64
cache_alignment	: 64
address sizes	: 36 bits physical, 48 bits virtual
power management:

processor	: 5
vendor_id	: GenuineIntel
cpu family	: 6
model		: 42
model name	: Intel(R) Core(TM) i7-2720QM CPU @ 2.20GHz
stepping	: 7
cpu MHz		: 800.000
cache size	: 6144 KB
physical id	: 0
siblings	: 8
core id		: 2
cpu cores	: 4
apicid		: 5
initial apicid	: 5
fpu		: yes
fpu_exception	: yes
cpuid level	: 13
wp		: yes
flags		: fpu vme de pse tsc msr pae mce cx8 apic sep mtrr pge mca cmov pat pse36 clflush dts acpi mmx fxsr sse sse2 ss ht tm pbe syscall nx rdtscp lm constant_tsc arch_perfmon pebs bts xtopology nonstop_tsc aperfmperf pni pclmulqdq dtes64 monitor ds_cpl vmx smx est tm2 ssse3 cx16 xtpr pdcm pcid sse4_1 sse4_2 x2apic popcnt tsc_deadline_timer aes xsave avx lahf_lm ida arat epb xsaveopt pln pts dts tpr_shadow vnmi flexpriority ept vpid
bogomips	: 4389.80
clflush size	: 64
cache_alignment	: 64
address sizes	: 36 bits physical, 48 bits virtual
power management:

processor	: 6
vendor_id	: GenuineIntel
cpu family	: 6
model		: 42
model name	: Intel(R) Core(TM) i7-2720QM CPU @ 2.20GHz
stepping	: 7
cpu MHz		: 800.000
cache size	: 6144 KB
physical id	: 0
siblings	: 8
core id		: 3
cpu cores	: 4
apicid		: 6
initial apicid	: 6
fpu		: yes
fpu_exception	: yes
cpuid level	: 13
wp		: yes
flags		: fpu vme de pse tsc msr pae mce cx8 apic sep mtrr pge mca cmov pat pse36 clflush dts acpi mmx fxsr sse sse2 ss ht tm pbe syscall nx rdtscp lm constant_tsc arch_perfmon pebs bts xtopology nonstop_tsc aperfmperf pni pclmulqdq dtes64 monitor ds_cpl vmx smx est tm2 ssse3 cx16 xtpr pdcm pcid sse4_1 sse4_2 x2apic popcnt tsc_deadline_timer aes xsave avx lahf_lm ida arat epb xsaveopt pln pts dts tpr_shadow vnmi flexpriority ept vpid
bogomips	: 4389.80
clflush size	: 64
cache_alignment	: 64
address sizes	: 36 bits physical, 48 bits virtual
power management:

processor	: 7
vendor_id	: GenuineIntel
cpu family	: 6
model		: 42
model name	: Intel(R) Core(TM) i7-2720QM CPU @ 2.20GHz
stepping	: 7
cpu MHz		: 2201.000
cache size	: 6144 KB
physical id	: 0
siblings	: 8
core id		: 3
cpu cores	: 4
apicid		: 7
initial apicid	: 7
fpu		: yes
fpu_exception	: yes
cpuid level	: 13
wp		: yes
flags		: fpu vme de pse tsc msr pae mce cx8 apic sep mtrr pge mca cmov pat pse36 clflush dts acpi mmx fxsr sse sse2 ss ht tm pbe syscall nx rdtscp lm constant_tsc arch_perfmon pebs bts xtopology nonstop_tsc aperfmperf pni pclmulqdq dtes64 monitor ds_cpl vmx smx est tm2 ssse3 cx16 xtpr pdcm pcid sse4_1 sse4_2 x2apic popcnt tsc_deadline_timer aes xsave avx lahf_lm ida arat epb xsaveopt pln pts dts tpr_shadow vnmi flexpriority ept vpid
bogomips	: 4389.80
clflush size	: 64
cache_alignment	: 64
address sizes	: 36 bits physical, 48 bits virtual
power management:



Memory: 4k page, physical 8085320k(4551656k free), swap 16371696k(16371696k free)

vm_info: OpenJDK 64-Bit Server VM (23.2-b09) for linux-amd64 JRE (1.7.0_09-icedtea-mockbuild_2013_01_16_18_52-b00), built on Jan 16 2013 19:00:19 by "mockbuild" with gcc 4.4.6 20120305 (Red Hat 4.4.6-4)

time: Sat Nov 23 23:11:33 2013
elapsed time: 0 seconds

