#
# A fatal error has been detected by the Java Runtime Environment:
#
#  SIGSEGV (0xb) at pc=0x00007fedc1014b2b, pid=107792, tid=140659268695808
#
# JRE version: 7.0_09
# Java VM: OpenJDK 64-Bit Server VM (23.2-b09 mixed mode linux-amd64 compressed oops)
# Problematic frame:
# j  Test.main([Ljava/lang/String;)V+408
#
# Failed to write core dump. Core dumps have been disabled. To enable core dumping, try "ulimit -c unlimited" before starting Java again
#
# If you would like to submit a bug report, please include
# instructions on how to reproduce the bug and visit:
#   http://icedtea.classpath.org/bugzilla
#

---------------  T H R E A D  ---------------

Current thread (0x00007fedc4007800):  JavaThread "main" [_thread_in_Java, id=107793, stack(0x00007fedc9aeb000,0x00007fedc9bec000)]

siginfo:si_signo=SIGSEGV: si_errno=0, si_code=1 (SEGV_MAPERR), si_addr=0x0000000700000163

Registers:
RAX=0x0000000000000000, RBX=0x0000000000000032, RCX=0x000000077a6bb9f0, RDX=0x0000000700000157
RSP=0x00007fedc9bea8c8, RBP=0x00007fedc9bea918, RSI=0x00007fedc9bea878, RDI=0x00007fedc1006158
R8 =0x00007fedc9be8310, R9 =0x00000007d6e174c8, R10=0x00007fedcab36740, R11=0x00007fedc9bea400
R12=0x0000000000000000, R13=0x000000077a6bc046, R14=0x00007fedc9bea978, R15=0x00007fedc4007800
RIP=0x00007fedc1014b2b, EFLAGS=0x0000000000010216, CSGSFS=0x0000000000000033, ERR=0x0000000000000004
  TRAPNO=0x000000000000000e

Top of Stack: (sp=0x00007fedc9bea8c8)
0x00007fedc9bea8c8:   00000007d6e1a1c0 00000007d6e58f58
0x00007fedc9bea8d8:   00007fedc9bea8d8 000000077a6bc038
0x00007fedc9bea8e8:   00007fedc9bea978 000000077a6bc320
0x00007fedc9bea8f8:   0000000000000000 000000077a6bc050
0x00007fedc9bea908:   0000000000000000 00007fedc9bea978
0x00007fedc9bea918:   00007fedc9bea9e0 00007fedc10004f7
0x00007fedc9bea928:   00000007d6e58978 00000007d6e573d0
0x00007fedc9bea938:   00000007d6e58e80 0000000700000157
0x00007fedc9bea948:   00000007d6e571a0 00000007d6e56f30
0x00007fedc9bea958:   0000000000000157 0000000000000000
0x00007fedc9bea968:   000000000000008c 0000000000000000
0x00007fedc9bea978:   00000007d6e56108 00007fed00001fa0
0x00007fedc9bea988:   00007fedc9beaa60 00007fedc9beace0
0x00007fedc9bea998:   00007fedc4007800 00007fedc9beab40
0x00007fedc9bea9a8:   00007fedc4008360 00007fedc9beaa20
0x00007fedc9bea9b8:   00007fedc9beace8 00007fed0000000a
0x00007fedc9bea9c8:   000000077a6bc050 00007fedc10103a0
0x00007fedc9bea9d8:   00007fedc9beab48 00007fedc9beaac0
0x00007fedc9bea9e8:   00007fedca3ab0ce 00007fed00000001
0x00007fedc9bea9f8:   00007fedc4007800 0000000a00000003
0x00007fedc9beaa08:   00007fedc10103a0 00007fedc9beaa20
0x00007fedc9beaa18:   00007fedc10103a0 00007fedc4007800
0x00007fedc9beaa28:   00007fedc4009150 000000077a6bc050
0x00007fedc9beaa38:   0000000000000000 0000000000000000
0x00007fedc9beaa48:   0000000000000000 0000000000000000
0x00007fedc9beaa58:   00007fedc9beace0 00007fedc4007800
0x00007fedc9beaa68:   00007fedc4006ab0 00007fedc4008350
0x00007fedc9beaa78:   00007fedc4008368 00007fedc4008738
0x00007fedc9beaa88:   00007fedc4006ae0 00007fedc9beaae0
0x00007fedc9beaa98:   00007fedc9beac60 00007fedc4006a40
0x00007fedc9beaaa8:   00007fedc4008360 00007fedc40064f0
0x00007fedc9beaab8:   00007fedc4007800 00007fedc9beaae0 

Instructions: (pc=0x00007fedc1014b2b)
0x00007fedc1014b0b:   ca ed 7f 00 00 32 00 00 00 00 00 00 00 00 00 00
0x00007fedc1014b1b:   00 00 00 00 00 8b 04 24 48 83 c4 08 5a 48 63 c0
0x00007fedc1014b2b:   3b 42 0c 8b d8 0f 83 2a b4 ff ff 8b 44 82 10 48
0x00007fedc1014b3b:   c1 e0 03 41 0f b6 5d 01 49 ff c5 49 ba 40 5f b3 

Register to memory mapping:

RAX=0x0000000000000000 is an unknown value
RBX=0x0000000000000032 is an unknown value
RCX=0x000000077a6bb9f0 is an oop
{constant pool} 
 - klass: {other class}
 - holder: 0x000000077a6bc0d8
 - cache: 0x000000077a6bc320
 -   1 :  : 'java/lang/Object'
 -   2 :  : 'java/lang/Object' {0x77a402d78}
 -   3 :  : '<init>'
 -   4 :  : '()V'
 -   5 :  : name_index=3 signature_index=4
 -   6 :  : klass_index=2 name_and_type_index=5
 -   7 :  : 'Code'
 -   8 :  : 'java/lang/System'
 -   9 :  : 'out'
 -  10 :  : 'Ljava/io/PrintStream;'
 -  11 :  : name_index=9 signature_index=10
 -  12 :  : 'java/lang/System' {0x77a424f70}
 -  13 :  : klass_index=12 name_and_type_index=11
 -  14 :  : 'java/io/PrintStream'
 -  15 :  : 'println'
 -  16 :  : '(I)V'
 -  17 :  : name_index=15 signature_index=16
 -  18 :  : 'java/io/PrintStream' {0x77a57b738}
 -  19 :  : klass_index=18 name_and_type_index=17
 -  20 :  : '(Z)V'
 -  21 :  : name_index=15 signature_index=20
 -  22 :  : klass_index=18 name_and_type_index=21
 -  23 :  : '(Ljava/lang/String;)V'
 -  24 :  : name_index=15 signature_index=23
 -  25 :  : klass_index=18 name_and_type_index=24
 -  26 :  : 42
 -  27 :  : '--- Inside Class Constructor 0 ---'
 -  28 :  : "--- Inside Class Constructor 0 ---" {0x7d6e573e0}
 -  29 :  : 'main'
 -  30 :  : '([Ljava/lang/String;)V'
 -  31 :  : '$$$ Testing println stuff: $$$'
 -  32 :  : "$$$ Testing println stuff: $$$" {0x7d6e56358}
 -  33 :  : 'testing'
 -  34 :  : "testing" {0x7d6e56680}
 -  35 :  : 'null'
 -  36 :  : "null" {0x7d6e034f8}
 -  37 :  : '$$$ Testing Operators: $$$'
 -  38 :  : "$$$ Testing Operators: $$$" {0x7d6e56900}
 -  39 :  : 1
 -  40 :  : 2
 -  41 :  : 4
 -  42 :  : 7
 -  43 :  : 49
 -  44 :  : 6
 -  45 :  : 5
 -  46 :  : 3
 -  47 :  : '$$$ Testing Assignment: $$$'
 -  48 :  : "$$$ Testing Assignment: $$$" {0x7d6e56e40}
 -  49 :  : 88
 -  50 :  : 'fail'
 -  51 :  : "fail" {0x7d6e56f00}
 -  52 :  : 152
 -  53 :  : 12
 -  54 :  : 'testMe'
 -  55 :  : "testMe" {0x7d6e56f30}
 -  56 :  : '$$$ Testing arrays: $$$'
 -  57 :  : "$$$ Testing arrays: $$$" {0x7d6e570e8}
 -  58 :  : 'java/lang/String'
 -  59 :  : 'java/lang/String' {0x77a40ce18}
 -  60 :  : 'seven'
 -  61 :  : "seven" {0x7d6e57280}
 -  62 :  : '$$$ Testing objects: $$$'
 -  63 :  : "$$$ Testing objects: $$$" {0x7d6e57318}
 -  64 :  : 'Test'
 -  65 :  : 'Test' {0x77a6bc0d8}
 -  66 :  : klass_index=65 name_and_type_index=5
 -  67 :  : 'Test2'
 -  68 :  : 'Test2' {0x77a6bd3f8}
 -  69 :  : klass_index=68 name_and_type_index=5
 -  70 :  : 140
 -  71 :  : 37
 -  72 :  : 'callMe'
 -  73 :  : '(III)I'
 -  74 :  : name_index=72 signature_index=73
 -  75 :  : klass_index=68 name_and_type_index=74
 -  76 :  : 'another'
 -  77 :  : "another" {0x7d6e58d40}
 -  78 :  : 'callMe2'
 -  79 :  : '(Ljava/lang/String;Ljava/lang/String;)Ljava/lang/String;'
 -  80 :  : name_index=78 signature_index=79
 -  81 :  : klass_index=68 name_and_type_index=80
 -  82 :  : 'callMe3'
 -  83 :  : '()[Ljava/lang/String;'
 -  84 :  : name_index=82 signature_index=83
 -  85 :  : klass_index=68 name_and_type_index=84
 -  86 :  : 0

RDX=0x0000000700000157 is an unknown value
RSP=0x00007fedc9bea8c8 is pointing into the stack for thread: 0x00007fedc4007800
RBP=0x00007fedc9bea918 is pointing into the stack for thread: 0x00007fedc4007800
RSI=0x00007fedc9bea878 is pointing into the stack for thread: 0x00007fedc4007800
RDI=0x00007fedc1006158 is an Interpreter codelet
return entry points  [0x00007fedc1005780, 0x00007fedc1007580]  7680 bytes
R8 =0x00007fedc9be8310 is pointing into the stack for thread: 0x00007fedc4007800
R9 =0x00000007d6e174c8 is an oop
java.io.FileDescriptor 
 - klass: 'java/io/FileDescriptor'
R10=0x00007fedcab36740: <offset 0xcc6740> in /usr/lib/jvm/java-1.7.0-openjdk-1.7.0.9.x86_64/jre/lib/amd64/server/libjvm.so at 0x00007fedc9e70000
R11=0x00007fedc9bea400 is pointing into the stack for thread: 0x00007fedc4007800
R12=0x0000000000000000 is an unknown value
R13=0x000000077a6bc046 is an oop
{constMethod} 
 - klass: {other class}
 - method:       0x000000077a6bc050 {method} 'main' '([Ljava/lang/String;)V' in 'Test'
 - exceptions:   0x000000077a401c58
bci_from(0x77a6bc046) = 422; print_codes():
R14=0x00007fedc9bea978 is pointing into the stack for thread: 0x00007fedc4007800
R15=0x00007fedc4007800 is a thread


Stack: [0x00007fedc9aeb000,0x00007fedc9bec000],  sp=0x00007fedc9bea8c8,  free space=1022k
Native frames: (J=compiled Java code, j=interpreted, Vv=VM code, C=native code)
j  Test.main([Ljava/lang/String;)V+408
v  ~StubRoutines::call_stub
V  [libjvm.so+0x53b0ce]  AsyncGetCallTrace+0xd78ae
V  [libjvm.so+0x539d68]  AsyncGetCallTrace+0xd6548
V  [libjvm.so+0x5483e7]  JNI_CreateJavaVM+0x12e7
V  [libjvm.so+0x55d70b]  JNI_CreateJavaVM+0x1660b
C  [libjli.so+0x3a5c]  printf+0x3a5c


---------------  P R O C E S S  ---------------

Java Threads: ( => current thread )
  0x00007fedc4116800 JavaThread "Service Thread" daemon [_thread_blocked, id=107808, stack(0x00007fedb9bd2000,0x00007fedb9cd3000)]
  0x00007fedc4114000 JavaThread "C2 CompilerThread1" daemon [_thread_blocked, id=107807, stack(0x00007fedb9cd3000,0x00007fedb9dd4000)]
  0x00007fedc4111000 JavaThread "C2 CompilerThread0" daemon [_thread_blocked, id=107806, stack(0x00007fedb9dd4000,0x00007fedb9ed5000)]
  0x00007fedc410f000 JavaThread "Signal Dispatcher" daemon [_thread_blocked, id=107805, stack(0x00007fedb9ed5000,0x00007fedb9fd6000)]
  0x00007fedc40b9000 JavaThread "Finalizer" daemon [_thread_blocked, id=107804, stack(0x00007fedb9fd6000,0x00007fedba0d7000)]
  0x00007fedc40b6800 JavaThread "Reference Handler" daemon [_thread_blocked, id=107803, stack(0x00007fedba0d7000,0x00007fedba1d8000)]
=>0x00007fedc4007800 JavaThread "main" [_thread_in_Java, id=107793, stack(0x00007fedc9aeb000,0x00007fedc9bec000)]

Other Threads:
  0x00007fedc40ae000 VMThread [stack: 0x00007fedba1d8000,0x00007fedba2d9000] [id=107802]
  0x00007fedc4121000 WatcherThread [stack: 0x00007fedb9ad1000,0x00007fedb9bd2000] [id=107809]

VM state:not at safepoint (normal execution)

VM Mutex/Monitor currently owned by a thread: None

Heap
 PSYoungGen      total 36864K, used 632K [0x00000007d6e00000, 0x00000007d9720000, 0x0000000800000000)
  eden space 31616K, 2% used [0x00000007d6e00000,0x00000007d6e9e1b0,0x00000007d8ce0000)
  from space 5248K, 0% used [0x00000007d9200000,0x00000007d9200000,0x00000007d9720000)
  to   space 5248K, 0% used [0x00000007d8ce0000,0x00000007d8ce0000,0x00000007d9200000)
 ParOldGen       total 84224K, used 0K [0x0000000784a00000, 0x0000000789c40000, 0x00000007d6e00000)
  object space 84224K, 0% used [0x0000000784a00000,0x0000000784a00000,0x0000000789c40000)
 PSPermGen       total 21248K, used 2805K [0x000000077a400000, 0x000000077b8c0000, 0x0000000784a00000)
  object space 21248K, 13% used [0x000000077a400000,0x000000077a6bd720,0x000000077b8c0000)

Card table byte_map: [0x00007fedc8d91000,0x00007fedc91c0000] byte_map_base: 0x00007fedc51bf000

Polling page: 0x00007fedcab6a000

Code Cache  [0x00007fedc1000000, 0x00007fedc1270000, 0x00007fedc4000000)
 total_blobs=165 nmethods=0 adapters=133 free_code_cache=48774Kb largest_free_block=49945408

Compilation events (0 events):
No events

GC Heap History (0 events):
No events

Deoptimization events (0 events):
No events

Internal exceptions (3 events):
Event: 0.020 Thread 0x00007fedc4007800 Threw 0x00000007d6e06138 at /builddir/build/BUILD/java-1.7.0-openjdk/openjdk/hotspot/src/share/vm/prims/jni.cpp:3988
Event: 0.046 Thread 0x00007fedc4007800 Threw 0x00000007d6e515e8 at /builddir/build/BUILD/java-1.7.0-openjdk/openjdk/hotspot/src/share/vm/prims/jvm.cpp:1166
Event: 0.049 Thread 0x00007fedc4007800 Threw 0x00000007d6e57888 at /builddir/build/BUILD/java-1.7.0-openjdk/openjdk/hotspot/src/share/vm/prims/jvm.cpp:1166

Events (10 events):
Event: 0.048 loading class 0x00007fedc413bfe0
Event: 0.048 loading class 0x00007fedc413bfe0 done
Event: 0.048 loading class 0x00007fedc413c010
Event: 0.048 loading class 0x00007fedc413c010 done
Event: 0.048 loading class 0x00007fedc40b07e0
Event: 0.048 loading class 0x00007fedc40b07e0 done
Event: 0.048 loading class 0x00007fedc4064760
Event: 0.048 loading class 0x00007fedc4064760 done
Event: 0.049 loading class 0x00007fedc4149a80
Event: 0.049 loading class 0x00007fedc4149a80 done


Dynamic libraries:
00400000-00401000 r-xp 00000000 fd:00 3150151                            /usr/lib/jvm/java-1.7.0-openjdk-1.7.0.9.x86_64/jre/bin/java
00600000-00602000 rw-p 00000000 fd:00 3150151                            /usr/lib/jvm/java-1.7.0-openjdk-1.7.0.9.x86_64/jre/bin/java
01e3e000-01e5f000 rw-p 00000000 00:00 0                                  [heap]
77a400000-77b8c0000 rw-p 00000000 00:00 0 
77b8c0000-784a00000 rw-p 00000000 00:00 0 
784a00000-789c40000 rw-p 00000000 00:00 0 
789c40000-7d6e00000 rw-p 00000000 00:00 0 
7d6e00000-7d9720000 rw-p 00000000 00:00 0 
7d9720000-800000000 rw-p 00000000 00:00 0 
38d0800000-38d0820000 r-xp 00000000 fd:00 540203                         /lib64/ld-2.12.so
38d0a1f000-38d0a20000 r--p 0001f000 fd:00 540203                         /lib64/ld-2.12.so
38d0a20000-38d0a21000 rw-p 00020000 fd:00 540203                         /lib64/ld-2.12.so
38d0a21000-38d0a22000 rw-p 00000000 00:00 0 
38d0c00000-38d0c0d000 r-xp 00000000 fd:00 3155877                        /usr/lib/jvm/java-1.7.0-openjdk-1.7.0.9.x86_64/jre/lib/amd64/jli/libjli.so
38d0c0d000-38d0e0c000 ---p 0000d000 fd:00 3155877                        /usr/lib/jvm/java-1.7.0-openjdk-1.7.0.9.x86_64/jre/lib/amd64/jli/libjli.so
38d0e0c000-38d0e0d000 rw-p 0000c000 fd:00 3155877                        /usr/lib/jvm/java-1.7.0-openjdk-1.7.0.9.x86_64/jre/lib/amd64/jli/libjli.so
38d1000000-38d118a000 r-xp 00000000 fd:00 540204                         /lib64/libc-2.12.so
38d118a000-38d1389000 ---p 0018a000 fd:00 540204                         /lib64/libc-2.12.so
38d1389000-38d138d000 r--p 00189000 fd:00 540204                         /lib64/libc-2.12.so
38d138d000-38d138e000 rw-p 0018d000 fd:00 540204                         /lib64/libc-2.12.so
38d138e000-38d1393000 rw-p 00000000 00:00 0 
38d1400000-38d1402000 r-xp 00000000 fd:00 540210                         /lib64/libdl-2.12.so
38d1402000-38d1602000 ---p 00002000 fd:00 540210                         /lib64/libdl-2.12.so
38d1602000-38d1603000 r--p 00002000 fd:00 540210                         /lib64/libdl-2.12.so
38d1603000-38d1604000 rw-p 00003000 fd:00 540210                         /lib64/libdl-2.12.so
38d1800000-38d1817000 r-xp 00000000 fd:00 540205                         /lib64/libpthread-2.12.so
38d1817000-38d1a17000 ---p 00017000 fd:00 540205                         /lib64/libpthread-2.12.so
38d1a17000-38d1a18000 r--p 00017000 fd:00 540205                         /lib64/libpthread-2.12.so
38d1a18000-38d1a19000 rw-p 00018000 fd:00 540205                         /lib64/libpthread-2.12.so
38d1a19000-38d1a1d000 rw-p 00000000 00:00 0 
38d1c00000-38d1c15000 r-xp 00000000 fd:00 540218                         /lib64/libz.so.1.2.3
38d1c15000-38d1e14000 ---p 00015000 fd:00 540218                         /lib64/libz.so.1.2.3
38d1e14000-38d1e15000 r--p 00014000 fd:00 540218                         /lib64/libz.so.1.2.3
38d1e15000-38d1e16000 rw-p 00015000 fd:00 540218                         /lib64/libz.so.1.2.3
38d2000000-38d2007000 r-xp 00000000 fd:00 540206                         /lib64/librt-2.12.so
38d2007000-38d2206000 ---p 00007000 fd:00 540206                         /lib64/librt-2.12.so
38d2206000-38d2207000 r--p 00006000 fd:00 540206                         /lib64/librt-2.12.so
38d2207000-38d2208000 rw-p 00007000 fd:00 540206                         /lib64/librt-2.12.so
38d7400000-38d7416000 r-xp 00000000 fd:00 540219                         /lib64/libgcc_s-4.4.7-20120601.so.1
38d7416000-38d7615000 ---p 00016000 fd:00 540219                         /lib64/libgcc_s-4.4.7-20120601.so.1
38d7615000-38d7616000 rw-p 00015000 fd:00 540219                         /lib64/libgcc_s-4.4.7-20120601.so.1
38d7800000-38d78e8000 r-xp 00000000 fd:00 2625597                        /usr/lib64/libstdc++.so.6.0.13
38d78e8000-38d7ae8000 ---p 000e8000 fd:00 2625597                        /usr/lib64/libstdc++.so.6.0.13
38d7ae8000-38d7aef000 r--p 000e8000 fd:00 2625597                        /usr/lib64/libstdc++.so.6.0.13
38d7aef000-38d7af1000 rw-p 000ef000 fd:00 2625597                        /usr/lib64/libstdc++.so.6.0.13
38d7af1000-38d7b06000 rw-p 00000000 00:00 0 
7fed54000000-7fed54021000 rw-p 00000000 00:00 0 
7fed54021000-7fed58000000 ---p 00000000 00:00 0 
7fed5c000000-7fed5c021000 rw-p 00000000 00:00 0 
7fed5c021000-7fed60000000 ---p 00000000 00:00 0 
7fed60000000-7fed60021000 rw-p 00000000 00:00 0 
7fed60021000-7fed64000000 ---p 00000000 00:00 0 
7fed64000000-7fed64021000 rw-p 00000000 00:00 0 
7fed64021000-7fed68000000 ---p 00000000 00:00 0 
7fed6a16f000-7fed70000000 r--p 00000000 fd:00 2622709                    /usr/lib/locale/locale-archive
7fed70000000-7fed70021000 rw-p 00000000 00:00 0 
7fed70021000-7fed74000000 ---p 00000000 00:00 0 
7fed74000000-7fed74021000 rw-p 00000000 00:00 0 
7fed74021000-7fed78000000 ---p 00000000 00:00 0 
7fed78000000-7fed78021000 rw-p 00000000 00:00 0 
7fed78021000-7fed7c000000 ---p 00000000 00:00 0 
7fed7fd20000-7fed84000000 rw-p 00000000 00:00 0 
7fed84000000-7fed84021000 rw-p 00000000 00:00 0 
7fed84021000-7fed88000000 ---p 00000000 00:00 0 
7fed88000000-7fed88021000 rw-p 00000000 00:00 0 
7fed88021000-7fed8c000000 ---p 00000000 00:00 0 
7fed8c000000-7fed8c021000 rw-p 00000000 00:00 0 
7fed8c021000-7fed90000000 ---p 00000000 00:00 0 
7fed94000000-7fed94021000 rw-p 00000000 00:00 0 
7fed94021000-7fed98000000 ---p 00000000 00:00 0 
7fed9c000000-7fed9c021000 rw-p 00000000 00:00 0 
7fed9c021000-7feda0000000 ---p 00000000 00:00 0 
7feda4000000-7feda4021000 rw-p 00000000 00:00 0 
7feda4021000-7feda8000000 ---p 00000000 00:00 0 
7fedac000000-7fedac021000 rw-p 00000000 00:00 0 
7fedac021000-7fedb0000000 ---p 00000000 00:00 0 
7fedb4000000-7fedb4021000 rw-p 00000000 00:00 0 
7fedb4021000-7fedb8000000 ---p 00000000 00:00 0 
7fedb9ad1000-7fedb9ad2000 ---p 00000000 00:00 0 
7fedb9ad2000-7fedb9bd2000 rw-p 00000000 00:00 0 
7fedb9bd2000-7fedb9bd5000 ---p 00000000 00:00 0 
7fedb9bd5000-7fedb9cd3000 rw-p 00000000 00:00 0 
7fedb9cd3000-7fedb9cd6000 ---p 00000000 00:00 0 
7fedb9cd6000-7fedb9dd4000 rw-p 00000000 00:00 0 
7fedb9dd4000-7fedb9dd7000 ---p 00000000 00:00 0 
7fedb9dd7000-7fedb9ed5000 rw-p 00000000 00:00 0 
7fedb9ed5000-7fedb9ed8000 ---p 00000000 00:00 0 
7fedb9ed8000-7fedb9fd6000 rw-p 00000000 00:00 0 
7fedb9fd6000-7fedb9fd9000 ---p 00000000 00:00 0 
7fedb9fd9000-7fedba0d7000 rw-p 00000000 00:00 0 
7fedba0d7000-7fedba0da000 ---p 00000000 00:00 0 
7fedba0da000-7fedba1d8000 rw-p 00000000 00:00 0 
7fedba1d8000-7fedba1d9000 ---p 00000000 00:00 0 
7fedba1d9000-7fedbc000000 rw-p 00000000 00:00 0 
7fedbc000000-7fedbc021000 rw-p 00000000 00:00 0 
7fedbc021000-7fedc0000000 ---p 00000000 00:00 0 
7fedc002b000-7fedc1000000 rw-p 00000000 00:00 0 
7fedc1000000-7fedc1270000 rwxp 00000000 00:00 0 
7fedc1270000-7fedc4151000 rw-p 00000000 00:00 0 
7fedc4151000-7fedc8000000 ---p 00000000 00:00 0 
7fedc8065000-7fedc80d1000 rw-p 00000000 00:00 0 
7fedc80d1000-7fedc827c000 r--s 03e6b000 fd:00 3150162                    /usr/lib/jvm/java-1.7.0-openjdk-1.7.0.9.x86_64/jre/lib/rt.jar
7fedc827c000-7fedc82a4000 rw-p 00000000 00:00 0 
7fedc82a4000-7fedc82a5000 ---p 00000000 00:00 0 
7fedc82a5000-7fedc83a5000 rw-p 00000000 00:00 0 
7fedc83a5000-7fedc83a6000 ---p 00000000 00:00 0 
7fedc83a6000-7fedc84a6000 rw-p 00000000 00:00 0 
7fedc84a6000-7fedc84a7000 ---p 00000000 00:00 0 
7fedc84a7000-7fedc85a7000 rw-p 00000000 00:00 0 
7fedc85a7000-7fedc85a8000 ---p 00000000 00:00 0 
7fedc85a8000-7fedc86a8000 rw-p 00000000 00:00 0 
7fedc86a8000-7fedc86a9000 ---p 00000000 00:00 0 
7fedc86a9000-7fedc87a9000 rw-p 00000000 00:00 0 
7fedc87a9000-7fedc87aa000 ---p 00000000 00:00 0 
7fedc87aa000-7fedc88aa000 rw-p 00000000 00:00 0 
7fedc88aa000-7fedc88ab000 ---p 00000000 00:00 0 
7fedc88ab000-7fedc89ab000 rw-p 00000000 00:00 0 
7fedc89ab000-7fedc89ac000 ---p 00000000 00:00 0 
7fedc89ac000-7fedc8ab7000 rw-p 00000000 00:00 0 
7fedc8ab7000-7fedc8aff000 rw-p 00000000 00:00 0 
7fedc8aff000-7fedc8b29000 rw-p 00000000 00:00 0 
7fedc8b29000-7fedc8d91000 rw-p 00000000 00:00 0 
7fedc8d91000-7fedc8d9c000 rw-p 00000000 00:00 0 
7fedc8d9c000-7fedc8de4000 rw-p 00000000 00:00 0 
7fedc8de4000-7fedc8e0e000 rw-p 00000000 00:00 0 
7fedc8e0e000-7fedc9076000 rw-p 00000000 00:00 0 
7fedc9076000-7fedc908b000 rw-p 00000000 00:00 0 
7fedc908b000-7fedc91bf000 rw-p 00000000 00:00 0 
7fedc91bf000-7fedc91ca000 rw-p 00000000 00:00 0 
7fedc91ca000-7fedc9280000 rw-p 00000000 00:00 0 
7fedc9280000-7fedc9288000 r-xp 00000000 fd:00 3150122                    /usr/lib/jvm/java-1.7.0-openjdk-1.7.0.9.x86_64/jre/lib/amd64/libzip.so
7fedc9288000-7fedc9487000 ---p 00008000 fd:00 3150122                    /usr/lib/jvm/java-1.7.0-openjdk-1.7.0.9.x86_64/jre/lib/amd64/libzip.so
7fedc9487000-7fedc9488000 rw-p 00007000 fd:00 3150122                    /usr/lib/jvm/java-1.7.0-openjdk-1.7.0.9.x86_64/jre/lib/amd64/libzip.so
7fedc9488000-7fedc9494000 r-xp 00000000 fd:00 524318                     /lib64/libnss_files-2.12.so
7fedc9494000-7fedc9694000 ---p 0000c000 fd:00 524318                     /lib64/libnss_files-2.12.so
7fedc9694000-7fedc9695000 r--p 0000c000 fd:00 524318                     /lib64/libnss_files-2.12.so
7fedc9695000-7fedc9696000 rw-p 0000d000 fd:00 524318                     /lib64/libnss_files-2.12.so
7fedc96b2000-7fedc96db000 r-xp 00000000 fd:00 3150099                    /usr/lib/jvm/java-1.7.0-openjdk-1.7.0.9.x86_64/jre/lib/amd64/libjava.so
7fedc96db000-7fedc98da000 ---p 00029000 fd:00 3150099                    /usr/lib/jvm/java-1.7.0-openjdk-1.7.0.9.x86_64/jre/lib/amd64/libjava.so
7fedc98da000-7fedc98dc000 rw-p 00028000 fd:00 3150099                    /usr/lib/jvm/java-1.7.0-openjdk-1.7.0.9.x86_64/jre/lib/amd64/libjava.so
7fedc98dc000-7fedc98e9000 r-xp 00000000 fd:00 3150121                    /usr/lib/jvm/java-1.7.0-openjdk-1.7.0.9.x86_64/jre/lib/amd64/libverify.so
7fedc98e9000-7fedc9ae9000 ---p 0000d000 fd:00 3150121                    /usr/lib/jvm/java-1.7.0-openjdk-1.7.0.9.x86_64/jre/lib/amd64/libverify.so
7fedc9ae9000-7fedc9aeb000 rw-p 0000d000 fd:00 3150121                    /usr/lib/jvm/java-1.7.0-openjdk-1.7.0.9.x86_64/jre/lib/amd64/libverify.so
7fedc9aeb000-7fedc9aee000 ---p 00000000 00:00 0 
7fedc9aee000-7fedc9bec000 rw-p 00000000 00:00 0 
7fedc9bec000-7fedc9c6f000 r-xp 00000000 fd:00 540216                     /lib64/libm-2.12.so
7fedc9c6f000-7fedc9e6e000 ---p 00083000 fd:00 540216                     /lib64/libm-2.12.so
7fedc9e6e000-7fedc9e6f000 r--p 00082000 fd:00 540216                     /lib64/libm-2.12.so
7fedc9e6f000-7fedc9e70000 rw-p 00083000 fd:00 540216                     /lib64/libm-2.12.so
7fedc9e70000-7fedca880000 r-xp 00000000 fd:00 3150126                    /usr/lib/jvm/java-1.7.0-openjdk-1.7.0.9.x86_64/jre/lib/amd64/server/libjvm.so
7fedca880000-7fedcaa80000 ---p 00a10000 fd:00 3150126                    /usr/lib/jvm/java-1.7.0-openjdk-1.7.0.9.x86_64/jre/lib/amd64/server/libjvm.so
7fedcaa80000-7fedcab21000 rw-p 00a10000 fd:00 3150126                    /usr/lib/jvm/java-1.7.0-openjdk-1.7.0.9.x86_64/jre/lib/amd64/server/libjvm.so
7fedcab21000-7fedcab4f000 rw-p 00000000 00:00 0 
7fedcab53000-7fedcab55000 rw-p 00000000 00:00 0 
7fedcab55000-7fedcab5e000 r--s 00066000 fd:00 6129                       /usr/lib/jvm/java-1.7.0-openjdk-1.7.0.9.x86_64/jre/lib/ext/gnome-java-bridge.jar
7fedcab5e000-7fedcab61000 r--s 0000f000 fd:00 6132                       /usr/lib/jvm/java-1.7.0-openjdk-1.7.0.9.x86_64/jre/lib/ext/pulse-java.jar
7fedcab61000-7fedcab69000 rw-s 00000000 fd:00 399715                     /tmp/hsperfdata_michael/107792
7fedcab69000-7fedcab6a000 rw-p 00000000 00:00 0 
7fedcab6a000-7fedcab6b000 r--p 00000000 00:00 0 
7fedcab6b000-7fedcab6c000 rw-p 00000000 00:00 0 
7fffba5a0000-7fffba5b5000 rw-p 00000000 00:00 0                          [stack]
7fffba5ed000-7fffba5ee000 r-xp 00000000 00:00 0                          [vdso]
ffffffffff600000-ffffffffff601000 r-xp 00000000 00:00 0                  [vsyscall]

VM Arguments:
jvm_args: -Xverify:none 
java_command: Test
Launcher Type: SUN_STANDARD

Environment Variables:
JAVA_HOME=/usr/java/jdk1.7.0_45
PATH=/usr/lib64/qt-3.3/bin:/usr/local/bin:/usr/bin:/bin:/usr/games:/usr/local/sbin:/usr/sbin:/sbin:/home/michael/lib/hadoop-2.2.0/bin:/home/michael/lib/hadoop-2.2.0/etc/hadoop:/home/michael/lib/apache-maven-3.0.5/bin:/home/michael/lib/findbugs-2.0.3-rcl/bin:/home/michael/bin:/home/michael/lib/hadoop-2.2.0/bin:/home/michael/lib/hadoop-2.2.0/etc/hadoop:/home/michael/lib/apache-maven-3.0.5/bin:/home/michael/lib/findbugs-2.0.3-rcl/bin
SHELL=/bin/bash
DISPLAY=:0

Signal Handlers:
SIGSEGV: [libjvm.so+0x872c40], sa_mask[0]=0x7ffbfeff, sa_flags=0x10000004
SIGBUS: [libjvm.so+0x872c40], sa_mask[0]=0x7ffbfeff, sa_flags=0x10000004
SIGFPE: [libjvm.so+0x71ac80], sa_mask[0]=0x7ffbfeff, sa_flags=0x10000004
SIGPIPE: [libjvm.so+0x71ac80], sa_mask[0]=0x7ffbfeff, sa_flags=0x10000004
SIGXFSZ: [libjvm.so+0x71ac80], sa_mask[0]=0x7ffbfeff, sa_flags=0x10000004
SIGILL: [libjvm.so+0x71ac80], sa_mask[0]=0x7ffbfeff, sa_flags=0x10000004
SIGUSR1: SIG_DFL, sa_mask[0]=0x00000000, sa_flags=0x00000000
SIGUSR2: [libjvm.so+0x71a7a0], sa_mask[0]=0x00000000, sa_flags=0x10000004
SIGHUP: [libjvm.so+0x71d760], sa_mask[0]=0x7ffbfeff, sa_flags=0x10000004
SIGINT: [libjvm.so+0x71d760], sa_mask[0]=0x7ffbfeff, sa_flags=0x10000004
SIGTERM: [libjvm.so+0x71d760], sa_mask[0]=0x7ffbfeff, sa_flags=0x10000004
SIGQUIT: [libjvm.so+0x71d760], sa_mask[0]=0x7ffbfeff, sa_flags=0x10000004


---------------  S Y S T E M  ---------------

OS:CentOS release 6.4 (Final)

uname:Linux 2.6.32-358.el6.x86_64 #1 SMP Fri Feb 22 00:31:26 UTC 2013 x86_64
libc:glibc 2.12 NPTL 2.12 
rlimit: STACK 10240k, CORE 0k, NPROC 65536, NOFILE 65536, AS infinity
load average:0.52 0.36 0.31

/proc/meminfo:
MemTotal:        8085320 kB
MemFree:         5025868 kB
Buffers:           16864 kB
Cached:          1339540 kB
SwapCached:            0 kB
Active:          2059164 kB
Inactive:         644896 kB
Active(anon):    1397440 kB
Inactive(anon):    83668 kB
Active(file):     661724 kB
Inactive(file):   561228 kB
Unevictable:          16 kB
Mlocked:              16 kB
SwapTotal:      16371696 kB
SwapFree:       16371696 kB
Dirty:               260 kB
Writeback:             0 kB
AnonPages:       1339580 kB
Mapped:           162268 kB
Shmem:            133456 kB
Slab:             200872 kB
SReclaimable:     148928 kB
SUnreclaim:        51944 kB
KernelStack:        4608 kB
PageTables:        39064 kB
NFS_Unstable:          0 kB
Bounce:                0 kB
WritebackTmp:          0 kB
CommitLimit:    20414356 kB
Committed_AS:    3791620 kB
VmallocTotal:   34359738367 kB
VmallocUsed:      450164 kB
VmallocChunk:   34359266076 kB
HardwareCorrupted:     0 kB
AnonHugePages:    663552 kB
HugePages_Total:       0
HugePages_Free:        0
HugePages_Rsvd:        0
HugePages_Surp:        0
Hugepagesize:       2048 kB
DirectMap4k:       10236 kB
DirectMap2M:     8273920 kB


CPU:total 8 (4 cores per cpu, 2 threads per core) family 6 model 42 stepping 7, cmov, cx8, fxsr, mmx, sse, sse2, sse3, ssse3, sse4.1, sse4.2, popcnt, avx, ht, tsc, tscinvbit

/proc/cpuinfo:
processor	: 0
vendor_id	: GenuineIntel
cpu family	: 6
model		: 42
model name	: Intel(R) Core(TM) i7-2720QM CPU @ 2.20GHz
stepping	: 7
cpu MHz		: 2201.000
cache size	: 6144 KB
physical id	: 0
siblings	: 8
core id		: 0
cpu cores	: 4
apicid		: 0
initial apicid	: 0
fpu		: yes
fpu_exception	: yes
cpuid level	: 13
wp		: yes
flags		: fpu vme de pse tsc msr pae mce cx8 apic sep mtrr pge mca cmov pat pse36 clflush dts acpi mmx fxsr sse sse2 ss ht tm pbe syscall nx rdtscp lm constant_tsc arch_perfmon pebs bts xtopology nonstop_tsc aperfmperf pni pclmulqdq dtes64 monitor ds_cpl vmx smx est tm2 ssse3 cx16 xtpr pdcm pcid sse4_1 sse4_2 x2apic popcnt tsc_deadline_timer aes xsave avx lahf_lm ida arat epb xsaveopt pln pts dts tpr_shadow vnmi flexpriority ept vpid
bogomips	: 4390.33
clflush size	: 64
cache_alignment	: 64
address sizes	: 36 bits physical, 48 bits virtual
power management:

processor	: 1
vendor_id	: GenuineIntel
cpu family	: 6
model		: 42
model name	: Intel(R) Core(TM) i7-2720QM CPU @ 2.20GHz
stepping	: 7
cpu MHz		: 800.000
cache size	: 6144 KB
physical id	: 0
siblings	: 8
core id		: 0
cpu cores	: 4
apicid		: 1
initial apicid	: 1
fpu		: yes
fpu_exception	: yes
cpuid level	: 13
wp		: yes
flags		: fpu vme de pse tsc msr pae mce cx8 apic sep mtrr pge mca cmov pat pse36 clflush dts acpi mmx fxsr sse sse2 ss ht tm pbe syscall nx rdtscp lm constant_tsc arch_perfmon pebs bts xtopology nonstop_tsc aperfmperf pni pclmulqdq dtes64 monitor ds_cpl vmx smx est tm2 ssse3 cx16 xtpr pdcm pcid sse4_1 sse4_2 x2apic popcnt tsc_deadline_timer aes xsave avx lahf_lm ida arat epb xsaveopt pln pts dts tpr_shadow vnmi flexpriority ept vpid
bogomips	: 4390.33
clflush size	: 64
cache_alignment	: 64
address sizes	: 36 bits physical, 48 bits virtual
power management:

processor	: 2
vendor_id	: GenuineIntel
cpu family	: 6
model		: 42
model name	: Intel(R) Core(TM) i7-2720QM CPU @ 2.20GHz
stepping	: 7
cpu MHz		: 800.000
cache size	: 6144 KB
physical id	: 0
siblings	: 8
core id		: 1
cpu cores	: 4
apicid		: 2
initial apicid	: 2
fpu		: yes
fpu_exception	: yes
cpuid level	: 13
wp		: yes
flags		: fpu vme de pse tsc msr pae mce cx8 apic sep mtrr pge mca cmov pat pse36 clflush dts acpi mmx fxsr sse sse2 ss ht tm pbe syscall nx rdtscp lm constant_tsc arch_perfmon pebs bts xtopology nonstop_tsc aperfmperf pni pclmulqdq dtes64 monitor ds_cpl vmx smx est tm2 ssse3 cx16 xtpr pdcm pcid sse4_1 sse4_2 x2apic popcnt tsc_deadline_timer aes xsave avx lahf_lm ida arat epb xsaveopt pln pts dts tpr_shadow vnmi flexpriority ept vpid
bogomips	: 4390.33
clflush size	: 64
cache_alignment	: 64
address sizes	: 36 bits physical, 48 bits virtual
power management:

processor	: 3
vendor_id	: GenuineIntel
cpu family	: 6
model		: 42
model name	: Intel(R) Core(TM) i7-2720QM CPU @ 2.20GHz
stepping	: 7
cpu MHz		: 800.000
cache size	: 6144 KB
physical id	: 0
siblings	: 8
core id		: 1
cpu cores	: 4
apicid		: 3
initial apicid	: 3
fpu		: yes
fpu_exception	: yes
cpuid level	: 13
wp		: yes
flags		: fpu vme de pse tsc msr pae mce cx8 apic sep mtrr pge mca cmov pat pse36 clflush dts acpi mmx fxsr sse sse2 ss ht tm pbe syscall nx rdtscp lm constant_tsc arch_perfmon pebs bts xtopology nonstop_tsc aperfmperf pni pclmulqdq dtes64 monitor ds_cpl vmx smx est tm2 ssse3 cx16 xtpr pdcm pcid sse4_1 sse4_2 x2apic popcnt tsc_deadline_timer aes xsave avx lahf_lm ida arat epb xsaveopt pln pts dts tpr_shadow vnmi flexpriority ept vpid
bogomips	: 4390.33
clflush size	: 64
cache_alignment	: 64
address sizes	: 36 bits physical, 48 bits virtual
power management:

processor	: 4
vendor_id	: GenuineIntel
cpu family	: 6
model		: 42
model name	: Intel(R) Core(TM) i7-2720QM CPU @ 2.20GHz
stepping	: 7
cpu MHz		: 800.000
cache size	: 6144 KB
physical id	: 0
siblings	: 8
core id		: 2
cpu cores	: 4
apicid		: 4
initial apicid	: 4
fpu		: yes
fpu_exception	: yes
cpuid level	: 13
wp		: yes
flags		: fpu vme de pse tsc msr pae mce cx8 apic sep mtrr pge mca cmov pat pse36 clflush dts acpi mmx fxsr sse sse2 ss ht tm pbe syscall nx rdtscp lm constant_tsc arch_perfmon pebs bts xtopology nonstop_tsc aperfmperf pni pclmulqdq dtes64 monitor ds_cpl vmx smx est tm2 ssse3 cx16 xtpr pdcm pcid sse4_1 sse4_2 x2apic popcnt tsc_deadline_timer aes xsave avx lahf_lm ida arat epb xsaveopt pln pts dts tpr_shadow vnmi flexpriority ept vpid
bogomips	: 4390.33
clflush size	: 64
cache_alignment	: 64
address sizes	: 36 bits physical, 48 bits virtual
power management:

processor	: 5
vendor_id	: GenuineIntel
cpu family	: 6
model		: 42
model name	: Intel(R) Core(TM) i7-2720QM CPU @ 2.20GHz
stepping	: 7
cpu MHz		: 800.000
cache size	: 6144 KB
physical id	: 0
siblings	: 8
core id		: 2
cpu cores	: 4
apicid		: 5
initial apicid	: 5
fpu		: yes
fpu_exception	: yes
cpuid level	: 13
wp		: yes
flags		: fpu vme de pse tsc msr pae mce cx8 apic sep mtrr pge mca cmov pat pse36 clflush dts acpi mmx fxsr sse sse2 ss ht tm pbe syscall nx rdtscp lm constant_tsc arch_perfmon pebs bts xtopology nonstop_tsc aperfmperf pni pclmulqdq dtes64 monitor ds_cpl vmx smx est tm2 ssse3 cx16 xtpr pdcm pcid sse4_1 sse4_2 x2apic popcnt tsc_deadline_timer aes xsave avx lahf_lm ida arat epb xsaveopt pln pts dts tpr_shadow vnmi flexpriority ept vpid
bogomips	: 4390.33
clflush size	: 64
cache_alignment	: 64
address sizes	: 36 bits physical, 48 bits virtual
power management:

processor	: 6
vendor_id	: GenuineIntel
cpu family	: 6
model		: 42
model name	: Intel(R) Core(TM) i7-2720QM CPU @ 2.20GHz
stepping	: 7
cpu MHz		: 800.000
cache size	: 6144 KB
physical id	: 0
siblings	: 8
core id		: 3
cpu cores	: 4
apicid		: 6
initial apicid	: 6
fpu		: yes
fpu_exception	: yes
cpuid level	: 13
wp		: yes
flags		: fpu vme de pse tsc msr pae mce cx8 apic sep mtrr pge mca cmov pat pse36 clflush dts acpi mmx fxsr sse sse2 ss ht tm pbe syscall nx rdtscp lm constant_tsc arch_perfmon pebs bts xtopology nonstop_tsc aperfmperf pni pclmulqdq dtes64 monitor ds_cpl vmx smx est tm2 ssse3 cx16 xtpr pdcm pcid sse4_1 sse4_2 x2apic popcnt tsc_deadline_timer aes xsave avx lahf_lm ida arat epb xsaveopt pln pts dts tpr_shadow vnmi flexpriority ept vpid
bogomips	: 4390.33
clflush size	: 64
cache_alignment	: 64
address sizes	: 36 bits physical, 48 bits virtual
power management:

processor	: 7
vendor_id	: GenuineIntel
cpu family	: 6
model		: 42
model name	: Intel(R) Core(TM) i7-2720QM CPU @ 2.20GHz
stepping	: 7
cpu MHz		: 2201.000
cache size	: 6144 KB
physical id	: 0
siblings	: 8
core id		: 3
cpu cores	: 4
apicid		: 7
initial apicid	: 7
fpu		: yes
fpu_exception	: yes
cpuid level	: 13
wp		: yes
flags		: fpu vme de pse tsc msr pae mce cx8 apic sep mtrr pge mca cmov pat pse36 clflush dts acpi mmx fxsr sse sse2 ss ht tm pbe syscall nx rdtscp lm constant_tsc arch_perfmon pebs bts xtopology nonstop_tsc aperfmperf pni pclmulqdq dtes64 monitor ds_cpl vmx smx est tm2 ssse3 cx16 xtpr pdcm pcid sse4_1 sse4_2 x2apic popcnt tsc_deadline_timer aes xsave avx lahf_lm ida arat epb xsaveopt pln pts dts tpr_shadow vnmi flexpriority ept vpid
bogomips	: 4390.33
clflush size	: 64
cache_alignment	: 64
address sizes	: 36 bits physical, 48 bits virtual
power management:



Memory: 4k page, physical 8085320k(5025868k free), swap 16371696k(16371696k free)

vm_info: OpenJDK 64-Bit Server VM (23.2-b09) for linux-amd64 JRE (1.7.0_09-icedtea-mockbuild_2013_01_16_18_52-b00), built on Jan 16 2013 19:00:19 by "mockbuild" with gcc 4.4.6 20120305 (Red Hat 4.4.6-4)

time: Tue Nov 26 22:11:17 2013
elapsed time: 0 seconds

