#
# A fatal error has been detected by the Java Runtime Environment:
#
#  SIGSEGV (0xb) at pc=0x00007fb39265caa1, pid=236063, tid=140409222776576
#
# JRE version: 7.0_09
# Java VM: OpenJDK 64-Bit Server VM (23.2-b09 mixed mode linux-amd64 compressed oops)
# Problematic frame:
# V  [libjvm.so+0x64baa1]  JVM_RaiseSignal+0xab391
#
# Failed to write core dump. Core dumps have been disabled. To enable core dumping, try "ulimit -c unlimited" before starting Java again
#
# If you would like to submit a bug report, please include
# instructions on how to reproduce the bug and visit:
#   http://icedtea.classpath.org/bugzilla
#

---------------  T H R E A D  ---------------

Current thread (0x00007fb38c007800):  JavaThread "main" [_thread_in_vm, id=236064, stack(0x00007fb391c8c000,0x00007fb391d8d000)]

siginfo:si_signo=SIGSEGV: si_errno=0, si_code=1 (SEGV_MAPERR), si_addr=0x00000003d35dfeb0

Registers:
RAX=0x00000003d35dfc88, RBX=0x00007fb391d8b820, RCX=0x0000000000000005, RDX=0x0000000000000005
RSP=0x00007fb391d8b440, RBP=0x00007fb391d8b500, RSI=0x00007fb38c0083a0, RDI=0x00007fb391d8b820
R8 =0x00007fb38c008398, R9 =0x0000000000000001, R10=0x00007fb38c149aa0, R11=0x0000000000000001
R12=0x00007fb38c0083a0, R13=0x00007fb38c0083a0, R14=0x00007fb38c008398, R15=0x00007fb38c008388
RIP=0x00007fb39265caa1, EFLAGS=0x0000000000010206, CSGSFS=0x0000000000000033, ERR=0x0000000000000004
  TRAPNO=0x000000000000000e

Top of Stack: (sp=0x00007fb391d8b440)
0x00007fb391d8b440:   0000000000000000 0000000000000000
0x00007fb391d8b450:   0000000000000000 0000000000000000
0x00007fb391d8b460:   0000000000000000 0000000000000000
0x00007fb391d8b470:   0000000000000000 0000000000000000
0x00007fb391d8b480:   0000000000000000 0000000000000000
0x00007fb391d8b490:   0000000000000000 0000000000000000
0x00007fb391d8b4a0:   0000000000000000 000000077a6bd290
0x00007fb391d8b4b0:   0000000000000000 0000000000000000
0x00007fb391d8b4c0:   0000000000000000 0000000000000000
0x00007fb391d8b4d0:   0000000000000000 00007fb38c007800
0x00007fb391d8b4e0:   00000003d35dfc78 00007fb38c008370
0x00007fb391d8b4f0:   00007fb38c008390 00007fb391d8b820
0x00007fb391d8b500:   00007fb391d8b590 00007fb392661078
0x00007fb391d8b510:   00007fb38c007800 0000000000000000
0x00007fb391d8b520:   0000000000000000 0000000000000000
0x00007fb391d8b530:   00007fb38c149aa0 00007fb38c038400
0x00007fb391d8b540:   00007fb38c008398 00007fb38c008388
0x00007fb391d8b550:   00007fb38c0083a0 00007fb392700e39
0x00007fb391d8b560:   00007fb391d8b700 00007fb38c007800
0x00007fb391d8b570:   00000000000000b6 00007fb38c008378
0x00007fb391d8b580:   00007fb38c008370 0000000000000000
0x00007fb391d8b590:   00007fb391d8b8c0 00007fb3925434f0
0x00007fb391d8b5a0:   0000000000000000 00007fb391d8b700
0x00007fb391d8b5b0:   000000077a6bbf8f 0000000000000000
0x00007fb391d8b5c0:   0000000000000000 0000000000000000
0x00007fb391d8b5d0:   00007fb38c006500 00007fb391d8b820
0x00007fb391d8b5e0:   0000000000000000 0000000000000000
0x00007fb391d8b5f0:   0000000000000000 0000000000000000
0x00007fb391d8b600:   0000000000000000 0000000000000000
0x00007fb391d8b610:   0000000000000000 0000000000000000
0x00007fb391d8b620:   0000000000000000 0000000000000000
0x00007fb391d8b630:   0000000000000000 0000000000000000 

Instructions: (pc=0x00007fb39265caa1)
0x00007fb39265ca81:   00 8b 48 30 4d 89 ec 83 f9 fe 74 59 4d 85 f6 b8
0x00007fb39265ca91:   10 00 00 00 74 07 49 8b 06 48 83 c0 10 48 63 d1
0x00007fb39265caa1:   4c 8b 84 d0 00 02 00 00 4d 85 c0 0f 84 be 05 00
0x00007fb39265cab1:   00 48 8b 45 10 4c 8b a0 10 01 00 00 49 8b 44 24 

Register to memory mapping:

RAX=0x00000003d35dfc88 is an unknown value
RBX=0x00007fb391d8b820 is pointing into the stack for thread: 0x00007fb38c007800
RCX=0x0000000000000005 is an unknown value
RDX=0x0000000000000005 is an unknown value
RSP=0x00007fb391d8b440 is pointing into the stack for thread: 0x00007fb38c007800
RBP=0x00007fb391d8b500 is pointing into the stack for thread: 0x00007fb38c007800
RSI=0x00007fb38c0083a0 is an unknown value
RDI=0x00007fb391d8b820 is pointing into the stack for thread: 0x00007fb38c007800
R8 =0x00007fb38c008398 is an unknown value
R9 =0x0000000000000001 is an unknown value
R10=0x00007fb38c149aa0 is an unknown value
R11=0x0000000000000001 is an unknown value
R12=0x00007fb38c0083a0 is an unknown value
R13=0x00007fb38c0083a0 is an unknown value
R14=0x00007fb38c008398 is an unknown value
R15=0x00007fb38c008388 is an unknown value


Stack: [0x00007fb391c8c000,0x00007fb391d8d000],  sp=0x00007fb391d8b440,  free space=1021k
Native frames: (J=compiled Java code, j=interpreted, Vv=VM code, C=native code)
V  [libjvm.so+0x64baa1]  JVM_RaiseSignal+0xab391
V  [libjvm.so+0x650078]  JVM_RaiseSignal+0xaf968
V  [libjvm.so+0x5324f0]  AsyncGetCallTrace+0xcecd0
j  Test.main([Ljava/lang/String;)V+351
v  ~StubRoutines::call_stub
V  [libjvm.so+0x53b0ce]  AsyncGetCallTrace+0xd78ae
V  [libjvm.so+0x539d68]  AsyncGetCallTrace+0xd6548
V  [libjvm.so+0x5483e7]  JNI_CreateJavaVM+0x12e7
V  [libjvm.so+0x55d70b]  JNI_CreateJavaVM+0x1660b
C  [libjli.so+0x3a5c]  printf+0x3a5c

Java frames: (J=compiled Java code, j=interpreted, Vv=VM code)
j  Test.main([Ljava/lang/String;)V+351
v  ~StubRoutines::call_stub

---------------  P R O C E S S  ---------------

Java Threads: ( => current thread )
  0x00007fb38c116800 JavaThread "Service Thread" daemon [_thread_blocked, id=236079, stack(0x00007fb381df5000,0x00007fb381ef6000)]
  0x00007fb38c114000 JavaThread "C2 CompilerThread1" daemon [_thread_blocked, id=236078, stack(0x00007fb381ef6000,0x00007fb381ff7000)]
  0x00007fb38c111000 JavaThread "C2 CompilerThread0" daemon [_thread_blocked, id=236077, stack(0x00007fb381ff7000,0x00007fb3820f8000)]
  0x00007fb38c10f000 JavaThread "Signal Dispatcher" daemon [_thread_blocked, id=236076, stack(0x00007fb3820f8000,0x00007fb3821f9000)]
  0x00007fb38c0b9000 JavaThread "Finalizer" daemon [_thread_blocked, id=236075, stack(0x00007fb3821f9000,0x00007fb3822fa000)]
  0x00007fb38c0b6800 JavaThread "Reference Handler" daemon [_thread_blocked, id=236074, stack(0x00007fb3822fa000,0x00007fb3823fb000)]
=>0x00007fb38c007800 JavaThread "main" [_thread_in_vm, id=236064, stack(0x00007fb391c8c000,0x00007fb391d8d000)]

Other Threads:
  0x00007fb38c0ae000 VMThread [stack: 0x00007fb3823fb000,0x00007fb3824fc000] [id=236073]
  0x00007fb38c121000 WatcherThread [stack: 0x00007fb381cf4000,0x00007fb381df5000] [id=236080]

VM state:not at safepoint (normal execution)

VM Mutex/Monitor currently owned by a thread: None

Heap
 PSYoungGen      total 36864K, used 632K [0x00000007d6e00000, 0x00000007d9720000, 0x0000000800000000)
  eden space 31616K, 2% used [0x00000007d6e00000,0x00000007d6e9e1b0,0x00000007d8ce0000)
  from space 5248K, 0% used [0x00000007d9200000,0x00000007d9200000,0x00000007d9720000)
  to   space 5248K, 0% used [0x00000007d8ce0000,0x00000007d8ce0000,0x00000007d9200000)
 ParOldGen       total 84224K, used 0K [0x0000000784a00000, 0x0000000789c40000, 0x00000007d6e00000)
  object space 84224K, 0% used [0x0000000784a00000,0x0000000784a00000,0x0000000789c40000)
 PSPermGen       total 21248K, used 2805K [0x000000077a400000, 0x000000077b8c0000, 0x0000000784a00000)
  object space 21248K, 13% used [0x000000077a400000,0x000000077a6bd5b8,0x000000077b8c0000)

Card table byte_map: [0x00007fb390f32000,0x00007fb391361000] byte_map_base: 0x00007fb38d360000

Polling page: 0x00007fb392d0b000

Code Cache  [0x00007fb389000000, 0x00007fb389270000, 0x00007fb38c000000)
 total_blobs=165 nmethods=0 adapters=133 free_code_cache=48774Kb largest_free_block=49945408

Compilation events (0 events):
No events

GC Heap History (0 events):
No events

Deoptimization events (0 events):
No events

Internal exceptions (3 events):
Event: 0.024 Thread 0x00007fb38c007800 Threw 0x00000007d6e06138 at /builddir/build/BUILD/java-1.7.0-openjdk/openjdk/hotspot/src/share/vm/prims/jni.cpp:3988
Event: 0.067 Thread 0x00007fb38c007800 Threw 0x00000007d6e515e8 at /builddir/build/BUILD/java-1.7.0-openjdk/openjdk/hotspot/src/share/vm/prims/jvm.cpp:1166
Event: 0.071 Thread 0x00007fb38c007800 Threw 0x00000007d6e57718 at /builddir/build/BUILD/java-1.7.0-openjdk/openjdk/hotspot/src/share/vm/prims/jvm.cpp:1166

Events (10 events):
Event: 0.069 loading class 0x00007fb38c13bfe0
Event: 0.069 loading class 0x00007fb38c13bfe0 done
Event: 0.069 loading class 0x00007fb38c13c010
Event: 0.069 loading class 0x00007fb38c13c010 done
Event: 0.069 loading class 0x00007fb38c0b07e0
Event: 0.069 loading class 0x00007fb38c0b07e0 done
Event: 0.070 loading class 0x00007fb38c064760
Event: 0.070 loading class 0x00007fb38c064760 done
Event: 0.071 loading class 0x00007fb38c149a80
Event: 0.071 loading class 0x00007fb38c149a80 done


Dynamic libraries:
00400000-00401000 r-xp 00000000 fd:00 3150151                            /usr/lib/jvm/java-1.7.0-openjdk-1.7.0.9.x86_64/jre/bin/java
00600000-00602000 rw-p 00000000 fd:00 3150151                            /usr/lib/jvm/java-1.7.0-openjdk-1.7.0.9.x86_64/jre/bin/java
02376000-02397000 rw-p 00000000 00:00 0                                  [heap]
77a400000-77b8c0000 rw-p 00000000 00:00 0 
77b8c0000-784a00000 rw-p 00000000 00:00 0 
784a00000-789c40000 rw-p 00000000 00:00 0 
789c40000-7d6e00000 rw-p 00000000 00:00 0 
7d6e00000-7d9720000 rw-p 00000000 00:00 0 
7d9720000-800000000 rw-p 00000000 00:00 0 
38d0800000-38d0820000 r-xp 00000000 fd:00 540203                         /lib64/ld-2.12.so
38d0a1f000-38d0a20000 r--p 0001f000 fd:00 540203                         /lib64/ld-2.12.so
38d0a20000-38d0a21000 rw-p 00020000 fd:00 540203                         /lib64/ld-2.12.so
38d0a21000-38d0a22000 rw-p 00000000 00:00 0 
38d0c00000-38d0c0d000 r-xp 00000000 fd:00 3155877                        /usr/lib/jvm/java-1.7.0-openjdk-1.7.0.9.x86_64/jre/lib/amd64/jli/libjli.so
38d0c0d000-38d0e0c000 ---p 0000d000 fd:00 3155877                        /usr/lib/jvm/java-1.7.0-openjdk-1.7.0.9.x86_64/jre/lib/amd64/jli/libjli.so
38d0e0c000-38d0e0d000 rw-p 0000c000 fd:00 3155877                        /usr/lib/jvm/java-1.7.0-openjdk-1.7.0.9.x86_64/jre/lib/amd64/jli/libjli.so
38d1000000-38d118a000 r-xp 00000000 fd:00 540204                         /lib64/libc-2.12.so
38d118a000-38d1389000 ---p 0018a000 fd:00 540204                         /lib64/libc-2.12.so
38d1389000-38d138d000 r--p 00189000 fd:00 540204                         /lib64/libc-2.12.so
38d138d000-38d138e000 rw-p 0018d000 fd:00 540204                         /lib64/libc-2.12.so
38d138e000-38d1393000 rw-p 00000000 00:00 0 
38d1400000-38d1402000 r-xp 00000000 fd:00 540210                         /lib64/libdl-2.12.so
38d1402000-38d1602000 ---p 00002000 fd:00 540210                         /lib64/libdl-2.12.so
38d1602000-38d1603000 r--p 00002000 fd:00 540210                         /lib64/libdl-2.12.so
38d1603000-38d1604000 rw-p 00003000 fd:00 540210                         /lib64/libdl-2.12.so
38d1800000-38d1817000 r-xp 00000000 fd:00 540205                         /lib64/libpthread-2.12.so
38d1817000-38d1a17000 ---p 00017000 fd:00 540205                         /lib64/libpthread-2.12.so
38d1a17000-38d1a18000 r--p 00017000 fd:00 540205                         /lib64/libpthread-2.12.so
38d1a18000-38d1a19000 rw-p 00018000 fd:00 540205                         /lib64/libpthread-2.12.so
38d1a19000-38d1a1d000 rw-p 00000000 00:00 0 
38d1c00000-38d1c15000 r-xp 00000000 fd:00 540218                         /lib64/libz.so.1.2.3
38d1c15000-38d1e14000 ---p 00015000 fd:00 540218                         /lib64/libz.so.1.2.3
38d1e14000-38d1e15000 r--p 00014000 fd:00 540218                         /lib64/libz.so.1.2.3
38d1e15000-38d1e16000 rw-p 00015000 fd:00 540218                         /lib64/libz.so.1.2.3
38d2000000-38d2007000 r-xp 00000000 fd:00 540206                         /lib64/librt-2.12.so
38d2007000-38d2206000 ---p 00007000 fd:00 540206                         /lib64/librt-2.12.so
38d2206000-38d2207000 r--p 00006000 fd:00 540206                         /lib64/librt-2.12.so
38d2207000-38d2208000 rw-p 00007000 fd:00 540206                         /lib64/librt-2.12.so
38d7400000-38d7416000 r-xp 00000000 fd:00 540219                         /lib64/libgcc_s-4.4.7-20120601.so.1
38d7416000-38d7615000 ---p 00016000 fd:00 540219                         /lib64/libgcc_s-4.4.7-20120601.so.1
38d7615000-38d7616000 rw-p 00015000 fd:00 540219                         /lib64/libgcc_s-4.4.7-20120601.so.1
38d7800000-38d78e8000 r-xp 00000000 fd:00 2625597                        /usr/lib64/libstdc++.so.6.0.13
38d78e8000-38d7ae8000 ---p 000e8000 fd:00 2625597                        /usr/lib64/libstdc++.so.6.0.13
38d7ae8000-38d7aef000 r--p 000e8000 fd:00 2625597                        /usr/lib64/libstdc++.so.6.0.13
38d7aef000-38d7af1000 rw-p 000ef000 fd:00 2625597                        /usr/lib64/libstdc++.so.6.0.13
38d7af1000-38d7b06000 rw-p 00000000 00:00 0 
7fb324000000-7fb324021000 rw-p 00000000 00:00 0 
7fb324021000-7fb328000000 ---p 00000000 00:00 0 
7fb328000000-7fb328021000 rw-p 00000000 00:00 0 
7fb328021000-7fb32c000000 ---p 00000000 00:00 0 
7fb32c000000-7fb32c021000 rw-p 00000000 00:00 0 
7fb32c021000-7fb330000000 ---p 00000000 00:00 0 
7fb330000000-7fb330021000 rw-p 00000000 00:00 0 
7fb330021000-7fb334000000 ---p 00000000 00:00 0 
7fb334000000-7fb334021000 rw-p 00000000 00:00 0 
7fb334021000-7fb338000000 ---p 00000000 00:00 0 
7fb33a16f000-7fb340000000 r--p 00000000 fd:00 2622709                    /usr/lib/locale/locale-archive
7fb340000000-7fb340021000 rw-p 00000000 00:00 0 
7fb340021000-7fb344000000 ---p 00000000 00:00 0 
7fb344000000-7fb344021000 rw-p 00000000 00:00 0 
7fb344021000-7fb348000000 ---p 00000000 00:00 0 
7fb348000000-7fb348021000 rw-p 00000000 00:00 0 
7fb348021000-7fb34c000000 ---p 00000000 00:00 0 
7fb34fd20000-7fb354000000 rw-p 00000000 00:00 0 
7fb354000000-7fb354021000 rw-p 00000000 00:00 0 
7fb354021000-7fb358000000 ---p 00000000 00:00 0 
7fb358000000-7fb358021000 rw-p 00000000 00:00 0 
7fb358021000-7fb35c000000 ---p 00000000 00:00 0 
7fb35c000000-7fb35c021000 rw-p 00000000 00:00 0 
7fb35c021000-7fb360000000 ---p 00000000 00:00 0 
7fb364000000-7fb364021000 rw-p 00000000 00:00 0 
7fb364021000-7fb368000000 ---p 00000000 00:00 0 
7fb36c000000-7fb36c021000 rw-p 00000000 00:00 0 
7fb36c021000-7fb370000000 ---p 00000000 00:00 0 
7fb374000000-7fb374021000 rw-p 00000000 00:00 0 
7fb374021000-7fb378000000 ---p 00000000 00:00 0 
7fb37c000000-7fb37c021000 rw-p 00000000 00:00 0 
7fb37c021000-7fb380000000 ---p 00000000 00:00 0 
7fb381ce6000-7fb381ce8000 rw-p 00000000 00:00 0 
7fb381ce8000-7fb381cf1000 r--s 00066000 fd:00 6129                       /usr/lib/jvm/java-1.7.0-openjdk-1.7.0.9.x86_64/jre/lib/ext/gnome-java-bridge.jar
7fb381cf1000-7fb381cf4000 r--s 0000f000 fd:00 6132                       /usr/lib/jvm/java-1.7.0-openjdk-1.7.0.9.x86_64/jre/lib/ext/pulse-java.jar
7fb381cf4000-7fb381cf5000 ---p 00000000 00:00 0 
7fb381cf5000-7fb381df5000 rw-p 00000000 00:00 0 
7fb381df5000-7fb381df8000 ---p 00000000 00:00 0 
7fb381df8000-7fb381ef6000 rw-p 00000000 00:00 0 
7fb381ef6000-7fb381ef9000 ---p 00000000 00:00 0 
7fb381ef9000-7fb381ff7000 rw-p 00000000 00:00 0 
7fb381ff7000-7fb381ffa000 ---p 00000000 00:00 0 
7fb381ffa000-7fb3820f8000 rw-p 00000000 00:00 0 
7fb3820f8000-7fb3820fb000 ---p 00000000 00:00 0 
7fb3820fb000-7fb3821f9000 rw-p 00000000 00:00 0 
7fb3821f9000-7fb3821fc000 ---p 00000000 00:00 0 
7fb3821fc000-7fb3822fa000 rw-p 00000000 00:00 0 
7fb3822fa000-7fb3822fd000 ---p 00000000 00:00 0 
7fb3822fd000-7fb3823fb000 rw-p 00000000 00:00 0 
7fb3823fb000-7fb3823fc000 ---p 00000000 00:00 0 
7fb3823fc000-7fb384000000 rw-p 00000000 00:00 0 
7fb384000000-7fb384021000 rw-p 00000000 00:00 0 
7fb384021000-7fb388000000 ---p 00000000 00:00 0 
7fb38800a000-7fb389000000 rw-p 00000000 00:00 0 
7fb389000000-7fb389270000 rwxp 00000000 00:00 0 
7fb389270000-7fb38c151000 rw-p 00000000 00:00 0 
7fb38c151000-7fb390000000 ---p 00000000 00:00 0 
7fb390004000-7fb390272000 rw-p 00000000 00:00 0 
7fb390272000-7fb39041d000 r--s 03e6b000 fd:00 3150162                    /usr/lib/jvm/java-1.7.0-openjdk-1.7.0.9.x86_64/jre/lib/rt.jar
7fb39041d000-7fb390445000 rw-p 00000000 00:00 0 
7fb390445000-7fb390446000 ---p 00000000 00:00 0 
7fb390446000-7fb390546000 rw-p 00000000 00:00 0 
7fb390546000-7fb390547000 ---p 00000000 00:00 0 
7fb390547000-7fb390647000 rw-p 00000000 00:00 0 
7fb390647000-7fb390648000 ---p 00000000 00:00 0 
7fb390648000-7fb390748000 rw-p 00000000 00:00 0 
7fb390748000-7fb390749000 ---p 00000000 00:00 0 
7fb390749000-7fb390849000 rw-p 00000000 00:00 0 
7fb390849000-7fb39084a000 ---p 00000000 00:00 0 
7fb39084a000-7fb39094a000 rw-p 00000000 00:00 0 
7fb39094a000-7fb39094b000 ---p 00000000 00:00 0 
7fb39094b000-7fb390a4b000 rw-p 00000000 00:00 0 
7fb390a4b000-7fb390a4c000 ---p 00000000 00:00 0 
7fb390a4c000-7fb390b4c000 rw-p 00000000 00:00 0 
7fb390b4c000-7fb390b4d000 ---p 00000000 00:00 0 
7fb390b4d000-7fb390c58000 rw-p 00000000 00:00 0 
7fb390c58000-7fb390ca0000 rw-p 00000000 00:00 0 
7fb390ca0000-7fb390cca000 rw-p 00000000 00:00 0 
7fb390cca000-7fb390f32000 rw-p 00000000 00:00 0 
7fb390f32000-7fb390f3d000 rw-p 00000000 00:00 0 
7fb390f3d000-7fb390f85000 rw-p 00000000 00:00 0 
7fb390f85000-7fb390faf000 rw-p 00000000 00:00 0 
7fb390faf000-7fb391217000 rw-p 00000000 00:00 0 
7fb391217000-7fb39122c000 rw-p 00000000 00:00 0 
7fb39122c000-7fb391360000 rw-p 00000000 00:00 0 
7fb391360000-7fb39136b000 rw-p 00000000 00:00 0 
7fb39136b000-7fb391421000 rw-p 00000000 00:00 0 
7fb391421000-7fb391429000 r-xp 00000000 fd:00 3150122                    /usr/lib/jvm/java-1.7.0-openjdk-1.7.0.9.x86_64/jre/lib/amd64/libzip.so
7fb391429000-7fb391628000 ---p 00008000 fd:00 3150122                    /usr/lib/jvm/java-1.7.0-openjdk-1.7.0.9.x86_64/jre/lib/amd64/libzip.so
7fb391628000-7fb391629000 rw-p 00007000 fd:00 3150122                    /usr/lib/jvm/java-1.7.0-openjdk-1.7.0.9.x86_64/jre/lib/amd64/libzip.so
7fb391629000-7fb391635000 r-xp 00000000 fd:00 524318                     /lib64/libnss_files-2.12.so
7fb391635000-7fb391835000 ---p 0000c000 fd:00 524318                     /lib64/libnss_files-2.12.so
7fb391835000-7fb391836000 r--p 0000c000 fd:00 524318                     /lib64/libnss_files-2.12.so
7fb391836000-7fb391837000 rw-p 0000d000 fd:00 524318                     /lib64/libnss_files-2.12.so
7fb391853000-7fb39187c000 r-xp 00000000 fd:00 3150099                    /usr/lib/jvm/java-1.7.0-openjdk-1.7.0.9.x86_64/jre/lib/amd64/libjava.so
7fb39187c000-7fb391a7b000 ---p 00029000 fd:00 3150099                    /usr/lib/jvm/java-1.7.0-openjdk-1.7.0.9.x86_64/jre/lib/amd64/libjava.so
7fb391a7b000-7fb391a7d000 rw-p 00028000 fd:00 3150099                    /usr/lib/jvm/java-1.7.0-openjdk-1.7.0.9.x86_64/jre/lib/amd64/libjava.so
7fb391a7d000-7fb391a8a000 r-xp 00000000 fd:00 3150121                    /usr/lib/jvm/java-1.7.0-openjdk-1.7.0.9.x86_64/jre/lib/amd64/libverify.so
7fb391a8a000-7fb391c8a000 ---p 0000d000 fd:00 3150121                    /usr/lib/jvm/java-1.7.0-openjdk-1.7.0.9.x86_64/jre/lib/amd64/libverify.so
7fb391c8a000-7fb391c8c000 rw-p 0000d000 fd:00 3150121                    /usr/lib/jvm/java-1.7.0-openjdk-1.7.0.9.x86_64/jre/lib/amd64/libverify.so
7fb391c8c000-7fb391c8f000 ---p 00000000 00:00 0 
7fb391c8f000-7fb391d8d000 rw-p 00000000 00:00 0 
7fb391d8d000-7fb391e10000 r-xp 00000000 fd:00 540216                     /lib64/libm-2.12.so
7fb391e10000-7fb39200f000 ---p 00083000 fd:00 540216                     /lib64/libm-2.12.so
7fb39200f000-7fb392010000 r--p 00082000 fd:00 540216                     /lib64/libm-2.12.so
7fb392010000-7fb392011000 rw-p 00083000 fd:00 540216                     /lib64/libm-2.12.so
7fb392011000-7fb392a21000 r-xp 00000000 fd:00 3150126                    /usr/lib/jvm/java-1.7.0-openjdk-1.7.0.9.x86_64/jre/lib/amd64/server/libjvm.so
7fb392a21000-7fb392c21000 ---p 00a10000 fd:00 3150126                    /usr/lib/jvm/java-1.7.0-openjdk-1.7.0.9.x86_64/jre/lib/amd64/server/libjvm.so
7fb392c21000-7fb392cc2000 rw-p 00a10000 fd:00 3150126                    /usr/lib/jvm/java-1.7.0-openjdk-1.7.0.9.x86_64/jre/lib/amd64/server/libjvm.so
7fb392cc2000-7fb392cf0000 rw-p 00000000 00:00 0 
7fb392d02000-7fb392d0a000 rw-s 00000000 fd:00 399697                     /tmp/hsperfdata_michael/236063
7fb392d0a000-7fb392d0b000 rw-p 00000000 00:00 0 
7fb392d0b000-7fb392d0c000 r--p 00000000 00:00 0 
7fb392d0c000-7fb392d0d000 rw-p 00000000 00:00 0 
7fff8ae8c000-7fff8aea1000 rw-p 00000000 00:00 0                          [stack]
7fff8aed1000-7fff8aed2000 r-xp 00000000 00:00 0                          [vdso]
ffffffffff600000-ffffffffff601000 r-xp 00000000 00:00 0                  [vsyscall]

VM Arguments:
jvm_args: -Xverify:none 
java_command: Test
Launcher Type: SUN_STANDARD

Environment Variables:
JAVA_HOME=/usr/java/jdk1.7.0_45
PATH=/usr/lib64/qt-3.3/bin:/usr/local/bin:/usr/bin:/bin:/usr/games:/usr/local/sbin:/usr/sbin:/sbin:/home/michael/lib/hadoop-2.2.0/bin:/home/michael/lib/hadoop-2.2.0/etc/hadoop:/home/michael/lib/apache-maven-3.0.5/bin:/home/michael/lib/findbugs-2.0.3-rcl/bin:/home/michael/bin:/home/michael/lib/hadoop-2.2.0/bin:/home/michael/lib/hadoop-2.2.0/etc/hadoop:/home/michael/lib/apache-maven-3.0.5/bin:/home/michael/lib/findbugs-2.0.3-rcl/bin
SHELL=/bin/bash
DISPLAY=:0

Signal Handlers:
SIGSEGV: [libjvm.so+0x872c40], sa_mask[0]=0x7ffbfeff, sa_flags=0x10000004
SIGBUS: [libjvm.so+0x872c40], sa_mask[0]=0x7ffbfeff, sa_flags=0x10000004
SIGFPE: [libjvm.so+0x71ac80], sa_mask[0]=0x7ffbfeff, sa_flags=0x10000004
SIGPIPE: [libjvm.so+0x71ac80], sa_mask[0]=0x7ffbfeff, sa_flags=0x10000004
SIGXFSZ: [libjvm.so+0x71ac80], sa_mask[0]=0x7ffbfeff, sa_flags=0x10000004
SIGILL: [libjvm.so+0x71ac80], sa_mask[0]=0x7ffbfeff, sa_flags=0x10000004
SIGUSR1: SIG_DFL, sa_mask[0]=0x00000000, sa_flags=0x00000000
SIGUSR2: [libjvm.so+0x71a7a0], sa_mask[0]=0x00000000, sa_flags=0x10000004
SIGHUP: [libjvm.so+0x71d760], sa_mask[0]=0x7ffbfeff, sa_flags=0x10000004
SIGINT: [libjvm.so+0x71d760], sa_mask[0]=0x7ffbfeff, sa_flags=0x10000004
SIGTERM: [libjvm.so+0x71d760], sa_mask[0]=0x7ffbfeff, sa_flags=0x10000004
SIGQUIT: [libjvm.so+0x71d760], sa_mask[0]=0x7ffbfeff, sa_flags=0x10000004


---------------  S Y S T E M  ---------------

OS:CentOS release 6.4 (Final)

uname:Linux 2.6.32-358.el6.x86_64 #1 SMP Fri Feb 22 00:31:26 UTC 2013 x86_64
libc:glibc 2.12 NPTL 2.12 
rlimit: STACK 10240k, CORE 0k, NPROC 65536, NOFILE 65536, AS infinity
load average:1.51 0.86 0.54

/proc/meminfo:
MemTotal:        8085320 kB
MemFree:         4276372 kB
Buffers:           11524 kB
Cached:          1757660 kB
SwapCached:            0 kB
Active:          2451072 kB
Inactive:         951508 kB
Active(anon):    1691092 kB
Inactive(anon):    86228 kB
Active(file):     759980 kB
Inactive(file):   865280 kB
Unevictable:          16 kB
Mlocked:              16 kB
SwapTotal:      16371696 kB
SwapFree:       16371696 kB
Dirty:               448 kB
Writeback:             0 kB
AnonPages:       1625492 kB
Mapped:           176380 kB
Shmem:            143912 kB
Slab:             255508 kB
SReclaimable:     200272 kB
SUnreclaim:        55236 kB
KernelStack:        4792 kB
PageTables:        41180 kB
NFS_Unstable:          0 kB
Bounce:                0 kB
WritebackTmp:          0 kB
CommitLimit:    20414356 kB
Committed_AS:    4233912 kB
VmallocTotal:   34359738367 kB
VmallocUsed:      450228 kB
VmallocChunk:   34359241652 kB
HardwareCorrupted:     0 kB
AnonHugePages:    884736 kB
HugePages_Total:       0
HugePages_Free:        0
HugePages_Rsvd:        0
HugePages_Surp:        0
Hugepagesize:       2048 kB
DirectMap4k:       10236 kB
DirectMap2M:     8273920 kB


CPU:total 8 (4 cores per cpu, 2 threads per core) family 6 model 42 stepping 7, cmov, cx8, fxsr, mmx, sse, sse2, sse3, ssse3, sse4.1, sse4.2, popcnt, avx, ht, tsc, tscinvbit

/proc/cpuinfo:
processor	: 0
vendor_id	: GenuineIntel
cpu family	: 6
model		: 42
model name	: Intel(R) Core(TM) i7-2720QM CPU @ 2.20GHz
stepping	: 7
cpu MHz		: 2200.000
cache size	: 6144 KB
physical id	: 0
siblings	: 8
core id		: 0
cpu cores	: 4
apicid		: 0
initial apicid	: 0
fpu		: yes
fpu_exception	: yes
cpuid level	: 13
wp		: yes
flags		: fpu vme de pse tsc msr pae mce cx8 apic sep mtrr pge mca cmov pat pse36 clflush dts acpi mmx fxsr sse sse2 ss ht tm pbe syscall nx rdtscp lm constant_tsc arch_perfmon pebs bts xtopology nonstop_tsc aperfmperf pni pclmulqdq dtes64 monitor ds_cpl vmx smx est tm2 ssse3 cx16 xtpr pdcm pcid sse4_1 sse4_2 x2apic popcnt tsc_deadline_timer aes xsave avx lahf_lm ida arat epb xsaveopt pln pts dts tpr_shadow vnmi flexpriority ept vpid
bogomips	: 4389.80
clflush size	: 64
cache_alignment	: 64
address sizes	: 36 bits physical, 48 bits virtual
power management:

processor	: 1
vendor_id	: GenuineIntel
cpu family	: 6
model		: 42
model name	: Intel(R) Core(TM) i7-2720QM CPU @ 2.20GHz
stepping	: 7
cpu MHz		: 800.000
cache size	: 6144 KB
physical id	: 0
siblings	: 8
core id		: 0
cpu cores	: 4
apicid		: 1
initial apicid	: 1
fpu		: yes
fpu_exception	: yes
cpuid level	: 13
wp		: yes
flags		: fpu vme de pse tsc msr pae mce cx8 apic sep mtrr pge mca cmov pat pse36 clflush dts acpi mmx fxsr sse sse2 ss ht tm pbe syscall nx rdtscp lm constant_tsc arch_perfmon pebs bts xtopology nonstop_tsc aperfmperf pni pclmulqdq dtes64 monitor ds_cpl vmx smx est tm2 ssse3 cx16 xtpr pdcm pcid sse4_1 sse4_2 x2apic popcnt tsc_deadline_timer aes xsave avx lahf_lm ida arat epb xsaveopt pln pts dts tpr_shadow vnmi flexpriority ept vpid
bogomips	: 4389.80
clflush size	: 64
cache_alignment	: 64
address sizes	: 36 bits physical, 48 bits virtual
power management:

processor	: 2
vendor_id	: GenuineIntel
cpu family	: 6
model		: 42
model name	: Intel(R) Core(TM) i7-2720QM CPU @ 2.20GHz
stepping	: 7
cpu MHz		: 800.000
cache size	: 6144 KB
physical id	: 0
siblings	: 8
core id		: 1
cpu cores	: 4
apicid		: 2
initial apicid	: 2
fpu		: yes
fpu_exception	: yes
cpuid level	: 13
wp		: yes
flags		: fpu vme de pse tsc msr pae mce cx8 apic sep mtrr pge mca cmov pat pse36 clflush dts acpi mmx fxsr sse sse2 ss ht tm pbe syscall nx rdtscp lm constant_tsc arch_perfmon pebs bts xtopology nonstop_tsc aperfmperf pni pclmulqdq dtes64 monitor ds_cpl vmx smx est tm2 ssse3 cx16 xtpr pdcm pcid sse4_1 sse4_2 x2apic popcnt tsc_deadline_timer aes xsave avx lahf_lm ida arat epb xsaveopt pln pts dts tpr_shadow vnmi flexpriority ept vpid
bogomips	: 4389.80
clflush size	: 64
cache_alignment	: 64
address sizes	: 36 bits physical, 48 bits virtual
power management:

processor	: 3
vendor_id	: GenuineIntel
cpu family	: 6
model		: 42
model name	: Intel(R) Core(TM) i7-2720QM CPU @ 2.20GHz
stepping	: 7
cpu MHz		: 800.000
cache size	: 6144 KB
physical id	: 0
siblings	: 8
core id		: 1
cpu cores	: 4
apicid		: 3
initial apicid	: 3
fpu		: yes
fpu_exception	: yes
cpuid level	: 13
wp		: yes
flags		: fpu vme de pse tsc msr pae mce cx8 apic sep mtrr pge mca cmov pat pse36 clflush dts acpi mmx fxsr sse sse2 ss ht tm pbe syscall nx rdtscp lm constant_tsc arch_perfmon pebs bts xtopology nonstop_tsc aperfmperf pni pclmulqdq dtes64 monitor ds_cpl vmx smx est tm2 ssse3 cx16 xtpr pdcm pcid sse4_1 sse4_2 x2apic popcnt tsc_deadline_timer aes xsave avx lahf_lm ida arat epb xsaveopt pln pts dts tpr_shadow vnmi flexpriority ept vpid
bogomips	: 4389.80
clflush size	: 64
cache_alignment	: 64
address sizes	: 36 bits physical, 48 bits virtual
power management:

processor	: 4
vendor_id	: GenuineIntel
cpu family	: 6
model		: 42
model name	: Intel(R) Core(TM) i7-2720QM CPU @ 2.20GHz
stepping	: 7
cpu MHz		: 800.000
cache size	: 6144 KB
physical id	: 0
siblings	: 8
core id		: 2
cpu cores	: 4
apicid		: 4
initial apicid	: 4
fpu		: yes
fpu_exception	: yes
cpuid level	: 13
wp		: yes
flags		: fpu vme de pse tsc msr pae mce cx8 apic sep mtrr pge mca cmov pat pse36 clflush dts acpi mmx fxsr sse sse2 ss ht tm pbe syscall nx rdtscp lm constant_tsc arch_perfmon pebs bts xtopology nonstop_tsc aperfmperf pni pclmulqdq dtes64 monitor ds_cpl vmx smx est tm2 ssse3 cx16 xtpr pdcm pcid sse4_1 sse4_2 x2apic popcnt tsc_deadline_timer aes xsave avx lahf_lm ida arat epb xsaveopt pln pts dts tpr_shadow vnmi flexpriority ept vpid
bogomips	: 4389.80
clflush size	: 64
cache_alignment	: 64
address sizes	: 36 bits physical, 48 bits virtual
power management:

processor	: 5
vendor_id	: GenuineIntel
cpu family	: 6
model		: 42
model name	: Intel(R) Core(TM) i7-2720QM CPU @ 2.20GHz
stepping	: 7
cpu MHz		: 800.000
cache size	: 6144 KB
physical id	: 0
siblings	: 8
core id		: 2
cpu cores	: 4
apicid		: 5
initial apicid	: 5
fpu		: yes
fpu_exception	: yes
cpuid level	: 13
wp		: yes
flags		: fpu vme de pse tsc msr pae mce cx8 apic sep mtrr pge mca cmov pat pse36 clflush dts acpi mmx fxsr sse sse2 ss ht tm pbe syscall nx rdtscp lm constant_tsc arch_perfmon pebs bts xtopology nonstop_tsc aperfmperf pni pclmulqdq dtes64 monitor ds_cpl vmx smx est tm2 ssse3 cx16 xtpr pdcm pcid sse4_1 sse4_2 x2apic popcnt tsc_deadline_timer aes xsave avx lahf_lm ida arat epb xsaveopt pln pts dts tpr_shadow vnmi flexpriority ept vpid
bogomips	: 4389.80
clflush size	: 64
cache_alignment	: 64
address sizes	: 36 bits physical, 48 bits virtual
power management:

processor	: 6
vendor_id	: GenuineIntel
cpu family	: 6
model		: 42
model name	: Intel(R) Core(TM) i7-2720QM CPU @ 2.20GHz
stepping	: 7
cpu MHz		: 800.000
cache size	: 6144 KB
physical id	: 0
siblings	: 8
core id		: 3
cpu cores	: 4
apicid		: 6
initial apicid	: 6
fpu		: yes
fpu_exception	: yes
cpuid level	: 13
wp		: yes
flags		: fpu vme de pse tsc msr pae mce cx8 apic sep mtrr pge mca cmov pat pse36 clflush dts acpi mmx fxsr sse sse2 ss ht tm pbe syscall nx rdtscp lm constant_tsc arch_perfmon pebs bts xtopology nonstop_tsc aperfmperf pni pclmulqdq dtes64 monitor ds_cpl vmx smx est tm2 ssse3 cx16 xtpr pdcm pcid sse4_1 sse4_2 x2apic popcnt tsc_deadline_timer aes xsave avx lahf_lm ida arat epb xsaveopt pln pts dts tpr_shadow vnmi flexpriority ept vpid
bogomips	: 4389.80
clflush size	: 64
cache_alignment	: 64
address sizes	: 36 bits physical, 48 bits virtual
power management:

processor	: 7
vendor_id	: GenuineIntel
cpu family	: 6
model		: 42
model name	: Intel(R) Core(TM) i7-2720QM CPU @ 2.20GHz
stepping	: 7
cpu MHz		: 800.000
cache size	: 6144 KB
physical id	: 0
siblings	: 8
core id		: 3
cpu cores	: 4
apicid		: 7
initial apicid	: 7
fpu		: yes
fpu_exception	: yes
cpuid level	: 13
wp		: yes
flags		: fpu vme de pse tsc msr pae mce cx8 apic sep mtrr pge mca cmov pat pse36 clflush dts acpi mmx fxsr sse sse2 ss ht tm pbe syscall nx rdtscp lm constant_tsc arch_perfmon pebs bts xtopology nonstop_tsc aperfmperf pni pclmulqdq dtes64 monitor ds_cpl vmx smx est tm2 ssse3 cx16 xtpr pdcm pcid sse4_1 sse4_2 x2apic popcnt tsc_deadline_timer aes xsave avx lahf_lm ida arat epb xsaveopt pln pts dts tpr_shadow vnmi flexpriority ept vpid
bogomips	: 4389.80
clflush size	: 64
cache_alignment	: 64
address sizes	: 36 bits physical, 48 bits virtual
power management:



Memory: 4k page, physical 8085320k(4276372k free), swap 16371696k(16371696k free)

vm_info: OpenJDK 64-Bit Server VM (23.2-b09) for linux-amd64 JRE (1.7.0_09-icedtea-mockbuild_2013_01_16_18_52-b00), built on Jan 16 2013 19:00:19 by "mockbuild" with gcc 4.4.6 20120305 (Red Hat 4.4.6-4)

time: Sun Nov 24 16:08:52 2013
elapsed time: 0 seconds

