#
# A fatal error has been detected by the Java Runtime Environment:
#
#  SIGSEGV (0xb) at pc=0x00007ffbf1678aa1, pid=236673, tid=140720054372096
#
# JRE version: 7.0_09
# Java VM: OpenJDK 64-Bit Server VM (23.2-b09 mixed mode linux-amd64 compressed oops)
# Problematic frame:
# V  [libjvm.so+0x64baa1]  JVM_RaiseSignal+0xab391
#
# Failed to write core dump. Core dumps have been disabled. To enable core dumping, try "ulimit -c unlimited" before starting Java again
#
# If you would like to submit a bug report, please include
# instructions on how to reproduce the bug and visit:
#   http://icedtea.classpath.org/bugzilla
#

---------------  T H R E A D  ---------------

Current thread (0x00007ffbec007800):  JavaThread "main" [_thread_in_vm, id=236674, stack(0x00007ffbf0ca8000,0x00007ffbf0da9000)]

siginfo:si_signo=SIGSEGV: si_errno=0, si_code=1 (SEGV_MAPERR), si_addr=0x00000003d35dfeb0

Registers:
RAX=0x00000003d35dfc88, RBX=0x00007ffbf0da7820, RCX=0x0000000000000005, RDX=0x0000000000000005
RSP=0x00007ffbf0da7440, RBP=0x00007ffbf0da7500, RSI=0x00007ffbec0083a0, RDI=0x00007ffbf0da7820
R8 =0x00007ffbec008398, R9 =0x0000000000000001, R10=0x00007ffbec149aa0, R11=0x0000000000000001
R12=0x00007ffbec0083a0, R13=0x00007ffbec0083a0, R14=0x00007ffbec008398, R15=0x00007ffbec008388
RIP=0x00007ffbf1678aa1, EFLAGS=0x0000000000010206, CSGSFS=0x0000000000000033, ERR=0x0000000000000004
  TRAPNO=0x000000000000000e

Top of Stack: (sp=0x00007ffbf0da7440)
0x00007ffbf0da7440:   0000000000000000 0000000000000000
0x00007ffbf0da7450:   0000000000000000 0000000000000000
0x00007ffbf0da7460:   0000000000000000 0000000000000000
0x00007ffbf0da7470:   0000000000000000 0000000000000000
0x00007ffbf0da7480:   0000000000000000 0000000000000000
0x00007ffbf0da7490:   0000000000000000 0000000000000000
0x00007ffbf0da74a0:   0000000000000000 000000077a6bd290
0x00007ffbf0da74b0:   0000000000000000 0000000000000000
0x00007ffbf0da74c0:   0000000000000000 0000000000000000
0x00007ffbf0da74d0:   0000000000000000 00007ffbec007800
0x00007ffbf0da74e0:   00000003d35dfc78 00007ffbec008370
0x00007ffbf0da74f0:   00007ffbec008390 00007ffbf0da7820
0x00007ffbf0da7500:   00007ffbf0da7590 00007ffbf167d078
0x00007ffbf0da7510:   00007ffbec007800 0000000000000000
0x00007ffbf0da7520:   0000000000000000 0000000000000000
0x00007ffbf0da7530:   00007ffbec149aa0 00007ffbec038400
0x00007ffbf0da7540:   00007ffbec008398 00007ffbec008388
0x00007ffbf0da7550:   00007ffbec0083a0 00007ffbf171ce39
0x00007ffbf0da7560:   00007ffbf0da7700 00007ffbec007800
0x00007ffbf0da7570:   00000000000000b6 00007ffbec008378
0x00007ffbf0da7580:   00007ffbec008370 0000000000000000
0x00007ffbf0da7590:   00007ffbf0da78c0 00007ffbf155f4f0
0x00007ffbf0da75a0:   0000000000000000 00007ffbf0da7700
0x00007ffbf0da75b0:   000000077a6bbf8f 0000000000000000
0x00007ffbf0da75c0:   0000000000000000 0000000000000000
0x00007ffbf0da75d0:   00007ffbec006500 00007ffbf0da7820
0x00007ffbf0da75e0:   0000000000000000 0000000000000000
0x00007ffbf0da75f0:   0000000000000000 0000000000000000
0x00007ffbf0da7600:   0000000000000000 0000000000000000
0x00007ffbf0da7610:   0000000000000000 0000000000000000
0x00007ffbf0da7620:   0000000000000000 0000000000000000
0x00007ffbf0da7630:   0000000000000000 0000000000000000 

Instructions: (pc=0x00007ffbf1678aa1)
0x00007ffbf1678a81:   00 8b 48 30 4d 89 ec 83 f9 fe 74 59 4d 85 f6 b8
0x00007ffbf1678a91:   10 00 00 00 74 07 49 8b 06 48 83 c0 10 48 63 d1
0x00007ffbf1678aa1:   4c 8b 84 d0 00 02 00 00 4d 85 c0 0f 84 be 05 00
0x00007ffbf1678ab1:   00 48 8b 45 10 4c 8b a0 10 01 00 00 49 8b 44 24 

Register to memory mapping:

RAX=0x00000003d35dfc88 is an unknown value
RBX=0x00007ffbf0da7820 is pointing into the stack for thread: 0x00007ffbec007800
RCX=0x0000000000000005 is an unknown value
RDX=0x0000000000000005 is an unknown value
RSP=0x00007ffbf0da7440 is pointing into the stack for thread: 0x00007ffbec007800
RBP=0x00007ffbf0da7500 is pointing into the stack for thread: 0x00007ffbec007800
RSI=0x00007ffbec0083a0 is an unknown value
RDI=0x00007ffbf0da7820 is pointing into the stack for thread: 0x00007ffbec007800
R8 =0x00007ffbec008398 is an unknown value
R9 =0x0000000000000001 is an unknown value
R10=0x00007ffbec149aa0 is an unknown value
R11=0x0000000000000001 is an unknown value
R12=0x00007ffbec0083a0 is an unknown value
R13=0x00007ffbec0083a0 is an unknown value
R14=0x00007ffbec008398 is an unknown value
R15=0x00007ffbec008388 is an unknown value


Stack: [0x00007ffbf0ca8000,0x00007ffbf0da9000],  sp=0x00007ffbf0da7440,  free space=1021k
Native frames: (J=compiled Java code, j=interpreted, Vv=VM code, C=native code)
V  [libjvm.so+0x64baa1]  JVM_RaiseSignal+0xab391
V  [libjvm.so+0x650078]  JVM_RaiseSignal+0xaf968
V  [libjvm.so+0x5324f0]  AsyncGetCallTrace+0xcecd0
j  Test.main([Ljava/lang/String;)V+351
v  ~StubRoutines::call_stub
V  [libjvm.so+0x53b0ce]  AsyncGetCallTrace+0xd78ae
V  [libjvm.so+0x539d68]  AsyncGetCallTrace+0xd6548
V  [libjvm.so+0x5483e7]  JNI_CreateJavaVM+0x12e7
V  [libjvm.so+0x55d70b]  JNI_CreateJavaVM+0x1660b
C  [libjli.so+0x3a5c]  printf+0x3a5c

Java frames: (J=compiled Java code, j=interpreted, Vv=VM code)
j  Test.main([Ljava/lang/String;)V+351
v  ~StubRoutines::call_stub

---------------  P R O C E S S  ---------------

Java Threads: ( => current thread )
  0x00007ffbec116800 JavaThread "Service Thread" daemon [_thread_blocked, id=236689, stack(0x00007ffbd8dff000,0x00007ffbd8f00000)]
  0x00007ffbec114000 JavaThread "C2 CompilerThread1" daemon [_thread_blocked, id=236688, stack(0x00007ffbd8f00000,0x00007ffbd9001000)]
  0x00007ffbec111000 JavaThread "C2 CompilerThread0" daemon [_thread_blocked, id=236687, stack(0x00007ffbd9001000,0x00007ffbd9102000)]
  0x00007ffbec10f000 JavaThread "Signal Dispatcher" daemon [_thread_blocked, id=236686, stack(0x00007ffbd9102000,0x00007ffbd9203000)]
  0x00007ffbec0b9000 JavaThread "Finalizer" daemon [_thread_blocked, id=236685, stack(0x00007ffbd9203000,0x00007ffbd9304000)]
  0x00007ffbec0b6800 JavaThread "Reference Handler" daemon [_thread_blocked, id=236684, stack(0x00007ffbd9304000,0x00007ffbd9405000)]
=>0x00007ffbec007800 JavaThread "main" [_thread_in_vm, id=236674, stack(0x00007ffbf0ca8000,0x00007ffbf0da9000)]

Other Threads:
  0x00007ffbec0ae000 VMThread [stack: 0x00007ffbd9405000,0x00007ffbd9506000] [id=236683]
  0x00007ffbec121000 WatcherThread [stack: 0x00007ffbd8cfe000,0x00007ffbd8dff000] [id=236690]

VM state:not at safepoint (normal execution)

VM Mutex/Monitor currently owned by a thread: None

Heap
 PSYoungGen      total 36864K, used 632K [0x00000007d6e00000, 0x00000007d9720000, 0x0000000800000000)
  eden space 31616K, 2% used [0x00000007d6e00000,0x00000007d6e9e1b0,0x00000007d8ce0000)
  from space 5248K, 0% used [0x00000007d9200000,0x00000007d9200000,0x00000007d9720000)
  to   space 5248K, 0% used [0x00000007d8ce0000,0x00000007d8ce0000,0x00000007d9200000)
 ParOldGen       total 84224K, used 0K [0x0000000784a00000, 0x0000000789c40000, 0x00000007d6e00000)
  object space 84224K, 0% used [0x0000000784a00000,0x0000000784a00000,0x0000000789c40000)
 PSPermGen       total 21248K, used 2805K [0x000000077a400000, 0x000000077b8c0000, 0x0000000784a00000)
  object space 21248K, 13% used [0x000000077a400000,0x000000077a6bd5b8,0x000000077b8c0000)

Card table byte_map: [0x00007ffbe8bd1000,0x00007ffbe9000000] byte_map_base: 0x00007ffbe4fff000

Polling page: 0x00007ffbf1d27000

Code Cache  [0x00007ffbe9000000, 0x00007ffbe9270000, 0x00007ffbec000000)
 total_blobs=165 nmethods=0 adapters=133 free_code_cache=48774Kb largest_free_block=49945408

Compilation events (0 events):
No events

GC Heap History (0 events):
No events

Deoptimization events (0 events):
No events

Internal exceptions (3 events):
Event: 0.018 Thread 0x00007ffbec007800 Threw 0x00000007d6e06138 at /builddir/build/BUILD/java-1.7.0-openjdk/openjdk/hotspot/src/share/vm/prims/jni.cpp:3988
Event: 0.044 Thread 0x00007ffbec007800 Threw 0x00000007d6e515e8 at /builddir/build/BUILD/java-1.7.0-openjdk/openjdk/hotspot/src/share/vm/prims/jvm.cpp:1166
Event: 0.047 Thread 0x00007ffbec007800 Threw 0x00000007d6e57718 at /builddir/build/BUILD/java-1.7.0-openjdk/openjdk/hotspot/src/share/vm/prims/jvm.cpp:1166

Events (10 events):
Event: 0.045 loading class 0x00007ffbec13bfe0
Event: 0.045 loading class 0x00007ffbec13bfe0 done
Event: 0.045 loading class 0x00007ffbec13c010
Event: 0.045 loading class 0x00007ffbec13c010 done
Event: 0.046 loading class 0x00007ffbec0b07e0
Event: 0.046 loading class 0x00007ffbec0b07e0 done
Event: 0.046 loading class 0x00007ffbec064760
Event: 0.046 loading class 0x00007ffbec064760 done
Event: 0.047 loading class 0x00007ffbec149a80
Event: 0.047 loading class 0x00007ffbec149a80 done


Dynamic libraries:
00400000-00401000 r-xp 00000000 fd:00 3150151                            /usr/lib/jvm/java-1.7.0-openjdk-1.7.0.9.x86_64/jre/bin/java
00600000-00602000 rw-p 00000000 fd:00 3150151                            /usr/lib/jvm/java-1.7.0-openjdk-1.7.0.9.x86_64/jre/bin/java
00a10000-00a31000 rw-p 00000000 00:00 0                                  [heap]
77a400000-77b8c0000 rw-p 00000000 00:00 0 
77b8c0000-784a00000 rw-p 00000000 00:00 0 
784a00000-789c40000 rw-p 00000000 00:00 0 
789c40000-7d6e00000 rw-p 00000000 00:00 0 
7d6e00000-7d9720000 rw-p 00000000 00:00 0 
7d9720000-800000000 rw-p 00000000 00:00 0 
38d0800000-38d0820000 r-xp 00000000 fd:00 540203                         /lib64/ld-2.12.so
38d0a1f000-38d0a20000 r--p 0001f000 fd:00 540203                         /lib64/ld-2.12.so
38d0a20000-38d0a21000 rw-p 00020000 fd:00 540203                         /lib64/ld-2.12.so
38d0a21000-38d0a22000 rw-p 00000000 00:00 0 
38d0c00000-38d0c0d000 r-xp 00000000 fd:00 3155877                        /usr/lib/jvm/java-1.7.0-openjdk-1.7.0.9.x86_64/jre/lib/amd64/jli/libjli.so
38d0c0d000-38d0e0c000 ---p 0000d000 fd:00 3155877                        /usr/lib/jvm/java-1.7.0-openjdk-1.7.0.9.x86_64/jre/lib/amd64/jli/libjli.so
38d0e0c000-38d0e0d000 rw-p 0000c000 fd:00 3155877                        /usr/lib/jvm/java-1.7.0-openjdk-1.7.0.9.x86_64/jre/lib/amd64/jli/libjli.so
38d1000000-38d118a000 r-xp 00000000 fd:00 540204                         /lib64/libc-2.12.so
38d118a000-38d1389000 ---p 0018a000 fd:00 540204                         /lib64/libc-2.12.so
38d1389000-38d138d000 r--p 00189000 fd:00 540204                         /lib64/libc-2.12.so
38d138d000-38d138e000 rw-p 0018d000 fd:00 540204                         /lib64/libc-2.12.so
38d138e000-38d1393000 rw-p 00000000 00:00 0 
38d1400000-38d1402000 r-xp 00000000 fd:00 540210                         /lib64/libdl-2.12.so
38d1402000-38d1602000 ---p 00002000 fd:00 540210                         /lib64/libdl-2.12.so
38d1602000-38d1603000 r--p 00002000 fd:00 540210                         /lib64/libdl-2.12.so
38d1603000-38d1604000 rw-p 00003000 fd:00 540210                         /lib64/libdl-2.12.so
38d1800000-38d1817000 r-xp 00000000 fd:00 540205                         /lib64/libpthread-2.12.so
38d1817000-38d1a17000 ---p 00017000 fd:00 540205                         /lib64/libpthread-2.12.so
38d1a17000-38d1a18000 r--p 00017000 fd:00 540205                         /lib64/libpthread-2.12.so
38d1a18000-38d1a19000 rw-p 00018000 fd:00 540205                         /lib64/libpthread-2.12.so
38d1a19000-38d1a1d000 rw-p 00000000 00:00 0 
38d1c00000-38d1c15000 r-xp 00000000 fd:00 540218                         /lib64/libz.so.1.2.3
38d1c15000-38d1e14000 ---p 00015000 fd:00 540218                         /lib64/libz.so.1.2.3
38d1e14000-38d1e15000 r--p 00014000 fd:00 540218                         /lib64/libz.so.1.2.3
38d1e15000-38d1e16000 rw-p 00015000 fd:00 540218                         /lib64/libz.so.1.2.3
38d2000000-38d2007000 r-xp 00000000 fd:00 540206                         /lib64/librt-2.12.so
38d2007000-38d2206000 ---p 00007000 fd:00 540206                         /lib64/librt-2.12.so
38d2206000-38d2207000 r--p 00006000 fd:00 540206                         /lib64/librt-2.12.so
38d2207000-38d2208000 rw-p 00007000 fd:00 540206                         /lib64/librt-2.12.so
38d7400000-38d7416000 r-xp 00000000 fd:00 540219                         /lib64/libgcc_s-4.4.7-20120601.so.1
38d7416000-38d7615000 ---p 00016000 fd:00 540219                         /lib64/libgcc_s-4.4.7-20120601.so.1
38d7615000-38d7616000 rw-p 00015000 fd:00 540219                         /lib64/libgcc_s-4.4.7-20120601.so.1
38d7800000-38d78e8000 r-xp 00000000 fd:00 2625597                        /usr/lib64/libstdc++.so.6.0.13
38d78e8000-38d7ae8000 ---p 000e8000 fd:00 2625597                        /usr/lib64/libstdc++.so.6.0.13
38d7ae8000-38d7aef000 r--p 000e8000 fd:00 2625597                        /usr/lib64/libstdc++.so.6.0.13
38d7aef000-38d7af1000 rw-p 000ef000 fd:00 2625597                        /usr/lib64/libstdc++.so.6.0.13
38d7af1000-38d7b06000 rw-p 00000000 00:00 0 
7ffb84000000-7ffb84021000 rw-p 00000000 00:00 0 
7ffb84021000-7ffb88000000 ---p 00000000 00:00 0 
7ffb8c000000-7ffb8c021000 rw-p 00000000 00:00 0 
7ffb8c021000-7ffb90000000 ---p 00000000 00:00 0 
7ffb90000000-7ffb90021000 rw-p 00000000 00:00 0 
7ffb90021000-7ffb94000000 ---p 00000000 00:00 0 
7ffb94000000-7ffb94021000 rw-p 00000000 00:00 0 
7ffb94021000-7ffb98000000 ---p 00000000 00:00 0 
7ffb9a16f000-7ffba0000000 r--p 00000000 fd:00 2622709                    /usr/lib/locale/locale-archive
7ffba0000000-7ffba0021000 rw-p 00000000 00:00 0 
7ffba0021000-7ffba4000000 ---p 00000000 00:00 0 
7ffba4000000-7ffba4021000 rw-p 00000000 00:00 0 
7ffba4021000-7ffba8000000 ---p 00000000 00:00 0 
7ffba8000000-7ffba8021000 rw-p 00000000 00:00 0 
7ffba8021000-7ffbac000000 ---p 00000000 00:00 0 
7ffbafd20000-7ffbb4000000 rw-p 00000000 00:00 0 
7ffbb4000000-7ffbb4021000 rw-p 00000000 00:00 0 
7ffbb4021000-7ffbb8000000 ---p 00000000 00:00 0 
7ffbb8000000-7ffbb8021000 rw-p 00000000 00:00 0 
7ffbb8021000-7ffbbc000000 ---p 00000000 00:00 0 
7ffbbc000000-7ffbbc021000 rw-p 00000000 00:00 0 
7ffbbc021000-7ffbc0000000 ---p 00000000 00:00 0 
7ffbc4000000-7ffbc4021000 rw-p 00000000 00:00 0 
7ffbc4021000-7ffbc8000000 ---p 00000000 00:00 0 
7ffbcc000000-7ffbcc021000 rw-p 00000000 00:00 0 
7ffbcc021000-7ffbd0000000 ---p 00000000 00:00 0 
7ffbd4000000-7ffbd4021000 rw-p 00000000 00:00 0 
7ffbd4021000-7ffbd8000000 ---p 00000000 00:00 0 
7ffbd8cfe000-7ffbd8cff000 ---p 00000000 00:00 0 
7ffbd8cff000-7ffbd8dff000 rw-p 00000000 00:00 0 
7ffbd8dff000-7ffbd8e02000 ---p 00000000 00:00 0 
7ffbd8e02000-7ffbd8f00000 rw-p 00000000 00:00 0 
7ffbd8f00000-7ffbd8f03000 ---p 00000000 00:00 0 
7ffbd8f03000-7ffbd9001000 rw-p 00000000 00:00 0 
7ffbd9001000-7ffbd9004000 ---p 00000000 00:00 0 
7ffbd9004000-7ffbd9102000 rw-p 00000000 00:00 0 
7ffbd9102000-7ffbd9105000 ---p 00000000 00:00 0 
7ffbd9105000-7ffbd9203000 rw-p 00000000 00:00 0 
7ffbd9203000-7ffbd9206000 ---p 00000000 00:00 0 
7ffbd9206000-7ffbd9304000 rw-p 00000000 00:00 0 
7ffbd9304000-7ffbd9307000 ---p 00000000 00:00 0 
7ffbd9307000-7ffbd9405000 rw-p 00000000 00:00 0 
7ffbd9405000-7ffbd9406000 ---p 00000000 00:00 0 
7ffbd9406000-7ffbdc000000 rw-p 00000000 00:00 0 
7ffbdc000000-7ffbdc021000 rw-p 00000000 00:00 0 
7ffbdc021000-7ffbe0000000 ---p 00000000 00:00 0 
7ffbe0000000-7ffbe0021000 rw-p 00000000 00:00 0 
7ffbe0021000-7ffbe4000000 ---p 00000000 00:00 0 
7ffbe4000000-7ffbe4021000 rw-p 00000000 00:00 0 
7ffbe4021000-7ffbe8000000 ---p 00000000 00:00 0 
7ffbe801c000-7ffbe821e000 rw-p 00000000 00:00 0 
7ffbe821e000-7ffbe83c9000 r--s 03e6b000 fd:00 3150162                    /usr/lib/jvm/java-1.7.0-openjdk-1.7.0.9.x86_64/jre/lib/rt.jar
7ffbe83c9000-7ffbe83ca000 ---p 00000000 00:00 0 
7ffbe83ca000-7ffbe84ca000 rw-p 00000000 00:00 0 
7ffbe84ca000-7ffbe84cb000 ---p 00000000 00:00 0 
7ffbe84cb000-7ffbe85cb000 rw-p 00000000 00:00 0 
7ffbe85cb000-7ffbe85cc000 ---p 00000000 00:00 0 
7ffbe85cc000-7ffbe86cc000 rw-p 00000000 00:00 0 
7ffbe86cc000-7ffbe86cd000 ---p 00000000 00:00 0 
7ffbe86cd000-7ffbe87cd000 rw-p 00000000 00:00 0 
7ffbe87cd000-7ffbe87ce000 ---p 00000000 00:00 0 
7ffbe87ce000-7ffbe88ce000 rw-p 00000000 00:00 0 
7ffbe88ce000-7ffbe88cf000 ---p 00000000 00:00 0 
7ffbe88cf000-7ffbe89cf000 rw-p 00000000 00:00 0 
7ffbe89cf000-7ffbe89d0000 ---p 00000000 00:00 0 
7ffbe89d0000-7ffbe8ad0000 rw-p 00000000 00:00 0 
7ffbe8ad0000-7ffbe8ad1000 ---p 00000000 00:00 0 
7ffbe8ad1000-7ffbe8bdc000 rw-p 00000000 00:00 0 
7ffbe8bdc000-7ffbe8c24000 rw-p 00000000 00:00 0 
7ffbe8c24000-7ffbe8c4e000 rw-p 00000000 00:00 0 
7ffbe8c4e000-7ffbe8eb6000 rw-p 00000000 00:00 0 
7ffbe8eb6000-7ffbe8ecb000 rw-p 00000000 00:00 0 
7ffbe8ecb000-7ffbe8fff000 rw-p 00000000 00:00 0 
7ffbe8fff000-7ffbe9000000 rw-p 00000000 00:00 0 
7ffbe9000000-7ffbe9270000 rwxp 00000000 00:00 0 
7ffbe9270000-7ffbec151000 rw-p 00000000 00:00 0 
7ffbec151000-7ffbf0000000 ---p 00000000 00:00 0 
7ffbf0004000-7ffbf00a3000 rw-p 00000000 00:00 0 
7ffbf00a3000-7ffbf00eb000 rw-p 00000000 00:00 0 
7ffbf00eb000-7ffbf0115000 rw-p 00000000 00:00 0 
7ffbf0115000-7ffbf037d000 rw-p 00000000 00:00 0 
7ffbf037d000-7ffbf0387000 rw-p 00000000 00:00 0 
7ffbf0387000-7ffbf043d000 rw-p 00000000 00:00 0 
7ffbf043d000-7ffbf0445000 r-xp 00000000 fd:00 3150122                    /usr/lib/jvm/java-1.7.0-openjdk-1.7.0.9.x86_64/jre/lib/amd64/libzip.so
7ffbf0445000-7ffbf0644000 ---p 00008000 fd:00 3150122                    /usr/lib/jvm/java-1.7.0-openjdk-1.7.0.9.x86_64/jre/lib/amd64/libzip.so
7ffbf0644000-7ffbf0645000 rw-p 00007000 fd:00 3150122                    /usr/lib/jvm/java-1.7.0-openjdk-1.7.0.9.x86_64/jre/lib/amd64/libzip.so
7ffbf0645000-7ffbf0651000 r-xp 00000000 fd:00 524318                     /lib64/libnss_files-2.12.so
7ffbf0651000-7ffbf0851000 ---p 0000c000 fd:00 524318                     /lib64/libnss_files-2.12.so
7ffbf0851000-7ffbf0852000 r--p 0000c000 fd:00 524318                     /lib64/libnss_files-2.12.so
7ffbf0852000-7ffbf0853000 rw-p 0000d000 fd:00 524318                     /lib64/libnss_files-2.12.so
7ffbf086f000-7ffbf0898000 r-xp 00000000 fd:00 3150099                    /usr/lib/jvm/java-1.7.0-openjdk-1.7.0.9.x86_64/jre/lib/amd64/libjava.so
7ffbf0898000-7ffbf0a97000 ---p 00029000 fd:00 3150099                    /usr/lib/jvm/java-1.7.0-openjdk-1.7.0.9.x86_64/jre/lib/amd64/libjava.so
7ffbf0a97000-7ffbf0a99000 rw-p 00028000 fd:00 3150099                    /usr/lib/jvm/java-1.7.0-openjdk-1.7.0.9.x86_64/jre/lib/amd64/libjava.so
7ffbf0a99000-7ffbf0aa6000 r-xp 00000000 fd:00 3150121                    /usr/lib/jvm/java-1.7.0-openjdk-1.7.0.9.x86_64/jre/lib/amd64/libverify.so
7ffbf0aa6000-7ffbf0ca6000 ---p 0000d000 fd:00 3150121                    /usr/lib/jvm/java-1.7.0-openjdk-1.7.0.9.x86_64/jre/lib/amd64/libverify.so
7ffbf0ca6000-7ffbf0ca8000 rw-p 0000d000 fd:00 3150121                    /usr/lib/jvm/java-1.7.0-openjdk-1.7.0.9.x86_64/jre/lib/amd64/libverify.so
7ffbf0ca8000-7ffbf0cab000 ---p 00000000 00:00 0 
7ffbf0cab000-7ffbf0da9000 rw-p 00000000 00:00 0 
7ffbf0da9000-7ffbf0e2c000 r-xp 00000000 fd:00 540216                     /lib64/libm-2.12.so
7ffbf0e2c000-7ffbf102b000 ---p 00083000 fd:00 540216                     /lib64/libm-2.12.so
7ffbf102b000-7ffbf102c000 r--p 00082000 fd:00 540216                     /lib64/libm-2.12.so
7ffbf102c000-7ffbf102d000 rw-p 00083000 fd:00 540216                     /lib64/libm-2.12.so
7ffbf102d000-7ffbf1a3d000 r-xp 00000000 fd:00 3150126                    /usr/lib/jvm/java-1.7.0-openjdk-1.7.0.9.x86_64/jre/lib/amd64/server/libjvm.so
7ffbf1a3d000-7ffbf1c3d000 ---p 00a10000 fd:00 3150126                    /usr/lib/jvm/java-1.7.0-openjdk-1.7.0.9.x86_64/jre/lib/amd64/server/libjvm.so
7ffbf1c3d000-7ffbf1cde000 rw-p 00a10000 fd:00 3150126                    /usr/lib/jvm/java-1.7.0-openjdk-1.7.0.9.x86_64/jre/lib/amd64/server/libjvm.so
7ffbf1cde000-7ffbf1d0c000 rw-p 00000000 00:00 0 
7ffbf1d10000-7ffbf1d12000 rw-p 00000000 00:00 0 
7ffbf1d12000-7ffbf1d1b000 r--s 00066000 fd:00 6129                       /usr/lib/jvm/java-1.7.0-openjdk-1.7.0.9.x86_64/jre/lib/ext/gnome-java-bridge.jar
7ffbf1d1b000-7ffbf1d1e000 r--s 0000f000 fd:00 6132                       /usr/lib/jvm/java-1.7.0-openjdk-1.7.0.9.x86_64/jre/lib/ext/pulse-java.jar
7ffbf1d1e000-7ffbf1d26000 rw-s 00000000 fd:00 399697                     /tmp/hsperfdata_michael/236673
7ffbf1d26000-7ffbf1d27000 rw-p 00000000 00:00 0 
7ffbf1d27000-7ffbf1d28000 r--p 00000000 00:00 0 
7ffbf1d28000-7ffbf1d29000 rw-p 00000000 00:00 0 
7fff75695000-7fff756aa000 rw-p 00000000 00:00 0                          [stack]
7fff757f9000-7fff757fa000 r-xp 00000000 00:00 0                          [vdso]
ffffffffff600000-ffffffffff601000 r-xp 00000000 00:00 0                  [vsyscall]

VM Arguments:
jvm_args: -Xverify:none 
java_command: Test
Launcher Type: SUN_STANDARD

Environment Variables:
JAVA_HOME=/usr/java/jdk1.7.0_45
PATH=/usr/lib64/qt-3.3/bin:/usr/local/bin:/usr/bin:/bin:/usr/games:/usr/local/sbin:/usr/sbin:/sbin:/home/michael/lib/hadoop-2.2.0/bin:/home/michael/lib/hadoop-2.2.0/etc/hadoop:/home/michael/lib/apache-maven-3.0.5/bin:/home/michael/lib/findbugs-2.0.3-rcl/bin:/home/michael/bin:/home/michael/lib/hadoop-2.2.0/bin:/home/michael/lib/hadoop-2.2.0/etc/hadoop:/home/michael/lib/apache-maven-3.0.5/bin:/home/michael/lib/findbugs-2.0.3-rcl/bin
SHELL=/bin/bash
DISPLAY=:0

Signal Handlers:
SIGSEGV: [libjvm.so+0x872c40], sa_mask[0]=0x7ffbfeff, sa_flags=0x10000004
SIGBUS: [libjvm.so+0x872c40], sa_mask[0]=0x7ffbfeff, sa_flags=0x10000004
SIGFPE: [libjvm.so+0x71ac80], sa_mask[0]=0x7ffbfeff, sa_flags=0x10000004
SIGPIPE: [libjvm.so+0x71ac80], sa_mask[0]=0x7ffbfeff, sa_flags=0x10000004
SIGXFSZ: [libjvm.so+0x71ac80], sa_mask[0]=0x7ffbfeff, sa_flags=0x10000004
SIGILL: [libjvm.so+0x71ac80], sa_mask[0]=0x7ffbfeff, sa_flags=0x10000004
SIGUSR1: SIG_DFL, sa_mask[0]=0x00000000, sa_flags=0x00000000
SIGUSR2: [libjvm.so+0x71a7a0], sa_mask[0]=0x00000000, sa_flags=0x10000004
SIGHUP: [libjvm.so+0x71d760], sa_mask[0]=0x7ffbfeff, sa_flags=0x10000004
SIGINT: [libjvm.so+0x71d760], sa_mask[0]=0x7ffbfeff, sa_flags=0x10000004
SIGTERM: [libjvm.so+0x71d760], sa_mask[0]=0x7ffbfeff, sa_flags=0x10000004
SIGQUIT: [libjvm.so+0x71d760], sa_mask[0]=0x7ffbfeff, sa_flags=0x10000004


---------------  S Y S T E M  ---------------

OS:CentOS release 6.4 (Final)

uname:Linux 2.6.32-358.el6.x86_64 #1 SMP Fri Feb 22 00:31:26 UTC 2013 x86_64
libc:glibc 2.12 NPTL 2.12 
rlimit: STACK 10240k, CORE 0k, NPROC 65536, NOFILE 65536, AS infinity
load average:1.23 0.91 0.59

/proc/meminfo:
MemTotal:        8085320 kB
MemFree:         4221400 kB
Buffers:           11852 kB
Cached:          1764280 kB
SwapCached:            0 kB
Active:          2495332 kB
Inactive:         959448 kB
Active(anon):    1736352 kB
Inactive(anon):    92360 kB
Active(file):     758980 kB
Inactive(file):   867088 kB
Unevictable:          16 kB
Mlocked:              16 kB
SwapTotal:      16371696 kB
SwapFree:       16371696 kB
Dirty:               428 kB
Writeback:             0 kB
AnonPages:       1670488 kB
Mapped:           176672 kB
Shmem:            150072 kB
Slab:             255732 kB
SReclaimable:     200360 kB
SUnreclaim:        55372 kB
KernelStack:        4840 kB
PageTables:        42008 kB
NFS_Unstable:          0 kB
Bounce:                0 kB
WritebackTmp:          0 kB
CommitLimit:    20414356 kB
Committed_AS:    4354948 kB
VmallocTotal:   34359738367 kB
VmallocUsed:      450228 kB
VmallocChunk:   34359241652 kB
HardwareCorrupted:     0 kB
AnonHugePages:    901120 kB
HugePages_Total:       0
HugePages_Free:        0
HugePages_Rsvd:        0
HugePages_Surp:        0
Hugepagesize:       2048 kB
DirectMap4k:       10236 kB
DirectMap2M:     8273920 kB


CPU:total 8 (4 cores per cpu, 2 threads per core) family 6 model 42 stepping 7, cmov, cx8, fxsr, mmx, sse, sse2, sse3, ssse3, sse4.1, sse4.2, popcnt, avx, ht, tsc, tscinvbit

/proc/cpuinfo:
processor	: 0
vendor_id	: GenuineIntel
cpu family	: 6
model		: 42
model name	: Intel(R) Core(TM) i7-2720QM CPU @ 2.20GHz
stepping	: 7
cpu MHz		: 2200.000
cache size	: 6144 KB
physical id	: 0
siblings	: 8
core id		: 0
cpu cores	: 4
apicid		: 0
initial apicid	: 0
fpu		: yes
fpu_exception	: yes
cpuid level	: 13
wp		: yes
flags		: fpu vme de pse tsc msr pae mce cx8 apic sep mtrr pge mca cmov pat pse36 clflush dts acpi mmx fxsr sse sse2 ss ht tm pbe syscall nx rdtscp lm constant_tsc arch_perfmon pebs bts xtopology nonstop_tsc aperfmperf pni pclmulqdq dtes64 monitor ds_cpl vmx smx est tm2 ssse3 cx16 xtpr pdcm pcid sse4_1 sse4_2 x2apic popcnt tsc_deadline_timer aes xsave avx lahf_lm ida arat epb xsaveopt pln pts dts tpr_shadow vnmi flexpriority ept vpid
bogomips	: 4389.80
clflush size	: 64
cache_alignment	: 64
address sizes	: 36 bits physical, 48 bits virtual
power management:

processor	: 1
vendor_id	: GenuineIntel
cpu family	: 6
model		: 42
model name	: Intel(R) Core(TM) i7-2720QM CPU @ 2.20GHz
stepping	: 7
cpu MHz		: 2201.000
cache size	: 6144 KB
physical id	: 0
siblings	: 8
core id		: 0
cpu cores	: 4
apicid		: 1
initial apicid	: 1
fpu		: yes
fpu_exception	: yes
cpuid level	: 13
wp		: yes
flags		: fpu vme de pse tsc msr pae mce cx8 apic sep mtrr pge mca cmov pat pse36 clflush dts acpi mmx fxsr sse sse2 ss ht tm pbe syscall nx rdtscp lm constant_tsc arch_perfmon pebs bts xtopology nonstop_tsc aperfmperf pni pclmulqdq dtes64 monitor ds_cpl vmx smx est tm2 ssse3 cx16 xtpr pdcm pcid sse4_1 sse4_2 x2apic popcnt tsc_deadline_timer aes xsave avx lahf_lm ida arat epb xsaveopt pln pts dts tpr_shadow vnmi flexpriority ept vpid
bogomips	: 4389.80
clflush size	: 64
cache_alignment	: 64
address sizes	: 36 bits physical, 48 bits virtual
power management:

processor	: 2
vendor_id	: GenuineIntel
cpu family	: 6
model		: 42
model name	: Intel(R) Core(TM) i7-2720QM CPU @ 2.20GHz
stepping	: 7
cpu MHz		: 800.000
cache size	: 6144 KB
physical id	: 0
siblings	: 8
core id		: 1
cpu cores	: 4
apicid		: 2
initial apicid	: 2
fpu		: yes
fpu_exception	: yes
cpuid level	: 13
wp		: yes
flags		: fpu vme de pse tsc msr pae mce cx8 apic sep mtrr pge mca cmov pat pse36 clflush dts acpi mmx fxsr sse sse2 ss ht tm pbe syscall nx rdtscp lm constant_tsc arch_perfmon pebs bts xtopology nonstop_tsc aperfmperf pni pclmulqdq dtes64 monitor ds_cpl vmx smx est tm2 ssse3 cx16 xtpr pdcm pcid sse4_1 sse4_2 x2apic popcnt tsc_deadline_timer aes xsave avx lahf_lm ida arat epb xsaveopt pln pts dts tpr_shadow vnmi flexpriority ept vpid
bogomips	: 4389.80
clflush size	: 64
cache_alignment	: 64
address sizes	: 36 bits physical, 48 bits virtual
power management:

processor	: 3
vendor_id	: GenuineIntel
cpu family	: 6
model		: 42
model name	: Intel(R) Core(TM) i7-2720QM CPU @ 2.20GHz
stepping	: 7
cpu MHz		: 2201.000
cache size	: 6144 KB
physical id	: 0
siblings	: 8
core id		: 1
cpu cores	: 4
apicid		: 3
initial apicid	: 3
fpu		: yes
fpu_exception	: yes
cpuid level	: 13
wp		: yes
flags		: fpu vme de pse tsc msr pae mce cx8 apic sep mtrr pge mca cmov pat pse36 clflush dts acpi mmx fxsr sse sse2 ss ht tm pbe syscall nx rdtscp lm constant_tsc arch_perfmon pebs bts xtopology nonstop_tsc aperfmperf pni pclmulqdq dtes64 monitor ds_cpl vmx smx est tm2 ssse3 cx16 xtpr pdcm pcid sse4_1 sse4_2 x2apic popcnt tsc_deadline_timer aes xsave avx lahf_lm ida arat epb xsaveopt pln pts dts tpr_shadow vnmi flexpriority ept vpid
bogomips	: 4389.80
clflush size	: 64
cache_alignment	: 64
address sizes	: 36 bits physical, 48 bits virtual
power management:

processor	: 4
vendor_id	: GenuineIntel
cpu family	: 6
model		: 42
model name	: Intel(R) Core(TM) i7-2720QM CPU @ 2.20GHz
stepping	: 7
cpu MHz		: 800.000
cache size	: 6144 KB
physical id	: 0
siblings	: 8
core id		: 2
cpu cores	: 4
apicid		: 4
initial apicid	: 4
fpu		: yes
fpu_exception	: yes
cpuid level	: 13
wp		: yes
flags		: fpu vme de pse tsc msr pae mce cx8 apic sep mtrr pge mca cmov pat pse36 clflush dts acpi mmx fxsr sse sse2 ss ht tm pbe syscall nx rdtscp lm constant_tsc arch_perfmon pebs bts xtopology nonstop_tsc aperfmperf pni pclmulqdq dtes64 monitor ds_cpl vmx smx est tm2 ssse3 cx16 xtpr pdcm pcid sse4_1 sse4_2 x2apic popcnt tsc_deadline_timer aes xsave avx lahf_lm ida arat epb xsaveopt pln pts dts tpr_shadow vnmi flexpriority ept vpid
bogomips	: 4389.80
clflush size	: 64
cache_alignment	: 64
address sizes	: 36 bits physical, 48 bits virtual
power management:

processor	: 5
vendor_id	: GenuineIntel
cpu family	: 6
model		: 42
model name	: Intel(R) Core(TM) i7-2720QM CPU @ 2.20GHz
stepping	: 7
cpu MHz		: 800.000
cache size	: 6144 KB
physical id	: 0
siblings	: 8
core id		: 2
cpu cores	: 4
apicid		: 5
initial apicid	: 5
fpu		: yes
fpu_exception	: yes
cpuid level	: 13
wp		: yes
flags		: fpu vme de pse tsc msr pae mce cx8 apic sep mtrr pge mca cmov pat pse36 clflush dts acpi mmx fxsr sse sse2 ss ht tm pbe syscall nx rdtscp lm constant_tsc arch_perfmon pebs bts xtopology nonstop_tsc aperfmperf pni pclmulqdq dtes64 monitor ds_cpl vmx smx est tm2 ssse3 cx16 xtpr pdcm pcid sse4_1 sse4_2 x2apic popcnt tsc_deadline_timer aes xsave avx lahf_lm ida arat epb xsaveopt pln pts dts tpr_shadow vnmi flexpriority ept vpid
bogomips	: 4389.80
clflush size	: 64
cache_alignment	: 64
address sizes	: 36 bits physical, 48 bits virtual
power management:

processor	: 6
vendor_id	: GenuineIntel
cpu family	: 6
model		: 42
model name	: Intel(R) Core(TM) i7-2720QM CPU @ 2.20GHz
stepping	: 7
cpu MHz		: 800.000
cache size	: 6144 KB
physical id	: 0
siblings	: 8
core id		: 3
cpu cores	: 4
apicid		: 6
initial apicid	: 6
fpu		: yes
fpu_exception	: yes
cpuid level	: 13
wp		: yes
flags		: fpu vme de pse tsc msr pae mce cx8 apic sep mtrr pge mca cmov pat pse36 clflush dts acpi mmx fxsr sse sse2 ss ht tm pbe syscall nx rdtscp lm constant_tsc arch_perfmon pebs bts xtopology nonstop_tsc aperfmperf pni pclmulqdq dtes64 monitor ds_cpl vmx smx est tm2 ssse3 cx16 xtpr pdcm pcid sse4_1 sse4_2 x2apic popcnt tsc_deadline_timer aes xsave avx lahf_lm ida arat epb xsaveopt pln pts dts tpr_shadow vnmi flexpriority ept vpid
bogomips	: 4389.80
clflush size	: 64
cache_alignment	: 64
address sizes	: 36 bits physical, 48 bits virtual
power management:

processor	: 7
vendor_id	: GenuineIntel
cpu family	: 6
model		: 42
model name	: Intel(R) Core(TM) i7-2720QM CPU @ 2.20GHz
stepping	: 7
cpu MHz		: 800.000
cache size	: 6144 KB
physical id	: 0
siblings	: 8
core id		: 3
cpu cores	: 4
apicid		: 7
initial apicid	: 7
fpu		: yes
fpu_exception	: yes
cpuid level	: 13
wp		: yes
flags		: fpu vme de pse tsc msr pae mce cx8 apic sep mtrr pge mca cmov pat pse36 clflush dts acpi mmx fxsr sse sse2 ss ht tm pbe syscall nx rdtscp lm constant_tsc arch_perfmon pebs bts xtopology nonstop_tsc aperfmperf pni pclmulqdq dtes64 monitor ds_cpl vmx smx est tm2 ssse3 cx16 xtpr pdcm pcid sse4_1 sse4_2 x2apic popcnt tsc_deadline_timer aes xsave avx lahf_lm ida arat epb xsaveopt pln pts dts tpr_shadow vnmi flexpriority ept vpid
bogomips	: 4389.80
clflush size	: 64
cache_alignment	: 64
address sizes	: 36 bits physical, 48 bits virtual
power management:



Memory: 4k page, physical 8085320k(4221400k free), swap 16371696k(16371696k free)

vm_info: OpenJDK 64-Bit Server VM (23.2-b09) for linux-amd64 JRE (1.7.0_09-icedtea-mockbuild_2013_01_16_18_52-b00), built on Jan 16 2013 19:00:19 by "mockbuild" with gcc 4.4.6 20120305 (Red Hat 4.4.6-4)

time: Sun Nov 24 16:10:32 2013
elapsed time: 0 seconds

