#
# A fatal error has been detected by the Java Runtime Environment:
#
#  SIGSEGV (0xb) at pc=0x00007f603c04baa1, pid=234943, tid=140051291289344
#
# JRE version: 7.0_09
# Java VM: OpenJDK 64-Bit Server VM (23.2-b09 mixed mode linux-amd64 compressed oops)
# Problematic frame:
# V  [libjvm.so+0x64baa1]  JVM_RaiseSignal+0xab391
#
# Failed to write core dump. Core dumps have been disabled. To enable core dumping, try "ulimit -c unlimited" before starting Java again
#
# If you would like to submit a bug report, please include
# instructions on how to reproduce the bug and visit:
#   http://icedtea.classpath.org/bugzilla
#

---------------  T H R E A D  ---------------

Current thread (0x00007f6034007800):  JavaThread "main" [_thread_in_vm, id=234944, stack(0x00007f603b67b000,0x00007f603b77c000)]

siginfo:si_signo=SIGSEGV: si_errno=0, si_code=1 (SEGV_MAPERR), si_addr=0x00000003d35dfef0

Registers:
RAX=0x00000003d35dfcc8, RBX=0x00007f603b77a800, RCX=0x0000000000000005, RDX=0x0000000000000005
RSP=0x00007f603b77a420, RBP=0x00007f603b77a4e0, RSI=0x00007f60340083a0, RDI=0x00007f603b77a800
R8 =0x00007f6034008398, R9 =0x0000000000000001, R10=0x00007f6034149aa0, R11=0x0000000000000001
R12=0x00007f60340083a0, R13=0x00007f60340083a0, R14=0x00007f6034008398, R15=0x00007f6034008388
RIP=0x00007f603c04baa1, EFLAGS=0x0000000000010202, CSGSFS=0x0000000000000033, ERR=0x0000000000000004
  TRAPNO=0x000000000000000e

Top of Stack: (sp=0x00007f603b77a420)
0x00007f603b77a420:   0000000000000000 0000000000000000
0x00007f603b77a430:   0000000000000000 0000000000000000
0x00007f603b77a440:   0000000000000000 0000000000000000
0x00007f603b77a450:   0000000000000000 0000000000000000
0x00007f603b77a460:   0000000000000000 0000000000000000
0x00007f603b77a470:   0000000000000000 0000000000000000
0x00007f603b77a480:   0000000000000000 000000077a6bd298
0x00007f603b77a490:   0000000000000000 0000000000000000
0x00007f603b77a4a0:   0000000000000000 0000000000000000
0x00007f603b77a4b0:   0000000000000000 00007f6034007800
0x00007f603b77a4c0:   00000003d35dfcb8 00007f6034008370
0x00007f603b77a4d0:   00007f6034008390 00007f603b77a800
0x00007f603b77a4e0:   00007f603b77a570 00007f603c050078
0x00007f603b77a4f0:   00007f6034007800 0000000000000000
0x00007f603b77a500:   0000000000000000 0000000000000000
0x00007f603b77a510:   00007f6034149aa0 00007f6034149ac0
0x00007f603b77a520:   00007f6034008398 00007f6034008388
0x00007f603b77a530:   00007f60340083a0 00007f603c0efe39
0x00007f603b77a540:   00007f603b77a6e0 00007f6034007800
0x00007f603b77a550:   00000000000000b6 00007f6034008378
0x00007f603b77a560:   00007f6034008370 0000000000000000
0x00007f603b77a570:   00007f603b77a8a0 00007f603bf324f0
0x00007f603b77a580:   0000000000000000 00007f603b77a6e0
0x00007f603b77a590:   000000077a6bbf97 0000000000000000
0x00007f603b77a5a0:   0000000000000000 0000000000000000
0x00007f603b77a5b0:   00007f6034006500 00007f603b77a800
0x00007f603b77a5c0:   0000000000000000 0000000000000000
0x00007f603b77a5d0:   0000000000000000 0000000000000000
0x00007f603b77a5e0:   0000000000000000 0000000000000000
0x00007f603b77a5f0:   0000000000000000 0000000000000000
0x00007f603b77a600:   0000000000000000 0000000000000000
0x00007f603b77a610:   0000000000000000 0000000000000000 

Instructions: (pc=0x00007f603c04baa1)
0x00007f603c04ba81:   00 8b 48 30 4d 89 ec 83 f9 fe 74 59 4d 85 f6 b8
0x00007f603c04ba91:   10 00 00 00 74 07 49 8b 06 48 83 c0 10 48 63 d1
0x00007f603c04baa1:   4c 8b 84 d0 00 02 00 00 4d 85 c0 0f 84 be 05 00
0x00007f603c04bab1:   00 48 8b 45 10 4c 8b a0 10 01 00 00 49 8b 44 24 

Register to memory mapping:

RAX=0x00000003d35dfcc8 is an unknown value
RBX=0x00007f603b77a800 is pointing into the stack for thread: 0x00007f6034007800
RCX=0x0000000000000005 is an unknown value
RDX=0x0000000000000005 is an unknown value
RSP=0x00007f603b77a420 is pointing into the stack for thread: 0x00007f6034007800
RBP=0x00007f603b77a4e0 is pointing into the stack for thread: 0x00007f6034007800
RSI=0x00007f60340083a0 is an unknown value
RDI=0x00007f603b77a800 is pointing into the stack for thread: 0x00007f6034007800
R8 =0x00007f6034008398 is an unknown value
R9 =0x0000000000000001 is an unknown value
R10=0x00007f6034149aa0 is an unknown value
R11=0x0000000000000001 is an unknown value
R12=0x00007f60340083a0 is an unknown value
R13=0x00007f60340083a0 is an unknown value
R14=0x00007f6034008398 is an unknown value
R15=0x00007f6034008388 is an unknown value


Stack: [0x00007f603b67b000,0x00007f603b77c000],  sp=0x00007f603b77a420,  free space=1021k
Native frames: (J=compiled Java code, j=interpreted, Vv=VM code, C=native code)
V  [libjvm.so+0x64baa1]  JVM_RaiseSignal+0xab391
V  [libjvm.so+0x650078]  JVM_RaiseSignal+0xaf968
V  [libjvm.so+0x5324f0]  AsyncGetCallTrace+0xcecd0
j  Test.main([Ljava/lang/String;)V+359
v  ~StubRoutines::call_stub
V  [libjvm.so+0x53b0ce]  AsyncGetCallTrace+0xd78ae
V  [libjvm.so+0x539d68]  AsyncGetCallTrace+0xd6548
V  [libjvm.so+0x5483e7]  JNI_CreateJavaVM+0x12e7
V  [libjvm.so+0x55d70b]  JNI_CreateJavaVM+0x1660b
C  [libjli.so+0x3a5c]  printf+0x3a5c

Java frames: (J=compiled Java code, j=interpreted, Vv=VM code)
j  Test.main([Ljava/lang/String;)V+359
v  ~StubRoutines::call_stub

---------------  P R O C E S S  ---------------

Java Threads: ( => current thread )
  0x00007f6034116800 JavaThread "Service Thread" daemon [_thread_blocked, id=234959, stack(0x00007f602b6f7000,0x00007f602b7f8000)]
  0x00007f6034114000 JavaThread "C2 CompilerThread1" daemon [_thread_blocked, id=234958, stack(0x00007f602b7f8000,0x00007f602b8f9000)]
  0x00007f6034111000 JavaThread "C2 CompilerThread0" daemon [_thread_blocked, id=234957, stack(0x00007f602b8f9000,0x00007f602b9fa000)]
  0x00007f603410f000 JavaThread "Signal Dispatcher" daemon [_thread_blocked, id=234956, stack(0x00007f602b9fa000,0x00007f602bafb000)]
  0x00007f60340b9000 JavaThread "Finalizer" daemon [_thread_blocked, id=234955, stack(0x00007f602bafb000,0x00007f602bbfc000)]
  0x00007f60340b6800 JavaThread "Reference Handler" daemon [_thread_blocked, id=234954, stack(0x00007f602bbfc000,0x00007f602bcfd000)]
=>0x00007f6034007800 JavaThread "main" [_thread_in_vm, id=234944, stack(0x00007f603b67b000,0x00007f603b77c000)]

Other Threads:
  0x00007f60340ae000 VMThread [stack: 0x00007f602bcfd000,0x00007f602bdfe000] [id=234953]
  0x00007f6034121000 WatcherThread [stack: 0x00007f602b5f6000,0x00007f602b6f7000] [id=234960]

VM state:not at safepoint (normal execution)

VM Mutex/Monitor currently owned by a thread: None

Heap
 PSYoungGen      total 36864K, used 632K [0x00000007d6e00000, 0x00000007d9720000, 0x0000000800000000)
  eden space 31616K, 2% used [0x00000007d6e00000,0x00000007d6e9e1b0,0x00000007d8ce0000)
  from space 5248K, 0% used [0x00000007d9200000,0x00000007d9200000,0x00000007d9720000)
  to   space 5248K, 0% used [0x00000007d8ce0000,0x00000007d8ce0000,0x00000007d9200000)
 ParOldGen       total 84224K, used 0K [0x0000000784a00000, 0x0000000789c40000, 0x00000007d6e00000)
  object space 84224K, 0% used [0x0000000784a00000,0x0000000784a00000,0x0000000789c40000)
 PSPermGen       total 21248K, used 2805K [0x000000077a400000, 0x000000077b8c0000, 0x0000000784a00000)
  object space 21248K, 13% used [0x000000077a400000,0x000000077a6bd5c0,0x000000077b8c0000)

Card table byte_map: [0x00007f603a921000,0x00007f603ad50000] byte_map_base: 0x00007f6036d4f000

Polling page: 0x00007f603c6fa000

Code Cache  [0x00007f6031000000, 0x00007f6031270000, 0x00007f6034000000)
 total_blobs=165 nmethods=0 adapters=133 free_code_cache=48774Kb largest_free_block=49945408

Compilation events (0 events):
No events

GC Heap History (0 events):
No events

Deoptimization events (0 events):
No events

Internal exceptions (3 events):
Event: 0.030 Thread 0x00007f6034007800 Threw 0x00000007d6e06138 at /builddir/build/BUILD/java-1.7.0-openjdk/openjdk/hotspot/src/share/vm/prims/jni.cpp:3988
Event: 0.055 Thread 0x00007f6034007800 Threw 0x00000007d6e515e8 at /builddir/build/BUILD/java-1.7.0-openjdk/openjdk/hotspot/src/share/vm/prims/jvm.cpp:1166
Event: 0.058 Thread 0x00007f6034007800 Threw 0x00000007d6e57748 at /builddir/build/BUILD/java-1.7.0-openjdk/openjdk/hotspot/src/share/vm/prims/jvm.cpp:1166

Events (10 events):
Event: 0.057 loading class 0x00007f603413bfe0
Event: 0.057 loading class 0x00007f603413bfe0 done
Event: 0.057 loading class 0x00007f603413c010
Event: 0.057 loading class 0x00007f603413c010 done
Event: 0.057 loading class 0x00007f60340b07e0
Event: 0.057 loading class 0x00007f60340b07e0 done
Event: 0.057 loading class 0x00007f6034064760
Event: 0.057 loading class 0x00007f6034064760 done
Event: 0.058 loading class 0x00007f6034149a80
Event: 0.058 loading class 0x00007f6034149a80 done


Dynamic libraries:
00400000-00401000 r-xp 00000000 fd:00 3150151                            /usr/lib/jvm/java-1.7.0-openjdk-1.7.0.9.x86_64/jre/bin/java
00600000-00602000 rw-p 00000000 fd:00 3150151                            /usr/lib/jvm/java-1.7.0-openjdk-1.7.0.9.x86_64/jre/bin/java
010ae000-010cf000 rw-p 00000000 00:00 0                                  [heap]
77a400000-77b8c0000 rw-p 00000000 00:00 0 
77b8c0000-784a00000 rw-p 00000000 00:00 0 
784a00000-789c40000 rw-p 00000000 00:00 0 
789c40000-7d6e00000 rw-p 00000000 00:00 0 
7d6e00000-7d9720000 rw-p 00000000 00:00 0 
7d9720000-800000000 rw-p 00000000 00:00 0 
38d0800000-38d0820000 r-xp 00000000 fd:00 540203                         /lib64/ld-2.12.so
38d0a1f000-38d0a20000 r--p 0001f000 fd:00 540203                         /lib64/ld-2.12.so
38d0a20000-38d0a21000 rw-p 00020000 fd:00 540203                         /lib64/ld-2.12.so
38d0a21000-38d0a22000 rw-p 00000000 00:00 0 
38d0c00000-38d0c0d000 r-xp 00000000 fd:00 3155877                        /usr/lib/jvm/java-1.7.0-openjdk-1.7.0.9.x86_64/jre/lib/amd64/jli/libjli.so
38d0c0d000-38d0e0c000 ---p 0000d000 fd:00 3155877                        /usr/lib/jvm/java-1.7.0-openjdk-1.7.0.9.x86_64/jre/lib/amd64/jli/libjli.so
38d0e0c000-38d0e0d000 rw-p 0000c000 fd:00 3155877                        /usr/lib/jvm/java-1.7.0-openjdk-1.7.0.9.x86_64/jre/lib/amd64/jli/libjli.so
38d1000000-38d118a000 r-xp 00000000 fd:00 540204                         /lib64/libc-2.12.so
38d118a000-38d1389000 ---p 0018a000 fd:00 540204                         /lib64/libc-2.12.so
38d1389000-38d138d000 r--p 00189000 fd:00 540204                         /lib64/libc-2.12.so
38d138d000-38d138e000 rw-p 0018d000 fd:00 540204                         /lib64/libc-2.12.so
38d138e000-38d1393000 rw-p 00000000 00:00 0 
38d1400000-38d1402000 r-xp 00000000 fd:00 540210                         /lib64/libdl-2.12.so
38d1402000-38d1602000 ---p 00002000 fd:00 540210                         /lib64/libdl-2.12.so
38d1602000-38d1603000 r--p 00002000 fd:00 540210                         /lib64/libdl-2.12.so
38d1603000-38d1604000 rw-p 00003000 fd:00 540210                         /lib64/libdl-2.12.so
38d1800000-38d1817000 r-xp 00000000 fd:00 540205                         /lib64/libpthread-2.12.so
38d1817000-38d1a17000 ---p 00017000 fd:00 540205                         /lib64/libpthread-2.12.so
38d1a17000-38d1a18000 r--p 00017000 fd:00 540205                         /lib64/libpthread-2.12.so
38d1a18000-38d1a19000 rw-p 00018000 fd:00 540205                         /lib64/libpthread-2.12.so
38d1a19000-38d1a1d000 rw-p 00000000 00:00 0 
38d1c00000-38d1c15000 r-xp 00000000 fd:00 540218                         /lib64/libz.so.1.2.3
38d1c15000-38d1e14000 ---p 00015000 fd:00 540218                         /lib64/libz.so.1.2.3
38d1e14000-38d1e15000 r--p 00014000 fd:00 540218                         /lib64/libz.so.1.2.3
38d1e15000-38d1e16000 rw-p 00015000 fd:00 540218                         /lib64/libz.so.1.2.3
38d2000000-38d2007000 r-xp 00000000 fd:00 540206                         /lib64/librt-2.12.so
38d2007000-38d2206000 ---p 00007000 fd:00 540206                         /lib64/librt-2.12.so
38d2206000-38d2207000 r--p 00006000 fd:00 540206                         /lib64/librt-2.12.so
38d2207000-38d2208000 rw-p 00007000 fd:00 540206                         /lib64/librt-2.12.so
38d7400000-38d7416000 r-xp 00000000 fd:00 540219                         /lib64/libgcc_s-4.4.7-20120601.so.1
38d7416000-38d7615000 ---p 00016000 fd:00 540219                         /lib64/libgcc_s-4.4.7-20120601.so.1
38d7615000-38d7616000 rw-p 00015000 fd:00 540219                         /lib64/libgcc_s-4.4.7-20120601.so.1
38d7800000-38d78e8000 r-xp 00000000 fd:00 2625597                        /usr/lib64/libstdc++.so.6.0.13
38d78e8000-38d7ae8000 ---p 000e8000 fd:00 2625597                        /usr/lib64/libstdc++.so.6.0.13
38d7ae8000-38d7aef000 r--p 000e8000 fd:00 2625597                        /usr/lib64/libstdc++.so.6.0.13
38d7aef000-38d7af1000 rw-p 000ef000 fd:00 2625597                        /usr/lib64/libstdc++.so.6.0.13
38d7af1000-38d7b06000 rw-p 00000000 00:00 0 
7f5fcc000000-7f5fcc021000 rw-p 00000000 00:00 0 
7f5fcc021000-7f5fd0000000 ---p 00000000 00:00 0 
7f5fd0000000-7f5fd0021000 rw-p 00000000 00:00 0 
7f5fd0021000-7f5fd4000000 ---p 00000000 00:00 0 
7f5fd4000000-7f5fd4021000 rw-p 00000000 00:00 0 
7f5fd4021000-7f5fd8000000 ---p 00000000 00:00 0 
7f5fd8000000-7f5fd8021000 rw-p 00000000 00:00 0 
7f5fd8021000-7f5fdc000000 ---p 00000000 00:00 0 
7f5fdc000000-7f5fdc021000 rw-p 00000000 00:00 0 
7f5fdc021000-7f5fe0000000 ---p 00000000 00:00 0 
7f5fe216f000-7f5fe8000000 r--p 00000000 fd:00 2622709                    /usr/lib/locale/locale-archive
7f5fe8000000-7f5fe8021000 rw-p 00000000 00:00 0 
7f5fe8021000-7f5fec000000 ---p 00000000 00:00 0 
7f5fec000000-7f5fec021000 rw-p 00000000 00:00 0 
7f5fec021000-7f5ff0000000 ---p 00000000 00:00 0 
7f5ff0000000-7f5ff0021000 rw-p 00000000 00:00 0 
7f5ff0021000-7f5ff4000000 ---p 00000000 00:00 0 
7f5ff7d20000-7f5ffc000000 rw-p 00000000 00:00 0 
7f5ffc000000-7f5ffc021000 rw-p 00000000 00:00 0 
7f5ffc021000-7f6000000000 ---p 00000000 00:00 0 
7f6000000000-7f6000021000 rw-p 00000000 00:00 0 
7f6000021000-7f6004000000 ---p 00000000 00:00 0 
7f6004000000-7f6004021000 rw-p 00000000 00:00 0 
7f6004021000-7f6008000000 ---p 00000000 00:00 0 
7f600c000000-7f600c021000 rw-p 00000000 00:00 0 
7f600c021000-7f6010000000 ---p 00000000 00:00 0 
7f6014000000-7f6014021000 rw-p 00000000 00:00 0 
7f6014021000-7f6018000000 ---p 00000000 00:00 0 
7f601c000000-7f601c021000 rw-p 00000000 00:00 0 
7f601c021000-7f6020000000 ---p 00000000 00:00 0 
7f6024000000-7f6024021000 rw-p 00000000 00:00 0 
7f6024021000-7f6028000000 ---p 00000000 00:00 0 
7f602b5e8000-7f602b5ea000 rw-p 00000000 00:00 0 
7f602b5ea000-7f602b5f3000 r--s 00066000 fd:00 6129                       /usr/lib/jvm/java-1.7.0-openjdk-1.7.0.9.x86_64/jre/lib/ext/gnome-java-bridge.jar
7f602b5f3000-7f602b5f6000 r--s 0000f000 fd:00 6132                       /usr/lib/jvm/java-1.7.0-openjdk-1.7.0.9.x86_64/jre/lib/ext/pulse-java.jar
7f602b5f6000-7f602b5f7000 ---p 00000000 00:00 0 
7f602b5f7000-7f602b6f7000 rw-p 00000000 00:00 0 
7f602b6f7000-7f602b6fa000 ---p 00000000 00:00 0 
7f602b6fa000-7f602b7f8000 rw-p 00000000 00:00 0 
7f602b7f8000-7f602b7fb000 ---p 00000000 00:00 0 
7f602b7fb000-7f602b8f9000 rw-p 00000000 00:00 0 
7f602b8f9000-7f602b8fc000 ---p 00000000 00:00 0 
7f602b8fc000-7f602b9fa000 rw-p 00000000 00:00 0 
7f602b9fa000-7f602b9fd000 ---p 00000000 00:00 0 
7f602b9fd000-7f602bafb000 rw-p 00000000 00:00 0 
7f602bafb000-7f602bafe000 ---p 00000000 00:00 0 
7f602bafe000-7f602bbfc000 rw-p 00000000 00:00 0 
7f602bbfc000-7f602bbff000 ---p 00000000 00:00 0 
7f602bbff000-7f602bcfd000 rw-p 00000000 00:00 0 
7f602bcfd000-7f602bcfe000 ---p 00000000 00:00 0 
7f602bcfe000-7f602c000000 rw-p 00000000 00:00 0 
7f602c000000-7f602c021000 rw-p 00000000 00:00 0 
7f602c021000-7f6030000000 ---p 00000000 00:00 0 
7f60300ea000-7f6031000000 rw-p 00000000 00:00 0 
7f6031000000-7f6031270000 rwxp 00000000 00:00 0 
7f6031270000-7f6034151000 rw-p 00000000 00:00 0 
7f6034151000-7f6038000000 ---p 00000000 00:00 0 
7f6038011000-7f6038ba9000 rw-p 00000000 00:00 0 
7f6038ba9000-7f6038d54000 r--s 03e6b000 fd:00 3150162                    /usr/lib/jvm/java-1.7.0-openjdk-1.7.0.9.x86_64/jre/lib/rt.jar
7f6038d54000-7f6039e34000 rw-p 00000000 00:00 0 
7f6039e34000-7f6039e35000 ---p 00000000 00:00 0 
7f6039e35000-7f6039f35000 rw-p 00000000 00:00 0 
7f6039f35000-7f6039f36000 ---p 00000000 00:00 0 
7f6039f36000-7f603a036000 rw-p 00000000 00:00 0 
7f603a036000-7f603a037000 ---p 00000000 00:00 0 
7f603a037000-7f603a137000 rw-p 00000000 00:00 0 
7f603a137000-7f603a138000 ---p 00000000 00:00 0 
7f603a138000-7f603a238000 rw-p 00000000 00:00 0 
7f603a238000-7f603a239000 ---p 00000000 00:00 0 
7f603a239000-7f603a339000 rw-p 00000000 00:00 0 
7f603a339000-7f603a33a000 ---p 00000000 00:00 0 
7f603a33a000-7f603a43a000 rw-p 00000000 00:00 0 
7f603a43a000-7f603a43b000 ---p 00000000 00:00 0 
7f603a43b000-7f603a53b000 rw-p 00000000 00:00 0 
7f603a53b000-7f603a53c000 ---p 00000000 00:00 0 
7f603a53c000-7f603a647000 rw-p 00000000 00:00 0 
7f603a647000-7f603a68f000 rw-p 00000000 00:00 0 
7f603a68f000-7f603a6b9000 rw-p 00000000 00:00 0 
7f603a6b9000-7f603a921000 rw-p 00000000 00:00 0 
7f603a921000-7f603a92c000 rw-p 00000000 00:00 0 
7f603a92c000-7f603a974000 rw-p 00000000 00:00 0 
7f603a974000-7f603a99e000 rw-p 00000000 00:00 0 
7f603a99e000-7f603ac06000 rw-p 00000000 00:00 0 
7f603ac06000-7f603ac1b000 rw-p 00000000 00:00 0 
7f603ac1b000-7f603ad4f000 rw-p 00000000 00:00 0 
7f603ad4f000-7f603ad5a000 rw-p 00000000 00:00 0 
7f603ad5a000-7f603ae10000 rw-p 00000000 00:00 0 
7f603ae10000-7f603ae18000 r-xp 00000000 fd:00 3150122                    /usr/lib/jvm/java-1.7.0-openjdk-1.7.0.9.x86_64/jre/lib/amd64/libzip.so
7f603ae18000-7f603b017000 ---p 00008000 fd:00 3150122                    /usr/lib/jvm/java-1.7.0-openjdk-1.7.0.9.x86_64/jre/lib/amd64/libzip.so
7f603b017000-7f603b018000 rw-p 00007000 fd:00 3150122                    /usr/lib/jvm/java-1.7.0-openjdk-1.7.0.9.x86_64/jre/lib/amd64/libzip.so
7f603b018000-7f603b024000 r-xp 00000000 fd:00 524318                     /lib64/libnss_files-2.12.so
7f603b024000-7f603b224000 ---p 0000c000 fd:00 524318                     /lib64/libnss_files-2.12.so
7f603b224000-7f603b225000 r--p 0000c000 fd:00 524318                     /lib64/libnss_files-2.12.so
7f603b225000-7f603b226000 rw-p 0000d000 fd:00 524318                     /lib64/libnss_files-2.12.so
7f603b242000-7f603b26b000 r-xp 00000000 fd:00 3150099                    /usr/lib/jvm/java-1.7.0-openjdk-1.7.0.9.x86_64/jre/lib/amd64/libjava.so
7f603b26b000-7f603b46a000 ---p 00029000 fd:00 3150099                    /usr/lib/jvm/java-1.7.0-openjdk-1.7.0.9.x86_64/jre/lib/amd64/libjava.so
7f603b46a000-7f603b46c000 rw-p 00028000 fd:00 3150099                    /usr/lib/jvm/java-1.7.0-openjdk-1.7.0.9.x86_64/jre/lib/amd64/libjava.so
7f603b46c000-7f603b479000 r-xp 00000000 fd:00 3150121                    /usr/lib/jvm/java-1.7.0-openjdk-1.7.0.9.x86_64/jre/lib/amd64/libverify.so
7f603b479000-7f603b679000 ---p 0000d000 fd:00 3150121                    /usr/lib/jvm/java-1.7.0-openjdk-1.7.0.9.x86_64/jre/lib/amd64/libverify.so
7f603b679000-7f603b67b000 rw-p 0000d000 fd:00 3150121                    /usr/lib/jvm/java-1.7.0-openjdk-1.7.0.9.x86_64/jre/lib/amd64/libverify.so
7f603b67b000-7f603b67e000 ---p 00000000 00:00 0 
7f603b67e000-7f603b77c000 rw-p 00000000 00:00 0 
7f603b77c000-7f603b7ff000 r-xp 00000000 fd:00 540216                     /lib64/libm-2.12.so
7f603b7ff000-7f603b9fe000 ---p 00083000 fd:00 540216                     /lib64/libm-2.12.so
7f603b9fe000-7f603b9ff000 r--p 00082000 fd:00 540216                     /lib64/libm-2.12.so
7f603b9ff000-7f603ba00000 rw-p 00083000 fd:00 540216                     /lib64/libm-2.12.so
7f603ba00000-7f603c410000 r-xp 00000000 fd:00 3150126                    /usr/lib/jvm/java-1.7.0-openjdk-1.7.0.9.x86_64/jre/lib/amd64/server/libjvm.so
7f603c410000-7f603c610000 ---p 00a10000 fd:00 3150126                    /usr/lib/jvm/java-1.7.0-openjdk-1.7.0.9.x86_64/jre/lib/amd64/server/libjvm.so
7f603c610000-7f603c6b1000 rw-p 00a10000 fd:00 3150126                    /usr/lib/jvm/java-1.7.0-openjdk-1.7.0.9.x86_64/jre/lib/amd64/server/libjvm.so
7f603c6b1000-7f603c6df000 rw-p 00000000 00:00 0 
7f603c6f1000-7f603c6f9000 rw-s 00000000 fd:00 399697                     /tmp/hsperfdata_michael/234943
7f603c6f9000-7f603c6fa000 rw-p 00000000 00:00 0 
7f603c6fa000-7f603c6fb000 r--p 00000000 00:00 0 
7f603c6fb000-7f603c6fc000 rw-p 00000000 00:00 0 
7fffe9dbd000-7fffe9dd2000 rw-p 00000000 00:00 0                          [stack]
7fffe9dff000-7fffe9e00000 r-xp 00000000 00:00 0                          [vdso]
ffffffffff600000-ffffffffff601000 r-xp 00000000 00:00 0                  [vsyscall]

VM Arguments:
jvm_args: -Xverify:none 
java_command: Test
Launcher Type: SUN_STANDARD

Environment Variables:
JAVA_HOME=/usr/java/jdk1.7.0_45
PATH=/usr/lib64/qt-3.3/bin:/usr/local/bin:/usr/bin:/bin:/usr/games:/usr/local/sbin:/usr/sbin:/sbin:/home/michael/lib/hadoop-2.2.0/bin:/home/michael/lib/hadoop-2.2.0/etc/hadoop:/home/michael/lib/apache-maven-3.0.5/bin:/home/michael/lib/findbugs-2.0.3-rcl/bin:/home/michael/bin:/home/michael/lib/hadoop-2.2.0/bin:/home/michael/lib/hadoop-2.2.0/etc/hadoop:/home/michael/lib/apache-maven-3.0.5/bin:/home/michael/lib/findbugs-2.0.3-rcl/bin
SHELL=/bin/bash
DISPLAY=:0

Signal Handlers:
SIGSEGV: [libjvm.so+0x872c40], sa_mask[0]=0x7ffbfeff, sa_flags=0x10000004
SIGBUS: [libjvm.so+0x872c40], sa_mask[0]=0x7ffbfeff, sa_flags=0x10000004
SIGFPE: [libjvm.so+0x71ac80], sa_mask[0]=0x7ffbfeff, sa_flags=0x10000004
SIGPIPE: [libjvm.so+0x71ac80], sa_mask[0]=0x7ffbfeff, sa_flags=0x10000004
SIGXFSZ: [libjvm.so+0x71ac80], sa_mask[0]=0x7ffbfeff, sa_flags=0x10000004
SIGILL: [libjvm.so+0x71ac80], sa_mask[0]=0x7ffbfeff, sa_flags=0x10000004
SIGUSR1: SIG_DFL, sa_mask[0]=0x00000000, sa_flags=0x00000000
SIGUSR2: [libjvm.so+0x71a7a0], sa_mask[0]=0x00000000, sa_flags=0x10000004
SIGHUP: [libjvm.so+0x71d760], sa_mask[0]=0x7ffbfeff, sa_flags=0x10000004
SIGINT: [libjvm.so+0x71d760], sa_mask[0]=0x7ffbfeff, sa_flags=0x10000004
SIGTERM: [libjvm.so+0x71d760], sa_mask[0]=0x7ffbfeff, sa_flags=0x10000004
SIGQUIT: [libjvm.so+0x71d760], sa_mask[0]=0x7ffbfeff, sa_flags=0x10000004


---------------  S Y S T E M  ---------------

OS:CentOS release 6.4 (Final)

uname:Linux 2.6.32-358.el6.x86_64 #1 SMP Fri Feb 22 00:31:26 UTC 2013 x86_64
libc:glibc 2.12 NPTL 2.12 
rlimit: STACK 10240k, CORE 0k, NPROC 65536, NOFILE 65536, AS infinity
load average:0.78 0.60 0.38

/proc/meminfo:
MemTotal:        8085320 kB
MemFree:         4207612 kB
Buffers:           80968 kB
Cached:          1757776 kB
SwapCached:            0 kB
Active:          2469844 kB
Inactive:        1001856 kB
Active(anon):    1690596 kB
Inactive(anon):    86176 kB
Active(file):     779248 kB
Inactive(file):   915680 kB
Unevictable:          16 kB
Mlocked:              16 kB
SwapTotal:      16371696 kB
SwapFree:       16371696 kB
Dirty:               260 kB
Writeback:             0 kB
AnonPages:       1624752 kB
Mapped:           175524 kB
Shmem:            143824 kB
Slab:             255340 kB
SReclaimable:     200144 kB
SUnreclaim:        55196 kB
KernelStack:        4784 kB
PageTables:        40832 kB
NFS_Unstable:          0 kB
Bounce:                0 kB
WritebackTmp:          0 kB
CommitLimit:    20414356 kB
Committed_AS:    4227444 kB
VmallocTotal:   34359738367 kB
VmallocUsed:      450244 kB
VmallocChunk:   34359239172 kB
HardwareCorrupted:     0 kB
AnonHugePages:    897024 kB
HugePages_Total:       0
HugePages_Free:        0
HugePages_Rsvd:        0
HugePages_Surp:        0
Hugepagesize:       2048 kB
DirectMap4k:       10236 kB
DirectMap2M:     8273920 kB


CPU:total 8 (4 cores per cpu, 2 threads per core) family 6 model 42 stepping 7, cmov, cx8, fxsr, mmx, sse, sse2, sse3, ssse3, sse4.1, sse4.2, popcnt, avx, ht, tsc, tscinvbit

/proc/cpuinfo:
processor	: 0
vendor_id	: GenuineIntel
cpu family	: 6
model		: 42
model name	: Intel(R) Core(TM) i7-2720QM CPU @ 2.20GHz
stepping	: 7
cpu MHz		: 800.000
cache size	: 6144 KB
physical id	: 0
siblings	: 8
core id		: 0
cpu cores	: 4
apicid		: 0
initial apicid	: 0
fpu		: yes
fpu_exception	: yes
cpuid level	: 13
wp		: yes
flags		: fpu vme de pse tsc msr pae mce cx8 apic sep mtrr pge mca cmov pat pse36 clflush dts acpi mmx fxsr sse sse2 ss ht tm pbe syscall nx rdtscp lm constant_tsc arch_perfmon pebs bts xtopology nonstop_tsc aperfmperf pni pclmulqdq dtes64 monitor ds_cpl vmx smx est tm2 ssse3 cx16 xtpr pdcm pcid sse4_1 sse4_2 x2apic popcnt tsc_deadline_timer aes xsave avx lahf_lm ida arat epb xsaveopt pln pts dts tpr_shadow vnmi flexpriority ept vpid
bogomips	: 4389.80
clflush size	: 64
cache_alignment	: 64
address sizes	: 36 bits physical, 48 bits virtual
power management:

processor	: 1
vendor_id	: GenuineIntel
cpu family	: 6
model		: 42
model name	: Intel(R) Core(TM) i7-2720QM CPU @ 2.20GHz
stepping	: 7
cpu MHz		: 800.000
cache size	: 6144 KB
physical id	: 0
siblings	: 8
core id		: 0
cpu cores	: 4
apicid		: 1
initial apicid	: 1
fpu		: yes
fpu_exception	: yes
cpuid level	: 13
wp		: yes
flags		: fpu vme de pse tsc msr pae mce cx8 apic sep mtrr pge mca cmov pat pse36 clflush dts acpi mmx fxsr sse sse2 ss ht tm pbe syscall nx rdtscp lm constant_tsc arch_perfmon pebs bts xtopology nonstop_tsc aperfmperf pni pclmulqdq dtes64 monitor ds_cpl vmx smx est tm2 ssse3 cx16 xtpr pdcm pcid sse4_1 sse4_2 x2apic popcnt tsc_deadline_timer aes xsave avx lahf_lm ida arat epb xsaveopt pln pts dts tpr_shadow vnmi flexpriority ept vpid
bogomips	: 4389.80
clflush size	: 64
cache_alignment	: 64
address sizes	: 36 bits physical, 48 bits virtual
power management:

processor	: 2
vendor_id	: GenuineIntel
cpu family	: 6
model		: 42
model name	: Intel(R) Core(TM) i7-2720QM CPU @ 2.20GHz
stepping	: 7
cpu MHz		: 800.000
cache size	: 6144 KB
physical id	: 0
siblings	: 8
core id		: 1
cpu cores	: 4
apicid		: 2
initial apicid	: 2
fpu		: yes
fpu_exception	: yes
cpuid level	: 13
wp		: yes
flags		: fpu vme de pse tsc msr pae mce cx8 apic sep mtrr pge mca cmov pat pse36 clflush dts acpi mmx fxsr sse sse2 ss ht tm pbe syscall nx rdtscp lm constant_tsc arch_perfmon pebs bts xtopology nonstop_tsc aperfmperf pni pclmulqdq dtes64 monitor ds_cpl vmx smx est tm2 ssse3 cx16 xtpr pdcm pcid sse4_1 sse4_2 x2apic popcnt tsc_deadline_timer aes xsave avx lahf_lm ida arat epb xsaveopt pln pts dts tpr_shadow vnmi flexpriority ept vpid
bogomips	: 4389.80
clflush size	: 64
cache_alignment	: 64
address sizes	: 36 bits physical, 48 bits virtual
power management:

processor	: 3
vendor_id	: GenuineIntel
cpu family	: 6
model		: 42
model name	: Intel(R) Core(TM) i7-2720QM CPU @ 2.20GHz
stepping	: 7
cpu MHz		: 2201.000
cache size	: 6144 KB
physical id	: 0
siblings	: 8
core id		: 1
cpu cores	: 4
apicid		: 3
initial apicid	: 3
fpu		: yes
fpu_exception	: yes
cpuid level	: 13
wp		: yes
flags		: fpu vme de pse tsc msr pae mce cx8 apic sep mtrr pge mca cmov pat pse36 clflush dts acpi mmx fxsr sse sse2 ss ht tm pbe syscall nx rdtscp lm constant_tsc arch_perfmon pebs bts xtopology nonstop_tsc aperfmperf pni pclmulqdq dtes64 monitor ds_cpl vmx smx est tm2 ssse3 cx16 xtpr pdcm pcid sse4_1 sse4_2 x2apic popcnt tsc_deadline_timer aes xsave avx lahf_lm ida arat epb xsaveopt pln pts dts tpr_shadow vnmi flexpriority ept vpid
bogomips	: 4389.80
clflush size	: 64
cache_alignment	: 64
address sizes	: 36 bits physical, 48 bits virtual
power management:

processor	: 4
vendor_id	: GenuineIntel
cpu family	: 6
model		: 42
model name	: Intel(R) Core(TM) i7-2720QM CPU @ 2.20GHz
stepping	: 7
cpu MHz		: 800.000
cache size	: 6144 KB
physical id	: 0
siblings	: 8
core id		: 2
cpu cores	: 4
apicid		: 4
initial apicid	: 4
fpu		: yes
fpu_exception	: yes
cpuid level	: 13
wp		: yes
flags		: fpu vme de pse tsc msr pae mce cx8 apic sep mtrr pge mca cmov pat pse36 clflush dts acpi mmx fxsr sse sse2 ss ht tm pbe syscall nx rdtscp lm constant_tsc arch_perfmon pebs bts xtopology nonstop_tsc aperfmperf pni pclmulqdq dtes64 monitor ds_cpl vmx smx est tm2 ssse3 cx16 xtpr pdcm pcid sse4_1 sse4_2 x2apic popcnt tsc_deadline_timer aes xsave avx lahf_lm ida arat epb xsaveopt pln pts dts tpr_shadow vnmi flexpriority ept vpid
bogomips	: 4389.80
clflush size	: 64
cache_alignment	: 64
address sizes	: 36 bits physical, 48 bits virtual
power management:

processor	: 5
vendor_id	: GenuineIntel
cpu family	: 6
model		: 42
model name	: Intel(R) Core(TM) i7-2720QM CPU @ 2.20GHz
stepping	: 7
cpu MHz		: 2201.000
cache size	: 6144 KB
physical id	: 0
siblings	: 8
core id		: 2
cpu cores	: 4
apicid		: 5
initial apicid	: 5
fpu		: yes
fpu_exception	: yes
cpuid level	: 13
wp		: yes
flags		: fpu vme de pse tsc msr pae mce cx8 apic sep mtrr pge mca cmov pat pse36 clflush dts acpi mmx fxsr sse sse2 ss ht tm pbe syscall nx rdtscp lm constant_tsc arch_perfmon pebs bts xtopology nonstop_tsc aperfmperf pni pclmulqdq dtes64 monitor ds_cpl vmx smx est tm2 ssse3 cx16 xtpr pdcm pcid sse4_1 sse4_2 x2apic popcnt tsc_deadline_timer aes xsave avx lahf_lm ida arat epb xsaveopt pln pts dts tpr_shadow vnmi flexpriority ept vpid
bogomips	: 4389.80
clflush size	: 64
cache_alignment	: 64
address sizes	: 36 bits physical, 48 bits virtual
power management:

processor	: 6
vendor_id	: GenuineIntel
cpu family	: 6
model		: 42
model name	: Intel(R) Core(TM) i7-2720QM CPU @ 2.20GHz
stepping	: 7
cpu MHz		: 800.000
cache size	: 6144 KB
physical id	: 0
siblings	: 8
core id		: 3
cpu cores	: 4
apicid		: 6
initial apicid	: 6
fpu		: yes
fpu_exception	: yes
cpuid level	: 13
wp		: yes
flags		: fpu vme de pse tsc msr pae mce cx8 apic sep mtrr pge mca cmov pat pse36 clflush dts acpi mmx fxsr sse sse2 ss ht tm pbe syscall nx rdtscp lm constant_tsc arch_perfmon pebs bts xtopology nonstop_tsc aperfmperf pni pclmulqdq dtes64 monitor ds_cpl vmx smx est tm2 ssse3 cx16 xtpr pdcm pcid sse4_1 sse4_2 x2apic popcnt tsc_deadline_timer aes xsave avx lahf_lm ida arat epb xsaveopt pln pts dts tpr_shadow vnmi flexpriority ept vpid
bogomips	: 4389.80
clflush size	: 64
cache_alignment	: 64
address sizes	: 36 bits physical, 48 bits virtual
power management:

processor	: 7
vendor_id	: GenuineIntel
cpu family	: 6
model		: 42
model name	: Intel(R) Core(TM) i7-2720QM CPU @ 2.20GHz
stepping	: 7
cpu MHz		: 800.000
cache size	: 6144 KB
physical id	: 0
siblings	: 8
core id		: 3
cpu cores	: 4
apicid		: 7
initial apicid	: 7
fpu		: yes
fpu_exception	: yes
cpuid level	: 13
wp		: yes
flags		: fpu vme de pse tsc msr pae mce cx8 apic sep mtrr pge mca cmov pat pse36 clflush dts acpi mmx fxsr sse sse2 ss ht tm pbe syscall nx rdtscp lm constant_tsc arch_perfmon pebs bts xtopology nonstop_tsc aperfmperf pni pclmulqdq dtes64 monitor ds_cpl vmx smx est tm2 ssse3 cx16 xtpr pdcm pcid sse4_1 sse4_2 x2apic popcnt tsc_deadline_timer aes xsave avx lahf_lm ida arat epb xsaveopt pln pts dts tpr_shadow vnmi flexpriority ept vpid
bogomips	: 4389.80
clflush size	: 64
cache_alignment	: 64
address sizes	: 36 bits physical, 48 bits virtual
power management:



Memory: 4k page, physical 8085320k(4207612k free), swap 16371696k(16371696k free)

vm_info: OpenJDK 64-Bit Server VM (23.2-b09) for linux-amd64 JRE (1.7.0_09-icedtea-mockbuild_2013_01_16_18_52-b00), built on Jan 16 2013 19:00:19 by "mockbuild" with gcc 4.4.6 20120305 (Red Hat 4.4.6-4)

time: Sun Nov 24 16:03:47 2013
elapsed time: 0 seconds

