#
# A fatal error has been detected by the Java Runtime Environment:
#
#  SIGSEGV (0xb) at pc=0x00007fec3ede5aa1, pid=250598, tid=140652634527488
#
# JRE version: 7.0_09
# Java VM: OpenJDK 64-Bit Server VM (23.2-b09 mixed mode linux-amd64 compressed oops)
# Problematic frame:
# V  [libjvm.so+0x64baa1]  JVM_RaiseSignal+0xab391
#
# Failed to write core dump. Core dumps have been disabled. To enable core dumping, try "ulimit -c unlimited" before starting Java again
#
# If you would like to submit a bug report, please include
# instructions on how to reproduce the bug and visit:
#   http://icedtea.classpath.org/bugzilla
#

---------------  T H R E A D  ---------------

Current thread (0x00007fec38007800):  JavaThread "main" [_thread_in_vm, id=250599, stack(0x00007fec3e415000,0x00007fec3e516000)]

siginfo:si_signo=SIGSEGV: si_errno=0, si_code=1 (SEGV_MAPERR), si_addr=0x000000000000ff38

Registers:
RAX=0x000000000000fd10, RBX=0x00007fec3e514810, RCX=0x0000000000000005, RDX=0x0000000000000005
RSP=0x00007fec3e514430, RBP=0x00007fec3e5144f0, RSI=0x00007fec380083a0, RDI=0x00007fec3e514810
R8 =0x00007fec38008398, R9 =0x0000000000000001, R10=0x00007fec38149aa0, R11=0x0000000000000001
R12=0x00007fec380083a0, R13=0x00007fec380083a0, R14=0x00007fec38008398, R15=0x00007fec38008388
RIP=0x00007fec3ede5aa1, EFLAGS=0x0000000000010202, CSGSFS=0x0000000000000033, ERR=0x0000000000000004
  TRAPNO=0x000000000000000e

Top of Stack: (sp=0x00007fec3e514430)
0x00007fec3e514430:   0000000000000000 0000000000000000
0x00007fec3e514440:   0000000000000000 0000000000000000
0x00007fec3e514450:   0000000000000000 0000000000000000
0x00007fec3e514460:   0000000000000000 0000000000000000
0x00007fec3e514470:   0000000000000000 0000000000000000
0x00007fec3e514480:   0000000000000000 0000000000000000
0x00007fec3e514490:   0000000000000000 000000077a6bd290
0x00007fec3e5144a0:   0000000000000000 0000000000000000
0x00007fec3e5144b0:   0000000000000000 0000000000000000
0x00007fec3e5144c0:   0000000000000000 00007fec38007800
0x00007fec3e5144d0:   000000000000fd00 00007fec38008370
0x00007fec3e5144e0:   00007fec38008390 00007fec3e514810
0x00007fec3e5144f0:   00007fec3e514580 00007fec3edea078
0x00007fec3e514500:   00007fec38007800 0000000000000000
0x00007fec3e514510:   0000000000000000 0000000000000000
0x00007fec3e514520:   00007fec38149aa0 00007fec38149ac0
0x00007fec3e514530:   00007fec38008398 00007fec38008388
0x00007fec3e514540:   00007fec380083a0 00007fec3ee89e39
0x00007fec3e514550:   00007fec3e5146f0 00007fec38007800
0x00007fec3e514560:   00000000000000b6 00007fec38008378
0x00007fec3e514570:   00007fec38008370 0000000000000000
0x00007fec3e514580:   00007fec3e5148b0 00007fec3eccc4f0
0x00007fec3e514590:   0000000000000000 00007fec3e5146f0
0x00007fec3e5145a0:   000000077a6bbf91 0000000000000000
0x00007fec3e5145b0:   0000000000000000 0000000000000000
0x00007fec3e5145c0:   00007fec38006500 00007fec3e514810
0x00007fec3e5145d0:   0000000000000000 0000000000000000
0x00007fec3e5145e0:   0000000000000000 0000000000000000
0x00007fec3e5145f0:   0000000000000000 0000000000000000
0x00007fec3e514600:   0000000000000000 0000000000000000
0x00007fec3e514610:   0000000000000000 0000000000000000
0x00007fec3e514620:   0000000000000000 0000000000000000 

Instructions: (pc=0x00007fec3ede5aa1)
0x00007fec3ede5a81:   00 8b 48 30 4d 89 ec 83 f9 fe 74 59 4d 85 f6 b8
0x00007fec3ede5a91:   10 00 00 00 74 07 49 8b 06 48 83 c0 10 48 63 d1
0x00007fec3ede5aa1:   4c 8b 84 d0 00 02 00 00 4d 85 c0 0f 84 be 05 00
0x00007fec3ede5ab1:   00 48 8b 45 10 4c 8b a0 10 01 00 00 49 8b 44 24 

Register to memory mapping:

RAX=0x000000000000fd10 is an unknown value
RBX=0x00007fec3e514810 is pointing into the stack for thread: 0x00007fec38007800
RCX=0x0000000000000005 is an unknown value
RDX=0x0000000000000005 is an unknown value
RSP=0x00007fec3e514430 is pointing into the stack for thread: 0x00007fec38007800
RBP=0x00007fec3e5144f0 is pointing into the stack for thread: 0x00007fec38007800
RSI=0x00007fec380083a0 is an unknown value
RDI=0x00007fec3e514810 is pointing into the stack for thread: 0x00007fec38007800
R8 =0x00007fec38008398 is an unknown value
R9 =0x0000000000000001 is an unknown value
R10=0x00007fec38149aa0 is an unknown value
R11=0x0000000000000001 is an unknown value
R12=0x00007fec380083a0 is an unknown value
R13=0x00007fec380083a0 is an unknown value
R14=0x00007fec38008398 is an unknown value
R15=0x00007fec38008388 is an unknown value


Stack: [0x00007fec3e415000,0x00007fec3e516000],  sp=0x00007fec3e514430,  free space=1021k
Native frames: (J=compiled Java code, j=interpreted, Vv=VM code, C=native code)
V  [libjvm.so+0x64baa1]  JVM_RaiseSignal+0xab391
V  [libjvm.so+0x650078]  JVM_RaiseSignal+0xaf968
V  [libjvm.so+0x5324f0]  AsyncGetCallTrace+0xcecd0
j  Test.main([Ljava/lang/String;)V+353
v  ~StubRoutines::call_stub
V  [libjvm.so+0x53b0ce]  AsyncGetCallTrace+0xd78ae
V  [libjvm.so+0x539d68]  AsyncGetCallTrace+0xd6548
V  [libjvm.so+0x5483e7]  JNI_CreateJavaVM+0x12e7
V  [libjvm.so+0x55d70b]  JNI_CreateJavaVM+0x1660b
C  [libjli.so+0x3a5c]  printf+0x3a5c

Java frames: (J=compiled Java code, j=interpreted, Vv=VM code)
j  Test.main([Ljava/lang/String;)V+353
v  ~StubRoutines::call_stub

---------------  P R O C E S S  ---------------

Java Threads: ( => current thread )
  0x00007fec38116800 JavaThread "Service Thread" daemon [_thread_blocked, id=250614, stack(0x00007fec2e43d000,0x00007fec2e53e000)]
  0x00007fec38114000 JavaThread "C2 CompilerThread1" daemon [_thread_blocked, id=250613, stack(0x00007fec2e53e000,0x00007fec2e63f000)]
  0x00007fec38111000 JavaThread "C2 CompilerThread0" daemon [_thread_blocked, id=250612, stack(0x00007fec2e63f000,0x00007fec2e740000)]
  0x00007fec3810f000 JavaThread "Signal Dispatcher" daemon [_thread_blocked, id=250611, stack(0x00007fec2e740000,0x00007fec2e841000)]
  0x00007fec380b9000 JavaThread "Finalizer" daemon [_thread_blocked, id=250610, stack(0x00007fec2e841000,0x00007fec2e942000)]
  0x00007fec380b6800 JavaThread "Reference Handler" daemon [_thread_blocked, id=250609, stack(0x00007fec2e942000,0x00007fec2ea43000)]
=>0x00007fec38007800 JavaThread "main" [_thread_in_vm, id=250599, stack(0x00007fec3e415000,0x00007fec3e516000)]

Other Threads:
  0x00007fec380ae000 VMThread [stack: 0x00007fec2ea43000,0x00007fec2eb44000] [id=250608]
  0x00007fec38121000 WatcherThread [stack: 0x00007fec2e33c000,0x00007fec2e43d000] [id=250615]

VM state:not at safepoint (normal execution)

VM Mutex/Monitor currently owned by a thread: None

Heap
 PSYoungGen      total 36864K, used 632K [0x00000007d6e00000, 0x00000007d9720000, 0x0000000800000000)
  eden space 31616K, 2% used [0x00000007d6e00000,0x00000007d6e9e1b0,0x00000007d8ce0000)
  from space 5248K, 0% used [0x00000007d9200000,0x00000007d9200000,0x00000007d9720000)
  to   space 5248K, 0% used [0x00000007d8ce0000,0x00000007d8ce0000,0x00000007d9200000)
 ParOldGen       total 84224K, used 0K [0x0000000784a00000, 0x0000000789c40000, 0x00000007d6e00000)
  object space 84224K, 0% used [0x0000000784a00000,0x0000000784a00000,0x0000000789c40000)
 PSPermGen       total 21248K, used 2805K [0x000000077a400000, 0x000000077b8c0000, 0x0000000784a00000)
  object space 21248K, 13% used [0x000000077a400000,0x000000077a6bd5b8,0x000000077b8c0000)

Card table byte_map: [0x00007fec3d6bb000,0x00007fec3daea000] byte_map_base: 0x00007fec39ae9000

Polling page: 0x00007fec3f494000

Code Cache  [0x00007fec35000000, 0x00007fec35270000, 0x00007fec38000000)
 total_blobs=165 nmethods=0 adapters=133 free_code_cache=48774Kb largest_free_block=49945408

Compilation events (0 events):
No events

GC Heap History (0 events):
No events

Deoptimization events (0 events):
No events

Internal exceptions (3 events):
Event: 0.094 Thread 0x00007fec38007800 Threw 0x00000007d6e06138 at /builddir/build/BUILD/java-1.7.0-openjdk/openjdk/hotspot/src/share/vm/prims/jni.cpp:3988
Event: 0.244 Thread 0x00007fec38007800 Threw 0x00000007d6e515e8 at /builddir/build/BUILD/java-1.7.0-openjdk/openjdk/hotspot/src/share/vm/prims/jvm.cpp:1166
Event: 0.261 Thread 0x00007fec38007800 Threw 0x00000007d6e57718 at /builddir/build/BUILD/java-1.7.0-openjdk/openjdk/hotspot/src/share/vm/prims/jvm.cpp:1166

Events (10 events):
Event: 0.253 loading class 0x00007fec3813bfe0
Event: 0.253 loading class 0x00007fec3813bfe0 done
Event: 0.253 loading class 0x00007fec3813c010
Event: 0.254 loading class 0x00007fec3813c010 done
Event: 0.254 loading class 0x00007fec380b07e0
Event: 0.254 loading class 0x00007fec380b07e0 done
Event: 0.256 loading class 0x00007fec38064760
Event: 0.256 loading class 0x00007fec38064760 done
Event: 0.261 loading class 0x00007fec38149a80
Event: 0.261 loading class 0x00007fec38149a80 done


Dynamic libraries:
00400000-00401000 r-xp 00000000 fd:00 3150151                            /usr/lib/jvm/java-1.7.0-openjdk-1.7.0.9.x86_64/jre/bin/java
00600000-00602000 rw-p 00000000 fd:00 3150151                            /usr/lib/jvm/java-1.7.0-openjdk-1.7.0.9.x86_64/jre/bin/java
015b5000-015d6000 rw-p 00000000 00:00 0                                  [heap]
77a400000-77b8c0000 rw-p 00000000 00:00 0 
77b8c0000-784a00000 rw-p 00000000 00:00 0 
784a00000-789c40000 rw-p 00000000 00:00 0 
789c40000-7d6e00000 rw-p 00000000 00:00 0 
7d6e00000-7d9720000 rw-p 00000000 00:00 0 
7d9720000-800000000 rw-p 00000000 00:00 0 
38d0800000-38d0820000 r-xp 00000000 fd:00 540203                         /lib64/ld-2.12.so
38d0a1f000-38d0a20000 r--p 0001f000 fd:00 540203                         /lib64/ld-2.12.so
38d0a20000-38d0a21000 rw-p 00020000 fd:00 540203                         /lib64/ld-2.12.so
38d0a21000-38d0a22000 rw-p 00000000 00:00 0 
38d0c00000-38d0c0d000 r-xp 00000000 fd:00 3155877                        /usr/lib/jvm/java-1.7.0-openjdk-1.7.0.9.x86_64/jre/lib/amd64/jli/libjli.so
38d0c0d000-38d0e0c000 ---p 0000d000 fd:00 3155877                        /usr/lib/jvm/java-1.7.0-openjdk-1.7.0.9.x86_64/jre/lib/amd64/jli/libjli.so
38d0e0c000-38d0e0d000 rw-p 0000c000 fd:00 3155877                        /usr/lib/jvm/java-1.7.0-openjdk-1.7.0.9.x86_64/jre/lib/amd64/jli/libjli.so
38d1000000-38d118a000 r-xp 00000000 fd:00 540204                         /lib64/libc-2.12.so
38d118a000-38d1389000 ---p 0018a000 fd:00 540204                         /lib64/libc-2.12.so
38d1389000-38d138d000 r--p 00189000 fd:00 540204                         /lib64/libc-2.12.so
38d138d000-38d138e000 rw-p 0018d000 fd:00 540204                         /lib64/libc-2.12.so
38d138e000-38d1393000 rw-p 00000000 00:00 0 
38d1400000-38d1402000 r-xp 00000000 fd:00 540210                         /lib64/libdl-2.12.so
38d1402000-38d1602000 ---p 00002000 fd:00 540210                         /lib64/libdl-2.12.so
38d1602000-38d1603000 r--p 00002000 fd:00 540210                         /lib64/libdl-2.12.so
38d1603000-38d1604000 rw-p 00003000 fd:00 540210                         /lib64/libdl-2.12.so
38d1800000-38d1817000 r-xp 00000000 fd:00 540205                         /lib64/libpthread-2.12.so
38d1817000-38d1a17000 ---p 00017000 fd:00 540205                         /lib64/libpthread-2.12.so
38d1a17000-38d1a18000 r--p 00017000 fd:00 540205                         /lib64/libpthread-2.12.so
38d1a18000-38d1a19000 rw-p 00018000 fd:00 540205                         /lib64/libpthread-2.12.so
38d1a19000-38d1a1d000 rw-p 00000000 00:00 0 
38d1c00000-38d1c15000 r-xp 00000000 fd:00 540218                         /lib64/libz.so.1.2.3
38d1c15000-38d1e14000 ---p 00015000 fd:00 540218                         /lib64/libz.so.1.2.3
38d1e14000-38d1e15000 r--p 00014000 fd:00 540218                         /lib64/libz.so.1.2.3
38d1e15000-38d1e16000 rw-p 00015000 fd:00 540218                         /lib64/libz.so.1.2.3
38d2000000-38d2007000 r-xp 00000000 fd:00 540206                         /lib64/librt-2.12.so
38d2007000-38d2206000 ---p 00007000 fd:00 540206                         /lib64/librt-2.12.so
38d2206000-38d2207000 r--p 00006000 fd:00 540206                         /lib64/librt-2.12.so
38d2207000-38d2208000 rw-p 00007000 fd:00 540206                         /lib64/librt-2.12.so
38d7400000-38d7416000 r-xp 00000000 fd:00 540219                         /lib64/libgcc_s-4.4.7-20120601.so.1
38d7416000-38d7615000 ---p 00016000 fd:00 540219                         /lib64/libgcc_s-4.4.7-20120601.so.1
38d7615000-38d7616000 rw-p 00015000 fd:00 540219                         /lib64/libgcc_s-4.4.7-20120601.so.1
38d7800000-38d78e8000 r-xp 00000000 fd:00 2625597                        /usr/lib64/libstdc++.so.6.0.13
38d78e8000-38d7ae8000 ---p 000e8000 fd:00 2625597                        /usr/lib64/libstdc++.so.6.0.13
38d7ae8000-38d7aef000 r--p 000e8000 fd:00 2625597                        /usr/lib64/libstdc++.so.6.0.13
38d7aef000-38d7af1000 rw-p 000ef000 fd:00 2625597                        /usr/lib64/libstdc++.so.6.0.13
38d7af1000-38d7b06000 rw-p 00000000 00:00 0 
7febd0000000-7febd0021000 rw-p 00000000 00:00 0 
7febd0021000-7febd4000000 ---p 00000000 00:00 0 
7febd4000000-7febd4021000 rw-p 00000000 00:00 0 
7febd4021000-7febd8000000 ---p 00000000 00:00 0 
7febd8000000-7febd8021000 rw-p 00000000 00:00 0 
7febd8021000-7febdc000000 ---p 00000000 00:00 0 
7febdc000000-7febdc021000 rw-p 00000000 00:00 0 
7febdc021000-7febe0000000 ---p 00000000 00:00 0 
7febe0000000-7febe0021000 rw-p 00000000 00:00 0 
7febe0021000-7febe4000000 ---p 00000000 00:00 0 
7febe616f000-7febec000000 r--p 00000000 fd:00 2622709                    /usr/lib/locale/locale-archive
7febec000000-7febec021000 rw-p 00000000 00:00 0 
7febec021000-7febf0000000 ---p 00000000 00:00 0 
7febf0000000-7febf0021000 rw-p 00000000 00:00 0 
7febf0021000-7febf4000000 ---p 00000000 00:00 0 
7febf4000000-7febf4021000 rw-p 00000000 00:00 0 
7febf4021000-7febf8000000 ---p 00000000 00:00 0 
7febfbd20000-7fec00000000 rw-p 00000000 00:00 0 
7fec00000000-7fec00021000 rw-p 00000000 00:00 0 
7fec00021000-7fec04000000 ---p 00000000 00:00 0 
7fec04000000-7fec04021000 rw-p 00000000 00:00 0 
7fec04021000-7fec08000000 ---p 00000000 00:00 0 
7fec08000000-7fec08021000 rw-p 00000000 00:00 0 
7fec08021000-7fec0c000000 ---p 00000000 00:00 0 
7fec10000000-7fec10021000 rw-p 00000000 00:00 0 
7fec10021000-7fec14000000 ---p 00000000 00:00 0 
7fec18000000-7fec18021000 rw-p 00000000 00:00 0 
7fec18021000-7fec1c000000 ---p 00000000 00:00 0 
7fec20000000-7fec20021000 rw-p 00000000 00:00 0 
7fec20021000-7fec24000000 ---p 00000000 00:00 0 
7fec28000000-7fec28021000 rw-p 00000000 00:00 0 
7fec28021000-7fec2c000000 ---p 00000000 00:00 0 
7fec2e32e000-7fec2e330000 rw-p 00000000 00:00 0 
7fec2e330000-7fec2e339000 r--s 00066000 fd:00 6129                       /usr/lib/jvm/java-1.7.0-openjdk-1.7.0.9.x86_64/jre/lib/ext/gnome-java-bridge.jar
7fec2e339000-7fec2e33c000 r--s 0000f000 fd:00 6132                       /usr/lib/jvm/java-1.7.0-openjdk-1.7.0.9.x86_64/jre/lib/ext/pulse-java.jar
7fec2e33c000-7fec2e33d000 ---p 00000000 00:00 0 
7fec2e33d000-7fec2e43d000 rw-p 00000000 00:00 0 
7fec2e43d000-7fec2e440000 ---p 00000000 00:00 0 
7fec2e440000-7fec2e53e000 rw-p 00000000 00:00 0 
7fec2e53e000-7fec2e541000 ---p 00000000 00:00 0 
7fec2e541000-7fec2e63f000 rw-p 00000000 00:00 0 
7fec2e63f000-7fec2e642000 ---p 00000000 00:00 0 
7fec2e642000-7fec2e740000 rw-p 00000000 00:00 0 
7fec2e740000-7fec2e743000 ---p 00000000 00:00 0 
7fec2e743000-7fec2e841000 rw-p 00000000 00:00 0 
7fec2e841000-7fec2e844000 ---p 00000000 00:00 0 
7fec2e844000-7fec2e942000 rw-p 00000000 00:00 0 
7fec2e942000-7fec2e945000 ---p 00000000 00:00 0 
7fec2e945000-7fec2ea43000 rw-p 00000000 00:00 0 
7fec2ea43000-7fec2ea44000 ---p 00000000 00:00 0 
7fec2ea44000-7fec30000000 rw-p 00000000 00:00 0 
7fec30000000-7fec30021000 rw-p 00000000 00:00 0 
7fec30021000-7fec34000000 ---p 00000000 00:00 0 
7fec340c9000-7fec35000000 rw-p 00000000 00:00 0 
7fec35000000-7fec35270000 rwxp 00000000 00:00 0 
7fec35270000-7fec38151000 rw-p 00000000 00:00 0 
7fec38151000-7fec3c000000 ---p 00000000 00:00 0 
7fec3c086000-7fec3c9fb000 rw-p 00000000 00:00 0 
7fec3c9fb000-7fec3cba6000 r--s 03e6b000 fd:00 3150162                    /usr/lib/jvm/java-1.7.0-openjdk-1.7.0.9.x86_64/jre/lib/rt.jar
7fec3cba6000-7fec3cbce000 rw-p 00000000 00:00 0 
7fec3cbce000-7fec3cbcf000 ---p 00000000 00:00 0 
7fec3cbcf000-7fec3cccf000 rw-p 00000000 00:00 0 
7fec3cccf000-7fec3ccd0000 ---p 00000000 00:00 0 
7fec3ccd0000-7fec3cdd0000 rw-p 00000000 00:00 0 
7fec3cdd0000-7fec3cdd1000 ---p 00000000 00:00 0 
7fec3cdd1000-7fec3ced1000 rw-p 00000000 00:00 0 
7fec3ced1000-7fec3ced2000 ---p 00000000 00:00 0 
7fec3ced2000-7fec3cfd2000 rw-p 00000000 00:00 0 
7fec3cfd2000-7fec3cfd3000 ---p 00000000 00:00 0 
7fec3cfd3000-7fec3d0d3000 rw-p 00000000 00:00 0 
7fec3d0d3000-7fec3d0d4000 ---p 00000000 00:00 0 
7fec3d0d4000-7fec3d1d4000 rw-p 00000000 00:00 0 
7fec3d1d4000-7fec3d1d5000 ---p 00000000 00:00 0 
7fec3d1d5000-7fec3d2d5000 rw-p 00000000 00:00 0 
7fec3d2d5000-7fec3d2d6000 ---p 00000000 00:00 0 
7fec3d2d6000-7fec3d3e1000 rw-p 00000000 00:00 0 
7fec3d3e1000-7fec3d429000 rw-p 00000000 00:00 0 
7fec3d429000-7fec3d453000 rw-p 00000000 00:00 0 
7fec3d453000-7fec3d6bb000 rw-p 00000000 00:00 0 
7fec3d6bb000-7fec3d6c6000 rw-p 00000000 00:00 0 
7fec3d6c6000-7fec3d70e000 rw-p 00000000 00:00 0 
7fec3d70e000-7fec3d738000 rw-p 00000000 00:00 0 
7fec3d738000-7fec3d9a0000 rw-p 00000000 00:00 0 
7fec3d9a0000-7fec3d9b5000 rw-p 00000000 00:00 0 
7fec3d9b5000-7fec3dae9000 rw-p 00000000 00:00 0 
7fec3dae9000-7fec3daf4000 rw-p 00000000 00:00 0 
7fec3daf4000-7fec3dbaa000 rw-p 00000000 00:00 0 
7fec3dbaa000-7fec3dbb2000 r-xp 00000000 fd:00 3150122                    /usr/lib/jvm/java-1.7.0-openjdk-1.7.0.9.x86_64/jre/lib/amd64/libzip.so
7fec3dbb2000-7fec3ddb1000 ---p 00008000 fd:00 3150122                    /usr/lib/jvm/java-1.7.0-openjdk-1.7.0.9.x86_64/jre/lib/amd64/libzip.so
7fec3ddb1000-7fec3ddb2000 rw-p 00007000 fd:00 3150122                    /usr/lib/jvm/java-1.7.0-openjdk-1.7.0.9.x86_64/jre/lib/amd64/libzip.so
7fec3ddb2000-7fec3ddbe000 r-xp 00000000 fd:00 524318                     /lib64/libnss_files-2.12.so
7fec3ddbe000-7fec3dfbe000 ---p 0000c000 fd:00 524318                     /lib64/libnss_files-2.12.so
7fec3dfbe000-7fec3dfbf000 r--p 0000c000 fd:00 524318                     /lib64/libnss_files-2.12.so
7fec3dfbf000-7fec3dfc0000 rw-p 0000d000 fd:00 524318                     /lib64/libnss_files-2.12.so
7fec3dfdc000-7fec3e005000 r-xp 00000000 fd:00 3150099                    /usr/lib/jvm/java-1.7.0-openjdk-1.7.0.9.x86_64/jre/lib/amd64/libjava.so
7fec3e005000-7fec3e204000 ---p 00029000 fd:00 3150099                    /usr/lib/jvm/java-1.7.0-openjdk-1.7.0.9.x86_64/jre/lib/amd64/libjava.so
7fec3e204000-7fec3e206000 rw-p 00028000 fd:00 3150099                    /usr/lib/jvm/java-1.7.0-openjdk-1.7.0.9.x86_64/jre/lib/amd64/libjava.so
7fec3e206000-7fec3e213000 r-xp 00000000 fd:00 3150121                    /usr/lib/jvm/java-1.7.0-openjdk-1.7.0.9.x86_64/jre/lib/amd64/libverify.so
7fec3e213000-7fec3e413000 ---p 0000d000 fd:00 3150121                    /usr/lib/jvm/java-1.7.0-openjdk-1.7.0.9.x86_64/jre/lib/amd64/libverify.so
7fec3e413000-7fec3e415000 rw-p 0000d000 fd:00 3150121                    /usr/lib/jvm/java-1.7.0-openjdk-1.7.0.9.x86_64/jre/lib/amd64/libverify.so
7fec3e415000-7fec3e418000 ---p 00000000 00:00 0 
7fec3e418000-7fec3e516000 rw-p 00000000 00:00 0 
7fec3e516000-7fec3e599000 r-xp 00000000 fd:00 540216                     /lib64/libm-2.12.so
7fec3e599000-7fec3e798000 ---p 00083000 fd:00 540216                     /lib64/libm-2.12.so
7fec3e798000-7fec3e799000 r--p 00082000 fd:00 540216                     /lib64/libm-2.12.so
7fec3e799000-7fec3e79a000 rw-p 00083000 fd:00 540216                     /lib64/libm-2.12.so
7fec3e79a000-7fec3f1aa000 r-xp 00000000 fd:00 3150126                    /usr/lib/jvm/java-1.7.0-openjdk-1.7.0.9.x86_64/jre/lib/amd64/server/libjvm.so
7fec3f1aa000-7fec3f3aa000 ---p 00a10000 fd:00 3150126                    /usr/lib/jvm/java-1.7.0-openjdk-1.7.0.9.x86_64/jre/lib/amd64/server/libjvm.so
7fec3f3aa000-7fec3f44b000 rw-p 00a10000 fd:00 3150126                    /usr/lib/jvm/java-1.7.0-openjdk-1.7.0.9.x86_64/jre/lib/amd64/server/libjvm.so
7fec3f44b000-7fec3f479000 rw-p 00000000 00:00 0 
7fec3f48b000-7fec3f493000 rw-s 00000000 fd:00 399697                     /tmp/hsperfdata_michael/250598
7fec3f493000-7fec3f494000 rw-p 00000000 00:00 0 
7fec3f494000-7fec3f495000 r--p 00000000 00:00 0 
7fec3f495000-7fec3f496000 rw-p 00000000 00:00 0 
7fffaf0c7000-7fffaf0dc000 rw-p 00000000 00:00 0                          [stack]
7fffaf1f6000-7fffaf1f7000 r-xp 00000000 00:00 0                          [vdso]
ffffffffff600000-ffffffffff601000 r-xp 00000000 00:00 0                  [vsyscall]

VM Arguments:
jvm_args: -Xverify:none 
java_command: Test
Launcher Type: SUN_STANDARD

Environment Variables:
JAVA_HOME=/usr/java/jdk1.7.0_45
PATH=/usr/lib64/qt-3.3/bin:/usr/local/bin:/usr/bin:/bin:/usr/games:/usr/local/sbin:/usr/sbin:/sbin:/home/michael/lib/hadoop-2.2.0/bin:/home/michael/lib/hadoop-2.2.0/etc/hadoop:/home/michael/lib/apache-maven-3.0.5/bin:/home/michael/lib/findbugs-2.0.3-rcl/bin:/home/michael/bin:/home/michael/lib/hadoop-2.2.0/bin:/home/michael/lib/hadoop-2.2.0/etc/hadoop:/home/michael/lib/apache-maven-3.0.5/bin:/home/michael/lib/findbugs-2.0.3-rcl/bin
SHELL=/bin/bash
DISPLAY=:0

Signal Handlers:
SIGSEGV: [libjvm.so+0x872c40], sa_mask[0]=0x7ffbfeff, sa_flags=0x10000004
SIGBUS: [libjvm.so+0x872c40], sa_mask[0]=0x7ffbfeff, sa_flags=0x10000004
SIGFPE: [libjvm.so+0x71ac80], sa_mask[0]=0x7ffbfeff, sa_flags=0x10000004
SIGPIPE: [libjvm.so+0x71ac80], sa_mask[0]=0x7ffbfeff, sa_flags=0x10000004
SIGXFSZ: [libjvm.so+0x71ac80], sa_mask[0]=0x7ffbfeff, sa_flags=0x10000004
SIGILL: [libjvm.so+0x71ac80], sa_mask[0]=0x7ffbfeff, sa_flags=0x10000004
SIGUSR1: SIG_DFL, sa_mask[0]=0x00000000, sa_flags=0x00000000
SIGUSR2: [libjvm.so+0x71a7a0], sa_mask[0]=0x00000000, sa_flags=0x10000004
SIGHUP: [libjvm.so+0x71d760], sa_mask[0]=0x7ffbfeff, sa_flags=0x10000004
SIGINT: [libjvm.so+0x71d760], sa_mask[0]=0x7ffbfeff, sa_flags=0x10000004
SIGTERM: [libjvm.so+0x71d760], sa_mask[0]=0x7ffbfeff, sa_flags=0x10000004
SIGQUIT: [libjvm.so+0x71d760], sa_mask[0]=0x7ffbfeff, sa_flags=0x10000004


---------------  S Y S T E M  ---------------

OS:CentOS release 6.4 (Final)

uname:Linux 2.6.32-358.el6.x86_64 #1 SMP Fri Feb 22 00:31:26 UTC 2013 x86_64
libc:glibc 2.12 NPTL 2.12 
rlimit: STACK 10240k, CORE 0k, NPROC 65536, NOFILE 65536, AS infinity
load average:0.95 0.74 0.50

/proc/meminfo:
MemTotal:        8085320 kB
MemFree:         4213412 kB
Buffers:           32792 kB
Cached:          1764904 kB
SwapCached:            0 kB
Active:          2486712 kB
Inactive:         978196 kB
Active(anon):    1725344 kB
Inactive(anon):    92396 kB
Active(file):     761368 kB
Inactive(file):   885800 kB
Unevictable:          16 kB
Mlocked:              16 kB
SwapTotal:      16371696 kB
SwapFree:       16371696 kB
Dirty:               236 kB
Writeback:             0 kB
AnonPages:       1659012 kB
Mapped:           175836 kB
Shmem:            150536 kB
Slab:             255024 kB
SReclaimable:     200176 kB
SUnreclaim:        54848 kB
KernelStack:        4816 kB
PageTables:        41640 kB
NFS_Unstable:          0 kB
Bounce:                0 kB
WritebackTmp:          0 kB
CommitLimit:    20414356 kB
Committed_AS:    4328628 kB
VmallocTotal:   34359738367 kB
VmallocUsed:      450212 kB
VmallocChunk:   34359243948 kB
HardwareCorrupted:     0 kB
AnonHugePages:    935936 kB
HugePages_Total:       0
HugePages_Free:        0
HugePages_Rsvd:        0
HugePages_Surp:        0
Hugepagesize:       2048 kB
DirectMap4k:       10236 kB
DirectMap2M:     8273920 kB


CPU:total 8 (4 cores per cpu, 2 threads per core) family 6 model 42 stepping 7, cmov, cx8, fxsr, mmx, sse, sse2, sse3, ssse3, sse4.1, sse4.2, popcnt, avx, ht, tsc, tscinvbit

/proc/cpuinfo:
processor	: 0
vendor_id	: GenuineIntel
cpu family	: 6
model		: 42
model name	: Intel(R) Core(TM) i7-2720QM CPU @ 2.20GHz
stepping	: 7
cpu MHz		: 800.000
cache size	: 6144 KB
physical id	: 0
siblings	: 8
core id		: 0
cpu cores	: 4
apicid		: 0
initial apicid	: 0
fpu		: yes
fpu_exception	: yes
cpuid level	: 13
wp		: yes
flags		: fpu vme de pse tsc msr pae mce cx8 apic sep mtrr pge mca cmov pat pse36 clflush dts acpi mmx fxsr sse sse2 ss ht tm pbe syscall nx rdtscp lm constant_tsc arch_perfmon pebs bts xtopology nonstop_tsc aperfmperf pni pclmulqdq dtes64 monitor ds_cpl vmx smx est tm2 ssse3 cx16 xtpr pdcm pcid sse4_1 sse4_2 x2apic popcnt tsc_deadline_timer aes xsave avx lahf_lm ida arat epb xsaveopt pln pts dts tpr_shadow vnmi flexpriority ept vpid
bogomips	: 4389.80
clflush size	: 64
cache_alignment	: 64
address sizes	: 36 bits physical, 48 bits virtual
power management:

processor	: 1
vendor_id	: GenuineIntel
cpu family	: 6
model		: 42
model name	: Intel(R) Core(TM) i7-2720QM CPU @ 2.20GHz
stepping	: 7
cpu MHz		: 800.000
cache size	: 6144 KB
physical id	: 0
siblings	: 8
core id		: 0
cpu cores	: 4
apicid		: 1
initial apicid	: 1
fpu		: yes
fpu_exception	: yes
cpuid level	: 13
wp		: yes
flags		: fpu vme de pse tsc msr pae mce cx8 apic sep mtrr pge mca cmov pat pse36 clflush dts acpi mmx fxsr sse sse2 ss ht tm pbe syscall nx rdtscp lm constant_tsc arch_perfmon pebs bts xtopology nonstop_tsc aperfmperf pni pclmulqdq dtes64 monitor ds_cpl vmx smx est tm2 ssse3 cx16 xtpr pdcm pcid sse4_1 sse4_2 x2apic popcnt tsc_deadline_timer aes xsave avx lahf_lm ida arat epb xsaveopt pln pts dts tpr_shadow vnmi flexpriority ept vpid
bogomips	: 4389.80
clflush size	: 64
cache_alignment	: 64
address sizes	: 36 bits physical, 48 bits virtual
power management:

processor	: 2
vendor_id	: GenuineIntel
cpu family	: 6
model		: 42
model name	: Intel(R) Core(TM) i7-2720QM CPU @ 2.20GHz
stepping	: 7
cpu MHz		: 800.000
cache size	: 6144 KB
physical id	: 0
siblings	: 8
core id		: 1
cpu cores	: 4
apicid		: 2
initial apicid	: 2
fpu		: yes
fpu_exception	: yes
cpuid level	: 13
wp		: yes
flags		: fpu vme de pse tsc msr pae mce cx8 apic sep mtrr pge mca cmov pat pse36 clflush dts acpi mmx fxsr sse sse2 ss ht tm pbe syscall nx rdtscp lm constant_tsc arch_perfmon pebs bts xtopology nonstop_tsc aperfmperf pni pclmulqdq dtes64 monitor ds_cpl vmx smx est tm2 ssse3 cx16 xtpr pdcm pcid sse4_1 sse4_2 x2apic popcnt tsc_deadline_timer aes xsave avx lahf_lm ida arat epb xsaveopt pln pts dts tpr_shadow vnmi flexpriority ept vpid
bogomips	: 4389.80
clflush size	: 64
cache_alignment	: 64
address sizes	: 36 bits physical, 48 bits virtual
power management:

processor	: 3
vendor_id	: GenuineIntel
cpu family	: 6
model		: 42
model name	: Intel(R) Core(TM) i7-2720QM CPU @ 2.20GHz
stepping	: 7
cpu MHz		: 800.000
cache size	: 6144 KB
physical id	: 0
siblings	: 8
core id		: 1
cpu cores	: 4
apicid		: 3
initial apicid	: 3
fpu		: yes
fpu_exception	: yes
cpuid level	: 13
wp		: yes
flags		: fpu vme de pse tsc msr pae mce cx8 apic sep mtrr pge mca cmov pat pse36 clflush dts acpi mmx fxsr sse sse2 ss ht tm pbe syscall nx rdtscp lm constant_tsc arch_perfmon pebs bts xtopology nonstop_tsc aperfmperf pni pclmulqdq dtes64 monitor ds_cpl vmx smx est tm2 ssse3 cx16 xtpr pdcm pcid sse4_1 sse4_2 x2apic popcnt tsc_deadline_timer aes xsave avx lahf_lm ida arat epb xsaveopt pln pts dts tpr_shadow vnmi flexpriority ept vpid
bogomips	: 4389.80
clflush size	: 64
cache_alignment	: 64
address sizes	: 36 bits physical, 48 bits virtual
power management:

processor	: 4
vendor_id	: GenuineIntel
cpu family	: 6
model		: 42
model name	: Intel(R) Core(TM) i7-2720QM CPU @ 2.20GHz
stepping	: 7
cpu MHz		: 800.000
cache size	: 6144 KB
physical id	: 0
siblings	: 8
core id		: 2
cpu cores	: 4
apicid		: 4
initial apicid	: 4
fpu		: yes
fpu_exception	: yes
cpuid level	: 13
wp		: yes
flags		: fpu vme de pse tsc msr pae mce cx8 apic sep mtrr pge mca cmov pat pse36 clflush dts acpi mmx fxsr sse sse2 ss ht tm pbe syscall nx rdtscp lm constant_tsc arch_perfmon pebs bts xtopology nonstop_tsc aperfmperf pni pclmulqdq dtes64 monitor ds_cpl vmx smx est tm2 ssse3 cx16 xtpr pdcm pcid sse4_1 sse4_2 x2apic popcnt tsc_deadline_timer aes xsave avx lahf_lm ida arat epb xsaveopt pln pts dts tpr_shadow vnmi flexpriority ept vpid
bogomips	: 4389.80
clflush size	: 64
cache_alignment	: 64
address sizes	: 36 bits physical, 48 bits virtual
power management:

processor	: 5
vendor_id	: GenuineIntel
cpu family	: 6
model		: 42
model name	: Intel(R) Core(TM) i7-2720QM CPU @ 2.20GHz
stepping	: 7
cpu MHz		: 800.000
cache size	: 6144 KB
physical id	: 0
siblings	: 8
core id		: 2
cpu cores	: 4
apicid		: 5
initial apicid	: 5
fpu		: yes
fpu_exception	: yes
cpuid level	: 13
wp		: yes
flags		: fpu vme de pse tsc msr pae mce cx8 apic sep mtrr pge mca cmov pat pse36 clflush dts acpi mmx fxsr sse sse2 ss ht tm pbe syscall nx rdtscp lm constant_tsc arch_perfmon pebs bts xtopology nonstop_tsc aperfmperf pni pclmulqdq dtes64 monitor ds_cpl vmx smx est tm2 ssse3 cx16 xtpr pdcm pcid sse4_1 sse4_2 x2apic popcnt tsc_deadline_timer aes xsave avx lahf_lm ida arat epb xsaveopt pln pts dts tpr_shadow vnmi flexpriority ept vpid
bogomips	: 4389.80
clflush size	: 64
cache_alignment	: 64
address sizes	: 36 bits physical, 48 bits virtual
power management:

processor	: 6
vendor_id	: GenuineIntel
cpu family	: 6
model		: 42
model name	: Intel(R) Core(TM) i7-2720QM CPU @ 2.20GHz
stepping	: 7
cpu MHz		: 800.000
cache size	: 6144 KB
physical id	: 0
siblings	: 8
core id		: 3
cpu cores	: 4
apicid		: 6
initial apicid	: 6
fpu		: yes
fpu_exception	: yes
cpuid level	: 13
wp		: yes
flags		: fpu vme de pse tsc msr pae mce cx8 apic sep mtrr pge mca cmov pat pse36 clflush dts acpi mmx fxsr sse sse2 ss ht tm pbe syscall nx rdtscp lm constant_tsc arch_perfmon pebs bts xtopology nonstop_tsc aperfmperf pni pclmulqdq dtes64 monitor ds_cpl vmx smx est tm2 ssse3 cx16 xtpr pdcm pcid sse4_1 sse4_2 x2apic popcnt tsc_deadline_timer aes xsave avx lahf_lm ida arat epb xsaveopt pln pts dts tpr_shadow vnmi flexpriority ept vpid
bogomips	: 4389.80
clflush size	: 64
cache_alignment	: 64
address sizes	: 36 bits physical, 48 bits virtual
power management:

processor	: 7
vendor_id	: GenuineIntel
cpu family	: 6
model		: 42
model name	: Intel(R) Core(TM) i7-2720QM CPU @ 2.20GHz
stepping	: 7
cpu MHz		: 800.000
cache size	: 6144 KB
physical id	: 0
siblings	: 8
core id		: 3
cpu cores	: 4
apicid		: 7
initial apicid	: 7
fpu		: yes
fpu_exception	: yes
cpuid level	: 13
wp		: yes
flags		: fpu vme de pse tsc msr pae mce cx8 apic sep mtrr pge mca cmov pat pse36 clflush dts acpi mmx fxsr sse sse2 ss ht tm pbe syscall nx rdtscp lm constant_tsc arch_perfmon pebs bts xtopology nonstop_tsc aperfmperf pni pclmulqdq dtes64 monitor ds_cpl vmx smx est tm2 ssse3 cx16 xtpr pdcm pcid sse4_1 sse4_2 x2apic popcnt tsc_deadline_timer aes xsave avx lahf_lm ida arat epb xsaveopt pln pts dts tpr_shadow vnmi flexpriority ept vpid
bogomips	: 4389.80
clflush size	: 64
cache_alignment	: 64
address sizes	: 36 bits physical, 48 bits virtual
power management:



Memory: 4k page, physical 8085320k(4213412k free), swap 16371696k(16371696k free)

vm_info: OpenJDK 64-Bit Server VM (23.2-b09) for linux-amd64 JRE (1.7.0_09-icedtea-mockbuild_2013_01_16_18_52-b00), built on Jan 16 2013 19:00:19 by "mockbuild" with gcc 4.4.6 20120305 (Red Hat 4.4.6-4)

time: Sun Nov 24 17:19:59 2013
elapsed time: 0 seconds

